[2025-04-23 20:43:12,269] - INFO - debug_pipeline - ========== Launching Data Ingestion Pipeline ==========
[2025-04-23 20:43:12,283] - INFO - core - YAML loaded successfully from: 'config/config.yaml'
[2025-04-23 20:43:12,283] - INFO - core - YAML loaded successfully from: 'config/params.yaml'
[2025-04-23 20:43:12,283] - INFO - core - YAML loaded successfully from: 'config/schema.yaml'
[2025-04-23 20:43:12,283] - INFO - core - YAML loaded successfully from: 'config/templates.yaml'
[2025-04-23 20:43:12,283] - INFO - data_ingestion_pipeline - ========== Data Ingestion Stage Started ==========
[2025-04-23 20:43:12,283] - INFO - data_ingestion - ========== Starting Data Ingestion ==========
[2025-04-23 20:43:12,589] - INFO - mongodb_handler - MongoClient initialized.
[2025-04-23 20:43:15,321] - INFO - mongodb_handler - Exported 22110 documents from network_security_db.phishing_records as DataFrame.
[2025-04-23 20:43:15,374] - INFO - mongodb_handler - MongoClient connection closed.
[2025-04-23 20:43:15,374] - INFO - data_ingestion - Fetched 22110 raw rows from data source.
[2025-04-23 20:43:15,374] - INFO - core - Created directory for Raw Data: 'artifacts/2025_04_23T19_43_09Z/data_ingestion/featurestore'
[2025-04-23 20:43:15,467] - INFO - core - Raw Data saved to: 'artifacts/2025_04_23T19_43_09Z/data_ingestion/featurestore/raw_data.csv'
[2025-04-23 20:43:15,467] - INFO - core - Directory already exists for Raw Data: 'data/raw'
[2025-04-23 20:43:15,554] - INFO - core - Raw Data saved to: 'data/raw/raw_data.csv'
[2025-04-23 20:43:15,559] - INFO - data_ingestion - Raw DataFrame cleaned successfully.
[2025-04-23 20:43:15,559] - INFO - core - Created directory for Cleaned (Ingested) Data: 'artifacts/2025_04_23T19_43_09Z/data_ingestion/ingested'
[2025-04-23 20:43:15,634] - INFO - core - Cleaned (Ingested) Data saved to: 'artifacts/2025_04_23T19_43_09Z/data_ingestion/ingested/ingested_data.csv'
[2025-04-23 20:43:15,634] - INFO - data_ingestion - ========== Data Ingestion Completed ==========
[2025-04-23 20:43:15,638] - INFO - data_ingestion_pipeline - Data Ingestion Process Completed.

Data Ingestion Artifact:
  - Raw Artifact:         'artifacts/2025_04_23T19_43_09Z/data_ingestion/featurestore/raw_data.csv'
  - Raw DVC Path:         'data/raw/raw_data.csv'
  - Ingested Data Path:   'artifacts/2025_04_23T19_43_09Z/data_ingestion/ingested/ingested_data.csv'

[2025-04-23 20:43:15,638] - INFO - data_ingestion_pipeline - ========== Data Ingestion Stage Completed ==========
[2025-04-23 20:43:15,638] - INFO - debug_pipeline - ========== Data Ingestion Pipeline Finished ==========
[2025-04-23 20:43:15,638] - INFO - debug_pipeline - ======================================================
[2025-04-23 20:43:15,638] - INFO - debug_pipeline - ========== Launching Data Validation Pipeline ==========
[2025-04-23 20:43:15,643] - INFO - core - YAML loaded successfully from: 'config/config.yaml'
[2025-04-23 20:43:15,650] - INFO - core - YAML loaded successfully from: 'config/params.yaml'
[2025-04-23 20:43:15,653] - INFO - core - YAML loaded successfully from: 'config/schema.yaml'
[2025-04-23 20:43:15,655] - INFO - core - YAML loaded successfully from: 'config/templates.yaml'
[2025-04-23 20:43:15,655] - INFO - data_validation_pipeline - ========= Data Validation Stage Started =========
[2025-04-23 20:43:15,692] - INFO - core - Ingested Data loaded from: 'artifacts/2025_04_23T19_43_09Z/data_ingestion/ingested/ingested_data.csv'
[2025-04-23 20:43:15,717] - INFO - core - Validated Base Data loaded from: 'data/validated/validated_data.csv'
[2025-04-23 20:43:15,717] - INFO - data_validation - Running data validation...
[2025-04-23 20:43:15,717] - INFO - data_validation - Schema hash check passed.
[2025-04-23 20:43:15,721] - INFO - core - Created directory for Missing Value Report: 'artifacts/2025_04_23T19_43_09Z/data_validation/reports'
[2025-04-23 20:43:15,721] - INFO - core - Missing Value Report saved to: 'artifacts/2025_04_23T19_43_09Z/data_validation/reports/missing_values_report.json'
[2025-04-23 20:43:15,732] - INFO - core - Directory already exists for Duplicates Report: 'artifacts/2025_04_23T19_43_09Z/data_validation/reports'
[2025-04-23 20:43:15,732] - INFO - core - Duplicates Report saved to: 'artifacts/2025_04_23T19_43_09Z/data_validation/reports/duplicates_report.yaml'
[2025-04-23 20:43:15,766] - INFO - core - Directory already exists for Drift Result: 'artifacts/2025_04_23T19_43_09Z/data_validation/reports'
[2025-04-23 20:43:15,768] - INFO - core - Drift Result saved to: 'artifacts/2025_04_23T19_43_09Z/data_validation/reports/drift_report.yaml'
[2025-04-23 20:43:15,768] - INFO - core - Directory already exists for Validation Report: 'artifacts/2025_04_23T19_43_09Z/data_validation/reports'
[2025-04-23 20:43:15,772] - INFO - core - Validation Report saved to: 'artifacts/2025_04_23T19_43_09Z/data_validation/reports/validation_report.yaml'
[2025-04-23 20:43:15,772] - INFO - core - Created directory for Validated Data: 'artifacts/2025_04_23T19_43_09Z/data_validation/validated'
[2025-04-23 20:43:15,796] - INFO - core - Validated Data saved to: 'artifacts/2025_04_23T19_43_09Z/data_validation/validated/validated_data.csv'
[2025-04-23 20:43:15,796] - INFO - core - Directory already exists for Validated Data: 'data/validated'
[2025-04-23 20:43:15,817] - INFO - core - Validated Data saved to: 'data/validated/validated_data.csv'
[2025-04-23 20:43:15,819] - INFO - data_validation_pipeline - Data Validation Process Completed.

Data Validation Artifact:
  - Validated Data Path: 'artifacts/2025_04_23T19_43_09Z/data_validation/validated/validated_data.csv'
  - Validation Status:   'True'

[2025-04-23 20:43:15,819] - INFO - data_validation_pipeline - ========= Data Validation Stage Completed =========
[2025-04-23 20:43:15,819] - INFO - debug_pipeline - ========== Data Validation Pipeline Finished ==========
[2025-04-23 20:43:15,819] - INFO - debug_pipeline - ======================================================
[2025-04-23 20:43:15,819] - INFO - debug_pipeline - ========== Launching Data Transformation Pipeline ==========
[2025-04-23 20:43:15,821] - INFO - core - YAML loaded successfully from: 'config/config.yaml'
[2025-04-23 20:43:15,829] - INFO - core - YAML loaded successfully from: 'config/params.yaml'
[2025-04-23 20:43:15,829] - INFO - core - YAML loaded successfully from: 'config/schema.yaml'
[2025-04-23 20:43:15,829] - INFO - core - YAML loaded successfully from: 'config/templates.yaml'
[2025-04-23 20:43:15,829] - INFO - data_transformation_pipeline - ========== Data Transformation Stage Started ==========
[2025-04-23 20:43:15,863] - INFO - core - Validated Data loaded from: 'artifacts/2025_04_23T19_43_09Z/data_validation/validated/validated_data.csv'
[2025-04-23 20:43:15,864] - INFO - data_transformation - ========== Starting Data Transformation ==========
[2025-04-23 20:43:15,881] - INFO - core - Created directory for X Preprocessor Pipeline: 'artifacts/2025_04_23T19_43_09Z/data_transformation/preprocessor'
[2025-04-23 20:43:15,883] - INFO - core - X Preprocessor Pipeline saved to: 'artifacts/2025_04_23T19_43_09Z/data_transformation/preprocessor/x_preprocessor.joblib'
[2025-04-23 20:43:15,883] - INFO - core - Directory already exists for Y Preprocessor Pipeline: 'artifacts/2025_04_23T19_43_09Z/data_transformation/preprocessor'
[2025-04-23 20:43:15,883] - INFO - core - Y Preprocessor Pipeline saved to: 'artifacts/2025_04_23T19_43_09Z/data_transformation/preprocessor/y_preprocessor.joblib'
[2025-04-23 20:43:15,884] - INFO - core - Created directory for X_train: 'artifacts/2025_04_23T19_43_09Z/data_transformation/transformed/train'
[2025-04-23 20:43:15,886] - INFO - core - X_train saved to: 'artifacts/2025_04_23T19_43_09Z/data_transformation/transformed/train/x_train.npy'
[2025-04-23 20:43:15,886] - INFO - core - Directory already exists for X_train: 'data/transformed/train'
[2025-04-23 20:43:15,887] - INFO - core - X_train saved to: 'data/transformed/train/x_train.npy'
[2025-04-23 20:43:15,887] - INFO - core - Directory already exists for y_train: 'artifacts/2025_04_23T19_43_09Z/data_transformation/transformed/train'
[2025-04-23 20:43:15,888] - INFO - core - y_train saved to: 'artifacts/2025_04_23T19_43_09Z/data_transformation/transformed/train/y_train.npy'
[2025-04-23 20:43:15,888] - INFO - core - Directory already exists for y_train: 'data/transformed/train'
[2025-04-23 20:43:15,888] - INFO - core - y_train saved to: 'data/transformed/train/y_train.npy'
[2025-04-23 20:43:15,889] - INFO - core - Created directory for X_val: 'artifacts/2025_04_23T19_43_09Z/data_transformation/transformed/val'
[2025-04-23 20:43:15,889] - INFO - core - X_val saved to: 'artifacts/2025_04_23T19_43_09Z/data_transformation/transformed/val/x_val.npy'
[2025-04-23 20:43:15,889] - INFO - core - Directory already exists for X_val: 'data/transformed/val'
[2025-04-23 20:43:15,890] - INFO - core - X_val saved to: 'data/transformed/val/x_val.npy'
[2025-04-23 20:43:15,890] - INFO - core - Directory already exists for y_val: 'artifacts/2025_04_23T19_43_09Z/data_transformation/transformed/val'
[2025-04-23 20:43:15,891] - INFO - core - y_val saved to: 'artifacts/2025_04_23T19_43_09Z/data_transformation/transformed/val/y_val.npy'
[2025-04-23 20:43:15,891] - INFO - core - Directory already exists for y_val: 'data/transformed/val'
[2025-04-23 20:43:15,891] - INFO - core - y_val saved to: 'data/transformed/val/y_val.npy'
[2025-04-23 20:43:15,892] - INFO - core - Created directory for X_test: 'artifacts/2025_04_23T19_43_09Z/data_transformation/transformed/test'
[2025-04-23 20:43:15,892] - INFO - core - X_test saved to: 'artifacts/2025_04_23T19_43_09Z/data_transformation/transformed/test/x_test.npy'
[2025-04-23 20:43:15,893] - INFO - core - Directory already exists for X_test: 'data/transformed/test'
[2025-04-23 20:43:15,893] - INFO - core - X_test saved to: 'data/transformed/test/x_test.npy'
[2025-04-23 20:43:15,893] - INFO - core - Directory already exists for y_test: 'artifacts/2025_04_23T19_43_09Z/data_transformation/transformed/test'
[2025-04-23 20:43:15,894] - INFO - core - y_test saved to: 'artifacts/2025_04_23T19_43_09Z/data_transformation/transformed/test/y_test.npy'
[2025-04-23 20:43:15,894] - INFO - core - Directory already exists for y_test: 'data/transformed/test'
[2025-04-23 20:43:15,894] - INFO - core - y_test saved to: 'data/transformed/test/y_test.npy'
[2025-04-23 20:43:15,894] - INFO - data_transformation - ========== Data Transformation Completed ==========
[2025-04-23 20:43:15,895] - INFO - data_transformation_pipeline - Data Transformation Completed Successfully: 
Data Transformation Artifact:
  - X-Train Data Path:    'artifacts/2025_04_23T19_43_09Z/data_transformation/transformed/train/x_train.npy'
  - Y-Train Data Path:    'artifacts/2025_04_23T19_43_09Z/data_transformation/transformed/train/y_train.npy'
  - X-Val Data Path:      'artifacts/2025_04_23T19_43_09Z/data_transformation/transformed/val/x_val.npy'
  - Y-Val Data Path:      'artifacts/2025_04_23T19_43_09Z/data_transformation/transformed/val/y_val.npy'
  - X-Test Data Path:     'artifacts/2025_04_23T19_43_09Z/data_transformation/transformed/test/x_test.npy'
  - Y-Test Data Path:     'artifacts/2025_04_23T19_43_09Z/data_transformation/transformed/test/y_test.npy'

[2025-04-23 20:43:15,895] - INFO - data_transformation_pipeline - ========== Data Transformation Stage Completed ==========
[2025-04-23 20:43:15,895] - INFO - debug_pipeline - ========== Data Transformation Pipeline Finished ==========
[2025-04-23 20:43:15,896] - INFO - debug_pipeline - ======================================================
[2025-04-23 20:43:15,896] - INFO - debug_pipeline - ========== Launching Model Trainer Pipeline ==========
[2025-04-23 20:43:15,899] - INFO - core - YAML loaded successfully from: 'config/config.yaml'
[2025-04-23 20:43:15,906] - INFO - core - YAML loaded successfully from: 'config/params.yaml'
[2025-04-23 20:43:15,909] - INFO - core - YAML loaded successfully from: 'config/schema.yaml'
[2025-04-23 20:43:15,911] - INFO - core - YAML loaded successfully from: 'config/templates.yaml'
[2025-04-23 20:43:15,912] - INFO - model_trainer_pipeline - ========== Model Training Stage Started ==========
[2025-04-23 20:43:17,079] - INFO - model_trainer - ========== Starting Model Training ==========
[2025-04-23 20:43:31,500] - INFO - model_trainer - Spec=sklearn.ensemble.RandomForestClassifier -> mean_accuracy=0.9436
[2025-04-23 20:43:47,964] - INFO - model_trainer - Spec=sklearn.ensemble.GradientBoostingClassifier -> mean_accuracy=0.9476
[2025-04-23 20:43:48,646] - INFO - model_trainer - Final model eval -> train: {'accuracy': 0.981761185522941, 'f1': 0.9811764705882353, 'precision': 0.9800235017626322, 'recall': 0.9823321554770318}, val: {'accuracy': 0.9495726495726495, 'f1': 0.94874022589053, 'precision': 0.9333333333333333, 'recall': 0.9646643109540636}
[2025-04-23 20:43:58,845] - INFO - core - Directory already exists for Training Report: 'artifacts/2025_04_23T19_43_09Z/model_trainer'
[2025-04-23 20:43:58,853] - INFO - core - Training Report saved to: 'artifacts/2025_04_23T19_43_09Z/model_trainer/training_report.yaml'
[2025-04-23 20:43:58,862] - INFO - model_trainer - ========== Model Training Completed ==========
[2025-04-23 20:43:58,862] - INFO - model_trainer_pipeline - Model Training Completed Successfully: 
Model Trainer Artifact:
  - Trained Model Path:   'artifacts/2025_04_23T19_43_09Z/model_trainer/model.joblib'
  - Training Report Path: 'artifacts/2025_04_23T19_43_09Z/model_trainer/training_report.yaml'

[2025-04-23 20:43:58,862] - INFO - model_trainer_pipeline - ========== Model Training Stage Completed ==========
[2025-04-23 20:43:58,862] - INFO - debug_pipeline - ========== Model Trainer Pipeline Finished ==========
[2025-04-23 20:43:58,862] - INFO - debug_pipeline - ======================================================
