[2025-05-01 20:59:28,523] - INFO - debug_pipeline - 
 DEBUG MODE: Starting the Training Pipeline...

[2025-05-01 20:59:28,523] - INFO - core - YAML loaded successfully from: 'config/config.yaml'
[2025-05-01 20:59:28,537] - INFO - core - YAML loaded successfully from: 'config/params.yaml'
[2025-05-01 20:59:28,540] - INFO - core - YAML loaded successfully from: 'config/schema.yaml'
[2025-05-01 20:59:28,544] - INFO - core - YAML loaded successfully from: 'config/templates.yaml'
[2025-05-01 20:59:28,544] - INFO - training_pipeline - ========== Training Pipeline Started ==========
[2025-05-01 20:59:28,544] - INFO - data_ingestion - ========== Starting Data Ingestion ==========
[2025-05-01 20:59:28,731] - INFO - mongodb_handler - MongoClient initialized.
[2025-05-01 20:59:43,605] - INFO - mongodb_handler - Exported 22110 documents from network_security_db.phishing_records as DataFrame.
[2025-05-01 20:59:43,671] - INFO - mongodb_handler - MongoClient connection closed.
[2025-05-01 20:59:43,671] - INFO - data_ingestion - Fetched 22110 raw rows from data source.
[2025-05-01 20:59:43,671] - INFO - core - Created directory for Raw Data: 'artifacts/2025_05_01T19_59_20Z/data_ingestion/featurestore'
[2025-05-01 20:59:43,762] - INFO - core - Raw Data saved to: 'artifacts/2025_05_01T19_59_20Z/data_ingestion/featurestore/raw_data.csv'
[2025-05-01 20:59:43,762] - INFO - core - Directory already exists for Raw Data: 'data/raw'
[2025-05-01 20:59:43,846] - INFO - core - Raw Data saved to: 'data/raw/raw_data.csv'
[2025-05-01 20:59:43,846] - INFO - data_ingestion - Raw DataFrame cleaned successfully.
[2025-05-01 20:59:43,846] - INFO - core - Created directory for Cleaned (Ingested) Data: 'artifacts/2025_05_01T19_59_20Z/data_ingestion/ingested'
[2025-05-01 20:59:43,924] - INFO - core - Cleaned (Ingested) Data saved to: 'artifacts/2025_05_01T19_59_20Z/data_ingestion/ingested/ingested_data.csv'
[2025-05-01 20:59:43,924] - INFO - data_ingestion - ========== Data Ingestion Completed ==========
[2025-05-01 20:59:43,954] - INFO - core - Ingested Data loaded from: 'artifacts/2025_05_01T19_59_20Z/data_ingestion/ingested/ingested_data.csv'
[2025-05-01 20:59:43,987] - INFO - core - Validated Base Data loaded from: 'data/validated/validated_data.csv'
[2025-05-01 20:59:43,987] - INFO - data_validation - Running data validation...
[2025-05-01 20:59:43,987] - INFO - data_validation - Schema hash check passed.
[2025-05-01 20:59:43,987] - INFO - core - Created directory for Missing Value Report: 'artifacts/2025_05_01T19_59_20Z/data_validation/reports'
[2025-05-01 20:59:43,987] - INFO - core - Missing Value Report saved to: 'artifacts/2025_05_01T19_59_20Z/data_validation/reports/missing_values_report.json'
[2025-05-01 20:59:43,999] - INFO - core - Directory already exists for Duplicates Report: 'artifacts/2025_05_01T19_59_20Z/data_validation/reports'
[2025-05-01 20:59:43,999] - INFO - core - Duplicates Report saved to: 'artifacts/2025_05_01T19_59_20Z/data_validation/reports/duplicates_report.yaml'
[2025-05-01 20:59:44,014] - INFO - core - Directory already exists for Drift Result: 'artifacts/2025_05_01T19_59_20Z/data_validation/reports'
[2025-05-01 20:59:44,027] - INFO - core - Drift Result saved to: 'artifacts/2025_05_01T19_59_20Z/data_validation/reports/drift_report.yaml'
[2025-05-01 20:59:44,027] - INFO - core - Directory already exists for Validation Report: 'artifacts/2025_05_01T19_59_20Z/data_validation/reports'
[2025-05-01 20:59:44,030] - INFO - core - Validation Report saved to: 'artifacts/2025_05_01T19_59_20Z/data_validation/reports/validation_report.yaml'
[2025-05-01 20:59:44,030] - INFO - core - Created directory for Validated Data: 'artifacts/2025_05_01T19_59_20Z/data_validation/validated'
[2025-05-01 20:59:44,045] - INFO - core - Validated Data saved to: 'artifacts/2025_05_01T19_59_20Z/data_validation/validated/validated_data.csv'
[2025-05-01 20:59:44,045] - INFO - core - Directory already exists for Validated Data: 'data/validated'
[2025-05-01 20:59:44,071] - INFO - core - Validated Data saved to: 'data/validated/validated_data.csv'
[2025-05-01 20:59:44,096] - INFO - core - Validated Data loaded from: 'artifacts/2025_05_01T19_59_20Z/data_validation/validated/validated_data.csv'
[2025-05-01 20:59:44,096] - INFO - data_transformation - ========== Starting Data Transformation ==========
[2025-05-01 20:59:44,124] - INFO - core - Created directory for X Preprocessor Pipeline: 'artifacts/2025_05_01T19_59_20Z/data_transformation/preprocessor'
[2025-05-01 20:59:44,124] - INFO - core - X Preprocessor Pipeline saved to: 'artifacts/2025_05_01T19_59_20Z/data_transformation/preprocessor/x_preprocessor.joblib'
[2025-05-01 20:59:44,124] - INFO - core - Directory already exists for Y Preprocessor Pipeline: 'artifacts/2025_05_01T19_59_20Z/data_transformation/preprocessor'
[2025-05-01 20:59:44,124] - INFO - core - Y Preprocessor Pipeline saved to: 'artifacts/2025_05_01T19_59_20Z/data_transformation/preprocessor/y_preprocessor.joblib'
[2025-05-01 20:59:44,124] - INFO - core - Created directory for X_train: 'artifacts/2025_05_01T19_59_20Z/data_transformation/transformed/train'
[2025-05-01 20:59:44,124] - INFO - core - X_train saved to: 'artifacts/2025_05_01T19_59_20Z/data_transformation/transformed/train/x_train.npy'
[2025-05-01 20:59:44,124] - INFO - core - Directory already exists for X_train: 'data/transformed/train'
[2025-05-01 20:59:44,124] - INFO - core - X_train saved to: 'data/transformed/train/x_train.npy'
[2025-05-01 20:59:44,124] - INFO - core - Directory already exists for y_train: 'artifacts/2025_05_01T19_59_20Z/data_transformation/transformed/train'
[2025-05-01 20:59:44,137] - INFO - core - y_train saved to: 'artifacts/2025_05_01T19_59_20Z/data_transformation/transformed/train/y_train.npy'
[2025-05-01 20:59:44,137] - INFO - core - Directory already exists for y_train: 'data/transformed/train'
[2025-05-01 20:59:44,138] - INFO - core - y_train saved to: 'data/transformed/train/y_train.npy'
[2025-05-01 20:59:44,138] - INFO - core - Created directory for X_val: 'artifacts/2025_05_01T19_59_20Z/data_transformation/transformed/val'
[2025-05-01 20:59:44,138] - INFO - core - X_val saved to: 'artifacts/2025_05_01T19_59_20Z/data_transformation/transformed/val/x_val.npy'
[2025-05-01 20:59:44,139] - INFO - core - Directory already exists for X_val: 'data/transformed/val'
[2025-05-01 20:59:44,139] - INFO - core - X_val saved to: 'data/transformed/val/x_val.npy'
[2025-05-01 20:59:44,139] - INFO - core - Directory already exists for y_val: 'artifacts/2025_05_01T19_59_20Z/data_transformation/transformed/val'
[2025-05-01 20:59:44,140] - INFO - core - y_val saved to: 'artifacts/2025_05_01T19_59_20Z/data_transformation/transformed/val/y_val.npy'
[2025-05-01 20:59:44,141] - INFO - core - Directory already exists for y_val: 'data/transformed/val'
[2025-05-01 20:59:44,141] - INFO - core - y_val saved to: 'data/transformed/val/y_val.npy'
[2025-05-01 20:59:44,142] - INFO - core - Created directory for X_test: 'artifacts/2025_05_01T19_59_20Z/data_transformation/transformed/test'
[2025-05-01 20:59:44,142] - INFO - core - X_test saved to: 'artifacts/2025_05_01T19_59_20Z/data_transformation/transformed/test/x_test.npy'
[2025-05-01 20:59:44,142] - INFO - core - Directory already exists for X_test: 'data/transformed/test'
[2025-05-01 20:59:44,143] - INFO - core - X_test saved to: 'data/transformed/test/x_test.npy'
[2025-05-01 20:59:44,143] - INFO - core - Directory already exists for y_test: 'artifacts/2025_05_01T19_59_20Z/data_transformation/transformed/test'
[2025-05-01 20:59:44,144] - INFO - core - y_test saved to: 'artifacts/2025_05_01T19_59_20Z/data_transformation/transformed/test/y_test.npy'
[2025-05-01 20:59:44,145] - INFO - core - Directory already exists for y_test: 'data/transformed/test'
[2025-05-01 20:59:44,145] - INFO - core - y_test saved to: 'data/transformed/test/y_test.npy'
[2025-05-01 20:59:44,145] - INFO - data_transformation - ========== Data Transformation Completed ==========
[2025-05-01 20:59:44,145] - INFO - model_trainer - Initializing ModelTrainer with root_dir=artifacts\2025_05_01T19_59_20Z\model_trainer
[2025-05-01 20:59:45,735] - INFO - model_trainer - ========== Starting Model Training ==========
[2025-05-01 20:59:45,745] - INFO - core - X train loaded successfully from: 'artifacts/2025_05_01T19_59_20Z/data_transformation/transformed/train/x_train.npy'
[2025-05-01 20:59:45,752] - INFO - core - Y train loaded successfully from: 'artifacts/2025_05_01T19_59_20Z/data_transformation/transformed/train/y_train.npy'
[2025-05-01 20:59:45,764] - INFO - core - X val loaded successfully from: 'artifacts/2025_05_01T19_59_20Z/data_transformation/transformed/val/x_val.npy'
[2025-05-01 20:59:45,770] - INFO - core - Y val loaded successfully from: 'artifacts/2025_05_01T19_59_20Z/data_transformation/transformed/val/y_val.npy'
[2025-05-01 21:00:22,798] - INFO - core - Created directory for Trained Model: 'artifacts/2025_05_01T19_59_20Z/model_trainer/trained_model'
[2025-05-01 21:00:22,821] - INFO - core - Trained Model saved to: 'artifacts/2025_05_01T19_59_20Z/model_trainer/trained_model/model.joblib'
[2025-05-01 21:00:22,834] - INFO - core - Created directory for Inference Model: 'artifacts/2025_05_01T19_59_20Z/model_trainer/inference_model'
[2025-05-01 21:00:22,843] - INFO - core - Inference Model saved to: 'artifacts/2025_05_01T19_59_20Z/model_trainer/inference_model/inference_model.joblib'
[2025-05-01 21:00:22,844] - INFO - core - Created directory for Training Report: 'artifacts/2025_05_01T19_59_20Z/model_trainer/reports'
[2025-05-01 21:00:22,845] - INFO - core - Training Report saved to: 'artifacts/2025_05_01T19_59_20Z/model_trainer/reports/training_report.yaml'
[2025-05-01 21:00:23,240] - INFO - model_trainer - ========== Model Training Completed ==========
[2025-05-01 21:00:23,240] - INFO - model_evaluation - Initializing ModelEvaluator with root_dir=artifacts\2025_05_01T19_59_20Z\model_evaluation
[2025-05-01 21:00:23,240] - INFO - model_evaluation - ========== Starting Model Evaluation ==========
[2025-05-01 21:00:23,240] - INFO - core - X Train loaded successfully from: 'artifacts/2025_05_01T19_59_20Z/data_transformation/transformed/train/x_train.npy'
[2025-05-01 21:00:23,240] - INFO - core - Y Train loaded successfully from: 'artifacts/2025_05_01T19_59_20Z/data_transformation/transformed/train/y_train.npy'
[2025-05-01 21:00:23,240] - INFO - core - X Val loaded successfully from: 'artifacts/2025_05_01T19_59_20Z/data_transformation/transformed/val/x_val.npy'
[2025-05-01 21:00:23,240] - INFO - core - Y Val loaded successfully from: 'artifacts/2025_05_01T19_59_20Z/data_transformation/transformed/val/y_val.npy'
[2025-05-01 21:00:23,254] - INFO - core - X Test loaded successfully from: 'artifacts/2025_05_01T19_59_20Z/data_transformation/transformed/test/x_test.npy'
[2025-05-01 21:00:23,257] - INFO - core - Y Test loaded successfully from: 'artifacts/2025_05_01T19_59_20Z/data_transformation/transformed/test/y_test.npy'
[2025-05-01 21:00:23,257] - INFO - core - Loading object from: 'artifacts/2025_05_01T19_59_20Z/model_trainer/inference_model/inference_model.joblib'
[2025-05-01 21:00:23,272] - INFO - model_evaluation - Inference Model loaded successfully for evaluation.
[2025-05-01 21:00:23,325] - INFO - core - Directory already exists for Evaluation Report: 'artifacts/2025_05_01T19_59_20Z/model_evaluation'
[2025-05-01 21:00:23,326] - INFO - core - Evaluation Report saved to: 'artifacts/2025_05_01T19_59_20Z/model_evaluation/evaluation_report.yaml'
[2025-05-01 21:00:23,326] - INFO - model_evaluation - ========== Model Evaluation Completed ==========
[2025-05-01 21:00:23,326] - INFO - model_pusher - Starting model push process...
[2025-05-01 21:00:23,327] - INFO - core - Loading object from: 'artifacts/2025_05_01T19_59_20Z/model_trainer/inference_model/inference_model.joblib'
[2025-05-01 21:00:23,334] - INFO - core - Directory already exists for Final Model: 'final_model'
[2025-05-01 21:00:23,341] - INFO - core - Final Model saved to: 'final_model/final_inference_model.joblib'
[2025-05-01 21:00:23,454] - INFO - s3_syncer - S3Syncer initialized for bucket 'networksecurity-dev-artifacts' in region 'us-east-1'
[2025-05-01 21:00:26,811] - INFO - s3_syncer - File uploaded to S3: final_model/final_inference_model.joblib -> s3://networksecurity-dev-artifacts/final_model/final_inference_model.joblib
[2025-05-01 21:00:26,811] - INFO - s3_syncer - Walking through directory: E:/MyProjects/networksecurity/artifacts
[2025-05-01 21:00:26,811] - INFO - s3_syncer - Target S3 prefix: artifacts/artifacts
[2025-05-01 21:00:26,811] - INFO - s3_syncer - Uploading file: artifacts/2025_05_01T19_59_20Z/data_ingestion/featurestore/raw_data.csv -> s3://networksecurity-dev-artifacts/artifacts/artifacts/2025_05_01T19_59_20Z/data_ingestion/featurestore/raw_data.csv
[2025-05-01 21:00:28,316] - INFO - s3_syncer - File uploaded to S3: artifacts/2025_05_01T19_59_20Z/data_ingestion/featurestore/raw_data.csv -> s3://networksecurity-dev-artifacts/artifacts/artifacts/2025_05_01T19_59_20Z/data_ingestion/featurestore/raw_data.csv
[2025-05-01 21:00:28,318] - INFO - s3_syncer - Uploading file: artifacts/2025_05_01T19_59_20Z/data_ingestion/ingested/ingested_data.csv -> s3://networksecurity-dev-artifacts/artifacts/artifacts/2025_05_01T19_59_20Z/data_ingestion/ingested/ingested_data.csv
[2025-05-01 21:00:29,544] - INFO - s3_syncer - File uploaded to S3: artifacts/2025_05_01T19_59_20Z/data_ingestion/ingested/ingested_data.csv -> s3://networksecurity-dev-artifacts/artifacts/artifacts/2025_05_01T19_59_20Z/data_ingestion/ingested/ingested_data.csv
[2025-05-01 21:00:29,548] - INFO - s3_syncer - Uploading file: artifacts/2025_05_01T19_59_20Z/data_transformation/preprocessor/x_preprocessor.joblib -> s3://networksecurity-dev-artifacts/artifacts/artifacts/2025_05_01T19_59_20Z/data_transformation/preprocessor/x_preprocessor.joblib
[2025-05-01 21:00:30,696] - INFO - s3_syncer - File uploaded to S3: artifacts/2025_05_01T19_59_20Z/data_transformation/preprocessor/x_preprocessor.joblib -> s3://networksecurity-dev-artifacts/artifacts/artifacts/2025_05_01T19_59_20Z/data_transformation/preprocessor/x_preprocessor.joblib
[2025-05-01 21:00:30,696] - INFO - s3_syncer - Uploading file: artifacts/2025_05_01T19_59_20Z/data_transformation/preprocessor/y_preprocessor.joblib -> s3://networksecurity-dev-artifacts/artifacts/artifacts/2025_05_01T19_59_20Z/data_transformation/preprocessor/y_preprocessor.joblib
[2025-05-01 21:00:31,213] - INFO - s3_syncer - File uploaded to S3: artifacts/2025_05_01T19_59_20Z/data_transformation/preprocessor/y_preprocessor.joblib -> s3://networksecurity-dev-artifacts/artifacts/artifacts/2025_05_01T19_59_20Z/data_transformation/preprocessor/y_preprocessor.joblib
[2025-05-01 21:00:31,213] - INFO - s3_syncer - Uploading file: artifacts/2025_05_01T19_59_20Z/data_transformation/transformed/test/x_test.npy -> s3://networksecurity-dev-artifacts/artifacts/artifacts/2025_05_01T19_59_20Z/data_transformation/transformed/test/x_test.npy
[2025-05-01 21:00:31,702] - INFO - s3_syncer - File uploaded to S3: artifacts/2025_05_01T19_59_20Z/data_transformation/transformed/test/x_test.npy -> s3://networksecurity-dev-artifacts/artifacts/artifacts/2025_05_01T19_59_20Z/data_transformation/transformed/test/x_test.npy
[2025-05-01 21:00:31,702] - INFO - s3_syncer - Uploading file: artifacts/2025_05_01T19_59_20Z/data_transformation/transformed/test/y_test.npy -> s3://networksecurity-dev-artifacts/artifacts/artifacts/2025_05_01T19_59_20Z/data_transformation/transformed/test/y_test.npy
[2025-05-01 21:00:32,026] - INFO - s3_syncer - File uploaded to S3: artifacts/2025_05_01T19_59_20Z/data_transformation/transformed/test/y_test.npy -> s3://networksecurity-dev-artifacts/artifacts/artifacts/2025_05_01T19_59_20Z/data_transformation/transformed/test/y_test.npy
[2025-05-01 21:00:32,026] - INFO - s3_syncer - Uploading file: artifacts/2025_05_01T19_59_20Z/data_transformation/transformed/train/x_train.npy -> s3://networksecurity-dev-artifacts/artifacts/artifacts/2025_05_01T19_59_20Z/data_transformation/transformed/train/x_train.npy
[2025-05-01 21:00:32,943] - INFO - s3_syncer - File uploaded to S3: artifacts/2025_05_01T19_59_20Z/data_transformation/transformed/train/x_train.npy -> s3://networksecurity-dev-artifacts/artifacts/artifacts/2025_05_01T19_59_20Z/data_transformation/transformed/train/x_train.npy
[2025-05-01 21:00:32,947] - INFO - s3_syncer - Uploading file: artifacts/2025_05_01T19_59_20Z/data_transformation/transformed/train/y_train.npy -> s3://networksecurity-dev-artifacts/artifacts/artifacts/2025_05_01T19_59_20Z/data_transformation/transformed/train/y_train.npy
[2025-05-01 21:00:33,271] - INFO - s3_syncer - File uploaded to S3: artifacts/2025_05_01T19_59_20Z/data_transformation/transformed/train/y_train.npy -> s3://networksecurity-dev-artifacts/artifacts/artifacts/2025_05_01T19_59_20Z/data_transformation/transformed/train/y_train.npy
[2025-05-01 21:00:33,271] - INFO - s3_syncer - Uploading file: artifacts/2025_05_01T19_59_20Z/data_transformation/transformed/val/x_val.npy -> s3://networksecurity-dev-artifacts/artifacts/artifacts/2025_05_01T19_59_20Z/data_transformation/transformed/val/x_val.npy
[2025-05-01 21:00:33,729] - INFO - s3_syncer - File uploaded to S3: artifacts/2025_05_01T19_59_20Z/data_transformation/transformed/val/x_val.npy -> s3://networksecurity-dev-artifacts/artifacts/artifacts/2025_05_01T19_59_20Z/data_transformation/transformed/val/x_val.npy
[2025-05-01 21:00:33,729] - INFO - s3_syncer - Uploading file: artifacts/2025_05_01T19_59_20Z/data_transformation/transformed/val/y_val.npy -> s3://networksecurity-dev-artifacts/artifacts/artifacts/2025_05_01T19_59_20Z/data_transformation/transformed/val/y_val.npy
[2025-05-01 21:00:34,052] - INFO - s3_syncer - File uploaded to S3: artifacts/2025_05_01T19_59_20Z/data_transformation/transformed/val/y_val.npy -> s3://networksecurity-dev-artifacts/artifacts/artifacts/2025_05_01T19_59_20Z/data_transformation/transformed/val/y_val.npy
[2025-05-01 21:00:34,054] - INFO - s3_syncer - Uploading file: artifacts/2025_05_01T19_59_20Z/data_validation/reports/drift_report.yaml -> s3://networksecurity-dev-artifacts/artifacts/artifacts/2025_05_01T19_59_20Z/data_validation/reports/drift_report.yaml
[2025-05-01 21:00:34,354] - INFO - s3_syncer - File uploaded to S3: artifacts/2025_05_01T19_59_20Z/data_validation/reports/drift_report.yaml -> s3://networksecurity-dev-artifacts/artifacts/artifacts/2025_05_01T19_59_20Z/data_validation/reports/drift_report.yaml
[2025-05-01 21:00:34,356] - INFO - s3_syncer - Uploading file: artifacts/2025_05_01T19_59_20Z/data_validation/reports/duplicates_report.yaml -> s3://networksecurity-dev-artifacts/artifacts/artifacts/2025_05_01T19_59_20Z/data_validation/reports/duplicates_report.yaml
[2025-05-01 21:00:34,664] - INFO - s3_syncer - File uploaded to S3: artifacts/2025_05_01T19_59_20Z/data_validation/reports/duplicates_report.yaml -> s3://networksecurity-dev-artifacts/artifacts/artifacts/2025_05_01T19_59_20Z/data_validation/reports/duplicates_report.yaml
[2025-05-01 21:00:34,666] - INFO - s3_syncer - Uploading file: artifacts/2025_05_01T19_59_20Z/data_validation/reports/missing_values_report.json -> s3://networksecurity-dev-artifacts/artifacts/artifacts/2025_05_01T19_59_20Z/data_validation/reports/missing_values_report.json
[2025-05-01 21:00:34,960] - INFO - s3_syncer - File uploaded to S3: artifacts/2025_05_01T19_59_20Z/data_validation/reports/missing_values_report.json -> s3://networksecurity-dev-artifacts/artifacts/artifacts/2025_05_01T19_59_20Z/data_validation/reports/missing_values_report.json
[2025-05-01 21:00:34,962] - INFO - s3_syncer - Uploading file: artifacts/2025_05_01T19_59_20Z/data_validation/reports/validation_report.yaml -> s3://networksecurity-dev-artifacts/artifacts/artifacts/2025_05_01T19_59_20Z/data_validation/reports/validation_report.yaml
[2025-05-01 21:00:35,275] - INFO - s3_syncer - File uploaded to S3: artifacts/2025_05_01T19_59_20Z/data_validation/reports/validation_report.yaml -> s3://networksecurity-dev-artifacts/artifacts/artifacts/2025_05_01T19_59_20Z/data_validation/reports/validation_report.yaml
[2025-05-01 21:00:35,275] - INFO - s3_syncer - Uploading file: artifacts/2025_05_01T19_59_20Z/data_validation/validated/validated_data.csv -> s3://networksecurity-dev-artifacts/artifacts/artifacts/2025_05_01T19_59_20Z/data_validation/validated/validated_data.csv
[2025-05-01 21:00:35,728] - INFO - s3_syncer - File uploaded to S3: artifacts/2025_05_01T19_59_20Z/data_validation/validated/validated_data.csv -> s3://networksecurity-dev-artifacts/artifacts/artifacts/2025_05_01T19_59_20Z/data_validation/validated/validated_data.csv
[2025-05-01 21:00:35,728] - INFO - s3_syncer - Uploading file: artifacts/2025_05_01T19_59_20Z/model_evaluation/evaluation_report.yaml -> s3://networksecurity-dev-artifacts/artifacts/artifacts/2025_05_01T19_59_20Z/model_evaluation/evaluation_report.yaml
[2025-05-01 21:00:36,180] - INFO - s3_syncer - File uploaded to S3: artifacts/2025_05_01T19_59_20Z/model_evaluation/evaluation_report.yaml -> s3://networksecurity-dev-artifacts/artifacts/artifacts/2025_05_01T19_59_20Z/model_evaluation/evaluation_report.yaml
[2025-05-01 21:00:36,180] - INFO - s3_syncer - Uploading file: artifacts/2025_05_01T19_59_20Z/model_trainer/inference_model/inference_model.joblib -> s3://networksecurity-dev-artifacts/artifacts/artifacts/2025_05_01T19_59_20Z/model_trainer/inference_model/inference_model.joblib
[2025-05-01 21:00:36,893] - INFO - s3_syncer - File uploaded to S3: artifacts/2025_05_01T19_59_20Z/model_trainer/inference_model/inference_model.joblib -> s3://networksecurity-dev-artifacts/artifacts/artifacts/2025_05_01T19_59_20Z/model_trainer/inference_model/inference_model.joblib
[2025-05-01 21:00:36,893] - INFO - s3_syncer - Uploading file: artifacts/2025_05_01T19_59_20Z/model_trainer/reports/training_report.yaml -> s3://networksecurity-dev-artifacts/artifacts/artifacts/2025_05_01T19_59_20Z/model_trainer/reports/training_report.yaml
[2025-05-01 21:00:37,193] - INFO - s3_syncer - File uploaded to S3: artifacts/2025_05_01T19_59_20Z/model_trainer/reports/training_report.yaml -> s3://networksecurity-dev-artifacts/artifacts/artifacts/2025_05_01T19_59_20Z/model_trainer/reports/training_report.yaml
[2025-05-01 21:00:37,194] - INFO - s3_syncer - Uploading file: artifacts/2025_05_01T19_59_20Z/model_trainer/trained_model/model.joblib -> s3://networksecurity-dev-artifacts/artifacts/artifacts/2025_05_01T19_59_20Z/model_trainer/trained_model/model.joblib
[2025-05-01 21:00:37,768] - INFO - s3_syncer - File uploaded to S3: artifacts/2025_05_01T19_59_20Z/model_trainer/trained_model/model.joblib -> s3://networksecurity-dev-artifacts/artifacts/artifacts/2025_05_01T19_59_20Z/model_trainer/trained_model/model.joblib
[2025-05-01 21:00:37,768] - INFO - s3_syncer - Directory synced to S3: artifacts -> s3://networksecurity-dev-artifacts/artifacts/artifacts
[2025-05-01 21:00:37,771] - INFO - s3_syncer - Walking through directory: E:/MyProjects/networksecurity/logs
[2025-05-01 21:00:37,772] - INFO - s3_syncer - Target S3 prefix: artifacts/logs
[2025-05-01 21:00:37,772] - INFO - s3_syncer - Uploading file: logs/2025_05_01T19_59_20Z/2025_05_01T19_59_20Z.log -> s3://networksecurity-dev-artifacts/artifacts/logs/2025_05_01T19_59_20Z/2025_05_01T19_59_20Z.log
[2025-05-01 21:00:38,179] - INFO - s3_syncer - File uploaded to S3: logs/2025_05_01T19_59_20Z/2025_05_01T19_59_20Z.log -> s3://networksecurity-dev-artifacts/artifacts/logs/2025_05_01T19_59_20Z/2025_05_01T19_59_20Z.log
[2025-05-01 21:00:38,179] - INFO - s3_syncer - Directory synced to S3: logs -> s3://networksecurity-dev-artifacts/artifacts/logs
[2025-05-01 21:00:38,179] - INFO - model_pusher - Model push process completed successfully.
[2025-05-01 21:00:38,179] - INFO - training_pipeline - ========== Training Pipeline Completed Successfully ==========
[2025-05-01 21:00:38,179] - INFO - debug_pipeline - 
 Final ModelPusherArtifact:
[2025-05-01 21:00:38,179] - INFO - debug_pipeline - 
Model Pusher Artifact:
  - Local Model Path: final_model/final_inference_model.joblib
  - S3 Model Path:    s3://networksecurity-dev-artifacts/final_model/final_inference_model.joblib

