[2025-04-13 09:09:19,816] - INFO - common - YAML loaded successfully from: 'config/config.yaml'
[2025-04-13 09:09:19,816] - INFO - common - YAML loaded successfully from: 'config/params.yaml'
[2025-04-13 09:09:19,816] - INFO - common - YAML loaded successfully from: 'config/schema.yaml'
[2025-04-13 09:09:19,816] - INFO - common - Created directory at: 'artifacts/20250413_090919'
[2025-04-13 09:09:19,816] - INFO - common - Created directory at: 'artifacts/20250413_090919/data_ingestion/featurestore'
[2025-04-13 09:09:19,816] - INFO - common - Created directory at: 'artifacts/20250413_090919/data_ingestion/ingested'
[2025-04-13 09:09:19,816] - INFO - data_ingestion - Connecting to MongoDB...
[2025-04-13 09:09:20,038] - INFO - data_ingestion - Reading data from MongoDB: 'network_security_db/phishing_records'
[2025-04-13 09:09:35,469] - INFO - common - Created directory at: 'artifacts/20250413_090919/data_ingestion/featurestore'
[2025-04-13 09:09:36,174] - INFO - data_ingestion - Loaded 187935 records from MongoDB.
[2025-04-13 09:09:36,174] - INFO - common - Created directory at: 'artifacts/20250413_090919/data_ingestion/ingested'
[2025-04-13 09:09:36,932] - INFO - data_ingestion - Cleaned data saved to ingested directory: 'artifacts/20250413_090919/data_ingestion/ingested/ingested_data.csv'
[2025-04-13 09:09:36,982] - INFO - common - YAML loaded successfully from: 'config/config.yaml'
[2025-04-13 09:09:36,982] - INFO - common - YAML loaded successfully from: 'config/params.yaml'
[2025-04-13 09:09:36,982] - INFO - common - YAML loaded successfully from: 'config/schema.yaml'
[2025-04-13 09:09:36,982] - INFO - common - Created directory at: 'artifacts/20250413_090919'
[2025-04-13 09:09:36,982] - INFO - common - Created directory at: 'artifacts/20250413_090919/data_ingestion/featurestore'
[2025-04-13 09:09:36,986] - INFO - common - Created directory at: 'artifacts/20250413_090919/data_ingestion/ingested'
[2025-04-13 09:09:36,986] - INFO - data_ingestion - Connecting to MongoDB...
[2025-04-13 09:09:37,039] - INFO - data_ingestion - Reading data from MongoDB: 'network_security_db/phishing_records'
[2025-04-13 09:09:51,508] - INFO - common - Created directory at: 'artifacts/20250413_090919/data_ingestion/featurestore'
[2025-04-13 09:09:52,429] - INFO - data_ingestion - Loaded 187935 records from MongoDB.
[2025-04-13 09:09:52,429] - INFO - common - Created directory at: 'artifacts/20250413_090919/data_ingestion/ingested'
[2025-04-13 09:09:53,207] - INFO - data_ingestion - Cleaned data saved to ingested directory: 'artifacts/20250413_090919/data_ingestion/ingested/ingested_data.csv'
