[2025-05-12 16:52:28,033] - INFO - debug_pipeline - 
 DEBUG MODE: Starting the Training Pipeline...

[2025-05-12 16:52:28,046] - INFO - core - YAML loaded successfully from: 'config/config.yaml'
[2025-05-12 16:52:28,061] - INFO - core - YAML loaded successfully from: 'config/params.yaml'
[2025-05-12 16:52:28,073] - INFO - core - YAML loaded successfully from: 'config/schema.yaml'
[2025-05-12 16:52:28,080] - INFO - core - YAML loaded successfully from: 'config/templates.yaml'
[2025-05-12 16:52:28,081] - INFO - training_pipeline - ========== Training Pipeline Started ==========
[2025-05-12 16:52:28,082] - INFO - data_ingestion - ========== Starting Data Ingestion ==========
[2025-05-12 16:52:28,328] - INFO - mongodb_handler - MongoClient initialized.
[2025-05-12 16:52:31,998] - INFO - mongodb_handler - Exported 22110 documents from network_security_db.phishing_records as DataFrame.
[2025-05-12 16:52:32,084] - INFO - mongodb_handler - MongoClient connection closed.
[2025-05-12 16:52:32,085] - INFO - data_ingestion - Fetched 22110 raw rows from data source.
[2025-05-12 16:52:32,085] - INFO - core - Created directory for Raw Data: 'artifacts/2025_05_12T15_52_23Z/data_ingestion/featurestore'
[2025-05-12 16:52:32,297] - INFO - core - Raw Data saved to: 'artifacts/2025_05_12T15_52_23Z/data_ingestion/featurestore/raw_data.csv'
[2025-05-12 16:52:32,300] - INFO - core - Directory already exists for Raw Data: 'data/raw'
[2025-05-12 16:52:32,517] - INFO - core - Raw Data saved to: 'data/raw/raw_data.csv'
[2025-05-12 16:52:32,525] - INFO - data_ingestion - Raw DataFrame cleaned successfully.
[2025-05-12 16:52:32,526] - INFO - core - Created directory for Cleaned (Ingested) Data: 'artifacts/2025_05_12T15_52_23Z/data_ingestion/ingested'
[2025-05-12 16:52:32,659] - INFO - core - Cleaned (Ingested) Data saved to: 'artifacts/2025_05_12T15_52_23Z/data_ingestion/ingested/ingested_data.csv'
[2025-05-12 16:52:32,660] - INFO - data_ingestion - ========== Data Ingestion Completed ==========
[2025-05-12 16:52:32,748] - INFO - core - Ingested Data loaded from: 'artifacts/2025_05_12T15_52_23Z/data_ingestion/ingested/ingested_data.csv'
[2025-05-12 16:52:32,781] - INFO - core - Validated Base Data loaded from: 'data/validated/validated_data.csv'
[2025-05-12 16:52:32,782] - INFO - data_validation - Running data validation...
[2025-05-12 16:52:32,788] - INFO - data_validation - Schema hash check passed.
[2025-05-12 16:52:32,794] - INFO - core - Created directory for Missing Value Report: 'artifacts/2025_05_12T15_52_23Z/data_validation/reports'
[2025-05-12 16:52:32,807] - INFO - core - Missing Value Report saved to: 'artifacts/2025_05_12T15_52_23Z/data_validation/reports/missing_values_report.json'
[2025-05-12 16:52:32,827] - INFO - core - Directory already exists for Duplicates Report: 'artifacts/2025_05_12T15_52_23Z/data_validation/reports'
[2025-05-12 16:52:32,829] - INFO - core - Duplicates Report saved to: 'artifacts/2025_05_12T15_52_23Z/data_validation/reports/duplicates_report.yaml'
[2025-05-12 16:52:32,901] - INFO - core - Directory already exists for Drift Result: 'artifacts/2025_05_12T15_52_23Z/data_validation/reports'
[2025-05-12 16:52:32,924] - INFO - core - Drift Result saved to: 'artifacts/2025_05_12T15_52_23Z/data_validation/reports/drift_report.yaml'
[2025-05-12 16:52:32,925] - INFO - core - Directory already exists for Validation Report: 'artifacts/2025_05_12T15_52_23Z/data_validation/reports'
[2025-05-12 16:52:32,929] - INFO - core - Validation Report saved to: 'artifacts/2025_05_12T15_52_23Z/data_validation/reports/validation_report.yaml'
[2025-05-12 16:52:32,930] - INFO - core - Created directory for Validated Data: 'artifacts/2025_05_12T15_52_23Z/data_validation/validated'
[2025-05-12 16:52:32,965] - INFO - core - Validated Data saved to: 'artifacts/2025_05_12T15_52_23Z/data_validation/validated/validated_data.csv'
[2025-05-12 16:52:32,967] - INFO - core - Directory already exists for Validated Data: 'data/validated'
[2025-05-12 16:52:32,998] - INFO - core - Validated Data saved to: 'data/validated/validated_data.csv'
[2025-05-12 16:52:33,039] - INFO - core - Validated Data loaded from: 'artifacts/2025_05_12T15_52_23Z/data_validation/validated/validated_data.csv'
[2025-05-12 16:52:33,040] - INFO - data_transformation - ========== Starting Data Transformation ==========
[2025-05-12 16:52:33,099] - INFO - core - Created directory for X Preprocessor Pipeline: 'artifacts/2025_05_12T15_52_23Z/data_transformation/preprocessor'
[2025-05-12 16:52:33,105] - INFO - core - X Preprocessor Pipeline saved to: 'artifacts/2025_05_12T15_52_23Z/data_transformation/preprocessor/x_preprocessor.joblib'
[2025-05-12 16:52:33,107] - INFO - core - Directory already exists for Y Preprocessor Pipeline: 'artifacts/2025_05_12T15_52_23Z/data_transformation/preprocessor'
[2025-05-12 16:52:33,108] - INFO - core - Y Preprocessor Pipeline saved to: 'artifacts/2025_05_12T15_52_23Z/data_transformation/preprocessor/y_preprocessor.joblib'
[2025-05-12 16:52:33,109] - INFO - core - Created directory for X_train: 'artifacts/2025_05_12T15_52_23Z/data_transformation/transformed/train'
[2025-05-12 16:52:33,112] - INFO - core - X_train saved to: 'artifacts/2025_05_12T15_52_23Z/data_transformation/transformed/train/x_train.npy'
[2025-05-12 16:52:33,113] - INFO - core - Directory already exists for X_train: 'data/transformed/train'
[2025-05-12 16:52:33,114] - INFO - core - X_train saved to: 'data/transformed/train/x_train.npy'
[2025-05-12 16:52:33,115] - INFO - core - Directory already exists for y_train: 'artifacts/2025_05_12T15_52_23Z/data_transformation/transformed/train'
[2025-05-12 16:52:33,117] - INFO - core - y_train saved to: 'artifacts/2025_05_12T15_52_23Z/data_transformation/transformed/train/y_train.npy'
[2025-05-12 16:52:33,117] - INFO - core - Directory already exists for y_train: 'data/transformed/train'
[2025-05-12 16:52:33,118] - INFO - core - y_train saved to: 'data/transformed/train/y_train.npy'
[2025-05-12 16:52:33,119] - INFO - core - Created directory for X_val: 'artifacts/2025_05_12T15_52_23Z/data_transformation/transformed/val'
[2025-05-12 16:52:33,121] - INFO - core - X_val saved to: 'artifacts/2025_05_12T15_52_23Z/data_transformation/transformed/val/x_val.npy'
[2025-05-12 16:52:33,121] - INFO - core - Directory already exists for X_val: 'data/transformed/val'
[2025-05-12 16:52:33,122] - INFO - core - X_val saved to: 'data/transformed/val/x_val.npy'
[2025-05-12 16:52:33,123] - INFO - core - Directory already exists for y_val: 'artifacts/2025_05_12T15_52_23Z/data_transformation/transformed/val'
[2025-05-12 16:52:33,124] - INFO - core - y_val saved to: 'artifacts/2025_05_12T15_52_23Z/data_transformation/transformed/val/y_val.npy'
[2025-05-12 16:52:33,125] - INFO - core - Directory already exists for y_val: 'data/transformed/val'
[2025-05-12 16:52:33,126] - INFO - core - y_val saved to: 'data/transformed/val/y_val.npy'
[2025-05-12 16:52:33,128] - INFO - core - Created directory for X_test: 'artifacts/2025_05_12T15_52_23Z/data_transformation/transformed/test'
[2025-05-12 16:52:33,129] - INFO - core - X_test saved to: 'artifacts/2025_05_12T15_52_23Z/data_transformation/transformed/test/x_test.npy'
[2025-05-12 16:52:33,129] - INFO - core - Directory already exists for X_test: 'data/transformed/test'
[2025-05-12 16:52:33,131] - INFO - core - X_test saved to: 'data/transformed/test/x_test.npy'
[2025-05-12 16:52:33,131] - INFO - core - Directory already exists for y_test: 'artifacts/2025_05_12T15_52_23Z/data_transformation/transformed/test'
[2025-05-12 16:52:33,132] - INFO - core - y_test saved to: 'artifacts/2025_05_12T15_52_23Z/data_transformation/transformed/test/y_test.npy'
[2025-05-12 16:52:33,133] - INFO - core - Directory already exists for y_test: 'data/transformed/test'
[2025-05-12 16:52:33,134] - INFO - core - y_test saved to: 'data/transformed/test/y_test.npy'
[2025-05-12 16:52:33,134] - INFO - data_transformation - ========== Data Transformation Completed ==========
[2025-05-12 16:52:33,135] - INFO - model_trainer - Initializing ModelTrainer with root_dir=artifacts\2025_05_12T15_52_23Z\model_trainer
[2025-05-12 16:52:34,589] - INFO - model_trainer - ========== Starting Model Training ==========
[2025-05-12 16:52:34,602] - INFO - core - X train loaded successfully from: 'artifacts/2025_05_12T15_52_23Z/data_transformation/transformed/train/x_train.npy'
[2025-05-12 16:52:34,610] - INFO - core - Y train loaded successfully from: 'artifacts/2025_05_12T15_52_23Z/data_transformation/transformed/train/y_train.npy'
[2025-05-12 16:52:34,630] - INFO - core - X val loaded successfully from: 'artifacts/2025_05_12T15_52_23Z/data_transformation/transformed/val/x_val.npy'
[2025-05-12 16:52:34,652] - INFO - core - Y val loaded successfully from: 'artifacts/2025_05_12T15_52_23Z/data_transformation/transformed/val/y_val.npy'
[2025-05-12 16:53:54,047] - INFO - core - Created directory for Trained Model: 'artifacts/2025_05_12T15_52_23Z/model_trainer/trained_model'
[2025-05-12 16:53:54,064] - INFO - core - Trained Model saved to: 'artifacts/2025_05_12T15_52_23Z/model_trainer/trained_model/model.joblib'
[2025-05-12 16:53:54,083] - INFO - core - Created directory for Inference Model: 'artifacts/2025_05_12T15_52_23Z/model_trainer/inference_model'
[2025-05-12 16:53:54,103] - INFO - core - Inference Model saved to: 'artifacts/2025_05_12T15_52_23Z/model_trainer/inference_model/inference_model.joblib'
[2025-05-12 16:53:54,106] - INFO - core - Created directory for Training Report: 'artifacts/2025_05_12T15_52_23Z/model_trainer/reports'
[2025-05-12 16:53:54,110] - INFO - core - Training Report saved to: 'artifacts/2025_05_12T15_52_23Z/model_trainer/reports/training_report.yaml'
[2025-05-12 16:53:54,534] - INFO - model_trainer - ========== Model Training Completed ==========
[2025-05-12 16:53:54,539] - INFO - model_evaluation - Initializing ModelEvaluator with root_dir=artifacts\2025_05_12T15_52_23Z\model_evaluation
[2025-05-12 16:53:54,540] - INFO - model_evaluation - ========== Starting Model Evaluation ==========
[2025-05-12 16:53:54,542] - INFO - core - X Train loaded successfully from: 'artifacts/2025_05_12T15_52_23Z/data_transformation/transformed/train/x_train.npy'
[2025-05-12 16:53:54,543] - INFO - core - Y Train loaded successfully from: 'artifacts/2025_05_12T15_52_23Z/data_transformation/transformed/train/y_train.npy'
[2025-05-12 16:53:54,545] - INFO - core - X Val loaded successfully from: 'artifacts/2025_05_12T15_52_23Z/data_transformation/transformed/val/x_val.npy'
[2025-05-12 16:53:54,547] - INFO - core - Y Val loaded successfully from: 'artifacts/2025_05_12T15_52_23Z/data_transformation/transformed/val/y_val.npy'
[2025-05-12 16:53:54,560] - INFO - core - X Test loaded successfully from: 'artifacts/2025_05_12T15_52_23Z/data_transformation/transformed/test/x_test.npy'
[2025-05-12 16:53:54,579] - INFO - core - Y Test loaded successfully from: 'artifacts/2025_05_12T15_52_23Z/data_transformation/transformed/test/y_test.npy'
[2025-05-12 16:53:54,580] - INFO - core - Loading object from: 'artifacts/2025_05_12T15_52_23Z/model_trainer/inference_model/inference_model.joblib'
[2025-05-12 16:53:54,648] - INFO - model_evaluation - Inference Model loaded successfully for evaluation.
[2025-05-12 16:53:54,760] - INFO - core - Directory already exists for Evaluation Report: 'artifacts/2025_05_12T15_52_23Z/model_evaluation'
[2025-05-12 16:53:54,766] - INFO - core - Evaluation Report saved to: 'artifacts/2025_05_12T15_52_23Z/model_evaluation/evaluation_report.yaml'
[2025-05-12 16:53:54,767] - INFO - model_evaluation - ========== Model Evaluation Completed ==========
[2025-05-12 16:53:55,082] - INFO - s3_handler - S3Handler initialized for bucket 'networksecurity-dev-artifacts' in region 'us-east-1'
[2025-05-12 16:53:55,088] - INFO - model_pusher - Starting model push process...
[2025-05-12 16:53:55,089] - INFO - core - Loading object from: 'artifacts/2025_05_12T15_52_23Z/model_trainer/inference_model/inference_model.joblib'
[2025-05-12 16:53:55,114] - INFO - core - Directory already exists for Final Model: 'final_model'
[2025-05-12 16:53:55,135] - INFO - core - Final Model saved to: 'final_model/final_inference_model.joblib'
[2025-05-12 16:53:56,355] - INFO - s3_handler - Uploaded: final_model/final_inference_model.joblib -> s3://networksecurity-dev-artifacts/final_model/final_inference_model.joblib
[2025-05-12 16:53:56,355] - INFO - s3_handler - Starting S3 sync: artifacts -> s3://networksecurity-dev-artifacts/artifacts/artifacts
[2025-05-12 16:53:56,944] - INFO - s3_handler - Uploaded: artifacts/2025_05_12T15_42_41Z/data_ingestion/featurestore/raw_data.csv -> s3://networksecurity-dev-artifacts/artifacts/artifacts/2025_05_12T15_42_41Z/data_ingestion/featurestore/raw_data.csv
[2025-05-12 16:53:57,599] - INFO - s3_handler - Uploaded: artifacts/2025_05_12T15_42_41Z/data_ingestion/ingested/ingested_data.csv -> s3://networksecurity-dev-artifacts/artifacts/artifacts/2025_05_12T15_42_41Z/data_ingestion/ingested/ingested_data.csv
[2025-05-12 16:53:58,129] - INFO - s3_handler - Uploaded: artifacts/2025_05_12T15_42_41Z/data_transformation/preprocessor/x_preprocessor.joblib -> s3://networksecurity-dev-artifacts/artifacts/artifacts/2025_05_12T15_42_41Z/data_transformation/preprocessor/x_preprocessor.joblib
[2025-05-12 16:53:58,404] - INFO - s3_handler - Uploaded: artifacts/2025_05_12T15_42_41Z/data_transformation/preprocessor/y_preprocessor.joblib -> s3://networksecurity-dev-artifacts/artifacts/artifacts/2025_05_12T15_42_41Z/data_transformation/preprocessor/y_preprocessor.joblib
[2025-05-12 16:53:58,774] - INFO - s3_handler - Uploaded: artifacts/2025_05_12T15_42_41Z/data_transformation/transformed/test/x_test.npy -> s3://networksecurity-dev-artifacts/artifacts/artifacts/2025_05_12T15_42_41Z/data_transformation/transformed/test/x_test.npy
[2025-05-12 16:53:59,094] - INFO - s3_handler - Uploaded: artifacts/2025_05_12T15_42_41Z/data_transformation/transformed/test/y_test.npy -> s3://networksecurity-dev-artifacts/artifacts/artifacts/2025_05_12T15_42_41Z/data_transformation/transformed/test/y_test.npy
[2025-05-12 16:53:59,594] - INFO - s3_handler - Uploaded: artifacts/2025_05_12T15_42_41Z/data_transformation/transformed/train/x_train.npy -> s3://networksecurity-dev-artifacts/artifacts/artifacts/2025_05_12T15_42_41Z/data_transformation/transformed/train/x_train.npy
[2025-05-12 16:53:59,938] - INFO - s3_handler - Uploaded: artifacts/2025_05_12T15_42_41Z/data_transformation/transformed/train/y_train.npy -> s3://networksecurity-dev-artifacts/artifacts/artifacts/2025_05_12T15_42_41Z/data_transformation/transformed/train/y_train.npy
[2025-05-12 16:54:00,351] - INFO - s3_handler - Uploaded: artifacts/2025_05_12T15_42_41Z/data_transformation/transformed/val/x_val.npy -> s3://networksecurity-dev-artifacts/artifacts/artifacts/2025_05_12T15_42_41Z/data_transformation/transformed/val/x_val.npy
[2025-05-12 16:54:00,652] - INFO - s3_handler - Uploaded: artifacts/2025_05_12T15_42_41Z/data_transformation/transformed/val/y_val.npy -> s3://networksecurity-dev-artifacts/artifacts/artifacts/2025_05_12T15_42_41Z/data_transformation/transformed/val/y_val.npy
[2025-05-12 16:54:00,950] - INFO - s3_handler - Uploaded: artifacts/2025_05_12T15_42_41Z/data_validation/reports/drift_report.yaml -> s3://networksecurity-dev-artifacts/artifacts/artifacts/2025_05_12T15_42_41Z/data_validation/reports/drift_report.yaml
[2025-05-12 16:54:01,239] - INFO - s3_handler - Uploaded: artifacts/2025_05_12T15_42_41Z/data_validation/reports/duplicates_report.yaml -> s3://networksecurity-dev-artifacts/artifacts/artifacts/2025_05_12T15_42_41Z/data_validation/reports/duplicates_report.yaml
[2025-05-12 16:54:01,525] - INFO - s3_handler - Uploaded: artifacts/2025_05_12T15_42_41Z/data_validation/reports/missing_values_report.json -> s3://networksecurity-dev-artifacts/artifacts/artifacts/2025_05_12T15_42_41Z/data_validation/reports/missing_values_report.json
[2025-05-12 16:54:01,801] - INFO - s3_handler - Uploaded: artifacts/2025_05_12T15_42_41Z/data_validation/reports/validation_report.yaml -> s3://networksecurity-dev-artifacts/artifacts/artifacts/2025_05_12T15_42_41Z/data_validation/reports/validation_report.yaml
[2025-05-12 16:54:02,280] - INFO - s3_handler - Uploaded: artifacts/2025_05_12T15_42_41Z/data_validation/validated/validated_data.csv -> s3://networksecurity-dev-artifacts/artifacts/artifacts/2025_05_12T15_42_41Z/data_validation/validated/validated_data.csv
[2025-05-12 16:54:02,575] - INFO - s3_handler - Uploaded: artifacts/2025_05_12T15_42_41Z/model_evaluation/evaluation_report.yaml -> s3://networksecurity-dev-artifacts/artifacts/artifacts/2025_05_12T15_42_41Z/model_evaluation/evaluation_report.yaml
[2025-05-12 16:54:03,299] - INFO - s3_handler - Uploaded: artifacts/2025_05_12T15_42_41Z/model_trainer/inference_model/inference_model.joblib -> s3://networksecurity-dev-artifacts/artifacts/artifacts/2025_05_12T15_42_41Z/model_trainer/inference_model/inference_model.joblib
[2025-05-12 16:54:03,588] - INFO - s3_handler - Uploaded: artifacts/2025_05_12T15_42_41Z/model_trainer/reports/training_report.yaml -> s3://networksecurity-dev-artifacts/artifacts/artifacts/2025_05_12T15_42_41Z/model_trainer/reports/training_report.yaml
[2025-05-12 16:54:04,093] - INFO - s3_handler - Uploaded: artifacts/2025_05_12T15_42_41Z/model_trainer/trained_model/model.joblib -> s3://networksecurity-dev-artifacts/artifacts/artifacts/2025_05_12T15_42_41Z/model_trainer/trained_model/model.joblib
[2025-05-12 16:54:05,288] - INFO - s3_handler - Uploaded: artifacts/2025_05_12T15_45_02Z/data_ingestion/featurestore/raw_data.csv -> s3://networksecurity-dev-artifacts/artifacts/artifacts/2025_05_12T15_45_02Z/data_ingestion/featurestore/raw_data.csv
[2025-05-12 16:54:06,160] - INFO - s3_handler - Uploaded: artifacts/2025_05_12T15_45_02Z/data_ingestion/ingested/ingested_data.csv -> s3://networksecurity-dev-artifacts/artifacts/artifacts/2025_05_12T15_45_02Z/data_ingestion/ingested/ingested_data.csv
[2025-05-12 16:54:06,859] - INFO - s3_handler - Uploaded: artifacts/2025_05_12T15_45_02Z/data_transformation/preprocessor/x_preprocessor.joblib -> s3://networksecurity-dev-artifacts/artifacts/artifacts/2025_05_12T15_45_02Z/data_transformation/preprocessor/x_preprocessor.joblib
[2025-05-12 16:54:07,148] - INFO - s3_handler - Uploaded: artifacts/2025_05_12T15_45_02Z/data_transformation/preprocessor/y_preprocessor.joblib -> s3://networksecurity-dev-artifacts/artifacts/artifacts/2025_05_12T15_45_02Z/data_transformation/preprocessor/y_preprocessor.joblib
[2025-05-12 16:54:07,634] - INFO - s3_handler - Uploaded: artifacts/2025_05_12T15_45_02Z/data_transformation/transformed/test/x_test.npy -> s3://networksecurity-dev-artifacts/artifacts/artifacts/2025_05_12T15_45_02Z/data_transformation/transformed/test/x_test.npy
[2025-05-12 16:54:07,911] - INFO - s3_handler - Uploaded: artifacts/2025_05_12T15_45_02Z/data_transformation/transformed/test/y_test.npy -> s3://networksecurity-dev-artifacts/artifacts/artifacts/2025_05_12T15_45_02Z/data_transformation/transformed/test/y_test.npy
[2025-05-12 16:54:08,574] - INFO - s3_handler - Uploaded: artifacts/2025_05_12T15_45_02Z/data_transformation/transformed/train/x_train.npy -> s3://networksecurity-dev-artifacts/artifacts/artifacts/2025_05_12T15_45_02Z/data_transformation/transformed/train/x_train.npy
[2025-05-12 16:54:08,936] - INFO - s3_handler - Uploaded: artifacts/2025_05_12T15_45_02Z/data_transformation/transformed/train/y_train.npy -> s3://networksecurity-dev-artifacts/artifacts/artifacts/2025_05_12T15_45_02Z/data_transformation/transformed/train/y_train.npy
[2025-05-12 16:54:09,518] - INFO - s3_handler - Uploaded: artifacts/2025_05_12T15_45_02Z/data_transformation/transformed/val/x_val.npy -> s3://networksecurity-dev-artifacts/artifacts/artifacts/2025_05_12T15_45_02Z/data_transformation/transformed/val/x_val.npy
[2025-05-12 16:54:09,839] - INFO - s3_handler - Uploaded: artifacts/2025_05_12T15_45_02Z/data_transformation/transformed/val/y_val.npy -> s3://networksecurity-dev-artifacts/artifacts/artifacts/2025_05_12T15_45_02Z/data_transformation/transformed/val/y_val.npy
[2025-05-12 16:54:10,154] - INFO - s3_handler - Uploaded: artifacts/2025_05_12T15_45_02Z/data_validation/reports/drift_report.yaml -> s3://networksecurity-dev-artifacts/artifacts/artifacts/2025_05_12T15_45_02Z/data_validation/reports/drift_report.yaml
[2025-05-12 16:54:10,428] - INFO - s3_handler - Uploaded: artifacts/2025_05_12T15_45_02Z/data_validation/reports/duplicates_report.yaml -> s3://networksecurity-dev-artifacts/artifacts/artifacts/2025_05_12T15_45_02Z/data_validation/reports/duplicates_report.yaml
[2025-05-12 16:54:10,744] - INFO - s3_handler - Uploaded: artifacts/2025_05_12T15_45_02Z/data_validation/reports/missing_values_report.json -> s3://networksecurity-dev-artifacts/artifacts/artifacts/2025_05_12T15_45_02Z/data_validation/reports/missing_values_report.json
[2025-05-12 16:54:11,043] - INFO - s3_handler - Uploaded: artifacts/2025_05_12T15_45_02Z/data_validation/reports/validation_report.yaml -> s3://networksecurity-dev-artifacts/artifacts/artifacts/2025_05_12T15_45_02Z/data_validation/reports/validation_report.yaml
[2025-05-12 16:54:11,664] - INFO - s3_handler - Uploaded: artifacts/2025_05_12T15_45_02Z/data_validation/validated/validated_data.csv -> s3://networksecurity-dev-artifacts/artifacts/artifacts/2025_05_12T15_45_02Z/data_validation/validated/validated_data.csv
[2025-05-12 16:54:11,936] - INFO - s3_handler - Uploaded: artifacts/2025_05_12T15_45_02Z/model_evaluation/evaluation_report.yaml -> s3://networksecurity-dev-artifacts/artifacts/artifacts/2025_05_12T15_45_02Z/model_evaluation/evaluation_report.yaml
[2025-05-12 16:54:12,904] - INFO - s3_handler - Uploaded: artifacts/2025_05_12T15_45_02Z/model_trainer/inference_model/inference_model.joblib -> s3://networksecurity-dev-artifacts/artifacts/artifacts/2025_05_12T15_45_02Z/model_trainer/inference_model/inference_model.joblib
[2025-05-12 16:54:13,192] - INFO - s3_handler - Uploaded: artifacts/2025_05_12T15_45_02Z/model_trainer/reports/training_report.yaml -> s3://networksecurity-dev-artifacts/artifacts/artifacts/2025_05_12T15_45_02Z/model_trainer/reports/training_report.yaml
[2025-05-12 16:54:13,674] - INFO - s3_handler - Uploaded: artifacts/2025_05_12T15_45_02Z/model_trainer/trained_model/model.joblib -> s3://networksecurity-dev-artifacts/artifacts/artifacts/2025_05_12T15_45_02Z/model_trainer/trained_model/model.joblib
[2025-05-12 16:54:15,030] - INFO - s3_handler - Uploaded: artifacts/2025_05_12T15_47_32Z/data_ingestion/featurestore/raw_data.csv -> s3://networksecurity-dev-artifacts/artifacts/artifacts/2025_05_12T15_47_32Z/data_ingestion/featurestore/raw_data.csv
[2025-05-12 16:54:16,292] - INFO - s3_handler - Uploaded: artifacts/2025_05_12T15_47_32Z/data_ingestion/ingested/ingested_data.csv -> s3://networksecurity-dev-artifacts/artifacts/artifacts/2025_05_12T15_47_32Z/data_ingestion/ingested/ingested_data.csv
[2025-05-12 16:54:17,153] - INFO - s3_handler - Uploaded: artifacts/2025_05_12T15_47_32Z/data_transformation/preprocessor/x_preprocessor.joblib -> s3://networksecurity-dev-artifacts/artifacts/artifacts/2025_05_12T15_47_32Z/data_transformation/preprocessor/x_preprocessor.joblib
[2025-05-12 16:54:17,446] - INFO - s3_handler - Uploaded: artifacts/2025_05_12T15_47_32Z/data_transformation/preprocessor/y_preprocessor.joblib -> s3://networksecurity-dev-artifacts/artifacts/artifacts/2025_05_12T15_47_32Z/data_transformation/preprocessor/y_preprocessor.joblib
[2025-05-12 16:54:18,013] - INFO - s3_handler - Uploaded: artifacts/2025_05_12T15_47_32Z/data_transformation/transformed/test/x_test.npy -> s3://networksecurity-dev-artifacts/artifacts/artifacts/2025_05_12T15_47_32Z/data_transformation/transformed/test/x_test.npy
[2025-05-12 16:54:18,392] - INFO - s3_handler - Uploaded: artifacts/2025_05_12T15_47_32Z/data_transformation/transformed/test/y_test.npy -> s3://networksecurity-dev-artifacts/artifacts/artifacts/2025_05_12T15_47_32Z/data_transformation/transformed/test/y_test.npy
[2025-05-12 16:54:19,568] - INFO - s3_handler - Uploaded: artifacts/2025_05_12T15_47_32Z/data_transformation/transformed/train/x_train.npy -> s3://networksecurity-dev-artifacts/artifacts/artifacts/2025_05_12T15_47_32Z/data_transformation/transformed/train/x_train.npy
[2025-05-12 16:54:20,303] - INFO - s3_handler - Uploaded: artifacts/2025_05_12T15_47_32Z/data_transformation/transformed/train/y_train.npy -> s3://networksecurity-dev-artifacts/artifacts/artifacts/2025_05_12T15_47_32Z/data_transformation/transformed/train/y_train.npy
[2025-05-12 16:54:20,880] - INFO - s3_handler - Uploaded: artifacts/2025_05_12T15_47_32Z/data_transformation/transformed/val/x_val.npy -> s3://networksecurity-dev-artifacts/artifacts/artifacts/2025_05_12T15_47_32Z/data_transformation/transformed/val/x_val.npy
[2025-05-12 16:54:21,174] - INFO - s3_handler - Uploaded: artifacts/2025_05_12T15_47_32Z/data_transformation/transformed/val/y_val.npy -> s3://networksecurity-dev-artifacts/artifacts/artifacts/2025_05_12T15_47_32Z/data_transformation/transformed/val/y_val.npy
[2025-05-12 16:54:21,466] - INFO - s3_handler - Uploaded: artifacts/2025_05_12T15_47_32Z/data_validation/reports/drift_report.yaml -> s3://networksecurity-dev-artifacts/artifacts/artifacts/2025_05_12T15_47_32Z/data_validation/reports/drift_report.yaml
[2025-05-12 16:54:21,735] - INFO - s3_handler - Uploaded: artifacts/2025_05_12T15_47_32Z/data_validation/reports/duplicates_report.yaml -> s3://networksecurity-dev-artifacts/artifacts/artifacts/2025_05_12T15_47_32Z/data_validation/reports/duplicates_report.yaml
[2025-05-12 16:54:22,008] - INFO - s3_handler - Uploaded: artifacts/2025_05_12T15_47_32Z/data_validation/reports/missing_values_report.json -> s3://networksecurity-dev-artifacts/artifacts/artifacts/2025_05_12T15_47_32Z/data_validation/reports/missing_values_report.json
[2025-05-12 16:54:22,314] - INFO - s3_handler - Uploaded: artifacts/2025_05_12T15_47_32Z/data_validation/reports/validation_report.yaml -> s3://networksecurity-dev-artifacts/artifacts/artifacts/2025_05_12T15_47_32Z/data_validation/reports/validation_report.yaml
[2025-05-12 16:54:22,979] - INFO - s3_handler - Uploaded: artifacts/2025_05_12T15_47_32Z/data_validation/validated/validated_data.csv -> s3://networksecurity-dev-artifacts/artifacts/artifacts/2025_05_12T15_47_32Z/data_validation/validated/validated_data.csv
[2025-05-12 16:54:23,264] - INFO - s3_handler - Uploaded: artifacts/2025_05_12T15_47_32Z/model_evaluation/evaluation_report.yaml -> s3://networksecurity-dev-artifacts/artifacts/artifacts/2025_05_12T15_47_32Z/model_evaluation/evaluation_report.yaml
[2025-05-12 16:54:24,447] - INFO - s3_handler - Uploaded: artifacts/2025_05_12T15_47_32Z/model_trainer/inference_model/inference_model.joblib -> s3://networksecurity-dev-artifacts/artifacts/artifacts/2025_05_12T15_47_32Z/model_trainer/inference_model/inference_model.joblib
[2025-05-12 16:54:24,748] - INFO - s3_handler - Uploaded: artifacts/2025_05_12T15_47_32Z/model_trainer/reports/training_report.yaml -> s3://networksecurity-dev-artifacts/artifacts/artifacts/2025_05_12T15_47_32Z/model_trainer/reports/training_report.yaml
[2025-05-12 16:54:25,776] - INFO - s3_handler - Uploaded: artifacts/2025_05_12T15_47_32Z/model_trainer/trained_model/model.joblib -> s3://networksecurity-dev-artifacts/artifacts/artifacts/2025_05_12T15_47_32Z/model_trainer/trained_model/model.joblib
[2025-05-12 16:54:27,309] - INFO - s3_handler - Uploaded: artifacts/2025_05_12T15_52_23Z/data_ingestion/featurestore/raw_data.csv -> s3://networksecurity-dev-artifacts/artifacts/artifacts/2025_05_12T15_52_23Z/data_ingestion/featurestore/raw_data.csv
[2025-05-12 16:54:28,404] - INFO - s3_handler - Uploaded: artifacts/2025_05_12T15_52_23Z/data_ingestion/ingested/ingested_data.csv -> s3://networksecurity-dev-artifacts/artifacts/artifacts/2025_05_12T15_52_23Z/data_ingestion/ingested/ingested_data.csv
[2025-05-12 16:54:29,135] - INFO - s3_handler - Uploaded: artifacts/2025_05_12T15_52_23Z/data_transformation/preprocessor/x_preprocessor.joblib -> s3://networksecurity-dev-artifacts/artifacts/artifacts/2025_05_12T15_52_23Z/data_transformation/preprocessor/x_preprocessor.joblib
[2025-05-12 16:54:29,414] - INFO - s3_handler - Uploaded: artifacts/2025_05_12T15_52_23Z/data_transformation/preprocessor/y_preprocessor.joblib -> s3://networksecurity-dev-artifacts/artifacts/artifacts/2025_05_12T15_52_23Z/data_transformation/preprocessor/y_preprocessor.joblib
[2025-05-12 16:54:29,943] - INFO - s3_handler - Uploaded: artifacts/2025_05_12T15_52_23Z/data_transformation/transformed/test/x_test.npy -> s3://networksecurity-dev-artifacts/artifacts/artifacts/2025_05_12T15_52_23Z/data_transformation/transformed/test/x_test.npy
[2025-05-12 16:54:30,238] - INFO - s3_handler - Uploaded: artifacts/2025_05_12T15_52_23Z/data_transformation/transformed/test/y_test.npy -> s3://networksecurity-dev-artifacts/artifacts/artifacts/2025_05_12T15_52_23Z/data_transformation/transformed/test/y_test.npy
[2025-05-12 16:54:31,037] - INFO - s3_handler - Uploaded: artifacts/2025_05_12T15_52_23Z/data_transformation/transformed/train/x_train.npy -> s3://networksecurity-dev-artifacts/artifacts/artifacts/2025_05_12T15_52_23Z/data_transformation/transformed/train/x_train.npy
[2025-05-12 16:54:31,346] - INFO - s3_handler - Uploaded: artifacts/2025_05_12T15_52_23Z/data_transformation/transformed/train/y_train.npy -> s3://networksecurity-dev-artifacts/artifacts/artifacts/2025_05_12T15_52_23Z/data_transformation/transformed/train/y_train.npy
[2025-05-12 16:54:31,789] - INFO - s3_handler - Uploaded: artifacts/2025_05_12T15_52_23Z/data_transformation/transformed/val/x_val.npy -> s3://networksecurity-dev-artifacts/artifacts/artifacts/2025_05_12T15_52_23Z/data_transformation/transformed/val/x_val.npy
[2025-05-12 16:54:32,066] - INFO - s3_handler - Uploaded: artifacts/2025_05_12T15_52_23Z/data_transformation/transformed/val/y_val.npy -> s3://networksecurity-dev-artifacts/artifacts/artifacts/2025_05_12T15_52_23Z/data_transformation/transformed/val/y_val.npy
[2025-05-12 16:54:32,355] - INFO - s3_handler - Uploaded: artifacts/2025_05_12T15_52_23Z/data_validation/reports/drift_report.yaml -> s3://networksecurity-dev-artifacts/artifacts/artifacts/2025_05_12T15_52_23Z/data_validation/reports/drift_report.yaml
[2025-05-12 16:54:32,617] - INFO - s3_handler - Uploaded: artifacts/2025_05_12T15_52_23Z/data_validation/reports/duplicates_report.yaml -> s3://networksecurity-dev-artifacts/artifacts/artifacts/2025_05_12T15_52_23Z/data_validation/reports/duplicates_report.yaml
[2025-05-12 16:54:32,897] - INFO - s3_handler - Uploaded: artifacts/2025_05_12T15_52_23Z/data_validation/reports/missing_values_report.json -> s3://networksecurity-dev-artifacts/artifacts/artifacts/2025_05_12T15_52_23Z/data_validation/reports/missing_values_report.json
[2025-05-12 16:54:33,167] - INFO - s3_handler - Uploaded: artifacts/2025_05_12T15_52_23Z/data_validation/reports/validation_report.yaml -> s3://networksecurity-dev-artifacts/artifacts/artifacts/2025_05_12T15_52_23Z/data_validation/reports/validation_report.yaml
[2025-05-12 16:54:33,677] - INFO - s3_handler - Uploaded: artifacts/2025_05_12T15_52_23Z/data_validation/validated/validated_data.csv -> s3://networksecurity-dev-artifacts/artifacts/artifacts/2025_05_12T15_52_23Z/data_validation/validated/validated_data.csv
[2025-05-12 16:54:33,944] - INFO - s3_handler - Uploaded: artifacts/2025_05_12T15_52_23Z/model_evaluation/evaluation_report.yaml -> s3://networksecurity-dev-artifacts/artifacts/artifacts/2025_05_12T15_52_23Z/model_evaluation/evaluation_report.yaml
[2025-05-12 16:54:34,673] - INFO - s3_handler - Uploaded: artifacts/2025_05_12T15_52_23Z/model_trainer/inference_model/inference_model.joblib -> s3://networksecurity-dev-artifacts/artifacts/artifacts/2025_05_12T15_52_23Z/model_trainer/inference_model/inference_model.joblib
[2025-05-12 16:54:34,946] - INFO - s3_handler - Uploaded: artifacts/2025_05_12T15_52_23Z/model_trainer/reports/training_report.yaml -> s3://networksecurity-dev-artifacts/artifacts/artifacts/2025_05_12T15_52_23Z/model_trainer/reports/training_report.yaml
[2025-05-12 16:54:35,487] - INFO - s3_handler - Uploaded: artifacts/2025_05_12T15_52_23Z/model_trainer/trained_model/model.joblib -> s3://networksecurity-dev-artifacts/artifacts/artifacts/2025_05_12T15_52_23Z/model_trainer/trained_model/model.joblib
[2025-05-12 16:54:35,497] - INFO - s3_handler - Directory synced to S3: artifacts -> s3://networksecurity-dev-artifacts/artifacts/artifacts
[2025-05-12 16:54:35,498] - INFO - s3_handler - Starting S3 sync: logs -> s3://networksecurity-dev-artifacts/artifacts/logs
[2025-05-12 16:54:35,807] - INFO - s3_handler - Uploaded: logs/2025_05_12T15_42_41Z/2025_05_12T15_42_41Z.log -> s3://networksecurity-dev-artifacts/artifacts/logs/2025_05_12T15_42_41Z/2025_05_12T15_42_41Z.log
[2025-05-12 16:54:36,152] - INFO - s3_handler - Uploaded: logs/2025_05_12T15_45_02Z/2025_05_12T15_45_02Z.log -> s3://networksecurity-dev-artifacts/artifacts/logs/2025_05_12T15_45_02Z/2025_05_12T15_45_02Z.log
[2025-05-12 16:54:36,521] - INFO - s3_handler - Uploaded: logs/2025_05_12T15_47_32Z/2025_05_12T15_47_32Z.log -> s3://networksecurity-dev-artifacts/artifacts/logs/2025_05_12T15_47_32Z/2025_05_12T15_47_32Z.log
[2025-05-12 16:54:37,298] - INFO - s3_handler - Uploaded: logs/2025_05_12T15_52_23Z/2025_05_12T15_52_23Z.log -> s3://networksecurity-dev-artifacts/artifacts/logs/2025_05_12T15_52_23Z/2025_05_12T15_52_23Z.log
[2025-05-12 16:54:37,300] - INFO - s3_handler - Directory synced to S3: logs -> s3://networksecurity-dev-artifacts/artifacts/logs
[2025-05-12 16:54:37,300] - INFO - s3_handler - S3Handler close() called. No persistent connection to close.
[2025-05-12 16:54:37,300] - INFO - model_pusher - Model push process completed successfully.
[2025-05-12 16:54:37,300] - INFO - training_pipeline - ========== Training Pipeline Completed Successfully ==========
[2025-05-12 16:54:37,302] - INFO - debug_pipeline - 
 Final ModelPusherArtifact:
[2025-05-12 16:54:37,302] - INFO - debug_pipeline - 
Model Pusher Artifact:
  - Local Model Path: final_model/final_inference_model.joblib
  - S3 Model Path:    s3://networksecurity-dev-artifacts/final_model/final_inference_model.joblib

