[2025-05-01 01:14:29,824] - INFO - debug_pipeline - ========== Launching Data Ingestion Pipeline ==========
[2025-05-01 01:14:29,828] - INFO - core - YAML loaded successfully from: 'config/config.yaml'
[2025-05-01 01:14:29,835] - INFO - core - YAML loaded successfully from: 'config/params.yaml'
[2025-05-01 01:14:29,838] - INFO - core - YAML loaded successfully from: 'config/schema.yaml'
[2025-05-01 01:14:29,841] - INFO - core - YAML loaded successfully from: 'config/templates.yaml'
[2025-05-01 01:14:29,841] - INFO - data_ingestion_pipeline - ========== Data Ingestion Stage Started ==========
[2025-05-01 01:14:29,841] - INFO - data_ingestion - ========== Starting Data Ingestion ==========
[2025-05-01 01:14:30,010] - INFO - mongodb_handler - MongoClient initialized.
[2025-05-01 01:14:33,090] - INFO - mongodb_handler - Exported 22110 documents from network_security_db.phishing_records as DataFrame.
[2025-05-01 01:14:33,152] - INFO - mongodb_handler - MongoClient connection closed.
[2025-05-01 01:14:33,152] - INFO - data_ingestion - Fetched 22110 raw rows from data source.
[2025-05-01 01:14:33,152] - INFO - core - Created directory for Raw Data: 'artifacts/2025_05_01T00_14_27Z/data_ingestion/featurestore'
[2025-05-01 01:14:33,250] - INFO - core - Raw Data saved to: 'artifacts/2025_05_01T00_14_27Z/data_ingestion/featurestore/raw_data.csv'
[2025-05-01 01:14:33,252] - INFO - core - Directory already exists for Raw Data: 'data/raw'
[2025-05-01 01:14:33,342] - INFO - core - Raw Data saved to: 'data/raw/raw_data.csv'
[2025-05-01 01:14:33,344] - INFO - data_ingestion - Raw DataFrame cleaned successfully.
[2025-05-01 01:14:33,344] - INFO - core - Created directory for Cleaned (Ingested) Data: 'artifacts/2025_05_01T00_14_27Z/data_ingestion/ingested'
[2025-05-01 01:14:33,419] - INFO - core - Cleaned (Ingested) Data saved to: 'artifacts/2025_05_01T00_14_27Z/data_ingestion/ingested/ingested_data.csv'
[2025-05-01 01:14:33,419] - INFO - data_ingestion - ========== Data Ingestion Completed ==========
[2025-05-01 01:14:33,423] - INFO - data_ingestion_pipeline - Data Ingestion Process Completed.

Data Ingestion Artifact:
  - Raw Artifact:         'artifacts/2025_05_01T00_14_27Z/data_ingestion/featurestore/raw_data.csv'
  - Raw DVC Path:         'data/raw/raw_data.csv'
  - Ingested Data Path:   'artifacts/2025_05_01T00_14_27Z/data_ingestion/ingested/ingested_data.csv'

[2025-05-01 01:14:33,423] - INFO - data_ingestion_pipeline - ========== Data Ingestion Stage Completed ==========
[2025-05-01 01:14:33,423] - INFO - debug_pipeline - ========== Data Ingestion Pipeline Finished ==========
[2025-05-01 01:14:33,423] - INFO - debug_pipeline - ======================================================
[2025-05-01 01:14:33,423] - INFO - debug_pipeline - ========== Launching Data Validation Pipeline ==========
[2025-05-01 01:14:33,428] - INFO - core - YAML loaded successfully from: 'config/config.yaml'
[2025-05-01 01:14:33,435] - INFO - core - YAML loaded successfully from: 'config/params.yaml'
[2025-05-01 01:14:33,436] - INFO - core - YAML loaded successfully from: 'config/schema.yaml'
[2025-05-01 01:14:33,440] - INFO - core - YAML loaded successfully from: 'config/templates.yaml'
[2025-05-01 01:14:33,440] - INFO - data_validation_pipeline - ========= Data Validation Stage Started =========
[2025-05-01 01:14:33,477] - INFO - core - Ingested Data loaded from: 'artifacts/2025_05_01T00_14_27Z/data_ingestion/ingested/ingested_data.csv'
[2025-05-01 01:14:33,502] - INFO - core - Validated Base Data loaded from: 'data/validated/validated_data.csv'
[2025-05-01 01:14:33,502] - INFO - data_validation - Running data validation...
[2025-05-01 01:14:33,502] - INFO - data_validation - Schema hash check passed.
[2025-05-01 01:14:33,502] - INFO - core - Created directory for Missing Value Report: 'artifacts/2025_05_01T00_14_27Z/data_validation/reports'
[2025-05-01 01:14:33,506] - INFO - core - Missing Value Report saved to: 'artifacts/2025_05_01T00_14_27Z/data_validation/reports/missing_values_report.json'
[2025-05-01 01:14:33,514] - INFO - core - Directory already exists for Duplicates Report: 'artifacts/2025_05_01T00_14_27Z/data_validation/reports'
[2025-05-01 01:14:33,515] - INFO - core - Duplicates Report saved to: 'artifacts/2025_05_01T00_14_27Z/data_validation/reports/duplicates_report.yaml'
[2025-05-01 01:14:33,540] - INFO - core - Directory already exists for Drift Result: 'artifacts/2025_05_01T00_14_27Z/data_validation/reports'
[2025-05-01 01:14:33,544] - INFO - core - Drift Result saved to: 'artifacts/2025_05_01T00_14_27Z/data_validation/reports/drift_report.yaml'
[2025-05-01 01:14:33,544] - INFO - core - Directory already exists for Validation Report: 'artifacts/2025_05_01T00_14_27Z/data_validation/reports'
[2025-05-01 01:14:33,546] - INFO - core - Validation Report saved to: 'artifacts/2025_05_01T00_14_27Z/data_validation/reports/validation_report.yaml'
[2025-05-01 01:14:33,546] - INFO - core - Created directory for Validated Data: 'artifacts/2025_05_01T00_14_27Z/data_validation/validated'
[2025-05-01 01:14:33,565] - INFO - core - Validated Data saved to: 'artifacts/2025_05_01T00_14_27Z/data_validation/validated/validated_data.csv'
[2025-05-01 01:14:33,565] - INFO - core - Directory already exists for Validated Data: 'data/validated'
[2025-05-01 01:14:33,590] - INFO - core - Validated Data saved to: 'data/validated/validated_data.csv'
[2025-05-01 01:14:33,590] - INFO - data_validation_pipeline - Data Validation Process Completed.

Data Validation Artifact:
  - Validated Data Path: 'artifacts/2025_05_01T00_14_27Z/data_validation/validated/validated_data.csv'
  - Validation Status:   'True'

[2025-05-01 01:14:33,590] - INFO - data_validation_pipeline - ========= Data Validation Stage Completed =========
[2025-05-01 01:14:33,591] - INFO - debug_pipeline - ========== Data Validation Pipeline Finished ==========
[2025-05-01 01:14:33,591] - INFO - debug_pipeline - ======================================================
[2025-05-01 01:14:33,591] - INFO - debug_pipeline - ========== Launching Data Transformation Pipeline ==========
[2025-05-01 01:14:33,594] - INFO - core - YAML loaded successfully from: 'config/config.yaml'
[2025-05-01 01:14:33,602] - INFO - core - YAML loaded successfully from: 'config/params.yaml'
[2025-05-01 01:14:33,607] - INFO - core - YAML loaded successfully from: 'config/schema.yaml'
[2025-05-01 01:14:33,610] - INFO - core - YAML loaded successfully from: 'config/templates.yaml'
[2025-05-01 01:14:33,611] - INFO - data_transformation_pipeline - ========== Data Transformation Stage Started ==========
[2025-05-01 01:14:33,636] - INFO - core - Validated Data loaded from: 'artifacts/2025_05_01T00_14_27Z/data_validation/validated/validated_data.csv'
[2025-05-01 01:14:33,636] - INFO - data_transformation - ========== Starting Data Transformation ==========
[2025-05-01 01:14:33,659] - INFO - core - Created directory for X Preprocessor Pipeline: 'artifacts/2025_05_01T00_14_27Z/data_transformation/preprocessor'
[2025-05-01 01:14:33,660] - INFO - core - X Preprocessor Pipeline saved to: 'artifacts/2025_05_01T00_14_27Z/data_transformation/preprocessor/x_preprocessor.joblib'
[2025-05-01 01:14:33,661] - INFO - core - Directory already exists for Y Preprocessor Pipeline: 'artifacts/2025_05_01T00_14_27Z/data_transformation/preprocessor'
[2025-05-01 01:14:33,661] - INFO - core - Y Preprocessor Pipeline saved to: 'artifacts/2025_05_01T00_14_27Z/data_transformation/preprocessor/y_preprocessor.joblib'
[2025-05-01 01:14:33,662] - INFO - core - Created directory for X_train: 'artifacts/2025_05_01T00_14_27Z/data_transformation/transformed/train'
[2025-05-01 01:14:33,662] - INFO - core - X_train saved to: 'artifacts/2025_05_01T00_14_27Z/data_transformation/transformed/train/x_train.npy'
[2025-05-01 01:14:33,665] - INFO - core - Directory already exists for X_train: 'data/transformed/train'
[2025-05-01 01:14:33,665] - INFO - core - X_train saved to: 'data/transformed/train/x_train.npy'
[2025-05-01 01:14:33,666] - INFO - core - Directory already exists for y_train: 'artifacts/2025_05_01T00_14_27Z/data_transformation/transformed/train'
[2025-05-01 01:14:33,666] - INFO - core - y_train saved to: 'artifacts/2025_05_01T00_14_27Z/data_transformation/transformed/train/y_train.npy'
[2025-05-01 01:14:33,667] - INFO - core - Directory already exists for y_train: 'data/transformed/train'
[2025-05-01 01:14:33,667] - INFO - core - y_train saved to: 'data/transformed/train/y_train.npy'
[2025-05-01 01:14:33,667] - INFO - core - Created directory for X_val: 'artifacts/2025_05_01T00_14_27Z/data_transformation/transformed/val'
[2025-05-01 01:14:33,668] - INFO - core - X_val saved to: 'artifacts/2025_05_01T00_14_27Z/data_transformation/transformed/val/x_val.npy'
[2025-05-01 01:14:33,668] - INFO - core - Directory already exists for X_val: 'data/transformed/val'
[2025-05-01 01:14:33,669] - INFO - core - X_val saved to: 'data/transformed/val/x_val.npy'
[2025-05-01 01:14:33,669] - INFO - core - Directory already exists for y_val: 'artifacts/2025_05_01T00_14_27Z/data_transformation/transformed/val'
[2025-05-01 01:14:33,669] - INFO - core - y_val saved to: 'artifacts/2025_05_01T00_14_27Z/data_transformation/transformed/val/y_val.npy'
[2025-05-01 01:14:33,669] - INFO - core - Directory already exists for y_val: 'data/transformed/val'
[2025-05-01 01:14:33,670] - INFO - core - y_val saved to: 'data/transformed/val/y_val.npy'
[2025-05-01 01:14:33,670] - INFO - core - Created directory for X_test: 'artifacts/2025_05_01T00_14_27Z/data_transformation/transformed/test'
[2025-05-01 01:14:33,671] - INFO - core - X_test saved to: 'artifacts/2025_05_01T00_14_27Z/data_transformation/transformed/test/x_test.npy'
[2025-05-01 01:14:33,671] - INFO - core - Directory already exists for X_test: 'data/transformed/test'
[2025-05-01 01:14:33,672] - INFO - core - X_test saved to: 'data/transformed/test/x_test.npy'
[2025-05-01 01:14:33,672] - INFO - core - Directory already exists for y_test: 'artifacts/2025_05_01T00_14_27Z/data_transformation/transformed/test'
[2025-05-01 01:14:33,673] - INFO - core - y_test saved to: 'artifacts/2025_05_01T00_14_27Z/data_transformation/transformed/test/y_test.npy'
[2025-05-01 01:14:33,673] - INFO - core - Directory already exists for y_test: 'data/transformed/test'
[2025-05-01 01:14:33,673] - INFO - core - y_test saved to: 'data/transformed/test/y_test.npy'
[2025-05-01 01:14:33,673] - INFO - data_transformation - ========== Data Transformation Completed ==========
[2025-05-01 01:14:33,673] - INFO - data_transformation_pipeline - Data Transformation Completed Successfully: 
Data Transformation Artifact:
  - X-Train Data Path:    'artifacts/2025_05_01T00_14_27Z/data_transformation/transformed/train/x_train.npy'
  - Y-Train Data Path:    'artifacts/2025_05_01T00_14_27Z/data_transformation/transformed/train/y_train.npy'
  - X-Val Data Path:      'artifacts/2025_05_01T00_14_27Z/data_transformation/transformed/val/x_val.npy'
  - Y-Val Data Path:      'artifacts/2025_05_01T00_14_27Z/data_transformation/transformed/val/y_val.npy'
  - X-Test Data Path:     'artifacts/2025_05_01T00_14_27Z/data_transformation/transformed/test/x_test.npy'
  - Y-Test Data Path:     'artifacts/2025_05_01T00_14_27Z/data_transformation/transformed/test/y_test.npy'
  - X-Processor Path:     'artifacts/2025_05_01T00_14_27Z/data_transformation/preprocessor/x_preprocessor.joblib'
  - Y-Processor Path:     'artifacts/2025_05_01T00_14_27Z/data_transformation/preprocessor/y_preprocessor.joblib'

[2025-05-01 01:14:33,673] - INFO - data_transformation_pipeline - ========== Data Transformation Stage Completed ==========
[2025-05-01 01:14:33,673] - INFO - debug_pipeline - ========== Data Transformation Pipeline Finished ==========
[2025-05-01 01:14:33,673] - INFO - debug_pipeline - ======================================================
[2025-05-01 01:14:33,673] - INFO - debug_pipeline - ========== Launching Model Trainer Pipeline ==========
[2025-05-01 01:14:33,678] - INFO - core - YAML loaded successfully from: 'config/config.yaml'
[2025-05-01 01:14:33,686] - INFO - core - YAML loaded successfully from: 'config/params.yaml'
[2025-05-01 01:14:33,689] - INFO - core - YAML loaded successfully from: 'config/schema.yaml'
[2025-05-01 01:14:33,693] - INFO - core - YAML loaded successfully from: 'config/templates.yaml'
[2025-05-01 01:14:33,693] - INFO - model_trainer_pipeline - ========== Model Training Stage Started ==========
[2025-05-01 01:14:33,693] - INFO - model_trainer - Initializing ModelTrainer with root_dir=artifacts\2025_05_01T00_14_27Z\model_trainer
[2025-05-01 01:14:35,620] - INFO - model_trainer - ========== Starting Model Training ==========
[2025-05-01 01:14:35,635] - INFO - core - X train loaded successfully from: 'artifacts/2025_05_01T00_14_27Z/data_transformation/transformed/train/x_train.npy'
[2025-05-01 01:14:35,647] - INFO - core - Y train loaded successfully from: 'artifacts/2025_05_01T00_14_27Z/data_transformation/transformed/train/y_train.npy'
[2025-05-01 01:14:35,658] - INFO - core - X val loaded successfully from: 'artifacts/2025_05_01T00_14_27Z/data_transformation/transformed/val/x_val.npy'
[2025-05-01 01:14:35,665] - INFO - core - Y val loaded successfully from: 'artifacts/2025_05_01T00_14_27Z/data_transformation/transformed/val/y_val.npy'
[2025-05-01 01:15:12,515] - INFO - core - Created directory for Trained Model: 'artifacts/2025_05_01T00_14_27Z/model_trainer/trained_model'
[2025-05-01 01:15:12,527] - INFO - core - Trained Model saved to: 'artifacts/2025_05_01T00_14_27Z/model_trainer/trained_model/model.joblib'
[2025-05-01 01:15:12,539] - INFO - core - Created directory for Inference Model: 'artifacts/2025_05_01T00_14_27Z/model_trainer/inference_model'
[2025-05-01 01:15:12,546] - INFO - core - Inference Model saved to: 'artifacts/2025_05_01T00_14_27Z/model_trainer/inference_model/inference_model.joblib'
[2025-05-01 01:15:12,547] - INFO - core - Created directory for Training Report: 'artifacts/2025_05_01T00_14_27Z/model_trainer/reports'
[2025-05-01 01:15:12,549] - INFO - core - Training Report saved to: 'artifacts/2025_05_01T00_14_27Z/model_trainer/reports/training_report.yaml'
[2025-05-01 01:15:12,917] - INFO - model_trainer - ========== Model Training Completed ==========
[2025-05-01 01:15:12,918] - INFO - model_trainer_pipeline - Model Training Completed Successfully: 
Model Trainer Artifact:
  - Trained Model Path:   'artifacts/2025_05_01T00_14_27Z/model_trainer/inference_model/inference_model.joblib'
  - Training Report Path: 'artifacts/2025_05_01T00_14_27Z/model_trainer/reports/training_report.yaml'
  - X Train Path: 'artifacts/2025_05_01T00_14_27Z/data_transformation/transformed/train/x_train.npy'
  - Y Train Path: 'artifacts/2025_05_01T00_14_27Z/data_transformation/transformed/train/y_train.npy'
  - X Val Path:   'artifacts/2025_05_01T00_14_27Z/data_transformation/transformed/val/x_val.npy'
  - Y Val Path:   'artifacts/2025_05_01T00_14_27Z/data_transformation/transformed/val/y_val.npy'
  - X Test Path:  'artifacts/2025_05_01T00_14_27Z/data_transformation/transformed/test/x_test.npy'
  - Y Test Path:  'artifacts/2025_05_01T00_14_27Z/data_transformation/transformed/test/y_test.npy'
[2025-05-01 01:15:12,918] - INFO - model_trainer_pipeline - ========== Model Training Stage Completed ==========
[2025-05-01 01:15:12,919] - INFO - debug_pipeline - ========== Model Trainer Pipeline Finished ==========
[2025-05-01 01:15:12,919] - INFO - debug_pipeline - ======================================================
[2025-05-01 01:15:12,919] - INFO - debug_pipeline - ========== Launching Model Evaluation Pipeline ==========
[2025-05-01 01:15:12,919] - INFO - model_evaluation_pipeline - Initializing ModelEvaluationPipeline...
[2025-05-01 01:15:12,923] - INFO - core - YAML loaded successfully from: 'config/config.yaml'
[2025-05-01 01:15:12,929] - INFO - core - YAML loaded successfully from: 'config/params.yaml'
[2025-05-01 01:15:12,933] - INFO - core - YAML loaded successfully from: 'config/schema.yaml'
[2025-05-01 01:15:12,936] - INFO - core - YAML loaded successfully from: 'config/templates.yaml'
[2025-05-01 01:15:12,936] - INFO - model_evaluation_pipeline - ========== Model Evaluation Stage Started ==========
[2025-05-01 01:15:12,936] - INFO - model_evaluation - Initializing ModelEvaluator with root_dir=artifacts\2025_05_01T00_14_27Z\model_evaluation
[2025-05-01 01:15:12,937] - INFO - model_evaluation - ========== Starting Model Evaluation ==========
[2025-05-01 01:15:12,937] - INFO - core - X Train loaded successfully from: 'artifacts/2025_05_01T00_14_27Z/data_transformation/transformed/train/x_train.npy'
[2025-05-01 01:15:12,938] - INFO - core - Y Train loaded successfully from: 'artifacts/2025_05_01T00_14_27Z/data_transformation/transformed/train/y_train.npy'
[2025-05-01 01:15:12,938] - INFO - core - X Val loaded successfully from: 'artifacts/2025_05_01T00_14_27Z/data_transformation/transformed/val/x_val.npy'
[2025-05-01 01:15:12,939] - INFO - core - Y Val loaded successfully from: 'artifacts/2025_05_01T00_14_27Z/data_transformation/transformed/val/y_val.npy'
[2025-05-01 01:15:12,950] - INFO - core - X Test loaded successfully from: 'artifacts/2025_05_01T00_14_27Z/data_transformation/transformed/test/x_test.npy'
[2025-05-01 01:15:12,956] - INFO - core - Y Test loaded successfully from: 'artifacts/2025_05_01T00_14_27Z/data_transformation/transformed/test/y_test.npy'
[2025-05-01 01:15:12,956] - INFO - core - Loading object from: 'artifacts/2025_05_01T00_14_27Z/model_trainer/inference_model/inference_model.joblib'
[2025-05-01 01:15:12,967] - INFO - model_evaluation - Inference Model loaded successfully for evaluation.
[2025-05-01 01:15:13,003] - INFO - core - Directory already exists for Evaluation Report: 'artifacts/2025_05_01T00_14_27Z/model_evaluation'
[2025-05-01 01:15:13,004] - INFO - core - Evaluation Report saved to: 'artifacts/2025_05_01T00_14_27Z/model_evaluation/evaluation_report.yaml'
[2025-05-01 01:15:13,005] - INFO - model_evaluation - ========== Model Evaluation Completed ==========
[2025-05-01 01:15:13,005] - INFO - model_evaluation_pipeline - Model Evaluation Completed Successfully: 
Model Evaluation Artifact:
  - Evaluation Report Path: 'artifacts/2025_05_01T00_14_27Z/model_evaluation/evaluation_report.yaml'

[2025-05-01 01:15:13,005] - INFO - model_evaluation_pipeline - ========== Model Evaluation Stage Completed ==========
[2025-05-01 01:15:13,005] - INFO - debug_pipeline - ========== Model Evaluation Pipeline Finished ==========
[2025-05-01 01:15:13,006] - INFO - debug_pipeline - ======================================================
[2025-05-01 01:15:13,006] - INFO - debug_pipeline - ========== Launching Model Pusher Pipeline ==========
[2025-05-01 01:15:13,006] - INFO - model_pusher_pipeline - Initializing ModelPusherPipeline...
[2025-05-01 01:15:13,010] - INFO - core - YAML loaded successfully from: 'config/config.yaml'
[2025-05-01 01:15:13,017] - INFO - core - YAML loaded successfully from: 'config/params.yaml'
[2025-05-01 01:15:13,020] - INFO - core - YAML loaded successfully from: 'config/schema.yaml'
[2025-05-01 01:15:13,023] - INFO - core - YAML loaded successfully from: 'config/templates.yaml'
[2025-05-01 01:15:13,023] - INFO - model_pusher_pipeline - ========== Model Pusher Stage Started ==========
[2025-05-01 01:15:13,023] - INFO - model_pusher - Starting model push process...
[2025-05-01 01:15:13,023] - INFO - core - Loading object from: 'artifacts/2025_05_01T00_14_27Z/model_trainer/inference_model/inference_model.joblib'
[2025-05-01 01:15:13,029] - INFO - core - Directory already exists for Final Model: 'final_model'
[2025-05-01 01:15:13,036] - INFO - core - Final Model saved to: 'final_model/final_inference_model.joblib'
[2025-05-01 01:15:13,204] - INFO - s3_syncer - S3Syncer initialized for bucket 'networksecurity-dev-artifacts' in region 'us-east-1'
[2025-05-01 01:15:14,388] - INFO - s3_syncer - File uploaded to S3: final_model\final_inference_model.joblib -> s3://networksecurity-dev-artifacts/final_model/final_inference_model.joblib
[2025-05-01 01:15:14,388] - INFO - s3_syncer - Walking through directory: E:\MyProjects\networksecurity\artifacts
[2025-05-01 01:15:14,388] - INFO - s3_syncer - Target S3 prefix: artifacts/artifacts
[2025-05-01 01:15:14,389] - INFO - s3_syncer - Uploading file: artifacts\2025_05_01T00_14_27Z\data_ingestion\featurestore\raw_data.csv -> s3://networksecurity-dev-artifacts/artifacts/artifacts/2025_05_01T00_14_27Z/data_ingestion/featurestore/raw_data.csv
[2025-05-01 01:15:14,960] - INFO - s3_syncer - File uploaded to S3: artifacts\2025_05_01T00_14_27Z\data_ingestion\featurestore\raw_data.csv -> s3://networksecurity-dev-artifacts/artifacts/artifacts/2025_05_01T00_14_27Z/data_ingestion/featurestore/raw_data.csv
[2025-05-01 01:15:14,960] - INFO - s3_syncer - Uploading file: artifacts\2025_05_01T00_14_27Z\data_ingestion\ingested\ingested_data.csv -> s3://networksecurity-dev-artifacts/artifacts/artifacts/2025_05_01T00_14_27Z/data_ingestion/ingested/ingested_data.csv
[2025-05-01 01:15:15,496] - INFO - s3_syncer - File uploaded to S3: artifacts\2025_05_01T00_14_27Z\data_ingestion\ingested\ingested_data.csv -> s3://networksecurity-dev-artifacts/artifacts/artifacts/2025_05_01T00_14_27Z/data_ingestion/ingested/ingested_data.csv
[2025-05-01 01:15:15,497] - INFO - s3_syncer - Uploading file: artifacts\2025_05_01T00_14_27Z\data_transformation\preprocessor\x_preprocessor.joblib -> s3://networksecurity-dev-artifacts/artifacts/artifacts/2025_05_01T00_14_27Z/data_transformation/preprocessor/x_preprocessor.joblib
[2025-05-01 01:15:16,176] - INFO - s3_syncer - File uploaded to S3: artifacts\2025_05_01T00_14_27Z\data_transformation\preprocessor\x_preprocessor.joblib -> s3://networksecurity-dev-artifacts/artifacts/artifacts/2025_05_01T00_14_27Z/data_transformation/preprocessor/x_preprocessor.joblib
[2025-05-01 01:15:16,177] - INFO - s3_syncer - Uploading file: artifacts\2025_05_01T00_14_27Z\data_transformation\preprocessor\y_preprocessor.joblib -> s3://networksecurity-dev-artifacts/artifacts/artifacts/2025_05_01T00_14_27Z/data_transformation/preprocessor/y_preprocessor.joblib
[2025-05-01 01:15:16,479] - INFO - s3_syncer - File uploaded to S3: artifacts\2025_05_01T00_14_27Z\data_transformation\preprocessor\y_preprocessor.joblib -> s3://networksecurity-dev-artifacts/artifacts/artifacts/2025_05_01T00_14_27Z/data_transformation/preprocessor/y_preprocessor.joblib
[2025-05-01 01:15:16,482] - INFO - s3_syncer - Uploading file: artifacts\2025_05_01T00_14_27Z\data_transformation\transformed\test\x_test.npy -> s3://networksecurity-dev-artifacts/artifacts/artifacts/2025_05_01T00_14_27Z/data_transformation/transformed/test/x_test.npy
[2025-05-01 01:15:16,899] - INFO - s3_syncer - File uploaded to S3: artifacts\2025_05_01T00_14_27Z\data_transformation\transformed\test\x_test.npy -> s3://networksecurity-dev-artifacts/artifacts/artifacts/2025_05_01T00_14_27Z/data_transformation/transformed/test/x_test.npy
[2025-05-01 01:15:16,903] - INFO - s3_syncer - Uploading file: artifacts\2025_05_01T00_14_27Z\data_transformation\transformed\test\y_test.npy -> s3://networksecurity-dev-artifacts/artifacts/artifacts/2025_05_01T00_14_27Z/data_transformation/transformed/test/y_test.npy
[2025-05-01 01:15:17,203] - INFO - s3_syncer - File uploaded to S3: artifacts\2025_05_01T00_14_27Z\data_transformation\transformed\test\y_test.npy -> s3://networksecurity-dev-artifacts/artifacts/artifacts/2025_05_01T00_14_27Z/data_transformation/transformed/test/y_test.npy
[2025-05-01 01:15:17,204] - INFO - s3_syncer - Uploading file: artifacts\2025_05_01T00_14_27Z\data_transformation\transformed\train\x_train.npy -> s3://networksecurity-dev-artifacts/artifacts/artifacts/2025_05_01T00_14_27Z/data_transformation/transformed/train/x_train.npy
[2025-05-01 01:15:17,719] - INFO - s3_syncer - File uploaded to S3: artifacts\2025_05_01T00_14_27Z\data_transformation\transformed\train\x_train.npy -> s3://networksecurity-dev-artifacts/artifacts/artifacts/2025_05_01T00_14_27Z/data_transformation/transformed/train/x_train.npy
[2025-05-01 01:15:17,720] - INFO - s3_syncer - Uploading file: artifacts\2025_05_01T00_14_27Z\data_transformation\transformed\train\y_train.npy -> s3://networksecurity-dev-artifacts/artifacts/artifacts/2025_05_01T00_14_27Z/data_transformation/transformed/train/y_train.npy
[2025-05-01 01:15:18,083] - INFO - s3_syncer - File uploaded to S3: artifacts\2025_05_01T00_14_27Z\data_transformation\transformed\train\y_train.npy -> s3://networksecurity-dev-artifacts/artifacts/artifacts/2025_05_01T00_14_27Z/data_transformation/transformed/train/y_train.npy
[2025-05-01 01:15:18,085] - INFO - s3_syncer - Uploading file: artifacts\2025_05_01T00_14_27Z\data_transformation\transformed\val\x_val.npy -> s3://networksecurity-dev-artifacts/artifacts/artifacts/2025_05_01T00_14_27Z/data_transformation/transformed/val/x_val.npy
[2025-05-01 01:15:18,491] - INFO - s3_syncer - File uploaded to S3: artifacts\2025_05_01T00_14_27Z\data_transformation\transformed\val\x_val.npy -> s3://networksecurity-dev-artifacts/artifacts/artifacts/2025_05_01T00_14_27Z/data_transformation/transformed/val/x_val.npy
[2025-05-01 01:15:18,494] - INFO - s3_syncer - Uploading file: artifacts\2025_05_01T00_14_27Z\data_transformation\transformed\val\y_val.npy -> s3://networksecurity-dev-artifacts/artifacts/artifacts/2025_05_01T00_14_27Z/data_transformation/transformed/val/y_val.npy
[2025-05-01 01:15:18,850] - INFO - s3_syncer - File uploaded to S3: artifacts\2025_05_01T00_14_27Z\data_transformation\transformed\val\y_val.npy -> s3://networksecurity-dev-artifacts/artifacts/artifacts/2025_05_01T00_14_27Z/data_transformation/transformed/val/y_val.npy
[2025-05-01 01:15:18,852] - INFO - s3_syncer - Uploading file: artifacts\2025_05_01T00_14_27Z\data_validation\reports\drift_report.yaml -> s3://networksecurity-dev-artifacts/artifacts/artifacts/2025_05_01T00_14_27Z/data_validation/reports/drift_report.yaml
[2025-05-01 01:15:19,422] - INFO - s3_syncer - File uploaded to S3: artifacts\2025_05_01T00_14_27Z\data_validation\reports\drift_report.yaml -> s3://networksecurity-dev-artifacts/artifacts/artifacts/2025_05_01T00_14_27Z/data_validation/reports/drift_report.yaml
[2025-05-01 01:15:19,422] - INFO - s3_syncer - Uploading file: artifacts\2025_05_01T00_14_27Z\data_validation\reports\duplicates_report.yaml -> s3://networksecurity-dev-artifacts/artifacts/artifacts/2025_05_01T00_14_27Z/data_validation/reports/duplicates_report.yaml
[2025-05-01 01:15:19,708] - INFO - s3_syncer - File uploaded to S3: artifacts\2025_05_01T00_14_27Z\data_validation\reports\duplicates_report.yaml -> s3://networksecurity-dev-artifacts/artifacts/artifacts/2025_05_01T00_14_27Z/data_validation/reports/duplicates_report.yaml
[2025-05-01 01:15:19,708] - INFO - s3_syncer - Uploading file: artifacts\2025_05_01T00_14_27Z\data_validation\reports\missing_values_report.json -> s3://networksecurity-dev-artifacts/artifacts/artifacts/2025_05_01T00_14_27Z/data_validation/reports/missing_values_report.json
[2025-05-01 01:15:20,005] - INFO - s3_syncer - File uploaded to S3: artifacts\2025_05_01T00_14_27Z\data_validation\reports\missing_values_report.json -> s3://networksecurity-dev-artifacts/artifacts/artifacts/2025_05_01T00_14_27Z/data_validation/reports/missing_values_report.json
[2025-05-01 01:15:20,009] - INFO - s3_syncer - Uploading file: artifacts\2025_05_01T00_14_27Z\data_validation\reports\validation_report.yaml -> s3://networksecurity-dev-artifacts/artifacts/artifacts/2025_05_01T00_14_27Z/data_validation/reports/validation_report.yaml
[2025-05-01 01:15:20,310] - INFO - s3_syncer - File uploaded to S3: artifacts\2025_05_01T00_14_27Z\data_validation\reports\validation_report.yaml -> s3://networksecurity-dev-artifacts/artifacts/artifacts/2025_05_01T00_14_27Z/data_validation/reports/validation_report.yaml
[2025-05-01 01:15:20,311] - INFO - s3_syncer - Uploading file: artifacts\2025_05_01T00_14_27Z\data_validation\validated\validated_data.csv -> s3://networksecurity-dev-artifacts/artifacts/artifacts/2025_05_01T00_14_27Z/data_validation/validated/validated_data.csv
[2025-05-01 01:15:21,152] - INFO - s3_syncer - File uploaded to S3: artifacts\2025_05_01T00_14_27Z\data_validation\validated\validated_data.csv -> s3://networksecurity-dev-artifacts/artifacts/artifacts/2025_05_01T00_14_27Z/data_validation/validated/validated_data.csv
[2025-05-01 01:15:21,153] - INFO - s3_syncer - Uploading file: artifacts\2025_05_01T00_14_27Z\model_evaluation\evaluation_report.yaml -> s3://networksecurity-dev-artifacts/artifacts/artifacts/2025_05_01T00_14_27Z/model_evaluation/evaluation_report.yaml
[2025-05-01 01:15:21,710] - INFO - s3_syncer - File uploaded to S3: artifacts\2025_05_01T00_14_27Z\model_evaluation\evaluation_report.yaml -> s3://networksecurity-dev-artifacts/artifacts/artifacts/2025_05_01T00_14_27Z/model_evaluation/evaluation_report.yaml
[2025-05-01 01:15:21,714] - INFO - s3_syncer - Uploading file: artifacts\2025_05_01T00_14_27Z\model_trainer\inference_model\inference_model.joblib -> s3://networksecurity-dev-artifacts/artifacts/artifacts/2025_05_01T00_14_27Z/model_trainer/inference_model/inference_model.joblib
[2025-05-01 01:15:22,287] - INFO - s3_syncer - File uploaded to S3: artifacts\2025_05_01T00_14_27Z\model_trainer\inference_model\inference_model.joblib -> s3://networksecurity-dev-artifacts/artifacts/artifacts/2025_05_01T00_14_27Z/model_trainer/inference_model/inference_model.joblib
[2025-05-01 01:15:22,288] - INFO - s3_syncer - Uploading file: artifacts\2025_05_01T00_14_27Z\model_trainer\reports\training_report.yaml -> s3://networksecurity-dev-artifacts/artifacts/artifacts/2025_05_01T00_14_27Z/model_trainer/reports/training_report.yaml
[2025-05-01 01:15:22,586] - INFO - s3_syncer - File uploaded to S3: artifacts\2025_05_01T00_14_27Z\model_trainer\reports\training_report.yaml -> s3://networksecurity-dev-artifacts/artifacts/artifacts/2025_05_01T00_14_27Z/model_trainer/reports/training_report.yaml
[2025-05-01 01:15:22,588] - INFO - s3_syncer - Uploading file: artifacts\2025_05_01T00_14_27Z\model_trainer\trained_model\model.joblib -> s3://networksecurity-dev-artifacts/artifacts/artifacts/2025_05_01T00_14_27Z/model_trainer/trained_model/model.joblib
[2025-05-01 01:15:23,482] - INFO - s3_syncer - File uploaded to S3: artifacts\2025_05_01T00_14_27Z\model_trainer\trained_model\model.joblib -> s3://networksecurity-dev-artifacts/artifacts/artifacts/2025_05_01T00_14_27Z/model_trainer/trained_model/model.joblib
[2025-05-01 01:15:23,485] - INFO - s3_syncer - Directory synced to S3: artifacts -> s3://networksecurity-dev-artifacts/artifacts/artifacts
[2025-05-01 01:15:23,489] - INFO - s3_syncer - Walking through directory: E:\MyProjects\networksecurity\logs
[2025-05-01 01:15:23,490] - INFO - s3_syncer - Target S3 prefix: artifacts/logs
[2025-05-01 01:15:23,494] - INFO - s3_syncer - Uploading file: logs\2025_05_01T00_14_27Z\2025_05_01T00_14_27Z.log -> s3://networksecurity-dev-artifacts/artifacts/logs/2025_05_01T00_14_27Z/2025_05_01T00_14_27Z.log
[2025-05-01 01:15:23,817] - INFO - s3_syncer - File uploaded to S3: logs\2025_05_01T00_14_27Z\2025_05_01T00_14_27Z.log -> s3://networksecurity-dev-artifacts/artifacts/logs/2025_05_01T00_14_27Z/2025_05_01T00_14_27Z.log
[2025-05-01 01:15:23,817] - INFO - s3_syncer - Directory synced to S3: logs -> s3://networksecurity-dev-artifacts/artifacts/logs
[2025-05-01 01:15:23,817] - INFO - model_pusher - Model push process completed successfully.
[2025-05-01 01:15:23,819] - INFO - model_pusher_pipeline - Model Pusher Stage Completed Successfully: 
Model Pusher Artifact:
  - Local Model Path: final_model/final_inference_model.joblib
  - S3 Model Path:    s3://networksecurity-dev-artifacts/final_model/final_inference_model.joblib

[2025-05-01 01:15:23,819] - INFO - model_pusher_pipeline - ========== Model Pusher Stage Completed ==========
[2025-05-01 01:15:23,830] - INFO - debug_pipeline - ========== Model Pusher Pipeline Finished ==========
[2025-05-01 01:15:23,831] - INFO - debug_pipeline - ======================================================
