[2025-04-14 09:42:21,000] - INFO - common - YAML loaded successfully from: 'config/config.yaml'
[2025-04-14 09:42:21,001] - INFO - common - YAML loaded successfully from: 'config/params.yaml'
[2025-04-14 09:42:21,001] - INFO - common - YAML loaded successfully from: 'config/schema.yaml'
[2025-04-14 09:42:21,001] - INFO - common - Created directory at: 'artifacts/20250414_094221'
[2025-04-14 09:42:21,001] - INFO - common - Created directory at: 'artifacts/20250414_094221/mongo_handler'
[2025-04-14 09:42:22,415] - INFO - common - CSV converted and saved to: 'artifacts\20250414_094221\mongo_handler\JSON_data'
[2025-04-14 09:42:22,415] - INFO - mongo_handler - Attempting to connect to MongoDB...
[2025-04-14 09:42:22,491] - INFO - mongo_handler - MongoDB connection established.
[2025-04-14 09:42:22,491] - INFO - mongo_handler - Using database: 'network_security_db'
[2025-04-14 09:42:22,491] - INFO - mongo_handler - Using collection: 'phishing_records'
[2025-04-14 09:42:22,491] - INFO - mongo_handler - Inserting 11055 record(s) into MongoDB...
[2025-04-14 09:42:34,975] - INFO - mongo_handler - 11055 record(s) inserted successfully into MongoDB.
[2025-04-14 09:42:34,980] - INFO - common - Created directory at: 'artifacts/20250414_094221/data_ingestion/featurestore'
[2025-04-14 09:42:34,980] - INFO - common - Created directory at: 'artifacts/20250414_094221/data_ingestion/ingested'
[2025-04-14 09:42:34,981] - INFO - data_ingestion - Connecting to MongoDB...
[2025-04-14 09:42:35,026] - INFO - data_ingestion - Reading data from MongoDB: 'network_security_db/phishing_records'
[2025-04-14 09:42:53,076] - INFO - common - Created directory at: 'artifacts/20250414_094221/data_ingestion/featurestore'
[2025-04-14 09:42:53,855] - INFO - data_ingestion - Loaded 198990 records from MongoDB.
[2025-04-14 09:42:53,855] - INFO - common - Created directory at: 'artifacts/20250414_094221/data_ingestion/ingested'
[2025-04-14 09:42:54,460] - INFO - data_ingestion - Data ingested and saved to dir: 'artifacts/20250414_094221/data_ingestion/ingested/ingested_data.csv'
