[2025-04-14 11:25:36,025] - INFO - common - YAML loaded successfully from: 'config/config.yaml'
[2025-04-14 11:25:36,025] - INFO - common - YAML loaded successfully from: 'config/params.yaml'
[2025-04-14 11:25:36,025] - INFO - common - YAML loaded successfully from: 'config/schema.yaml'
[2025-04-14 11:25:36,025] - INFO - common - Created directory at: 'artifacts/20250414_112536'
[2025-04-14 11:25:36,025] - INFO - common - Created directory at: 'artifacts/20250414_112536/mongo_handler'
[2025-04-14 11:25:36,880] - INFO - common - Created directory for JSON output at: 'artifacts/20250414_112536/mongo_handler/JSON_data'
[2025-04-14 11:25:37,238] - INFO - common - CSV converted and saved to: 'artifacts/20250414_112536/mongo_handler/JSON_data/input_data_json.json'
[2025-04-14 11:25:37,250] - INFO - mongo_handler - Attempting to connect to MongoDB...
[2025-04-14 11:25:37,306] - INFO - mongo_handler - MongoDB connection established.
[2025-04-14 11:25:37,306] - INFO - mongo_handler - Using database: 'network_security_db'
[2025-04-14 11:25:37,306] - INFO - mongo_handler - Using collection: 'phishing_records'
[2025-04-14 11:25:37,306] - INFO - mongo_handler - Inserting 11055 record(s) into MongoDB...
[2025-04-14 11:25:49,417] - INFO - mongo_handler - 11055 record(s) inserted successfully into MongoDB.
[2025-04-14 11:25:49,426] - INFO - common - Created directory at: 'artifacts/20250414_112536/data_ingestion/featurestore'
[2025-04-14 11:25:49,426] - INFO - common - Created directory at: 'artifacts/20250414_112536/data_ingestion/ingested'
[2025-04-14 11:25:49,437] - INFO - data_ingestion - Connecting to MongoDB...
[2025-04-14 11:25:49,540] - INFO - data_ingestion - Reading data from MongoDB: 'network_security_db/phishing_records'
[2025-04-14 11:26:17,074] - INFO - common - Created directory at: 'artifacts/20250414_112536/data_ingestion/featurestore'
[2025-04-14 11:26:18,088] - INFO - data_ingestion - Loaded 265320 records from MongoDB.
[2025-04-14 11:26:18,088] - INFO - common - Created directory at: 'artifacts/20250414_112536/data_ingestion/ingested'
[2025-04-14 11:26:18,937] - INFO - data_ingestion - Data ingested and saved to dir: 'artifacts/20250414_112536/data_ingestion/ingested/ingested_data.csv'
