[2025-04-17 16:01:23,047] - INFO - common - YAML loaded successfully from: 'config/config.yaml'
[2025-04-17 16:01:23,047] - INFO - common - YAML loaded successfully from: 'config/params.yaml'
[2025-04-17 16:01:23,057] - INFO - common - YAML loaded successfully from: 'config/schema.yaml'
[2025-04-17 16:01:23,059] - INFO - common - Created directory at: 'artifacts/2025_04_17T15_01_22Z'
[2025-04-17 16:01:23,061] - INFO - common - Created directory at: 'logs/2025_04_17T15_01_22Z'
[2025-04-17 16:01:23,061] - INFO - common - Created directory at: 'artifacts/2025_04_17T15_01_22Z/mongo_handler/JSON_data'
[2025-04-17 16:01:23,283] - DEBUG - mongo_handler - MongoClient initialized.
[2025-04-17 16:01:23,730] - INFO - common - CSV converted and saved to: 'artifacts/2025_04_17T15_01_22Z/mongo_handler/JSON_data/input_data.json'
[2025-04-17 16:01:34,647] - INFO - mongo_handler - Inserted 11055 records into network_security_db.phishing_records
[2025-04-17 16:01:34,755] - INFO - mongo_handler - MongoClient connection closed.
[2025-04-17 16:01:34,766] - INFO - common - Created directory at: 'artifacts/2025_04_17T15_01_22Z/data_ingestion/featurestore'
[2025-04-17 16:01:34,769] - INFO - common - Created directory at: 'artifacts/2025_04_17T15_01_22Z/data_ingestion/ingested'
[2025-04-17 16:01:34,770] - INFO - data_ingestion - Starting data ingestion from MongoDB.
[2025-04-17 16:01:34,819] - DEBUG - mongo_handler - MongoClient initialized.
[2025-04-17 16:01:38,151] - INFO - mongo_handler - Exported 11055 documents from network_security_db.phishing_records as DataFrame.
[2025-04-17 16:01:38,221] - INFO - mongo_handler - MongoClient connection closed.
[2025-04-17 16:01:38,221] - INFO - data_ingestion - Fetched 11055 raw rows from MongoDB.
[2025-04-17 16:01:38,235] - INFO - common - Created directory at: 'data/raw'
[2025-04-17 16:01:38,349] - INFO - common - Created directory at: 'data/processed'
[2025-04-17 16:01:38,445] - INFO - data_ingestion - Data ingestion completed successfully.
