[2025-04-30 21:53:10,580] - INFO - debug_pipeline - ========== Launching Data Ingestion Pipeline ==========
[2025-04-30 21:53:10,584] - INFO - core - YAML loaded successfully from: 'config/config.yaml'
[2025-04-30 21:53:10,590] - INFO - core - YAML loaded successfully from: 'config/params.yaml'
[2025-04-30 21:53:10,591] - INFO - core - YAML loaded successfully from: 'config/schema.yaml'
[2025-04-30 21:53:10,591] - INFO - core - YAML loaded successfully from: 'config/templates.yaml'
[2025-04-30 21:53:10,591] - INFO - data_ingestion_pipeline - ========== Data Ingestion Stage Started ==========
[2025-04-30 21:53:10,591] - INFO - data_ingestion - ========== Starting Data Ingestion ==========
[2025-04-30 21:53:10,781] - INFO - mongodb_handler - MongoClient initialized.
[2025-04-30 21:53:14,216] - INFO - mongodb_handler - Exported 22110 documents from network_security_db.phishing_records as DataFrame.
[2025-04-30 21:53:14,278] - INFO - mongodb_handler - MongoClient connection closed.
[2025-04-30 21:53:14,278] - INFO - data_ingestion - Fetched 22110 raw rows from data source.
[2025-04-30 21:53:14,281] - INFO - core - Created directory for Raw Data: 'artifacts/2025_04_30T20_53_08Z/data_ingestion/featurestore'
[2025-04-30 21:53:14,361] - INFO - core - Raw Data saved to: 'artifacts/2025_04_30T20_53_08Z/data_ingestion/featurestore/raw_data.csv'
[2025-04-30 21:53:14,361] - INFO - core - Directory already exists for Raw Data: 'data/raw'
[2025-04-30 21:53:14,451] - INFO - core - Raw Data saved to: 'data/raw/raw_data.csv'
[2025-04-30 21:53:14,455] - INFO - data_ingestion - Raw DataFrame cleaned successfully.
[2025-04-30 21:53:14,455] - INFO - core - Created directory for Cleaned (Ingested) Data: 'artifacts/2025_04_30T20_53_08Z/data_ingestion/ingested'
[2025-04-30 21:53:14,526] - INFO - core - Cleaned (Ingested) Data saved to: 'artifacts/2025_04_30T20_53_08Z/data_ingestion/ingested/ingested_data.csv'
[2025-04-30 21:53:14,526] - INFO - data_ingestion - ========== Data Ingestion Completed ==========
[2025-04-30 21:53:14,531] - INFO - data_ingestion_pipeline - Data Ingestion Process Completed.

Data Ingestion Artifact:
  - Raw Artifact:         'artifacts/2025_04_30T20_53_08Z/data_ingestion/featurestore/raw_data.csv'
  - Raw DVC Path:         'data/raw/raw_data.csv'
  - Ingested Data Path:   'artifacts/2025_04_30T20_53_08Z/data_ingestion/ingested/ingested_data.csv'

[2025-04-30 21:53:14,531] - INFO - data_ingestion_pipeline - ========== Data Ingestion Stage Completed ==========
[2025-04-30 21:53:14,531] - INFO - debug_pipeline - ========== Data Ingestion Pipeline Finished ==========
[2025-04-30 21:53:14,531] - INFO - debug_pipeline - ======================================================
[2025-04-30 21:53:14,531] - INFO - debug_pipeline - ========== Launching Data Validation Pipeline ==========
[2025-04-30 21:53:14,537] - INFO - core - YAML loaded successfully from: 'config/config.yaml'
[2025-04-30 21:53:14,543] - INFO - core - YAML loaded successfully from: 'config/params.yaml'
[2025-04-30 21:53:14,546] - INFO - core - YAML loaded successfully from: 'config/schema.yaml'
[2025-04-30 21:53:14,549] - INFO - core - YAML loaded successfully from: 'config/templates.yaml'
[2025-04-30 21:53:14,549] - INFO - data_validation_pipeline - ========= Data Validation Stage Started =========
[2025-04-30 21:53:14,584] - INFO - core - Ingested Data loaded from: 'artifacts/2025_04_30T20_53_08Z/data_ingestion/ingested/ingested_data.csv'
[2025-04-30 21:53:14,609] - INFO - core - Validated Base Data loaded from: 'data/validated/validated_data.csv'
[2025-04-30 21:53:14,609] - INFO - data_validation - Running data validation...
[2025-04-30 21:53:14,609] - INFO - data_validation - Schema hash check passed.
[2025-04-30 21:53:14,611] - INFO - core - Created directory for Missing Value Report: 'artifacts/2025_04_30T20_53_08Z/data_validation/reports'
[2025-04-30 21:53:14,613] - INFO - core - Missing Value Report saved to: 'artifacts/2025_04_30T20_53_08Z/data_validation/reports/missing_values_report.json'
[2025-04-30 21:53:14,621] - INFO - core - Directory already exists for Duplicates Report: 'artifacts/2025_04_30T20_53_08Z/data_validation/reports'
[2025-04-30 21:53:14,621] - INFO - core - Duplicates Report saved to: 'artifacts/2025_04_30T20_53_08Z/data_validation/reports/duplicates_report.yaml'
[2025-04-30 21:53:14,651] - INFO - core - Directory already exists for Drift Result: 'artifacts/2025_04_30T20_53_08Z/data_validation/reports'
[2025-04-30 21:53:14,655] - INFO - core - Drift Result saved to: 'artifacts/2025_04_30T20_53_08Z/data_validation/reports/drift_report.yaml'
[2025-04-30 21:53:14,655] - INFO - core - Directory already exists for Validation Report: 'artifacts/2025_04_30T20_53_08Z/data_validation/reports'
[2025-04-30 21:53:14,658] - INFO - core - Validation Report saved to: 'artifacts/2025_04_30T20_53_08Z/data_validation/reports/validation_report.yaml'
[2025-04-30 21:53:14,659] - INFO - core - Created directory for Validated Data: 'artifacts/2025_04_30T20_53_08Z/data_validation/validated'
[2025-04-30 21:53:14,685] - INFO - core - Validated Data saved to: 'artifacts/2025_04_30T20_53_08Z/data_validation/validated/validated_data.csv'
[2025-04-30 21:53:14,685] - INFO - core - Directory already exists for Validated Data: 'data/validated'
[2025-04-30 21:53:14,711] - INFO - core - Validated Data saved to: 'data/validated/validated_data.csv'
[2025-04-30 21:53:14,711] - INFO - data_validation_pipeline - Data Validation Process Completed.

Data Validation Artifact:
  - Validated Data Path: 'artifacts/2025_04_30T20_53_08Z/data_validation/validated/validated_data.csv'
  - Validation Status:   'True'

[2025-04-30 21:53:14,711] - INFO - data_validation_pipeline - ========= Data Validation Stage Completed =========
[2025-04-30 21:53:14,711] - INFO - debug_pipeline - ========== Data Validation Pipeline Finished ==========
[2025-04-30 21:53:14,712] - INFO - debug_pipeline - ======================================================
[2025-04-30 21:53:14,712] - INFO - debug_pipeline - ========== Launching Data Transformation Pipeline ==========
[2025-04-30 21:53:14,716] - INFO - core - YAML loaded successfully from: 'config/config.yaml'
[2025-04-30 21:53:14,723] - INFO - core - YAML loaded successfully from: 'config/params.yaml'
[2025-04-30 21:53:14,725] - INFO - core - YAML loaded successfully from: 'config/schema.yaml'
[2025-04-30 21:53:14,725] - INFO - core - YAML loaded successfully from: 'config/templates.yaml'
[2025-04-30 21:53:14,725] - INFO - data_transformation_pipeline - ========== Data Transformation Stage Started ==========
[2025-04-30 21:53:14,751] - INFO - core - Validated Data loaded from: 'artifacts/2025_04_30T20_53_08Z/data_validation/validated/validated_data.csv'
[2025-04-30 21:53:14,751] - INFO - data_transformation - ========== Starting Data Transformation ==========
[2025-04-30 21:53:14,773] - INFO - core - Created directory for X Preprocessor Pipeline: 'artifacts/2025_04_30T20_53_08Z/data_transformation/preprocessor'
[2025-04-30 21:53:14,775] - INFO - core - X Preprocessor Pipeline saved to: 'artifacts/2025_04_30T20_53_08Z/data_transformation/preprocessor/x_preprocessor.joblib'
[2025-04-30 21:53:14,775] - INFO - core - Directory already exists for Y Preprocessor Pipeline: 'artifacts/2025_04_30T20_53_08Z/data_transformation/preprocessor'
[2025-04-30 21:53:14,776] - INFO - core - Y Preprocessor Pipeline saved to: 'artifacts/2025_04_30T20_53_08Z/data_transformation/preprocessor/y_preprocessor.joblib'
[2025-04-30 21:53:14,776] - INFO - core - Created directory for X_train: 'artifacts/2025_04_30T20_53_08Z/data_transformation/transformed/train'
[2025-04-30 21:53:14,778] - INFO - core - X_train saved to: 'artifacts/2025_04_30T20_53_08Z/data_transformation/transformed/train/x_train.npy'
[2025-04-30 21:53:14,778] - INFO - core - Directory already exists for X_train: 'data/transformed/train'
[2025-04-30 21:53:14,779] - INFO - core - X_train saved to: 'data/transformed/train/x_train.npy'
[2025-04-30 21:53:14,779] - INFO - core - Directory already exists for y_train: 'artifacts/2025_04_30T20_53_08Z/data_transformation/transformed/train'
[2025-04-30 21:53:14,780] - INFO - core - y_train saved to: 'artifacts/2025_04_30T20_53_08Z/data_transformation/transformed/train/y_train.npy'
[2025-04-30 21:53:14,780] - INFO - core - Directory already exists for y_train: 'data/transformed/train'
[2025-04-30 21:53:14,780] - INFO - core - y_train saved to: 'data/transformed/train/y_train.npy'
[2025-04-30 21:53:14,781] - INFO - core - Created directory for X_val: 'artifacts/2025_04_30T20_53_08Z/data_transformation/transformed/val'
[2025-04-30 21:53:14,781] - INFO - core - X_val saved to: 'artifacts/2025_04_30T20_53_08Z/data_transformation/transformed/val/x_val.npy'
[2025-04-30 21:53:14,781] - INFO - core - Directory already exists for X_val: 'data/transformed/val'
[2025-04-30 21:53:14,781] - INFO - core - X_val saved to: 'data/transformed/val/x_val.npy'
[2025-04-30 21:53:14,783] - INFO - core - Directory already exists for y_val: 'artifacts/2025_04_30T20_53_08Z/data_transformation/transformed/val'
[2025-04-30 21:53:14,783] - INFO - core - y_val saved to: 'artifacts/2025_04_30T20_53_08Z/data_transformation/transformed/val/y_val.npy'
[2025-04-30 21:53:14,783] - INFO - core - Directory already exists for y_val: 'data/transformed/val'
[2025-04-30 21:53:14,784] - INFO - core - y_val saved to: 'data/transformed/val/y_val.npy'
[2025-04-30 21:53:14,784] - INFO - core - Created directory for X_test: 'artifacts/2025_04_30T20_53_08Z/data_transformation/transformed/test'
[2025-04-30 21:53:14,784] - INFO - core - X_test saved to: 'artifacts/2025_04_30T20_53_08Z/data_transformation/transformed/test/x_test.npy'
[2025-04-30 21:53:14,784] - INFO - core - Directory already exists for X_test: 'data/transformed/test'
[2025-04-30 21:53:14,784] - INFO - core - X_test saved to: 'data/transformed/test/x_test.npy'
[2025-04-30 21:53:14,784] - INFO - core - Directory already exists for y_test: 'artifacts/2025_04_30T20_53_08Z/data_transformation/transformed/test'
[2025-04-30 21:53:14,784] - INFO - core - y_test saved to: 'artifacts/2025_04_30T20_53_08Z/data_transformation/transformed/test/y_test.npy'
[2025-04-30 21:53:14,784] - INFO - core - Directory already exists for y_test: 'data/transformed/test'
[2025-04-30 21:53:14,784] - INFO - core - y_test saved to: 'data/transformed/test/y_test.npy'
[2025-04-30 21:53:14,784] - INFO - data_transformation - ========== Data Transformation Completed ==========
[2025-04-30 21:53:14,784] - INFO - data_transformation_pipeline - Data Transformation Completed Successfully: 
Data Transformation Artifact:
  - X-Train Data Path:    'artifacts/2025_04_30T20_53_08Z/data_transformation/transformed/train/x_train.npy'
  - Y-Train Data Path:    'artifacts/2025_04_30T20_53_08Z/data_transformation/transformed/train/y_train.npy'
  - X-Val Data Path:      'artifacts/2025_04_30T20_53_08Z/data_transformation/transformed/val/x_val.npy'
  - Y-Val Data Path:      'artifacts/2025_04_30T20_53_08Z/data_transformation/transformed/val/y_val.npy'
  - X-Test Data Path:     'artifacts/2025_04_30T20_53_08Z/data_transformation/transformed/test/x_test.npy'
  - Y-Test Data Path:     'artifacts/2025_04_30T20_53_08Z/data_transformation/transformed/test/y_test.npy'
  - X-Processor Path:     'artifacts/2025_04_30T20_53_08Z/data_transformation/preprocessor/x_preprocessor.joblib'
  - Y-Processor Path:     'artifacts/2025_04_30T20_53_08Z/data_transformation/preprocessor/y_preprocessor.joblib'

[2025-04-30 21:53:14,784] - INFO - data_transformation_pipeline - ========== Data Transformation Stage Completed ==========
[2025-04-30 21:53:14,788] - INFO - debug_pipeline - ========== Data Transformation Pipeline Finished ==========
[2025-04-30 21:53:14,788] - INFO - debug_pipeline - ======================================================
[2025-04-30 21:53:14,788] - INFO - debug_pipeline - ========== Launching Model Trainer Pipeline ==========
[2025-04-30 21:53:14,792] - INFO - core - YAML loaded successfully from: 'config/config.yaml'
[2025-04-30 21:53:14,797] - INFO - core - YAML loaded successfully from: 'config/params.yaml'
[2025-04-30 21:53:14,801] - INFO - core - YAML loaded successfully from: 'config/schema.yaml'
[2025-04-30 21:53:14,805] - INFO - core - YAML loaded successfully from: 'config/templates.yaml'
[2025-04-30 21:53:14,805] - INFO - model_trainer_pipeline - ========== Model Training Stage Started ==========
[2025-04-30 21:53:14,805] - INFO - model_trainer - Initializing ModelTrainer with root_dir=artifacts\2025_04_30T20_53_08Z\model_trainer
[2025-04-30 21:53:16,242] - INFO - model_trainer - ========== Starting Model Training ==========
[2025-04-30 21:53:16,246] - INFO - core - X train loaded successfully from: 'artifacts/2025_04_30T20_53_08Z/data_transformation/transformed/train/x_train.npy'
[2025-04-30 21:53:16,256] - INFO - core - Y train loaded successfully from: 'artifacts/2025_04_30T20_53_08Z/data_transformation/transformed/train/y_train.npy'
[2025-04-30 21:53:16,267] - INFO - core - X val loaded successfully from: 'artifacts/2025_04_30T20_53_08Z/data_transformation/transformed/val/x_val.npy'
[2025-04-30 21:53:16,272] - INFO - core - Y val loaded successfully from: 'artifacts/2025_04_30T20_53_08Z/data_transformation/transformed/val/y_val.npy'
[2025-04-30 21:53:50,981] - INFO - core - Created directory for Trained Model: 'artifacts/2025_04_30T20_53_08Z/model_trainer/trained_model'
[2025-04-30 21:53:50,987] - INFO - core - Trained Model saved to: 'artifacts/2025_04_30T20_53_08Z/model_trainer/trained_model/model.joblib'
[2025-04-30 21:53:50,997] - INFO - core - Created directory for Inference Model: 'artifacts/2025_04_30T20_53_08Z/model_trainer/inference_model'
[2025-04-30 21:53:51,004] - INFO - core - Inference Model saved to: 'artifacts/2025_04_30T20_53_08Z/model_trainer/inference_model/inference_model.joblib'
[2025-04-30 21:53:51,004] - INFO - core - Created directory for Training Report: 'artifacts/2025_04_30T20_53_08Z/model_trainer/reports'
[2025-04-30 21:53:51,006] - INFO - core - Training Report saved to: 'artifacts/2025_04_30T20_53_08Z/model_trainer/reports/training_report.yaml'
[2025-04-30 21:53:51,387] - INFO - model_trainer - ========== Model Training Completed ==========
[2025-04-30 21:53:51,387] - INFO - model_trainer_pipeline - Model Training Completed Successfully: 
Model Trainer Artifact:
  - Trained Model Path:   'artifacts/2025_04_30T20_53_08Z/model_trainer/inference_model/inference_model.joblib'
  - Training Report Path: 'artifacts/2025_04_30T20_53_08Z/model_trainer/reports/training_report.yaml'
  - X Train Path: 'artifacts/2025_04_30T20_53_08Z/data_transformation/transformed/train/x_train.npy'
  - Y Train Path: 'artifacts/2025_04_30T20_53_08Z/data_transformation/transformed/train/y_train.npy'
  - X Val Path:   'artifacts/2025_04_30T20_53_08Z/data_transformation/transformed/val/x_val.npy'
  - Y Val Path:   'artifacts/2025_04_30T20_53_08Z/data_transformation/transformed/val/y_val.npy'
  - X Test Path:  'artifacts/2025_04_30T20_53_08Z/data_transformation/transformed/test/x_test.npy'
  - Y Test Path:  'artifacts/2025_04_30T20_53_08Z/data_transformation/transformed/test/y_test.npy'
[2025-04-30 21:53:51,387] - INFO - model_trainer_pipeline - ========== Model Training Stage Completed ==========
[2025-04-30 21:53:51,387] - INFO - debug_pipeline - ========== Model Trainer Pipeline Finished ==========
[2025-04-30 21:53:51,387] - INFO - debug_pipeline - ======================================================
[2025-04-30 21:53:51,387] - INFO - debug_pipeline - ========== Launching Model Evaluation Pipeline ==========
[2025-04-30 21:53:51,387] - INFO - model_evaluation_pipeline - Initializing ModelEvaluationPipeline...
[2025-04-30 21:53:51,392] - INFO - core - YAML loaded successfully from: 'config/config.yaml'
[2025-04-30 21:53:51,399] - INFO - core - YAML loaded successfully from: 'config/params.yaml'
[2025-04-30 21:53:51,401] - INFO - core - YAML loaded successfully from: 'config/schema.yaml'
[2025-04-30 21:53:51,405] - INFO - core - YAML loaded successfully from: 'config/templates.yaml'
[2025-04-30 21:53:51,405] - INFO - model_evaluation_pipeline - ========== Model Evaluation Stage Started ==========
[2025-04-30 21:53:51,405] - INFO - model_evaluation - Initializing ModelEvaluator with root_dir=artifacts\2025_04_30T20_53_08Z\model_evaluation
[2025-04-30 21:53:51,406] - INFO - model_evaluation - ========== Starting Model Evaluation ==========
[2025-04-30 21:53:51,406] - INFO - core - X Train loaded successfully from: 'artifacts/2025_04_30T20_53_08Z/data_transformation/transformed/train/x_train.npy'
[2025-04-30 21:53:51,407] - INFO - core - Y Train loaded successfully from: 'artifacts/2025_04_30T20_53_08Z/data_transformation/transformed/train/y_train.npy'
[2025-04-30 21:53:51,407] - INFO - core - X Val loaded successfully from: 'artifacts/2025_04_30T20_53_08Z/data_transformation/transformed/val/x_val.npy'
[2025-04-30 21:53:51,407] - INFO - core - Y Val loaded successfully from: 'artifacts/2025_04_30T20_53_08Z/data_transformation/transformed/val/y_val.npy'
[2025-04-30 21:53:51,419] - INFO - core - X Test loaded successfully from: 'artifacts/2025_04_30T20_53_08Z/data_transformation/transformed/test/x_test.npy'
[2025-04-30 21:53:51,425] - INFO - core - Y Test loaded successfully from: 'artifacts/2025_04_30T20_53_08Z/data_transformation/transformed/test/y_test.npy'
[2025-04-30 21:53:51,425] - INFO - core - Loading object from: 'artifacts/2025_04_30T20_53_08Z/model_trainer/inference_model/inference_model.joblib'
[2025-04-30 21:53:51,434] - INFO - model_evaluation - Inference Model loaded successfully for evaluation.
[2025-04-30 21:53:51,472] - INFO - core - Directory already exists for Evaluation Report: 'artifacts/2025_04_30T20_53_08Z/model_evaluation'
[2025-04-30 21:53:51,473] - INFO - core - Evaluation Report saved to: 'artifacts/2025_04_30T20_53_08Z/model_evaluation/evaluation_report.yaml'
[2025-04-30 21:53:51,473] - INFO - model_evaluation - ========== Model Evaluation Completed ==========
[2025-04-30 21:53:51,473] - INFO - model_evaluation_pipeline - Model Evaluation Completed Successfully: 
Model Evaluation Artifact:
  - Evaluation Report Path: 'artifacts/2025_04_30T20_53_08Z/model_evaluation/evaluation_report.yaml'

[2025-04-30 21:53:51,473] - INFO - model_evaluation_pipeline - ========== Model Evaluation Stage Completed ==========
[2025-04-30 21:53:51,473] - INFO - debug_pipeline - ========== Model Evaluation Pipeline Finished ==========
[2025-04-30 21:53:51,473] - INFO - debug_pipeline - ======================================================
[2025-04-30 21:53:51,473] - INFO - debug_pipeline - ========== Launching Model Pusher Pipeline ==========
[2025-04-30 21:53:51,473] - INFO - model_pusher_pipeline - Initializing ModelPusherPipeline...
[2025-04-30 21:53:51,478] - INFO - core - YAML loaded successfully from: 'config/config.yaml'
[2025-04-30 21:53:51,484] - INFO - core - YAML loaded successfully from: 'config/params.yaml'
[2025-04-30 21:53:51,487] - INFO - core - YAML loaded successfully from: 'config/schema.yaml'
[2025-04-30 21:53:51,490] - INFO - core - YAML loaded successfully from: 'config/templates.yaml'
[2025-04-30 21:53:51,491] - INFO - model_pusher_pipeline - ========== Model Pusher Stage Started ==========
[2025-04-30 21:53:51,491] - INFO - model_pusher - Starting model push process...
[2025-04-30 21:53:51,491] - INFO - core - Directory already exists for Final Model: 'artifacts/2025_04_30T20_53_08Z/final_model'
[2025-04-30 21:53:51,492] - INFO - core - Final Model saved to: 'artifacts/2025_04_30T20_53_08Z/final_model/inference_model.joblib'
[2025-04-30 21:53:51,654] - INFO - s3_syncer - S3Syncer initialized for bucket 'networksecurity-dev-artifacts' in region 'us-east-1'
[2025-04-30 21:53:52,612] - INFO - model_pusher - Model push process completed successfully.
[2025-04-30 21:53:52,612] - INFO - model_pusher_pipeline - Model Pusher Stage Completed Successfully: 
Model Pusher Artifact:
  - Local Model Path: artifacts/2025_04_30T20_53_08Z/final_model/inference_model.joblib
  - S3 Model Path:    s3://networksecurity-dev-artifacts/inference_model.joblib

[2025-04-30 21:53:52,612] - INFO - model_pusher_pipeline - ========== Model Pusher Stage Completed ==========
[2025-04-30 21:53:52,612] - INFO - debug_pipeline - ========== Model Pusher Pipeline Finished: 
Model Pusher Artifact:
  - Local Model Path: artifacts/2025_04_30T20_53_08Z/final_model/inference_model.joblib
  - S3 Model Path:    s3://networksecurity-dev-artifacts/inference_model.joblib
 ==========
[2025-04-30 21:53:52,612] - INFO - debug_pipeline - ======================================================
