[2025-04-14 10:34:11,183] - INFO - common - YAML loaded successfully from: 'config/config.yaml'
[2025-04-14 10:34:11,183] - INFO - common - YAML loaded successfully from: 'config/params.yaml'
[2025-04-14 10:34:11,183] - INFO - common - YAML loaded successfully from: 'config/schema.yaml'
[2025-04-14 10:34:11,183] - INFO - common - Created directory at: 'artifacts/20250414_103411'
[2025-04-14 10:34:11,187] - INFO - common - Created directory at: 'artifacts/20250414_103411/mongo_handler'
[2025-04-14 10:34:12,181] - INFO - common - Created directory for JSON output at: 'artifacts\20250414_103411\mongo_handler\JSON_data'
[2025-04-14 10:34:12,605] - INFO - common - CSV converted and saved to: 'artifacts/20250414_103411/mongo_handler/JSON_data/input_data_json.json'
[2025-04-14 10:34:12,609] - INFO - mongo_handler - Attempting to connect to MongoDB...
[2025-04-14 10:34:12,685] - INFO - mongo_handler - MongoDB connection established.
[2025-04-14 10:34:12,685] - INFO - mongo_handler - Using database: 'network_security_db'
[2025-04-14 10:34:12,685] - INFO - mongo_handler - Using collection: 'phishing_records'
[2025-04-14 10:34:12,685] - INFO - mongo_handler - Inserting 11055 record(s) into MongoDB...
[2025-04-14 10:34:24,266] - INFO - mongo_handler - 11055 record(s) inserted successfully into MongoDB.
[2025-04-14 10:34:24,279] - INFO - common - Created directory at: 'artifacts/20250414_103411/data_ingestion/featurestore'
[2025-04-14 10:34:24,279] - INFO - common - Created directory at: 'artifacts/20250414_103411/data_ingestion/ingested'
[2025-04-14 10:34:24,280] - INFO - data_ingestion - Connecting to MongoDB...
[2025-04-14 10:34:24,334] - INFO - data_ingestion - Reading data from MongoDB: 'network_security_db/phishing_records'
[2025-04-14 10:35:00,212] - INFO - common - Created directory at: 'artifacts/20250414_103411/data_ingestion/featurestore'
[2025-04-14 10:35:01,195] - INFO - data_ingestion - Loaded 221100 records from MongoDB.
[2025-04-14 10:35:01,195] - INFO - common - Created directory at: 'artifacts/20250414_103411/data_ingestion/ingested'
[2025-04-14 10:35:01,953] - INFO - data_ingestion - Data ingested and saved to dir: 'artifacts/20250414_103411/data_ingestion/ingested/ingested_data.csv'
