[2025-04-26 11:42:34,716] - INFO - debug_pipeline - ========== Launching Data Ingestion Pipeline ==========
[2025-04-26 11:42:34,721] - INFO - core - YAML loaded successfully from: 'config/config.yaml'
[2025-04-26 11:42:34,726] - INFO - core - YAML loaded successfully from: 'config/params.yaml'
[2025-04-26 11:42:34,726] - INFO - core - YAML loaded successfully from: 'config/schema.yaml'
[2025-04-26 11:42:34,726] - INFO - core - YAML loaded successfully from: 'config/templates.yaml'
[2025-04-26 11:42:34,726] - INFO - data_ingestion_pipeline - ========== Data Ingestion Stage Started ==========
[2025-04-26 11:42:34,726] - INFO - data_ingestion - ========== Starting Data Ingestion ==========
[2025-04-26 11:42:34,876] - INFO - mongodb_handler - MongoClient initialized.
[2025-04-26 11:42:38,342] - INFO - mongodb_handler - Exported 22110 documents from network_security_db.phishing_records as DataFrame.
[2025-04-26 11:42:38,427] - INFO - mongodb_handler - MongoClient connection closed.
[2025-04-26 11:42:38,427] - INFO - data_ingestion - Fetched 22110 raw rows from data source.
[2025-04-26 11:42:38,436] - INFO - core - Created directory for Raw Data: 'artifacts/2025_04_26T10_42_32Z/data_ingestion/featurestore'
[2025-04-26 11:42:38,524] - INFO - core - Raw Data saved to: 'artifacts/2025_04_26T10_42_32Z/data_ingestion/featurestore/raw_data.csv'
[2025-04-26 11:42:38,524] - INFO - core - Directory already exists for Raw Data: 'data/raw'
[2025-04-26 11:42:38,615] - INFO - core - Raw Data saved to: 'data/raw/raw_data.csv'
[2025-04-26 11:42:38,617] - INFO - data_ingestion - Raw DataFrame cleaned successfully.
[2025-04-26 11:42:38,617] - INFO - core - Created directory for Cleaned (Ingested) Data: 'artifacts/2025_04_26T10_42_32Z/data_ingestion/ingested'
[2025-04-26 11:42:38,691] - INFO - core - Cleaned (Ingested) Data saved to: 'artifacts/2025_04_26T10_42_32Z/data_ingestion/ingested/ingested_data.csv'
[2025-04-26 11:42:38,691] - INFO - data_ingestion - ========== Data Ingestion Completed ==========
[2025-04-26 11:42:38,694] - INFO - data_ingestion_pipeline - Data Ingestion Process Completed.

Data Ingestion Artifact:
  - Raw Artifact:         'artifacts/2025_04_26T10_42_32Z/data_ingestion/featurestore/raw_data.csv'
  - Raw DVC Path:         'data/raw/raw_data.csv'
  - Ingested Data Path:   'artifacts/2025_04_26T10_42_32Z/data_ingestion/ingested/ingested_data.csv'

[2025-04-26 11:42:38,694] - INFO - data_ingestion_pipeline - ========== Data Ingestion Stage Completed ==========
[2025-04-26 11:42:38,694] - INFO - debug_pipeline - ========== Data Ingestion Pipeline Finished ==========
[2025-04-26 11:42:38,694] - INFO - debug_pipeline - ======================================================
[2025-04-26 11:42:38,697] - INFO - debug_pipeline - ========== Launching Data Validation Pipeline ==========
[2025-04-26 11:42:38,700] - INFO - core - YAML loaded successfully from: 'config/config.yaml'
[2025-04-26 11:42:38,708] - INFO - core - YAML loaded successfully from: 'config/params.yaml'
[2025-04-26 11:42:38,711] - INFO - core - YAML loaded successfully from: 'config/schema.yaml'
[2025-04-26 11:42:38,715] - INFO - core - YAML loaded successfully from: 'config/templates.yaml'
[2025-04-26 11:42:38,715] - INFO - data_validation_pipeline - ========= Data Validation Stage Started =========
[2025-04-26 11:42:38,757] - INFO - core - Ingested Data loaded from: 'artifacts/2025_04_26T10_42_32Z/data_ingestion/ingested/ingested_data.csv'
[2025-04-26 11:42:38,786] - INFO - core - Validated Base Data loaded from: 'data/validated/validated_data.csv'
[2025-04-26 11:42:38,786] - INFO - data_validation - Running data validation...
[2025-04-26 11:42:38,786] - INFO - data_validation - Schema hash check passed.
[2025-04-26 11:42:38,790] - INFO - core - Created directory for Missing Value Report: 'artifacts/2025_04_26T10_42_32Z/data_validation/reports'
[2025-04-26 11:42:38,790] - INFO - core - Missing Value Report saved to: 'artifacts/2025_04_26T10_42_32Z/data_validation/reports/missing_values_report.json'
[2025-04-26 11:42:38,800] - INFO - core - Directory already exists for Duplicates Report: 'artifacts/2025_04_26T10_42_32Z/data_validation/reports'
[2025-04-26 11:42:38,800] - INFO - core - Duplicates Report saved to: 'artifacts/2025_04_26T10_42_32Z/data_validation/reports/duplicates_report.yaml'
[2025-04-26 11:42:38,826] - INFO - core - Directory already exists for Drift Result: 'artifacts/2025_04_26T10_42_32Z/data_validation/reports'
[2025-04-26 11:42:38,828] - INFO - core - Drift Result saved to: 'artifacts/2025_04_26T10_42_32Z/data_validation/reports/drift_report.yaml'
[2025-04-26 11:42:38,831] - INFO - core - Directory already exists for Validation Report: 'artifacts/2025_04_26T10_42_32Z/data_validation/reports'
[2025-04-26 11:42:38,832] - INFO - core - Validation Report saved to: 'artifacts/2025_04_26T10_42_32Z/data_validation/reports/validation_report.yaml'
[2025-04-26 11:42:38,832] - INFO - core - Created directory for Validated Data: 'artifacts/2025_04_26T10_42_32Z/data_validation/validated'
[2025-04-26 11:42:38,853] - INFO - core - Validated Data saved to: 'artifacts/2025_04_26T10_42_32Z/data_validation/validated/validated_data.csv'
[2025-04-26 11:42:38,853] - INFO - core - Directory already exists for Validated Data: 'data/validated'
[2025-04-26 11:42:38,873] - INFO - core - Validated Data saved to: 'data/validated/validated_data.csv'
[2025-04-26 11:42:38,874] - INFO - data_validation_pipeline - Data Validation Process Completed.

Data Validation Artifact:
  - Validated Data Path: 'artifacts/2025_04_26T10_42_32Z/data_validation/validated/validated_data.csv'
  - Validation Status:   'True'

[2025-04-26 11:42:38,874] - INFO - data_validation_pipeline - ========= Data Validation Stage Completed =========
[2025-04-26 11:42:38,874] - INFO - debug_pipeline - ========== Data Validation Pipeline Finished ==========
[2025-04-26 11:42:38,874] - INFO - debug_pipeline - ======================================================
[2025-04-26 11:42:38,874] - INFO - debug_pipeline - ========== Launching Data Transformation Pipeline ==========
[2025-04-26 11:42:38,877] - INFO - core - YAML loaded successfully from: 'config/config.yaml'
[2025-04-26 11:42:38,885] - INFO - core - YAML loaded successfully from: 'config/params.yaml'
[2025-04-26 11:42:38,890] - INFO - core - YAML loaded successfully from: 'config/schema.yaml'
[2025-04-26 11:42:38,890] - INFO - core - YAML loaded successfully from: 'config/templates.yaml'
[2025-04-26 11:42:38,890] - INFO - data_transformation_pipeline - ========== Data Transformation Stage Started ==========
[2025-04-26 11:42:38,919] - INFO - core - Validated Data loaded from: 'artifacts/2025_04_26T10_42_32Z/data_validation/validated/validated_data.csv'
[2025-04-26 11:42:38,919] - INFO - data_transformation - ========== Starting Data Transformation ==========
[2025-04-26 11:42:38,941] - INFO - core - Created directory for X Preprocessor Pipeline: 'artifacts/2025_04_26T10_42_32Z/data_transformation/preprocessor'
[2025-04-26 11:42:38,942] - INFO - core - X Preprocessor Pipeline saved to: 'artifacts/2025_04_26T10_42_32Z/data_transformation/preprocessor/x_preprocessor.joblib'
[2025-04-26 11:42:38,942] - INFO - core - Directory already exists for Y Preprocessor Pipeline: 'artifacts/2025_04_26T10_42_32Z/data_transformation/preprocessor'
[2025-04-26 11:42:38,943] - INFO - core - Y Preprocessor Pipeline saved to: 'artifacts/2025_04_26T10_42_32Z/data_transformation/preprocessor/y_preprocessor.joblib'
[2025-04-26 11:42:38,943] - INFO - core - Created directory for X_train: 'artifacts/2025_04_26T10_42_32Z/data_transformation/transformed/train'
[2025-04-26 11:42:38,946] - INFO - core - X_train saved to: 'artifacts/2025_04_26T10_42_32Z/data_transformation/transformed/train/x_train.npy'
[2025-04-26 11:42:38,946] - INFO - core - Directory already exists for X_train: 'data/transformed/train'
[2025-04-26 11:42:38,946] - INFO - core - X_train saved to: 'data/transformed/train/x_train.npy'
[2025-04-26 11:42:38,947] - INFO - core - Directory already exists for y_train: 'artifacts/2025_04_26T10_42_32Z/data_transformation/transformed/train'
[2025-04-26 11:42:38,947] - INFO - core - y_train saved to: 'artifacts/2025_04_26T10_42_32Z/data_transformation/transformed/train/y_train.npy'
[2025-04-26 11:42:38,947] - INFO - core - Directory already exists for y_train: 'data/transformed/train'
[2025-04-26 11:42:38,948] - INFO - core - y_train saved to: 'data/transformed/train/y_train.npy'
[2025-04-26 11:42:38,948] - INFO - core - Created directory for X_val: 'artifacts/2025_04_26T10_42_32Z/data_transformation/transformed/val'
[2025-04-26 11:42:38,949] - INFO - core - X_val saved to: 'artifacts/2025_04_26T10_42_32Z/data_transformation/transformed/val/x_val.npy'
[2025-04-26 11:42:38,949] - INFO - core - Directory already exists for X_val: 'data/transformed/val'
[2025-04-26 11:42:38,949] - INFO - core - X_val saved to: 'data/transformed/val/x_val.npy'
[2025-04-26 11:42:38,950] - INFO - core - Directory already exists for y_val: 'artifacts/2025_04_26T10_42_32Z/data_transformation/transformed/val'
[2025-04-26 11:42:38,950] - INFO - core - y_val saved to: 'artifacts/2025_04_26T10_42_32Z/data_transformation/transformed/val/y_val.npy'
[2025-04-26 11:42:38,950] - INFO - core - Directory already exists for y_val: 'data/transformed/val'
[2025-04-26 11:42:38,951] - INFO - core - y_val saved to: 'data/transformed/val/y_val.npy'
[2025-04-26 11:42:38,951] - INFO - core - Created directory for X_test: 'artifacts/2025_04_26T10_42_32Z/data_transformation/transformed/test'
[2025-04-26 11:42:38,953] - INFO - core - X_test saved to: 'artifacts/2025_04_26T10_42_32Z/data_transformation/transformed/test/x_test.npy'
[2025-04-26 11:42:38,953] - INFO - core - Directory already exists for X_test: 'data/transformed/test'
[2025-04-26 11:42:38,953] - INFO - core - X_test saved to: 'data/transformed/test/x_test.npy'
[2025-04-26 11:42:38,953] - INFO - core - Directory already exists for y_test: 'artifacts/2025_04_26T10_42_32Z/data_transformation/transformed/test'
[2025-04-26 11:42:38,953] - INFO - core - y_test saved to: 'artifacts/2025_04_26T10_42_32Z/data_transformation/transformed/test/y_test.npy'
[2025-04-26 11:42:38,953] - INFO - core - Directory already exists for y_test: 'data/transformed/test'
[2025-04-26 11:42:38,953] - INFO - core - y_test saved to: 'data/transformed/test/y_test.npy'
[2025-04-26 11:42:38,953] - INFO - data_transformation - ========== Data Transformation Completed ==========
[2025-04-26 11:42:38,953] - INFO - data_transformation_pipeline - Data Transformation Completed Successfully: 
Data Transformation Artifact:
  - X-Train Data Path:    'artifacts/2025_04_26T10_42_32Z/data_transformation/transformed/train/x_train.npy'
  - Y-Train Data Path:    'artifacts/2025_04_26T10_42_32Z/data_transformation/transformed/train/y_train.npy'
  - X-Val Data Path:      'artifacts/2025_04_26T10_42_32Z/data_transformation/transformed/val/x_val.npy'
  - Y-Val Data Path:      'artifacts/2025_04_26T10_42_32Z/data_transformation/transformed/val/y_val.npy'
  - X-Test Data Path:     'artifacts/2025_04_26T10_42_32Z/data_transformation/transformed/test/x_test.npy'
  - Y-Test Data Path:     'artifacts/2025_04_26T10_42_32Z/data_transformation/transformed/test/y_test.npy'
  - X-Processor Path:     'artifacts/2025_04_26T10_42_32Z/data_transformation/preprocessor/x_preprocessor.joblib'
  - Y-Processor Path:     'artifacts/2025_04_26T10_42_32Z/data_transformation/preprocessor/y_preprocessor.joblib'

[2025-04-26 11:42:38,953] - INFO - data_transformation_pipeline - ========== Data Transformation Stage Completed ==========
[2025-04-26 11:42:38,953] - INFO - debug_pipeline - ========== Data Transformation Pipeline Finished ==========
[2025-04-26 11:42:38,953] - INFO - debug_pipeline - ======================================================
[2025-04-26 11:42:38,953] - INFO - debug_pipeline - ========== Launching Model Trainer Pipeline ==========
[2025-04-26 11:42:38,960] - INFO - core - YAML loaded successfully from: 'config/config.yaml'
[2025-04-26 11:42:38,966] - INFO - core - YAML loaded successfully from: 'config/params.yaml'
[2025-04-26 11:42:38,969] - INFO - core - YAML loaded successfully from: 'config/schema.yaml'
[2025-04-26 11:42:38,973] - INFO - core - YAML loaded successfully from: 'config/templates.yaml'
[2025-04-26 11:42:38,973] - INFO - model_trainer_pipeline - ========== Model Training Stage Started ==========
[2025-04-26 11:42:38,973] - INFO - model_trainer - Initializing ModelTrainer with root_dir=artifacts\2025_04_26T10_42_32Z\model_trainer
[2025-04-26 11:42:40,166] - INFO - model_trainer - ========== Starting Model Training ==========
[2025-04-26 11:43:11,861] - INFO - core - Created directory for Base Model: 'artifacts/2025_04_26T10_42_32Z/model_trainer/base_model'
[2025-04-26 11:43:11,871] - INFO - core - Base Model saved to: 'artifacts/2025_04_26T10_42_32Z/model_trainer/base_model/base_model.joblib'
[2025-04-26 11:43:11,895] - INFO - core - Created directory for Inference Model: 'artifacts/2025_04_26T10_42_32Z/model_trainer/inference_model'
[2025-04-26 11:43:11,899] - INFO - core - Inference Model saved to: 'artifacts/2025_04_26T10_42_32Z/model_trainer/inference_model/inference_model.joblib'
[2025-04-26 11:43:11,899] - INFO - core - Created directory for Training Report: 'artifacts/2025_04_26T10_42_32Z/model_trainer/reports'
[2025-04-26 11:43:11,903] - INFO - core - Training Report saved to: 'artifacts/2025_04_26T10_42_32Z/model_trainer/reports/training_report.yaml'
[2025-04-26 11:43:12,294] - INFO - model_trainer - ========== Model Training Completed ==========
[2025-04-26 11:43:12,294] - INFO - model_trainer_pipeline - Model Training Completed Successfully: 
Model Trainer Artifact:
  - Trained Model Path:   'artifacts/2025_04_26T10_42_32Z/model_trainer/inference_model/inference_model.joblib'
  - Training Report Path: 'artifacts/2025_04_26T10_42_32Z/model_trainer/reports/training_report.yaml'

[2025-04-26 11:43:12,294] - INFO - model_trainer_pipeline - ========== Model Training Stage Completed ==========
[2025-04-26 11:43:12,294] - INFO - debug_pipeline - ========== Model Trainer Pipeline Finished ==========
[2025-04-26 11:43:12,294] - INFO - debug_pipeline - ======================================================
