[2025-04-17 16:01:47,707] - INFO - common - YAML loaded successfully from: 'config/config.yaml'
[2025-04-17 16:01:47,707] - INFO - common - YAML loaded successfully from: 'config/params.yaml'
[2025-04-17 16:01:47,707] - INFO - common - YAML loaded successfully from: 'config/schema.yaml'
[2025-04-17 16:01:47,707] - INFO - common - Created directory at: 'artifacts/2025_04_17T15_01_47Z'
[2025-04-17 16:01:47,707] - INFO - common - Created directory at: 'logs/2025_04_17T15_01_47Z'
[2025-04-17 16:01:47,707] - INFO - common - Created directory at: 'artifacts/2025_04_17T15_01_47Z/mongo_handler/JSON_data'
[2025-04-17 16:01:47,841] - DEBUG - mongo_handler - MongoClient initialized.
[2025-04-17 16:01:48,238] - INFO - common - CSV converted and saved to: 'artifacts/2025_04_17T15_01_47Z/mongo_handler/JSON_data/input_data.json'
[2025-04-17 16:01:54,427] - INFO - mongo_handler - Inserted 11055 records into network_security_db.phishing_records
[2025-04-17 16:01:56,654] - INFO - mongo_handler - MongoClient connection closed.
[2025-04-17 16:01:56,668] - INFO - common - Created directory at: 'artifacts/2025_04_17T15_01_47Z/data_ingestion/featurestore'
[2025-04-17 16:01:56,669] - INFO - common - Created directory at: 'artifacts/2025_04_17T15_01_47Z/data_ingestion/ingested'
[2025-04-17 16:01:56,670] - INFO - data_ingestion - Starting data ingestion from MongoDB.
[2025-04-17 16:01:56,720] - DEBUG - mongo_handler - MongoClient initialized.
[2025-04-17 16:01:59,692] - INFO - mongo_handler - Exported 22110 documents from network_security_db.phishing_records as DataFrame.
[2025-04-17 16:01:59,779] - INFO - mongo_handler - MongoClient connection closed.
[2025-04-17 16:01:59,779] - INFO - data_ingestion - Fetched 22110 raw rows from MongoDB.
[2025-04-17 16:01:59,781] - INFO - common - Created directory at: 'data/raw'
[2025-04-17 16:01:59,999] - INFO - common - Created directory at: 'data/processed'
[2025-04-17 16:02:00,142] - INFO - data_ingestion - Data ingestion completed successfully.
