[2025-04-03 12:10:04,698] - INFO - project_template - Creating the directory '.github\workflows' for file: '.gitkeep'
[2025-04-03 12:10:04,698] - INFO - project_template - Creating empty file: '.github\workflows\.gitkeep'
[2025-04-03 12:10:04,698] - INFO - project_template - Creating the directory 'src\networksecurity' for file: '__init__.py'
[2025-04-03 12:10:04,698] - INFO - project_template - Creating empty file: 'src\networksecurity\__init__.py'
[2025-04-03 12:10:04,703] - INFO - project_template - Creating the directory 'src\networksecurity\components' for file: '__init__.py'
[2025-04-03 12:10:04,703] - INFO - project_template - Creating empty file: 'src\networksecurity\components\__init__.py'
[2025-04-03 12:10:04,705] - INFO - project_template - Creating the directory 'src\networksecurity\utils' for file: '__init__.py'
[2025-04-03 12:10:04,705] - INFO - project_template - Creating empty file: 'src\networksecurity\utils\__init__.py'
[2025-04-03 12:10:04,706] - INFO - project_template - Creating the directory 'src\networksecurity\utils' for file: 'common.py'
[2025-04-03 12:10:04,706] - INFO - project_template - Creating empty file: 'src\networksecurity\utils\common.py'
[2025-04-03 12:10:04,708] - INFO - project_template - Creating the directory 'src\networksecurity\config' for file: '__init__.py'
[2025-04-03 12:10:04,709] - INFO - project_template - Creating empty file: 'src\networksecurity\config\__init__.py'
[2025-04-03 12:10:04,710] - INFO - project_template - Creating the directory 'src\networksecurity\config' for file: 'configuration.py'
[2025-04-03 12:10:04,710] - INFO - project_template - Creating empty file: 'src\networksecurity\config\configuration.py'
[2025-04-03 12:10:04,711] - INFO - project_template - Creating the directory 'src\networksecurity\pipeline' for file: '__init__.py'
[2025-04-03 12:10:04,712] - INFO - project_template - Creating empty file: 'src\networksecurity\pipeline\__init__.py'
[2025-04-03 12:10:04,713] - INFO - project_template - Creating the directory 'src\networksecurity\entity' for file: '__init__.py'
[2025-04-03 12:10:04,713] - INFO - project_template - Creating empty file: 'src\networksecurity\entity\__init__.py'
[2025-04-03 12:10:04,714] - INFO - project_template - Creating the directory 'src\networksecurity\entity' for file: 'config_entity.py'
[2025-04-03 12:10:04,715] - INFO - project_template - Creating empty file: 'src\networksecurity\entity\config_entity.py'
[2025-04-03 12:10:04,715] - INFO - project_template - Creating the directory 'src\networksecurity\constants' for file: '__init__.py'
[2025-04-03 12:10:04,716] - INFO - project_template - Creating empty file: 'src\networksecurity\constants\__init__.py'
[2025-04-03 12:10:04,717] - INFO - project_template - Creating the directory 'config' for file: 'config.yaml'
[2025-04-03 12:10:04,717] - INFO - project_template - Creating empty file: 'config\config.yaml'
[2025-04-03 12:10:04,718] - INFO - project_template - Creating empty file: 'params.yaml'
[2025-04-03 12:10:04,719] - INFO - project_template - Creating empty file: 'schema.yaml'
[2025-04-03 12:10:04,720] - INFO - project_template - Creating empty file: 'main.py'
[2025-04-03 12:10:04,721] - INFO - project_template - Creating empty file: 'Dockerfile'
[2025-04-03 12:10:04,721] - INFO - project_template - Creating empty file: 'setup.py'
[2025-04-03 12:10:04,723] - INFO - project_template - Creating empty file: 'requirements.txt'
[2025-04-03 12:10:04,723] - INFO - project_template - Creating the directory 'research' for file: 'research.ipynb'
[2025-04-03 12:10:04,723] - INFO - project_template - Creating empty file: 'research\research.ipynb'
[2025-04-03 12:10:04,723] - INFO - project_template - Creating the directory 'templates' for file: 'index.html'
[2025-04-03 12:10:04,725] - INFO - project_template - Creating empty file: 'templates\index.html'
[2025-04-03 12:10:04,725] - INFO - project_template - Creating empty file: 'app.py'
