[2025-04-19 13:56:55,698] - INFO - debug_pipeline - ========== Launching Data Ingestion Pipeline ==========
[2025-04-19 13:56:55,702] - INFO - common - YAML loaded successfully from: 'config/config.yaml'
[2025-04-19 13:56:55,702] - INFO - common - YAML loaded successfully from: 'config/params.yaml'
[2025-04-19 13:56:55,707] - INFO - common - YAML loaded successfully from: 'config/schema.yaml'
[2025-04-19 13:56:55,709] - INFO - common - YAML loaded successfully from: 'config/templates.yaml'
[2025-04-19 13:56:55,709] - INFO - data_ingestion_pipeline - ========== Data Ingestion Stage Started ==========
[2025-04-19 13:56:55,709] - INFO - data_ingestion - ========== Starting Data Ingestion ==========
[2025-04-19 13:56:55,840] - INFO - mongodb_handler - MongoClient initialized.
[2025-04-19 13:56:58,568] - INFO - mongodb_handler - Exported 22110 documents from network_security_db.phishing_records as DataFrame.
[2025-04-19 13:56:58,657] - INFO - mongodb_handler - MongoClient connection closed.
[2025-04-19 13:56:58,657] - INFO - data_ingestion - Fetched 22110 raw rows from data source.
[2025-04-19 13:56:58,771] - INFO - common - Raw Data saved to: 'artifacts/2025_04_19T12_56_55Z/data_ingestion/featurestore/raw_data.csv'
[2025-04-19 13:56:58,856] - INFO - common - Raw Data saved to: 'data/raw/raw_data.csv'
[2025-04-19 13:56:58,858] - INFO - data_ingestion - Raw DataFrame cleaned successfully.
[2025-04-19 13:56:58,931] - INFO - common - Cleaned (Ingested) Data saved to: 'artifacts/2025_04_19T12_56_55Z/data_ingestion/ingested/ingested_data.csv'
[2025-04-19 13:56:58,931] - INFO - data_ingestion - ========== Data Ingestion Completed ==========
[2025-04-19 13:56:58,935] - INFO - data_ingestion_pipeline - Data Ingestion Process Completed.

Data Ingestion Artifact:
  - Raw Artifact:     'artifacts/2025_04_19T12_56_55Z/data_ingestion/featurestore/raw_data.csv'
  - Raw DVC Path:     'data/raw/raw_data.csv'
  - Ingested Data Path:     'artifacts/2025_04_19T12_56_55Z/data_ingestion/ingested/ingested_data.csv'

[2025-04-19 13:56:58,935] - INFO - data_ingestion_pipeline - ========== Data Ingestion Stage Completed ==========
[2025-04-19 13:56:58,935] - INFO - debug_pipeline - ========== Data Ingestion Pipeline Finished ==========
[2025-04-19 13:56:58,935] - INFO - debug_pipeline - XXXXXXXXXXXXXXXXXXXXXXXXXXXXXXXXXXXXXXXXXXXXXXXXXXXXXX
[2025-04-19 13:56:58,936] - INFO - debug_pipeline - XXXXXXXXXXXXXXXXXXXXXXXXXXXXXXXXXXXXXXXXXXXXXXXXXXXXXX
[2025-04-19 13:56:58,936] - INFO - debug_pipeline - ========== Launching Data Validation Pipeline ==========
[2025-04-19 13:56:58,940] - INFO - common - YAML loaded successfully from: 'config/config.yaml'
[2025-04-19 13:56:58,942] - INFO - common - YAML loaded successfully from: 'config/params.yaml'
[2025-04-19 13:56:58,945] - INFO - common - YAML loaded successfully from: 'config/schema.yaml'
[2025-04-19 13:56:58,946] - INFO - common - YAML loaded successfully from: 'config/templates.yaml'
[2025-04-19 13:56:58,946] - INFO - data_validation_pipeline - ========= Data Validation Stage Started =========
[2025-04-19 13:56:58,990] - INFO - common - Ingested Data loaded successfully from: 'artifacts/2025_04_19T12_56_55Z/data_ingestion/ingested/ingested_data.csv'
[2025-04-19 13:56:59,018] - INFO - common - Validated Base Data loaded successfully from: 'data/validated/validated_data.csv'
[2025-04-19 13:56:59,020] - INFO - data_validation - Running data validation...
[2025-04-19 13:56:59,020] - INFO - data_validation - Schema hash check passed.
[2025-04-19 13:56:59,024] - INFO - common - Missing Value Report saved to: 'artifacts/2025_04_19T12_56_55Z/data_validation/reports/missing_values_report.json'
[2025-04-19 13:56:59,033] - INFO - common - Duplicates Report saved to: 'artifacts/2025_04_19T12_56_55Z/data_validation/reports/duplicates_report.yaml'
[2025-04-19 13:56:59,061] - INFO - common - Drift Result saved to: 'artifacts/2025_04_19T12_56_55Z/data_validation/reports/drift_report.yaml'
[2025-04-19 13:56:59,062] - INFO - common - Validation Report saved to: 'artifacts/2025_04_19T12_56_55Z/data_validation/reports/validation_report.yaml'
[2025-04-19 13:56:59,083] - INFO - common - Validated Data saved to: 'artifacts/2025_04_19T12_56_55Z/data_validation/validated/validated_data.csv'
[2025-04-19 13:56:59,103] - INFO - common - Validated Data saved to: 'data/validated/validated_data.csv'
[2025-04-19 13:56:59,103] - INFO - data_validation_pipeline - Data Validation Process Completed.

Data Validation Artifact:
  - Validated Data Path: 'artifacts/2025_04_19T12_56_55Z/data_validation/validated/validated_data.csv'
  - Validation Status:   'True'

[2025-04-19 13:56:59,103] - INFO - data_validation_pipeline - ========= Data Validation Stage Completed =========
[2025-04-19 13:56:59,103] - INFO - debug_pipeline - ========== Data Validation Pipeline Finished ==========
[2025-04-19 13:56:59,103] - INFO - debug_pipeline - XXXXXXXXXXXXXXXXXXXXXXXXXXXXXXXXXXXXXXXXXXXXXXXXXXXXXX
[2025-04-19 13:56:59,103] - INFO - debug_pipeline - XXXXXXXXXXXXXXXXXXXXXXXXXXXXXXXXXXXXXXXXXXXXXXXXXXXXXX
