[2025-04-17 20:37:42,345] - INFO - common - YAML loaded successfully from: 'config/config.yaml'
[2025-04-17 20:37:42,347] - INFO - common - YAML loaded successfully from: 'config/params.yaml'
[2025-04-17 20:37:42,347] - INFO - common - YAML loaded successfully from: 'config/schema.yaml'
[2025-04-17 20:37:42,347] - INFO - common - Created directory at: 'artifacts/2025_04_17T19_37_41Z'
[2025-04-17 20:37:42,347] - INFO - common - Created directory at: 'logs/2025_04_17T19_37_41Z'
[2025-04-17 20:37:42,347] - INFO - common - Created directory at: 'artifacts/2025_04_17T19_37_41Z/mongo_handler/JSON_data'
[2025-04-17 20:37:42,543] - DEBUG - mongo_handler - MongoClient initialized.
[2025-04-17 20:37:42,964] - INFO - common - CSV converted and saved to: 'artifacts/2025_04_17T19_37_41Z/mongo_handler/JSON_data/input_data.json'
[2025-04-17 20:37:54,094] - INFO - mongo_handler - Inserted 11055 records into network_security_db.phishing_records
[2025-04-17 20:37:54,154] - INFO - mongo_handler - MongoClient connection closed.
[2025-04-17 20:37:54,154] - INFO - common - Created directory at: 'artifacts/2025_04_17T19_37_41Z/data_ingestion/featurestore'
[2025-04-17 20:37:54,154] - INFO - common - Created directory at: 'artifacts/2025_04_17T19_37_41Z/data_ingestion/ingested'
[2025-04-17 20:37:54,154] - INFO - data_ingestion - Starting data ingestion from MongoDB.
[2025-04-17 20:37:54,217] - DEBUG - mongo_handler - MongoClient initialized.
[2025-04-17 20:38:00,997] - INFO - mongo_handler - Exported 33165 documents from network_security_db.phishing_records as DataFrame.
[2025-04-17 20:38:01,060] - INFO - mongo_handler - MongoClient connection closed.
[2025-04-17 20:38:01,060] - INFO - data_ingestion - Fetched 33165 raw rows from MongoDB.
[2025-04-17 20:38:01,060] - INFO - common - Created directory at: 'data/raw'
[2025-04-17 20:38:01,364] - INFO - common - Created directory at: 'data/processed'
[2025-04-17 20:38:01,611] - INFO - data_ingestion - Data ingestion completed successfully.
