[2025-04-18 20:19:25,747] - INFO - debug_pipeline - ========== Starting Full Debug Pipeline ==========
[2025-04-18 20:19:25,747] - INFO - debug_pipeline - ========== Launching Data Ingestion Pipeline ==========
[2025-04-18 20:19:25,751] - INFO - common - YAML loaded successfully from: 'config/config.yaml'
[2025-04-18 20:19:25,751] - INFO - common - YAML loaded successfully from: 'config/params.yaml'
[2025-04-18 20:19:25,756] - INFO - common - YAML loaded successfully from: 'config/schema.yaml'
[2025-04-18 20:19:25,757] - INFO - common - Created directory at: 'artifacts/2025_04_18T19_19_25Z'
[2025-04-18 20:19:25,757] - INFO - common - Created directory at: 'logs/2025_04_18T19_19_25Z'
[2025-04-18 20:19:25,758] - INFO - common - Created directory at: 'artifacts/2025_04_18T19_19_25Z/data_ingestion/featurestore'
[2025-04-18 20:19:25,758] - INFO - common - Created directory at: 'artifacts/2025_04_18T19_19_25Z/data_ingestion/ingested'
[2025-04-18 20:19:25,758] - INFO - common - Created directory at: 'artifacts/2025_04_18T19_19_25Z/mongo_handler/JSON_data'
[2025-04-18 20:19:25,759] - INFO - data_ingestion_pipeline - ========== Data Ingestion Stage Started ==========
[2025-04-18 20:19:25,759] - INFO - data_ingestion - Starting data ingestion pipeline...
[2025-04-18 20:19:42,970] - INFO - mongodb_handler - Exported 44220 documents from network_security_db.phishing_records as DataFrame.
[2025-04-18 20:19:43,045] - INFO - mongodb_handler - MongoClient connection closed.
[2025-04-18 20:19:43,045] - INFO - data_ingestion - Fetched 44220 raw rows from data source.
[2025-04-18 20:19:43,045] - INFO - common - Created directory at: 'artifacts/2025_04_18T19_19_25Z/data_ingestion/featurestore'
[2025-04-18 20:19:43,228] - INFO - common - Raw data saved to: artifacts\2025_04_18T19_19_25Z\data_ingestion\featurestore\raw_data.csv
[2025-04-18 20:19:43,232] - INFO - common - Created directory at: 'data/raw'
[2025-04-18 20:19:43,413] - INFO - common - Raw data saved to: data\raw\raw_data.csv
[2025-04-18 20:19:43,420] - INFO - data_ingestion - Raw DataFrame cleaned successfully.
[2025-04-18 20:19:43,420] - INFO - common - Created directory at: 'artifacts/2025_04_18T19_19_25Z/data_ingestion/ingested'
[2025-04-18 20:19:43,574] - INFO - common - Cleaned data saved to: artifacts\2025_04_18T19_19_25Z\data_ingestion\ingested\ingested_data.csv
[2025-04-18 20:19:43,574] - INFO - data_ingestion - Data ingestion completed successfully.
[2025-04-18 20:19:43,579] - INFO - data_ingestion_pipeline - Data Ingestion Completed Successfully: 
Data Ingestion Artifact Paths:
  - Raw Artifact:     artifacts\2025_04_18T19_19_25Z\data_ingestion\featurestore\raw_data.csv
  - Raw DVC Path:     data\raw\raw_data.csv
  - Ingested Data Path:     artifacts\2025_04_18T19_19_25Z\data_ingestion\ingested\ingested_data.csv

[2025-04-18 20:19:43,579] - INFO - data_ingestion_pipeline - ========== Data Ingestion Stage Completed ==========
[2025-04-18 20:19:43,582] - INFO - debug_pipeline - ========== Data Ingestion Pipeline Finished ==========
[2025-04-18 20:19:43,582] - INFO - debug_pipeline - ========== Launching Data Validation Pipeline ==========
[2025-04-18 20:19:43,585] - INFO - common - YAML loaded successfully from: 'config/config.yaml'
[2025-04-18 20:19:43,587] - INFO - common - YAML loaded successfully from: 'config/params.yaml'
[2025-04-18 20:19:43,589] - INFO - common - YAML loaded successfully from: 'config/schema.yaml'
[2025-04-18 20:19:43,589] - INFO - common - Created directory at: 'artifacts/2025_04_18T19_19_25Z'
[2025-04-18 20:19:43,591] - INFO - common - Created directory at: 'logs/2025_04_18T19_19_25Z'
[2025-04-18 20:19:43,591] - INFO - common - Created directory at: 'artifacts/2025_04_18T19_19_25Z/data_validation/validated'
[2025-04-18 20:19:43,591] - INFO - common - Created directory at: 'artifacts/2025_04_18T19_19_25Z/data_validation/reports'
[2025-04-18 20:19:43,591] - INFO - data_validation_pipeline - ========= Data Validation Stage Started =========
[2025-04-18 20:19:43,649] - INFO - common - Created directory at: 'artifacts/2025_04_18T19_19_25Z/data_validation/validated'
[2025-04-18 20:19:43,649] - INFO - data_validation - Running data validation...
[2025-04-18 20:19:43,649] - INFO - data_validation - Schema hash matches schema.yaml.
[2025-04-18 20:19:43,653] - INFO - data_validation - No missing values.
[2025-04-18 20:19:43,666] - WARNING - data_validation - Removed 38371 duplicate rows.
[2025-04-18 20:19:43,666] - INFO - data_validation - Base dataset not found. Skipping drift check.
[2025-04-18 20:19:43,670] - INFO - data_validation - Validation report saved to: artifacts\2025_04_18T19_19_25Z\data_validation\reports\validation_report.yaml
[2025-04-18 20:19:43,691] - INFO - data_validation - Validated data saved to: artifacts\2025_04_18T19_19_25Z\data_validation\validated\validated_data.csv
[2025-04-18 20:19:43,714] - INFO - data_validation - Validated data copied to: data\validated\validated_data.csv
[2025-04-18 20:19:43,714] - INFO - data_validation_pipeline - Data Validation Completed Successfully: 
Data Validation Artifact Paths:
  - Validated Data Path: artifacts\2025_04_18T19_19_25Z\data_validation\validated\validated_data.csv
  - Drift Report Path:   artifacts\2025_04_18T19_19_25Z\data_validation\reports\drift_report.yaml
  - Validation Status:   True
[2025-04-18 20:19:43,714] - INFO - data_validation_pipeline - ========= Data Validation Stage Completed =========
[2025-04-18 20:19:43,714] - INFO - debug_pipeline - ========== Data Validation Pipeline Finished ==========
[2025-04-18 20:19:43,716] - INFO - debug_pipeline - ========== Full Debug Pipeline Completed Successfully ==========
