[2025-04-13 09:07:44,150] - INFO - common - YAML loaded successfully from: 'config/config.yaml'
[2025-04-13 09:07:44,152] - INFO - common - YAML loaded successfully from: 'config/params.yaml'
[2025-04-13 09:07:44,152] - INFO - common - YAML loaded successfully from: 'config/schema.yaml'
[2025-04-13 09:07:44,152] - INFO - common - Created directory at: 'artifacts/20250413_090744'
[2025-04-13 09:07:44,152] - INFO - common - Created directory at: 'artifacts/20250413_090744/data_ingestion/featurestore'
[2025-04-13 09:07:44,152] - INFO - common - Created directory at: 'artifacts/20250413_090744/data_ingestion/ingested'
[2025-04-13 09:07:44,152] - INFO - data_ingestion - Connecting to MongoDB...
[2025-04-13 09:07:44,353] - INFO - data_ingestion - Reading data from MongoDB: 'network_security_db/phishing_records'
[2025-04-13 09:08:01,411] - INFO - common - Created directory at: 'artifacts/20250413_090744/data_ingestion/featurestore'
[2025-04-13 09:08:02,178] - INFO - data_ingestion - Loaded 187935 records from MongoDB.
[2025-04-13 09:08:02,178] - INFO - common - Created directory at: 'artifacts/20250413_090744/data_ingestion/ingested'
[2025-04-13 09:08:02,891] - INFO - data_ingestion - Cleaned data saved to ingested directory: 'artifacts/20250413_090744/data_ingestion/ingested/ingested_data.csv'
[2025-04-13 09:08:02,928] - INFO - common - YAML loaded successfully from: 'config/config.yaml'
[2025-04-13 09:08:02,928] - INFO - common - YAML loaded successfully from: 'config/params.yaml'
[2025-04-13 09:08:02,928] - INFO - common - YAML loaded successfully from: 'config/schema.yaml'
[2025-04-13 09:08:02,928] - INFO - common - Created directory at: 'artifacts/20250413_090744'
[2025-04-13 09:08:02,928] - INFO - common - Created directory at: 'artifacts/20250413_090744/data_ingestion/featurestore'
[2025-04-13 09:08:02,928] - INFO - common - Created directory at: 'artifacts/20250413_090744/data_ingestion/ingested'
[2025-04-13 09:08:02,928] - INFO - data_ingestion - Connecting to MongoDB...
[2025-04-13 09:08:02,979] - INFO - data_ingestion - Reading data from MongoDB: 'network_security_db/phishing_records'
[2025-04-13 09:08:18,122] - INFO - common - Created directory at: 'artifacts/20250413_090744/data_ingestion/featurestore'
[2025-04-13 09:08:18,922] - INFO - data_ingestion - Loaded 187935 records from MongoDB.
[2025-04-13 09:08:18,926] - INFO - common - Created directory at: 'artifacts/20250413_090744/data_ingestion/ingested'
[2025-04-13 09:08:19,697] - INFO - data_ingestion - Cleaned data saved to ingested directory: 'artifacts/20250413_090744/data_ingestion/ingested/ingested_data.csv'
