[2025-04-26 11:41:20,946] - INFO - debug_pipeline - ========== Launching Data Ingestion Pipeline ==========
[2025-04-26 11:41:20,951] - INFO - core - YAML loaded successfully from: 'config/config.yaml'
[2025-04-26 11:41:20,956] - INFO - core - YAML loaded successfully from: 'config/params.yaml'
[2025-04-26 11:41:20,960] - INFO - core - YAML loaded successfully from: 'config/schema.yaml'
[2025-04-26 11:41:20,960] - INFO - core - YAML loaded successfully from: 'config/templates.yaml'
[2025-04-26 11:41:20,960] - INFO - data_ingestion_pipeline - ========== Data Ingestion Stage Started ==========
[2025-04-26 11:41:20,960] - INFO - data_ingestion - ========== Starting Data Ingestion ==========
[2025-04-26 11:41:21,166] - INFO - mongodb_handler - MongoClient initialized.
[2025-04-26 11:41:24,501] - INFO - mongodb_handler - Exported 22110 documents from network_security_db.phishing_records as DataFrame.
[2025-04-26 11:41:24,566] - INFO - mongodb_handler - MongoClient connection closed.
[2025-04-26 11:41:24,566] - INFO - data_ingestion - Fetched 22110 raw rows from data source.
[2025-04-26 11:41:24,566] - INFO - core - Created directory for Raw Data: 'artifacts/2025_04_26T10_41_14Z/data_ingestion/featurestore'
[2025-04-26 11:41:24,653] - INFO - core - Raw Data saved to: 'artifacts/2025_04_26T10_41_14Z/data_ingestion/featurestore/raw_data.csv'
[2025-04-26 11:41:24,653] - INFO - core - Directory already exists for Raw Data: 'data/raw'
[2025-04-26 11:41:24,741] - INFO - core - Raw Data saved to: 'data/raw/raw_data.csv'
[2025-04-26 11:41:24,744] - INFO - data_ingestion - Raw DataFrame cleaned successfully.
[2025-04-26 11:41:24,744] - INFO - core - Created directory for Cleaned (Ingested) Data: 'artifacts/2025_04_26T10_41_14Z/data_ingestion/ingested'
[2025-04-26 11:41:24,812] - INFO - core - Cleaned (Ingested) Data saved to: 'artifacts/2025_04_26T10_41_14Z/data_ingestion/ingested/ingested_data.csv'
[2025-04-26 11:41:24,812] - INFO - data_ingestion - ========== Data Ingestion Completed ==========
[2025-04-26 11:41:24,819] - INFO - data_ingestion_pipeline - Data Ingestion Process Completed.

Data Ingestion Artifact:
  - Raw Artifact:         'artifacts/2025_04_26T10_41_14Z/data_ingestion/featurestore/raw_data.csv'
  - Raw DVC Path:         'data/raw/raw_data.csv'
  - Ingested Data Path:   'artifacts/2025_04_26T10_41_14Z/data_ingestion/ingested/ingested_data.csv'

[2025-04-26 11:41:24,819] - INFO - data_ingestion_pipeline - ========== Data Ingestion Stage Completed ==========
[2025-04-26 11:41:24,819] - INFO - debug_pipeline - ========== Data Ingestion Pipeline Finished ==========
[2025-04-26 11:41:24,820] - INFO - debug_pipeline - ======================================================
[2025-04-26 11:41:24,820] - INFO - debug_pipeline - ========== Launching Data Validation Pipeline ==========
[2025-04-26 11:41:24,824] - INFO - core - YAML loaded successfully from: 'config/config.yaml'
[2025-04-26 11:41:24,829] - INFO - core - YAML loaded successfully from: 'config/params.yaml'
[2025-04-26 11:41:24,833] - INFO - core - YAML loaded successfully from: 'config/schema.yaml'
[2025-04-26 11:41:24,838] - INFO - core - YAML loaded successfully from: 'config/templates.yaml'
[2025-04-26 11:41:24,838] - INFO - data_validation_pipeline - ========= Data Validation Stage Started =========
[2025-04-26 11:41:24,875] - INFO - core - Ingested Data loaded from: 'artifacts/2025_04_26T10_41_14Z/data_ingestion/ingested/ingested_data.csv'
[2025-04-26 11:41:24,900] - INFO - core - Validated Base Data loaded from: 'data/validated/validated_data.csv'
[2025-04-26 11:41:24,900] - INFO - data_validation - Running data validation...
[2025-04-26 11:41:24,900] - INFO - data_validation - Schema hash check passed.
[2025-04-26 11:41:24,904] - INFO - core - Created directory for Missing Value Report: 'artifacts/2025_04_26T10_41_14Z/data_validation/reports'
[2025-04-26 11:41:24,905] - INFO - core - Missing Value Report saved to: 'artifacts/2025_04_26T10_41_14Z/data_validation/reports/missing_values_report.json'
[2025-04-26 11:41:24,913] - INFO - core - Directory already exists for Duplicates Report: 'artifacts/2025_04_26T10_41_14Z/data_validation/reports'
[2025-04-26 11:41:24,913] - INFO - core - Duplicates Report saved to: 'artifacts/2025_04_26T10_41_14Z/data_validation/reports/duplicates_report.yaml'
[2025-04-26 11:41:24,942] - INFO - core - Directory already exists for Drift Result: 'artifacts/2025_04_26T10_41_14Z/data_validation/reports'
[2025-04-26 11:41:24,946] - INFO - core - Drift Result saved to: 'artifacts/2025_04_26T10_41_14Z/data_validation/reports/drift_report.yaml'
[2025-04-26 11:41:24,946] - INFO - core - Directory already exists for Validation Report: 'artifacts/2025_04_26T10_41_14Z/data_validation/reports'
[2025-04-26 11:41:24,950] - INFO - core - Validation Report saved to: 'artifacts/2025_04_26T10_41_14Z/data_validation/reports/validation_report.yaml'
[2025-04-26 11:41:24,950] - INFO - core - Created directory for Validated Data: 'artifacts/2025_04_26T10_41_14Z/data_validation/validated'
[2025-04-26 11:41:24,971] - INFO - core - Validated Data saved to: 'artifacts/2025_04_26T10_41_14Z/data_validation/validated/validated_data.csv'
[2025-04-26 11:41:24,971] - INFO - core - Directory already exists for Validated Data: 'data/validated'
[2025-04-26 11:41:24,992] - INFO - core - Validated Data saved to: 'data/validated/validated_data.csv'
[2025-04-26 11:41:24,993] - INFO - data_validation_pipeline - Data Validation Process Completed.

Data Validation Artifact:
  - Validated Data Path: 'artifacts/2025_04_26T10_41_14Z/data_validation/validated/validated_data.csv'
  - Validation Status:   'True'

[2025-04-26 11:41:24,993] - INFO - data_validation_pipeline - ========= Data Validation Stage Completed =========
[2025-04-26 11:41:24,993] - INFO - debug_pipeline - ========== Data Validation Pipeline Finished ==========
[2025-04-26 11:41:24,993] - INFO - debug_pipeline - ======================================================
[2025-04-26 11:41:24,994] - INFO - debug_pipeline - ========== Launching Data Transformation Pipeline ==========
[2025-04-26 11:41:24,996] - INFO - core - YAML loaded successfully from: 'config/config.yaml'
[2025-04-26 11:41:25,004] - INFO - core - YAML loaded successfully from: 'config/params.yaml'
[2025-04-26 11:41:25,009] - INFO - core - YAML loaded successfully from: 'config/schema.yaml'
[2025-04-26 11:41:25,012] - INFO - core - YAML loaded successfully from: 'config/templates.yaml'
[2025-04-26 11:41:25,013] - INFO - data_transformation_pipeline - ========== Data Transformation Stage Started ==========
[2025-04-26 11:41:25,038] - INFO - core - Validated Data loaded from: 'artifacts/2025_04_26T10_41_14Z/data_validation/validated/validated_data.csv'
[2025-04-26 11:41:25,038] - INFO - data_transformation - ========== Starting Data Transformation ==========
[2025-04-26 11:41:25,076] - INFO - core - Created directory for X Preprocessor Pipeline: 'artifacts/2025_04_26T10_41_14Z/data_transformation/preprocessor'
[2025-04-26 11:41:25,076] - INFO - core - X Preprocessor Pipeline saved to: 'artifacts/2025_04_26T10_41_14Z/data_transformation/preprocessor/x_preprocessor.joblib'
[2025-04-26 11:41:25,076] - INFO - core - Directory already exists for Y Preprocessor Pipeline: 'artifacts/2025_04_26T10_41_14Z/data_transformation/preprocessor'
[2025-04-26 11:41:25,076] - INFO - core - Y Preprocessor Pipeline saved to: 'artifacts/2025_04_26T10_41_14Z/data_transformation/preprocessor/y_preprocessor.joblib'
[2025-04-26 11:41:25,079] - INFO - core - Created directory for X_train: 'artifacts/2025_04_26T10_41_14Z/data_transformation/transformed/train'
[2025-04-26 11:41:25,079] - INFO - core - X_train saved to: 'artifacts/2025_04_26T10_41_14Z/data_transformation/transformed/train/x_train.npy'
[2025-04-26 11:41:25,079] - INFO - core - Directory already exists for X_train: 'data/transformed/train'
[2025-04-26 11:41:25,081] - INFO - core - X_train saved to: 'data/transformed/train/x_train.npy'
[2025-04-26 11:41:25,081] - INFO - core - Directory already exists for y_train: 'artifacts/2025_04_26T10_41_14Z/data_transformation/transformed/train'
[2025-04-26 11:41:25,082] - INFO - core - y_train saved to: 'artifacts/2025_04_26T10_41_14Z/data_transformation/transformed/train/y_train.npy'
[2025-04-26 11:41:25,082] - INFO - core - Directory already exists for y_train: 'data/transformed/train'
[2025-04-26 11:41:25,082] - INFO - core - y_train saved to: 'data/transformed/train/y_train.npy'
[2025-04-26 11:41:25,082] - INFO - core - Created directory for X_val: 'artifacts/2025_04_26T10_41_14Z/data_transformation/transformed/val'
[2025-04-26 11:41:25,083] - INFO - core - X_val saved to: 'artifacts/2025_04_26T10_41_14Z/data_transformation/transformed/val/x_val.npy'
[2025-04-26 11:41:25,083] - INFO - core - Directory already exists for X_val: 'data/transformed/val'
[2025-04-26 11:41:25,084] - INFO - core - X_val saved to: 'data/transformed/val/x_val.npy'
[2025-04-26 11:41:25,084] - INFO - core - Directory already exists for y_val: 'artifacts/2025_04_26T10_41_14Z/data_transformation/transformed/val'
[2025-04-26 11:41:25,085] - INFO - core - y_val saved to: 'artifacts/2025_04_26T10_41_14Z/data_transformation/transformed/val/y_val.npy'
[2025-04-26 11:41:25,085] - INFO - core - Directory already exists for y_val: 'data/transformed/val'
[2025-04-26 11:41:25,085] - INFO - core - y_val saved to: 'data/transformed/val/y_val.npy'
[2025-04-26 11:41:25,085] - INFO - core - Created directory for X_test: 'artifacts/2025_04_26T10_41_14Z/data_transformation/transformed/test'
[2025-04-26 11:41:25,085] - INFO - core - X_test saved to: 'artifacts/2025_04_26T10_41_14Z/data_transformation/transformed/test/x_test.npy'
[2025-04-26 11:41:25,086] - INFO - core - Directory already exists for X_test: 'data/transformed/test'
[2025-04-26 11:41:25,086] - INFO - core - X_test saved to: 'data/transformed/test/x_test.npy'
[2025-04-26 11:41:25,087] - INFO - core - Directory already exists for y_test: 'artifacts/2025_04_26T10_41_14Z/data_transformation/transformed/test'
[2025-04-26 11:41:25,087] - INFO - core - y_test saved to: 'artifacts/2025_04_26T10_41_14Z/data_transformation/transformed/test/y_test.npy'
[2025-04-26 11:41:25,088] - INFO - core - Directory already exists for y_test: 'data/transformed/test'
[2025-04-26 11:41:25,088] - INFO - core - y_test saved to: 'data/transformed/test/y_test.npy'
[2025-04-26 11:41:25,088] - INFO - data_transformation - ========== Data Transformation Completed ==========
[2025-04-26 11:41:25,088] - INFO - data_transformation_pipeline - Data Transformation Completed Successfully: 
Data Transformation Artifact:
  - X-Train Data Path:    'artifacts/2025_04_26T10_41_14Z/data_transformation/transformed/train/x_train.npy'
  - Y-Train Data Path:    'artifacts/2025_04_26T10_41_14Z/data_transformation/transformed/train/y_train.npy'
  - X-Val Data Path:      'artifacts/2025_04_26T10_41_14Z/data_transformation/transformed/val/x_val.npy'
  - Y-Val Data Path:      'artifacts/2025_04_26T10_41_14Z/data_transformation/transformed/val/y_val.npy'
  - X-Test Data Path:     'artifacts/2025_04_26T10_41_14Z/data_transformation/transformed/test/x_test.npy'
  - Y-Test Data Path:     'artifacts/2025_04_26T10_41_14Z/data_transformation/transformed/test/y_test.npy'
  - X-Processor Path:     'artifacts/2025_04_26T10_41_14Z/data_transformation/preprocessor/x_preprocessor.joblib'
  - Y-Processor Path:     'artifacts/2025_04_26T10_41_14Z/data_transformation/preprocessor/y_preprocessor.joblib'

[2025-04-26 11:41:25,088] - INFO - data_transformation_pipeline - ========== Data Transformation Stage Completed ==========
[2025-04-26 11:41:25,088] - INFO - debug_pipeline - ========== Data Transformation Pipeline Finished ==========
[2025-04-26 11:41:25,088] - INFO - debug_pipeline - ======================================================
[2025-04-26 11:41:25,088] - INFO - debug_pipeline - ========== Launching Model Trainer Pipeline ==========
[2025-04-26 11:41:25,091] - INFO - core - YAML loaded successfully from: 'config/config.yaml'
[2025-04-26 11:41:25,100] - INFO - core - YAML loaded successfully from: 'config/params.yaml'
[2025-04-26 11:41:25,100] - INFO - core - YAML loaded successfully from: 'config/schema.yaml'
[2025-04-26 11:41:25,106] - INFO - core - YAML loaded successfully from: 'config/templates.yaml'
[2025-04-26 11:41:25,106] - INFO - model_trainer_pipeline - ========== Model Training Stage Started ==========
[2025-04-26 11:41:25,106] - INFO - model_trainer - Initializing ModelTrainer with root_dir=artifacts\2025_04_26T10_41_14Z\model_trainer
[2025-04-26 11:41:26,316] - INFO - model_trainer - ========== Starting Model Training ==========
[2025-04-26 11:42:04,831] - INFO - core - Created directory for Base Model: 'artifacts/2025_04_26T10_41_14Z/model_trainer/base_model'
[2025-04-26 11:42:04,897] - INFO - core - Base Model saved to: 'artifacts/2025_04_26T10_41_14Z/model_trainer/base_model/base_model.joblib'
[2025-04-26 11:42:05,287] - ERROR - exception - Error occurred in file [E:\MyProjects\networksecurity\src\networksecurity\components\model_trainer.py], line [145], message: [NetworkModel.from_artifacts() got an unexpected keyword argument 'model']
[2025-04-26 11:42:05,287] - ERROR - model_trainer_pipeline - Model Training Stage Failed
Traceback (most recent call last):
  File "E:\MyProjects\networksecurity\src\networksecurity\components\model_trainer.py", line 145, in run_training
    network_model = NetworkModel.from_artifacts(
TypeError: NetworkModel.from_artifacts() got an unexpected keyword argument 'model'

The above exception was the direct cause of the following exception:

Traceback (most recent call last):
  File "E:\MyProjects\networksecurity\src\networksecurity\pipeline\model_trainer_pipeline.py", line 40, in run
    trainer_artifact = trainer.run_training()
  File "E:\MyProjects\networksecurity\src\networksecurity\components\model_trainer.py", line 166, in run_training
    raise NetworkSecurityError(e, logger) from e
src.networksecurity.exception.exception.NetworkSecurityError: Error occurred in file [E:\MyProjects\networksecurity\src\networksecurity\components\model_trainer.py], line [145], message: [NetworkModel.from_artifacts() got an unexpected keyword argument 'model']
[2025-04-26 11:42:05,298] - ERROR - exception - Error occurred in file [E:\MyProjects\networksecurity\src\networksecurity\pipeline\model_trainer_pipeline.py], line [40], message: [Error occurred in file [E:\MyProjects\networksecurity\src\networksecurity\components\model_trainer.py], line [145], message: [NetworkModel.from_artifacts() got an unexpected keyword argument 'model']]
