[2025-04-23 20:54:47,485] - INFO - debug_pipeline - ========== Launching Data Ingestion Pipeline ==========
[2025-04-23 20:54:47,485] - INFO - core - YAML loaded successfully from: 'config/config.yaml'
[2025-04-23 20:54:47,485] - INFO - core - YAML loaded successfully from: 'config/params.yaml'
[2025-04-23 20:54:47,485] - INFO - core - YAML loaded successfully from: 'config/schema.yaml'
[2025-04-23 20:54:47,502] - INFO - core - YAML loaded successfully from: 'config/templates.yaml'
[2025-04-23 20:54:47,502] - INFO - data_ingestion_pipeline - ========== Data Ingestion Stage Started ==========
[2025-04-23 20:54:47,504] - INFO - data_ingestion - ========== Starting Data Ingestion ==========
[2025-04-23 20:54:47,806] - INFO - mongodb_handler - MongoClient initialized.
[2025-04-23 20:54:52,232] - INFO - mongodb_handler - Exported 22110 documents from network_security_db.phishing_records as DataFrame.
[2025-04-23 20:54:52,307] - INFO - mongodb_handler - MongoClient connection closed.
[2025-04-23 20:54:52,309] - INFO - data_ingestion - Fetched 22110 raw rows from data source.
[2025-04-23 20:54:52,311] - INFO - core - Created directory for Raw Data: 'artifacts/2025_04_23T19_54_45Z/data_ingestion/featurestore'
[2025-04-23 20:54:52,401] - INFO - core - Raw Data saved to: 'artifacts/2025_04_23T19_54_45Z/data_ingestion/featurestore/raw_data.csv'
[2025-04-23 20:54:52,401] - INFO - core - Directory already exists for Raw Data: 'data/raw'
[2025-04-23 20:54:52,503] - INFO - core - Raw Data saved to: 'data/raw/raw_data.csv'
[2025-04-23 20:54:52,503] - INFO - data_ingestion - Raw DataFrame cleaned successfully.
[2025-04-23 20:54:52,503] - INFO - core - Created directory for Cleaned (Ingested) Data: 'artifacts/2025_04_23T19_54_45Z/data_ingestion/ingested'
[2025-04-23 20:54:52,578] - INFO - core - Cleaned (Ingested) Data saved to: 'artifacts/2025_04_23T19_54_45Z/data_ingestion/ingested/ingested_data.csv'
[2025-04-23 20:54:52,578] - INFO - data_ingestion - ========== Data Ingestion Completed ==========
[2025-04-23 20:54:52,582] - INFO - data_ingestion_pipeline - Data Ingestion Process Completed.

Data Ingestion Artifact:
  - Raw Artifact:         'artifacts/2025_04_23T19_54_45Z/data_ingestion/featurestore/raw_data.csv'
  - Raw DVC Path:         'data/raw/raw_data.csv'
  - Ingested Data Path:   'artifacts/2025_04_23T19_54_45Z/data_ingestion/ingested/ingested_data.csv'

[2025-04-23 20:54:52,582] - INFO - data_ingestion_pipeline - ========== Data Ingestion Stage Completed ==========
[2025-04-23 20:54:52,582] - INFO - debug_pipeline - ========== Data Ingestion Pipeline Finished ==========
[2025-04-23 20:54:52,582] - INFO - debug_pipeline - ======================================================
[2025-04-23 20:54:52,582] - INFO - debug_pipeline - ========== Launching Data Validation Pipeline ==========
[2025-04-23 20:54:52,587] - INFO - core - YAML loaded successfully from: 'config/config.yaml'
[2025-04-23 20:54:52,595] - INFO - core - YAML loaded successfully from: 'config/params.yaml'
[2025-04-23 20:54:52,595] - INFO - core - YAML loaded successfully from: 'config/schema.yaml'
[2025-04-23 20:54:52,599] - INFO - core - YAML loaded successfully from: 'config/templates.yaml'
[2025-04-23 20:54:52,599] - INFO - data_validation_pipeline - ========= Data Validation Stage Started =========
[2025-04-23 20:54:52,645] - INFO - core - Ingested Data loaded from: 'artifacts/2025_04_23T19_54_45Z/data_ingestion/ingested/ingested_data.csv'
[2025-04-23 20:54:52,670] - INFO - core - Validated Base Data loaded from: 'data/validated/validated_data.csv'
[2025-04-23 20:54:52,670] - INFO - data_validation - Running data validation...
[2025-04-23 20:54:52,670] - INFO - data_validation - Schema hash check passed.
[2025-04-23 20:54:52,674] - INFO - core - Created directory for Missing Value Report: 'artifacts/2025_04_23T19_54_45Z/data_validation/reports'
[2025-04-23 20:54:52,674] - INFO - core - Missing Value Report saved to: 'artifacts/2025_04_23T19_54_45Z/data_validation/reports/missing_values_report.json'
[2025-04-23 20:54:52,685] - INFO - core - Directory already exists for Duplicates Report: 'artifacts/2025_04_23T19_54_45Z/data_validation/reports'
[2025-04-23 20:54:52,685] - INFO - core - Duplicates Report saved to: 'artifacts/2025_04_23T19_54_45Z/data_validation/reports/duplicates_report.yaml'
[2025-04-23 20:54:52,707] - INFO - core - Directory already exists for Drift Result: 'artifacts/2025_04_23T19_54_45Z/data_validation/reports'
[2025-04-23 20:54:52,714] - INFO - core - Drift Result saved to: 'artifacts/2025_04_23T19_54_45Z/data_validation/reports/drift_report.yaml'
[2025-04-23 20:54:52,714] - INFO - core - Directory already exists for Validation Report: 'artifacts/2025_04_23T19_54_45Z/data_validation/reports'
[2025-04-23 20:54:52,716] - INFO - core - Validation Report saved to: 'artifacts/2025_04_23T19_54_45Z/data_validation/reports/validation_report.yaml'
[2025-04-23 20:54:52,716] - INFO - core - Created directory for Validated Data: 'artifacts/2025_04_23T19_54_45Z/data_validation/validated'
[2025-04-23 20:54:52,737] - INFO - core - Validated Data saved to: 'artifacts/2025_04_23T19_54_45Z/data_validation/validated/validated_data.csv'
[2025-04-23 20:54:52,737] - INFO - core - Directory already exists for Validated Data: 'data/validated'
[2025-04-23 20:54:52,755] - INFO - core - Validated Data saved to: 'data/validated/validated_data.csv'
[2025-04-23 20:54:52,755] - INFO - data_validation_pipeline - Data Validation Process Completed.

Data Validation Artifact:
  - Validated Data Path: 'artifacts/2025_04_23T19_54_45Z/data_validation/validated/validated_data.csv'
  - Validation Status:   'True'

[2025-04-23 20:54:52,755] - INFO - data_validation_pipeline - ========= Data Validation Stage Completed =========
[2025-04-23 20:54:52,755] - INFO - debug_pipeline - ========== Data Validation Pipeline Finished ==========
[2025-04-23 20:54:52,755] - INFO - debug_pipeline - ======================================================
[2025-04-23 20:54:52,755] - INFO - debug_pipeline - ========== Launching Data Transformation Pipeline ==========
[2025-04-23 20:54:52,755] - INFO - core - YAML loaded successfully from: 'config/config.yaml'
[2025-04-23 20:54:52,770] - INFO - core - YAML loaded successfully from: 'config/params.yaml'
[2025-04-23 20:54:52,770] - INFO - core - YAML loaded successfully from: 'config/schema.yaml'
[2025-04-23 20:54:52,776] - INFO - core - YAML loaded successfully from: 'config/templates.yaml'
[2025-04-23 20:54:52,777] - INFO - data_transformation_pipeline - ========== Data Transformation Stage Started ==========
[2025-04-23 20:54:52,802] - INFO - core - Validated Data loaded from: 'artifacts/2025_04_23T19_54_45Z/data_validation/validated/validated_data.csv'
[2025-04-23 20:54:52,802] - INFO - data_transformation - ========== Starting Data Transformation ==========
[2025-04-23 20:54:52,824] - INFO - core - Created directory for X Preprocessor Pipeline: 'artifacts/2025_04_23T19_54_45Z/data_transformation/preprocessor'
[2025-04-23 20:54:52,825] - INFO - core - X Preprocessor Pipeline saved to: 'artifacts/2025_04_23T19_54_45Z/data_transformation/preprocessor/x_preprocessor.joblib'
[2025-04-23 20:54:52,826] - INFO - core - Directory already exists for Y Preprocessor Pipeline: 'artifacts/2025_04_23T19_54_45Z/data_transformation/preprocessor'
[2025-04-23 20:54:52,826] - INFO - core - Y Preprocessor Pipeline saved to: 'artifacts/2025_04_23T19_54_45Z/data_transformation/preprocessor/y_preprocessor.joblib'
[2025-04-23 20:54:52,826] - INFO - core - Created directory for X_train: 'artifacts/2025_04_23T19_54_45Z/data_transformation/transformed/train'
[2025-04-23 20:54:52,828] - INFO - core - X_train saved to: 'artifacts/2025_04_23T19_54_45Z/data_transformation/transformed/train/x_train.npy'
[2025-04-23 20:54:52,828] - INFO - core - Directory already exists for X_train: 'data/transformed/train'
[2025-04-23 20:54:52,830] - INFO - core - X_train saved to: 'data/transformed/train/x_train.npy'
[2025-04-23 20:54:52,830] - INFO - core - Directory already exists for y_train: 'artifacts/2025_04_23T19_54_45Z/data_transformation/transformed/train'
[2025-04-23 20:54:52,830] - INFO - core - y_train saved to: 'artifacts/2025_04_23T19_54_45Z/data_transformation/transformed/train/y_train.npy'
[2025-04-23 20:54:52,831] - INFO - core - Directory already exists for y_train: 'data/transformed/train'
[2025-04-23 20:54:52,831] - INFO - core - y_train saved to: 'data/transformed/train/y_train.npy'
[2025-04-23 20:54:52,831] - INFO - core - Created directory for X_val: 'artifacts/2025_04_23T19_54_45Z/data_transformation/transformed/val'
[2025-04-23 20:54:52,832] - INFO - core - X_val saved to: 'artifacts/2025_04_23T19_54_45Z/data_transformation/transformed/val/x_val.npy'
[2025-04-23 20:54:52,832] - INFO - core - Directory already exists for X_val: 'data/transformed/val'
[2025-04-23 20:54:52,832] - INFO - core - X_val saved to: 'data/transformed/val/x_val.npy'
[2025-04-23 20:54:52,832] - INFO - core - Directory already exists for y_val: 'artifacts/2025_04_23T19_54_45Z/data_transformation/transformed/val'
[2025-04-23 20:54:52,832] - INFO - core - y_val saved to: 'artifacts/2025_04_23T19_54_45Z/data_transformation/transformed/val/y_val.npy'
[2025-04-23 20:54:52,832] - INFO - core - Directory already exists for y_val: 'data/transformed/val'
[2025-04-23 20:54:52,832] - INFO - core - y_val saved to: 'data/transformed/val/y_val.npy'
[2025-04-23 20:54:52,832] - INFO - core - Created directory for X_test: 'artifacts/2025_04_23T19_54_45Z/data_transformation/transformed/test'
[2025-04-23 20:54:52,834] - INFO - core - X_test saved to: 'artifacts/2025_04_23T19_54_45Z/data_transformation/transformed/test/x_test.npy'
[2025-04-23 20:54:52,834] - INFO - core - Directory already exists for X_test: 'data/transformed/test'
[2025-04-23 20:54:52,834] - INFO - core - X_test saved to: 'data/transformed/test/x_test.npy'
[2025-04-23 20:54:52,834] - INFO - core - Directory already exists for y_test: 'artifacts/2025_04_23T19_54_45Z/data_transformation/transformed/test'
[2025-04-23 20:54:52,834] - INFO - core - y_test saved to: 'artifacts/2025_04_23T19_54_45Z/data_transformation/transformed/test/y_test.npy'
[2025-04-23 20:54:52,836] - INFO - core - Directory already exists for y_test: 'data/transformed/test'
[2025-04-23 20:54:52,836] - INFO - core - y_test saved to: 'data/transformed/test/y_test.npy'
[2025-04-23 20:54:52,836] - INFO - data_transformation - ========== Data Transformation Completed ==========
[2025-04-23 20:54:52,836] - INFO - data_transformation_pipeline - Data Transformation Completed Successfully: 
Data Transformation Artifact:
  - X-Train Data Path:    'artifacts/2025_04_23T19_54_45Z/data_transformation/transformed/train/x_train.npy'
  - Y-Train Data Path:    'artifacts/2025_04_23T19_54_45Z/data_transformation/transformed/train/y_train.npy'
  - X-Val Data Path:      'artifacts/2025_04_23T19_54_45Z/data_transformation/transformed/val/x_val.npy'
  - Y-Val Data Path:      'artifacts/2025_04_23T19_54_45Z/data_transformation/transformed/val/y_val.npy'
  - X-Test Data Path:     'artifacts/2025_04_23T19_54_45Z/data_transformation/transformed/test/x_test.npy'
  - Y-Test Data Path:     'artifacts/2025_04_23T19_54_45Z/data_transformation/transformed/test/y_test.npy'

[2025-04-23 20:54:52,836] - INFO - data_transformation_pipeline - ========== Data Transformation Stage Completed ==========
[2025-04-23 20:54:52,836] - INFO - debug_pipeline - ========== Data Transformation Pipeline Finished ==========
[2025-04-23 20:54:52,836] - INFO - debug_pipeline - ======================================================
[2025-04-23 20:54:52,836] - INFO - debug_pipeline - ========== Launching Model Trainer Pipeline ==========
[2025-04-23 20:54:52,841] - INFO - core - YAML loaded successfully from: 'config/config.yaml'
[2025-04-23 20:54:52,848] - INFO - core - YAML loaded successfully from: 'config/params.yaml'
[2025-04-23 20:54:52,851] - INFO - core - YAML loaded successfully from: 'config/schema.yaml'
[2025-04-23 20:54:52,853] - INFO - core - YAML loaded successfully from: 'config/templates.yaml'
[2025-04-23 20:54:52,853] - INFO - model_trainer_pipeline - ========== Model Training Stage Started ==========
[2025-04-23 20:54:52,853] - INFO - model_trainer - Initializing ModelTrainer with root_dir=artifacts\2025_04_23T19_54_45Z\model_trainer
[2025-04-23 20:54:52,855] - INFO - model_trainer - MLflow tracking is enabled. Initializing DagsHub + MLflow...
[2025-04-23 20:54:54,099] - INFO - model_trainer - MLflow experiment set to 'NetworkSecurityExperiment' @ https://dagshub.com/megokul/networksecurity.mlflow
[2025-04-23 20:54:54,099] - INFO - model_trainer - ========== Starting Model Training Pipeline ==========
[2025-04-23 20:54:54,099] - INFO - model_trainer - Loading transformed data arrays from disk...
[2025-04-23 20:54:54,138] - INFO - model_trainer - Loaded X_train (3509, 30), y_train (3509,); X_val (1170, 30), y_val (1170,)
[2025-04-23 20:54:54,398] - INFO - model_trainer - Selecting best model among candidates...
[2025-04-23 20:54:54,398] - INFO - model_trainer - Starting hyperparameter search for sklearn.ensemble.RandomForestClassifier: 30 trials, cv=5, direction=maximize
[2025-04-23 20:54:54,398] - INFO - model_trainer - Search space: {'n_estimators': {'distribution': 'int', 'low': 50, 'high': 300, 'step': 10}, 'max_depth': {'distribution': 'int', 'low': 5, 'high': 50, 'step': 1}}
[2025-04-23 20:54:54,398] - INFO - model_trainer - Trial params for sklearn.ensemble.RandomForestClassifier: {'n_estimators': 110, 'max_depth': 37}
[2025-04-23 20:54:54,398] - INFO - model_trainer - Instantiating model sklearn.ensemble.RandomForestClassifier with params={'n_estimators': 110, 'max_depth': 37}
[2025-04-23 20:54:55,939] - INFO - model_trainer - Trial params for sklearn.ensemble.RandomForestClassifier: {'n_estimators': 240, 'max_depth': 11}
[2025-04-23 20:54:55,939] - INFO - model_trainer - Instantiating model sklearn.ensemble.RandomForestClassifier with params={'n_estimators': 240, 'max_depth': 11}
[2025-04-23 20:54:57,134] - INFO - model_trainer - Trial params for sklearn.ensemble.RandomForestClassifier: {'n_estimators': 280, 'max_depth': 29}
[2025-04-23 20:54:57,134] - INFO - model_trainer - Instantiating model sklearn.ensemble.RandomForestClassifier with params={'n_estimators': 280, 'max_depth': 29}
[2025-04-23 20:54:58,489] - INFO - model_trainer - Trial params for sklearn.ensemble.RandomForestClassifier: {'n_estimators': 70, 'max_depth': 14}
[2025-04-23 20:54:58,489] - INFO - model_trainer - Instantiating model sklearn.ensemble.RandomForestClassifier with params={'n_estimators': 70, 'max_depth': 14}
[2025-04-23 20:54:59,481] - INFO - model_trainer - Trial params for sklearn.ensemble.RandomForestClassifier: {'n_estimators': 300, 'max_depth': 49}
[2025-04-23 20:54:59,481] - INFO - model_trainer - Instantiating model sklearn.ensemble.RandomForestClassifier with params={'n_estimators': 300, 'max_depth': 49}
[2025-04-23 20:55:00,807] - INFO - model_trainer - Trial params for sklearn.ensemble.RandomForestClassifier: {'n_estimators': 200, 'max_depth': 17}
[2025-04-23 20:55:00,807] - INFO - model_trainer - Instantiating model sklearn.ensemble.RandomForestClassifier with params={'n_estimators': 200, 'max_depth': 17}
[2025-04-23 20:55:01,152] - INFO - model_trainer - Trial params for sklearn.ensemble.RandomForestClassifier: {'n_estimators': 90, 'max_depth': 30}
[2025-04-23 20:55:01,152] - INFO - model_trainer - Instantiating model sklearn.ensemble.RandomForestClassifier with params={'n_estimators': 90, 'max_depth': 30}
[2025-04-23 20:55:01,309] - INFO - model_trainer - Trial params for sklearn.ensemble.RandomForestClassifier: {'n_estimators': 120, 'max_depth': 16}
[2025-04-23 20:55:01,309] - INFO - model_trainer - Instantiating model sklearn.ensemble.RandomForestClassifier with params={'n_estimators': 120, 'max_depth': 16}
[2025-04-23 20:55:01,514] - INFO - model_trainer - Trial params for sklearn.ensemble.RandomForestClassifier: {'n_estimators': 290, 'max_depth': 20}
[2025-04-23 20:55:01,514] - INFO - model_trainer - Instantiating model sklearn.ensemble.RandomForestClassifier with params={'n_estimators': 290, 'max_depth': 20}
[2025-04-23 20:55:01,996] - INFO - model_trainer - Trial params for sklearn.ensemble.RandomForestClassifier: {'n_estimators': 270, 'max_depth': 45}
[2025-04-23 20:55:01,996] - INFO - model_trainer - Instantiating model sklearn.ensemble.RandomForestClassifier with params={'n_estimators': 270, 'max_depth': 45}
[2025-04-23 20:55:02,443] - INFO - model_trainer - Trial params for sklearn.ensemble.RandomForestClassifier: {'n_estimators': 50, 'max_depth': 9}
[2025-04-23 20:55:02,443] - INFO - model_trainer - Instantiating model sklearn.ensemble.RandomForestClassifier with params={'n_estimators': 50, 'max_depth': 9}
[2025-04-23 20:55:02,541] - INFO - model_trainer - Trial params for sklearn.ensemble.RandomForestClassifier: {'n_estimators': 130, 'max_depth': 20}
[2025-04-23 20:55:02,541] - INFO - model_trainer - Instantiating model sklearn.ensemble.RandomForestClassifier with params={'n_estimators': 130, 'max_depth': 20}
[2025-04-23 20:55:02,771] - INFO - model_trainer - Trial params for sklearn.ensemble.RandomForestClassifier: {'n_estimators': 160, 'max_depth': 6}
[2025-04-23 20:55:02,771] - INFO - model_trainer - Instantiating model sklearn.ensemble.RandomForestClassifier with params={'n_estimators': 160, 'max_depth': 6}
[2025-04-23 20:55:03,010] - INFO - model_trainer - Trial params for sklearn.ensemble.RandomForestClassifier: {'n_estimators': 60, 'max_depth': 15}
[2025-04-23 20:55:03,011] - INFO - model_trainer - Instantiating model sklearn.ensemble.RandomForestClassifier with params={'n_estimators': 60, 'max_depth': 15}
[2025-04-23 20:55:03,129] - INFO - model_trainer - Trial params for sklearn.ensemble.RandomForestClassifier: {'n_estimators': 60, 'max_depth': 25}
[2025-04-23 20:55:03,130] - INFO - model_trainer - Instantiating model sklearn.ensemble.RandomForestClassifier with params={'n_estimators': 60, 'max_depth': 25}
[2025-04-23 20:55:03,264] - INFO - model_trainer - Trial params for sklearn.ensemble.RandomForestClassifier: {'n_estimators': 80, 'max_depth': 13}
[2025-04-23 20:55:03,265] - INFO - model_trainer - Instantiating model sklearn.ensemble.RandomForestClassifier with params={'n_estimators': 80, 'max_depth': 13}
[2025-04-23 20:55:03,431] - INFO - model_trainer - Trial params for sklearn.ensemble.RandomForestClassifier: {'n_estimators': 160, 'max_depth': 5}
[2025-04-23 20:55:03,431] - INFO - model_trainer - Instantiating model sklearn.ensemble.RandomForestClassifier with params={'n_estimators': 160, 'max_depth': 5}
[2025-04-23 20:55:03,655] - INFO - model_trainer - Trial params for sklearn.ensemble.RandomForestClassifier: {'n_estimators': 210, 'max_depth': 23}
[2025-04-23 20:55:03,655] - INFO - model_trainer - Instantiating model sklearn.ensemble.RandomForestClassifier with params={'n_estimators': 210, 'max_depth': 23}
[2025-04-23 20:55:04,029] - INFO - model_trainer - Trial params for sklearn.ensemble.RandomForestClassifier: {'n_estimators': 80, 'max_depth': 34}
[2025-04-23 20:55:04,029] - INFO - model_trainer - Instantiating model sklearn.ensemble.RandomForestClassifier with params={'n_estimators': 80, 'max_depth': 34}
[2025-04-23 20:55:04,171] - INFO - model_trainer - Trial params for sklearn.ensemble.RandomForestClassifier: {'n_estimators': 140, 'max_depth': 14}
[2025-04-23 20:55:04,171] - INFO - model_trainer - Instantiating model sklearn.ensemble.RandomForestClassifier with params={'n_estimators': 140, 'max_depth': 14}
[2025-04-23 20:55:04,445] - INFO - model_trainer - Trial params for sklearn.ensemble.RandomForestClassifier: {'n_estimators': 50, 'max_depth': 9}
[2025-04-23 20:55:04,445] - INFO - model_trainer - Instantiating model sklearn.ensemble.RandomForestClassifier with params={'n_estimators': 50, 'max_depth': 9}
[2025-04-23 20:55:04,539] - INFO - model_trainer - Trial params for sklearn.ensemble.RandomForestClassifier: {'n_estimators': 110, 'max_depth': 16}
[2025-04-23 20:55:04,539] - INFO - model_trainer - Instantiating model sklearn.ensemble.RandomForestClassifier with params={'n_estimators': 110, 'max_depth': 16}
[2025-04-23 20:55:04,751] - INFO - model_trainer - Trial params for sklearn.ensemble.RandomForestClassifier: {'n_estimators': 100, 'max_depth': 18}
[2025-04-23 20:55:04,751] - INFO - model_trainer - Instantiating model sklearn.ensemble.RandomForestClassifier with params={'n_estimators': 100, 'max_depth': 18}
[2025-04-23 20:55:04,945] - INFO - model_trainer - Trial params for sklearn.ensemble.RandomForestClassifier: {'n_estimators': 70, 'max_depth': 23}
[2025-04-23 20:55:04,945] - INFO - model_trainer - Instantiating model sklearn.ensemble.RandomForestClassifier with params={'n_estimators': 70, 'max_depth': 23}
[2025-04-23 20:55:05,090] - INFO - model_trainer - Trial params for sklearn.ensemble.RandomForestClassifier: {'n_estimators': 130, 'max_depth': 12}
[2025-04-23 20:55:05,090] - INFO - model_trainer - Instantiating model sklearn.ensemble.RandomForestClassifier with params={'n_estimators': 130, 'max_depth': 12}
[2025-04-23 20:55:05,300] - INFO - model_trainer - Trial params for sklearn.ensemble.RandomForestClassifier: {'n_estimators': 150, 'max_depth': 9}
[2025-04-23 20:55:05,300] - INFO - model_trainer - Instantiating model sklearn.ensemble.RandomForestClassifier with params={'n_estimators': 150, 'max_depth': 9}
[2025-04-23 20:55:05,537] - INFO - model_trainer - Trial params for sklearn.ensemble.RandomForestClassifier: {'n_estimators': 190, 'max_depth': 12}
[2025-04-23 20:55:05,537] - INFO - model_trainer - Instantiating model sklearn.ensemble.RandomForestClassifier with params={'n_estimators': 190, 'max_depth': 12}
[2025-04-23 20:55:05,835] - INFO - model_trainer - Trial params for sklearn.ensemble.RandomForestClassifier: {'n_estimators': 90, 'max_depth': 21}
[2025-04-23 20:55:05,835] - INFO - model_trainer - Instantiating model sklearn.ensemble.RandomForestClassifier with params={'n_estimators': 90, 'max_depth': 21}
[2025-04-23 20:55:06,029] - INFO - model_trainer - Trial params for sklearn.ensemble.RandomForestClassifier: {'n_estimators': 70, 'max_depth': 7}
[2025-04-23 20:55:06,029] - INFO - model_trainer - Instantiating model sklearn.ensemble.RandomForestClassifier with params={'n_estimators': 70, 'max_depth': 7}
[2025-04-23 20:55:06,158] - INFO - model_trainer - Trial params for sklearn.ensemble.RandomForestClassifier: {'n_estimators': 110, 'max_depth': 40}
[2025-04-23 20:55:06,159] - INFO - model_trainer - Instantiating model sklearn.ensemble.RandomForestClassifier with params={'n_estimators': 110, 'max_depth': 40}
[2025-04-23 20:55:06,345] - INFO - model_trainer - Completed search for sklearn.ensemble.RandomForestClassifier: best value=0.9444, params={'n_estimators': 70, 'max_depth': 14}
[2025-04-23 20:55:06,345] - INFO - model_trainer - Starting hyperparameter search for sklearn.ensemble.GradientBoostingClassifier: 30 trials, cv=5, direction=maximize
[2025-04-23 20:55:06,345] - INFO - model_trainer - Search space: {'n_estimators': {'distribution': 'int', 'low': 50, 'high': 200, 'step': 10}, 'learning_rate': {'distribution': 'float', 'low': 0.01, 'high': 1.0, 'log': True}, 'max_depth': {'distribution': 'int', 'low': 2, 'high': 10}}
[2025-04-23 20:55:06,345] - INFO - model_trainer - Trial params for sklearn.ensemble.GradientBoostingClassifier: {'n_estimators': 140, 'learning_rate': 0.23263887825825016, 'max_depth': 5}
[2025-04-23 20:55:06,345] - INFO - model_trainer - Instantiating model sklearn.ensemble.GradientBoostingClassifier with params={'n_estimators': 140, 'learning_rate': 0.23263887825825016, 'max_depth': 5}
[2025-04-23 20:55:06,873] - INFO - model_trainer - Trial params for sklearn.ensemble.GradientBoostingClassifier: {'n_estimators': 190, 'learning_rate': 0.8496722875100049, 'max_depth': 3}
[2025-04-23 20:55:06,873] - INFO - model_trainer - Instantiating model sklearn.ensemble.GradientBoostingClassifier with params={'n_estimators': 190, 'learning_rate': 0.8496722875100049, 'max_depth': 3}
[2025-04-23 20:55:07,340] - INFO - model_trainer - Trial params for sklearn.ensemble.GradientBoostingClassifier: {'n_estimators': 60, 'learning_rate': 0.12379665391458831, 'max_depth': 10}
[2025-04-23 20:55:07,340] - INFO - model_trainer - Instantiating model sklearn.ensemble.GradientBoostingClassifier with params={'n_estimators': 60, 'learning_rate': 0.12379665391458831, 'max_depth': 10}
[2025-04-23 20:55:08,118] - INFO - model_trainer - Trial params for sklearn.ensemble.GradientBoostingClassifier: {'n_estimators': 110, 'learning_rate': 0.030202912205709427, 'max_depth': 8}
[2025-04-23 20:55:08,118] - INFO - model_trainer - Instantiating model sklearn.ensemble.GradientBoostingClassifier with params={'n_estimators': 110, 'learning_rate': 0.030202912205709427, 'max_depth': 8}
[2025-04-23 20:55:08,797] - INFO - model_trainer - Trial params for sklearn.ensemble.GradientBoostingClassifier: {'n_estimators': 160, 'learning_rate': 0.023329249713510837, 'max_depth': 8}
[2025-04-23 20:55:08,797] - INFO - model_trainer - Instantiating model sklearn.ensemble.GradientBoostingClassifier with params={'n_estimators': 160, 'learning_rate': 0.023329249713510837, 'max_depth': 8}
[2025-04-23 20:55:09,847] - INFO - model_trainer - Trial params for sklearn.ensemble.GradientBoostingClassifier: {'n_estimators': 100, 'learning_rate': 0.9088198826182401, 'max_depth': 4}
[2025-04-23 20:55:09,847] - INFO - model_trainer - Instantiating model sklearn.ensemble.GradientBoostingClassifier with params={'n_estimators': 100, 'learning_rate': 0.9088198826182401, 'max_depth': 4}
[2025-04-23 20:55:10,152] - INFO - model_trainer - Trial params for sklearn.ensemble.GradientBoostingClassifier: {'n_estimators': 110, 'learning_rate': 0.3494004963900774, 'max_depth': 6}
[2025-04-23 20:55:10,152] - INFO - model_trainer - Instantiating model sklearn.ensemble.GradientBoostingClassifier with params={'n_estimators': 110, 'learning_rate': 0.3494004963900774, 'max_depth': 6}
[2025-04-23 20:55:10,697] - INFO - model_trainer - Trial params for sklearn.ensemble.GradientBoostingClassifier: {'n_estimators': 190, 'learning_rate': 0.016142903430362416, 'max_depth': 7}
[2025-04-23 20:55:10,697] - INFO - model_trainer - Instantiating model sklearn.ensemble.GradientBoostingClassifier with params={'n_estimators': 190, 'learning_rate': 0.016142903430362416, 'max_depth': 7}
[2025-04-23 20:55:11,663] - INFO - model_trainer - Trial params for sklearn.ensemble.GradientBoostingClassifier: {'n_estimators': 120, 'learning_rate': 0.8341475143997109, 'max_depth': 9}
[2025-04-23 20:55:11,663] - INFO - model_trainer - Instantiating model sklearn.ensemble.GradientBoostingClassifier with params={'n_estimators': 120, 'learning_rate': 0.8341475143997109, 'max_depth': 9}
[2025-04-23 20:55:12,630] - INFO - model_trainer - Trial params for sklearn.ensemble.GradientBoostingClassifier: {'n_estimators': 180, 'learning_rate': 0.013985349807481043, 'max_depth': 9}
[2025-04-23 20:55:12,630] - INFO - model_trainer - Instantiating model sklearn.ensemble.GradientBoostingClassifier with params={'n_estimators': 180, 'learning_rate': 0.013985349807481043, 'max_depth': 9}
[2025-04-23 20:55:14,041] - INFO - model_trainer - Trial params for sklearn.ensemble.GradientBoostingClassifier: {'n_estimators': 150, 'learning_rate': 0.10559464177153864, 'max_depth': 5}
[2025-04-23 20:55:14,041] - INFO - model_trainer - Instantiating model sklearn.ensemble.GradientBoostingClassifier with params={'n_estimators': 150, 'learning_rate': 0.10559464177153864, 'max_depth': 5}
[2025-04-23 20:55:14,592] - INFO - model_trainer - Trial params for sklearn.ensemble.GradientBoostingClassifier: {'n_estimators': 150, 'learning_rate': 0.11079234563720855, 'max_depth': 5}
[2025-04-23 20:55:14,592] - INFO - model_trainer - Instantiating model sklearn.ensemble.GradientBoostingClassifier with params={'n_estimators': 150, 'learning_rate': 0.11079234563720855, 'max_depth': 5}
[2025-04-23 20:55:15,135] - INFO - model_trainer - Trial params for sklearn.ensemble.GradientBoostingClassifier: {'n_estimators': 150, 'learning_rate': 0.06884147544428879, 'max_depth': 2}
[2025-04-23 20:55:15,135] - INFO - model_trainer - Instantiating model sklearn.ensemble.GradientBoostingClassifier with params={'n_estimators': 150, 'learning_rate': 0.06884147544428879, 'max_depth': 2}
[2025-04-23 20:55:15,386] - INFO - model_trainer - Trial params for sklearn.ensemble.GradientBoostingClassifier: {'n_estimators': 160, 'learning_rate': 0.06291552208053937, 'max_depth': 5}
[2025-04-23 20:55:15,386] - INFO - model_trainer - Instantiating model sklearn.ensemble.GradientBoostingClassifier with params={'n_estimators': 160, 'learning_rate': 0.06291552208053937, 'max_depth': 5}
[2025-04-23 20:55:15,958] - INFO - model_trainer - Trial params for sklearn.ensemble.GradientBoostingClassifier: {'n_estimators': 80, 'learning_rate': 0.15099541904759192, 'max_depth': 4}
[2025-04-23 20:55:15,958] - INFO - model_trainer - Instantiating model sklearn.ensemble.GradientBoostingClassifier with params={'n_estimators': 80, 'learning_rate': 0.15099541904759192, 'max_depth': 4}
[2025-04-23 20:55:16,202] - INFO - model_trainer - Trial params for sklearn.ensemble.GradientBoostingClassifier: {'n_estimators': 140, 'learning_rate': 0.0561774492234475, 'max_depth': 6}
[2025-04-23 20:55:16,202] - INFO - model_trainer - Instantiating model sklearn.ensemble.GradientBoostingClassifier with params={'n_estimators': 140, 'learning_rate': 0.0561774492234475, 'max_depth': 6}
[2025-04-23 20:55:16,842] - INFO - model_trainer - Trial params for sklearn.ensemble.GradientBoostingClassifier: {'n_estimators': 170, 'learning_rate': 0.35779873716491445, 'max_depth': 4}
[2025-04-23 20:55:16,842] - INFO - model_trainer - Instantiating model sklearn.ensemble.GradientBoostingClassifier with params={'n_estimators': 170, 'learning_rate': 0.35779873716491445, 'max_depth': 4}
[2025-04-23 20:55:17,336] - INFO - model_trainer - Trial params for sklearn.ensemble.GradientBoostingClassifier: {'n_estimators': 130, 'learning_rate': 0.035847686994207, 'max_depth': 2}
[2025-04-23 20:55:17,336] - INFO - model_trainer - Instantiating model sklearn.ensemble.GradientBoostingClassifier with params={'n_estimators': 130, 'learning_rate': 0.035847686994207, 'max_depth': 2}
[2025-04-23 20:55:17,552] - INFO - model_trainer - Trial params for sklearn.ensemble.GradientBoostingClassifier: {'n_estimators': 200, 'learning_rate': 0.16162089031129995, 'max_depth': 5}
[2025-04-23 20:55:17,552] - INFO - model_trainer - Instantiating model sklearn.ensemble.GradientBoostingClassifier with params={'n_estimators': 200, 'learning_rate': 0.16162089031129995, 'max_depth': 5}
[2025-04-23 20:55:18,304] - INFO - model_trainer - Trial params for sklearn.ensemble.GradientBoostingClassifier: {'n_estimators': 90, 'learning_rate': 0.08381821536188502, 'max_depth': 6}
[2025-04-23 20:55:18,308] - INFO - model_trainer - Instantiating model sklearn.ensemble.GradientBoostingClassifier with params={'n_estimators': 90, 'learning_rate': 0.08381821536188502, 'max_depth': 6}
[2025-04-23 20:55:18,726] - INFO - model_trainer - Trial params for sklearn.ensemble.GradientBoostingClassifier: {'n_estimators': 50, 'learning_rate': 0.28792491091901146, 'max_depth': 7}
[2025-04-23 20:55:18,737] - INFO - model_trainer - Instantiating model sklearn.ensemble.GradientBoostingClassifier with params={'n_estimators': 50, 'learning_rate': 0.28792491091901146, 'max_depth': 7}
[2025-04-23 20:55:19,070] - INFO - model_trainer - Trial params for sklearn.ensemble.GradientBoostingClassifier: {'n_estimators': 90, 'learning_rate': 0.08506932159558193, 'max_depth': 6}
[2025-04-23 20:55:19,070] - INFO - model_trainer - Instantiating model sklearn.ensemble.GradientBoostingClassifier with params={'n_estimators': 90, 'learning_rate': 0.08506932159558193, 'max_depth': 6}
[2025-04-23 20:55:19,502] - INFO - model_trainer - Trial params for sklearn.ensemble.GradientBoostingClassifier: {'n_estimators': 70, 'learning_rate': 0.04509634152653265, 'max_depth': 7}
[2025-04-23 20:55:19,502] - INFO - model_trainer - Instantiating model sklearn.ensemble.GradientBoostingClassifier with params={'n_estimators': 70, 'learning_rate': 0.04509634152653265, 'max_depth': 7}
[2025-04-23 20:55:19,858] - INFO - model_trainer - Trial params for sklearn.ensemble.GradientBoostingClassifier: {'n_estimators': 130, 'learning_rate': 0.11069853352860706, 'max_depth': 5}
[2025-04-23 20:55:19,858] - INFO - model_trainer - Instantiating model sklearn.ensemble.GradientBoostingClassifier with params={'n_estimators': 130, 'learning_rate': 0.11069853352860706, 'max_depth': 5}
[2025-04-23 20:55:20,329] - INFO - model_trainer - Trial params for sklearn.ensemble.GradientBoostingClassifier: {'n_estimators': 130, 'learning_rate': 0.10821986770499532, 'max_depth': 3}
[2025-04-23 20:55:20,329] - INFO - model_trainer - Instantiating model sklearn.ensemble.GradientBoostingClassifier with params={'n_estimators': 130, 'learning_rate': 0.10821986770499532, 'max_depth': 3}
[2025-04-23 20:55:20,616] - INFO - model_trainer - Trial params for sklearn.ensemble.GradientBoostingClassifier: {'n_estimators': 150, 'learning_rate': 0.1854554307280456, 'max_depth': 5}
[2025-04-23 20:55:20,616] - INFO - model_trainer - Instantiating model sklearn.ensemble.GradientBoostingClassifier with params={'n_estimators': 150, 'learning_rate': 0.1854554307280456, 'max_depth': 5}
[2025-04-23 20:55:21,174] - INFO - model_trainer - Trial params for sklearn.ensemble.GradientBoostingClassifier: {'n_estimators': 170, 'learning_rate': 0.4945908616547147, 'max_depth': 3}
[2025-04-23 20:55:21,174] - INFO - model_trainer - Instantiating model sklearn.ensemble.GradientBoostingClassifier with params={'n_estimators': 170, 'learning_rate': 0.4945908616547147, 'max_depth': 3}
[2025-04-23 20:55:21,540] - INFO - model_trainer - Trial params for sklearn.ensemble.GradientBoostingClassifier: {'n_estimators': 120, 'learning_rate': 0.1124700000377408, 'max_depth': 4}
[2025-04-23 20:55:21,540] - INFO - model_trainer - Instantiating model sklearn.ensemble.GradientBoostingClassifier with params={'n_estimators': 120, 'learning_rate': 0.1124700000377408, 'max_depth': 4}
[2025-04-23 20:55:21,881] - INFO - model_trainer - Trial params for sklearn.ensemble.GradientBoostingClassifier: {'n_estimators': 140, 'learning_rate': 0.2313613269023191, 'max_depth': 5}
[2025-04-23 20:55:21,881] - INFO - model_trainer - Instantiating model sklearn.ensemble.GradientBoostingClassifier with params={'n_estimators': 140, 'learning_rate': 0.2313613269023191, 'max_depth': 5}
[2025-04-23 20:55:22,397] - INFO - model_trainer - Trial params for sklearn.ensemble.GradientBoostingClassifier: {'n_estimators': 140, 'learning_rate': 0.2183947059601278, 'max_depth': 5}
[2025-04-23 20:55:22,397] - INFO - model_trainer - Instantiating model sklearn.ensemble.GradientBoostingClassifier with params={'n_estimators': 140, 'learning_rate': 0.2183947059601278, 'max_depth': 5}
[2025-04-23 20:55:22,912] - INFO - model_trainer - Completed search for sklearn.ensemble.GradientBoostingClassifier: best value=0.9487, params={'n_estimators': 150, 'learning_rate': 0.11079234563720855, 'max_depth': 5}
[2025-04-23 20:55:22,912] - INFO - model_trainer - Best model: sklearn.ensemble.GradientBoostingClassifier with score=0.9487
[2025-04-23 20:55:22,912] - INFO - model_trainer - Training final model sklearn.ensemble.GradientBoostingClassifier on full training set...
[2025-04-23 20:55:22,912] - INFO - model_trainer - Instantiating model sklearn.ensemble.GradientBoostingClassifier with params={'n_estimators': 150, 'learning_rate': 0.11079234563720855, 'max_depth': 5}
[2025-04-23 20:55:23,557] - INFO - model_trainer - Final eval for sklearn.ensemble.GradientBoostingClassifier -> train: {'accuracy': 0.9843260188087775, 'f1': 0.983809243450103, 'precision': 0.9835197174808711, 'recall': 0.9840989399293286}, val: {'accuracy': 0.9495726495726495, 'f1': 0.948471615720524, 'precision': 0.9378238341968912, 'recall': 0.9593639575971732}
[2025-04-23 20:55:32,689] - INFO - model_trainer - Registered model to MLflow registry 'NetworkSecurityModel'
[2025-04-23 20:55:33,800] - INFO - model_trainer - Generated training report: {'timestamp': '2025-04-23T19:55:33.800270+00:00', 'best_model': 'GradientBoostingClassifier', 'best_model_params': {'n_estimators': 150, 'learning_rate': 0.11079234563720855, 'max_depth': 5}, 'train_metrics': {'accuracy': 0.9843260188087775, 'f1': 0.983809243450103, 'precision': 0.9835197174808711, 'recall': 0.9840989399293286}, 'val_metrics': {'accuracy': 0.9495726495726495, 'f1': 0.948471615720524, 'precision': 0.9378238341968912, 'recall': 0.9593639575971732}, 'optimization': {'method': 'optuna', 'best_trial': 11, 'n_trials': 30, 'direction': 'maximize', 'cv': {'folds': 5, 'mean_score': 0.9487073818029594, 'std_score': 0.0}}}
[2025-04-23 20:55:33,801] - INFO - core - Directory already exists for Training Report: 'artifacts/2025_04_23T19_54_45Z/model_trainer'
[2025-04-23 20:55:33,804] - INFO - core - Training Report saved to: 'artifacts/2025_04_23T19_54_45Z/model_trainer/training_report.yaml'
[2025-04-23 20:55:33,804] - INFO - core - Directory already exists for Best Model: 'artifacts/2025_04_23T19_54_45Z/model_trainer'
[2025-04-23 20:55:33,813] - INFO - core - Best Model saved to: 'artifacts/2025_04_23T19_54_45Z/model_trainer/model.joblib'
[2025-04-23 20:55:33,813] - INFO - model_trainer - ========== Model Training Pipeline Completed ==========
[2025-04-23 20:55:33,815] - INFO - model_trainer_pipeline - Model Training Completed Successfully: 
Model Trainer Artifact:
  - Trained Model Path:   'artifacts/2025_04_23T19_54_45Z/model_trainer/model.joblib'
  - Training Report Path: 'artifacts/2025_04_23T19_54_45Z/model_trainer/training_report.yaml'

[2025-04-23 20:55:33,815] - INFO - model_trainer_pipeline - ========== Model Training Stage Completed ==========
[2025-04-23 20:55:33,815] - INFO - debug_pipeline - ========== Model Trainer Pipeline Finished ==========
[2025-04-23 20:55:33,816] - INFO - debug_pipeline - ======================================================
