[2025-04-14 10:36:10,721] - INFO - common - YAML loaded successfully from: 'config/config.yaml'
[2025-04-14 10:36:10,721] - INFO - common - YAML loaded successfully from: 'config/params.yaml'
[2025-04-14 10:36:10,721] - INFO - common - YAML loaded successfully from: 'config/schema.yaml'
[2025-04-14 10:36:10,721] - INFO - common - Created directory at: 'artifacts/20250414_103610'
[2025-04-14 10:36:10,721] - INFO - common - Created directory at: 'artifacts/20250414_103610/mongo_handler'
[2025-04-14 10:36:11,580] - INFO - common - Created directory for JSON output at: 'artifacts/20250414_103610/mongo_handler/JSON_data'
[2025-04-14 10:36:11,940] - INFO - common - CSV converted and saved to: 'artifacts/20250414_103610/mongo_handler/JSON_data/input_data_json.json'
[2025-04-14 10:36:11,952] - INFO - mongo_handler - Attempting to connect to MongoDB...
[2025-04-14 10:36:12,003] - INFO - mongo_handler - MongoDB connection established.
[2025-04-14 10:36:12,004] - INFO - mongo_handler - Using database: 'network_security_db'
[2025-04-14 10:36:12,004] - INFO - mongo_handler - Using collection: 'phishing_records'
[2025-04-14 10:36:12,005] - INFO - mongo_handler - Inserting 11055 record(s) into MongoDB...
[2025-04-14 10:36:24,325] - INFO - mongo_handler - 11055 record(s) inserted successfully into MongoDB.
[2025-04-14 10:36:24,332] - INFO - common - Created directory at: 'artifacts/20250414_103610/data_ingestion/featurestore'
[2025-04-14 10:36:24,344] - INFO - common - Created directory at: 'artifacts/20250414_103610/data_ingestion/ingested'
[2025-04-14 10:36:24,344] - INFO - data_ingestion - Connecting to MongoDB...
[2025-04-14 10:36:24,430] - INFO - data_ingestion - Reading data from MongoDB: 'network_security_db/phishing_records'
[2025-04-14 10:36:47,990] - INFO - common - Created directory at: 'artifacts/20250414_103610/data_ingestion/featurestore'
[2025-04-14 10:36:48,960] - INFO - data_ingestion - Loaded 243210 records from MongoDB.
[2025-04-14 10:36:48,960] - INFO - common - Created directory at: 'artifacts/20250414_103610/data_ingestion/ingested'
[2025-04-14 10:36:49,764] - INFO - data_ingestion - Data ingested and saved to dir: 'artifacts/20250414_103610/data_ingestion/ingested/ingested_data.csv'
