[2025-04-25 09:03:48,795] - INFO - debug_pipeline - ========== Launching Data Ingestion Pipeline ==========
[2025-04-25 09:03:48,809] - INFO - core - YAML loaded successfully from: 'config/config.yaml'
[2025-04-25 09:03:48,831] - INFO - core - YAML loaded successfully from: 'config/params.yaml'
[2025-04-25 09:03:48,839] - INFO - core - YAML loaded successfully from: 'config/schema.yaml'
[2025-04-25 09:03:48,841] - INFO - core - YAML loaded successfully from: 'config/templates.yaml'
[2025-04-25 09:03:48,841] - INFO - data_ingestion_pipeline - ========== Data Ingestion Stage Started ==========
[2025-04-25 09:03:48,841] - INFO - data_ingestion - ========== Starting Data Ingestion ==========
[2025-04-25 09:03:49,077] - INFO - mongodb_handler - MongoClient initialized.
[2025-04-25 09:03:52,715] - INFO - mongodb_handler - Exported 22110 documents from network_security_db.phishing_records as DataFrame.
[2025-04-25 09:03:52,794] - INFO - mongodb_handler - MongoClient connection closed.
[2025-04-25 09:03:52,798] - INFO - data_ingestion - Fetched 22110 raw rows from data source.
[2025-04-25 09:03:52,798] - INFO - core - Created directory for Raw Data: 'artifacts/2025_04_25T08_03_45Z/data_ingestion/featurestore'
[2025-04-25 09:03:52,920] - INFO - core - Raw Data saved to: 'artifacts/2025_04_25T08_03_45Z/data_ingestion/featurestore/raw_data.csv'
[2025-04-25 09:03:52,920] - INFO - core - Directory already exists for Raw Data: 'data/raw'
[2025-04-25 09:03:53,019] - INFO - core - Raw Data saved to: 'data/raw/raw_data.csv'
[2025-04-25 09:03:53,019] - INFO - data_ingestion - Raw DataFrame cleaned successfully.
[2025-04-25 09:03:53,019] - INFO - core - Created directory for Cleaned (Ingested) Data: 'artifacts/2025_04_25T08_03_45Z/data_ingestion/ingested'
[2025-04-25 09:03:53,096] - INFO - core - Cleaned (Ingested) Data saved to: 'artifacts/2025_04_25T08_03_45Z/data_ingestion/ingested/ingested_data.csv'
[2025-04-25 09:03:53,096] - INFO - data_ingestion - ========== Data Ingestion Completed ==========
[2025-04-25 09:03:53,104] - INFO - data_ingestion_pipeline - Data Ingestion Process Completed.

Data Ingestion Artifact:
  - Raw Artifact:         'artifacts/2025_04_25T08_03_45Z/data_ingestion/featurestore/raw_data.csv'
  - Raw DVC Path:         'data/raw/raw_data.csv'
  - Ingested Data Path:   'artifacts/2025_04_25T08_03_45Z/data_ingestion/ingested/ingested_data.csv'

[2025-04-25 09:03:53,104] - INFO - data_ingestion_pipeline - ========== Data Ingestion Stage Completed ==========
[2025-04-25 09:03:53,104] - INFO - debug_pipeline - ========== Data Ingestion Pipeline Finished ==========
[2025-04-25 09:03:53,104] - INFO - debug_pipeline - ======================================================
[2025-04-25 09:03:53,108] - INFO - debug_pipeline - ========== Launching Data Validation Pipeline ==========
[2025-04-25 09:03:53,120] - INFO - core - YAML loaded successfully from: 'config/config.yaml'
[2025-04-25 09:03:53,140] - INFO - core - YAML loaded successfully from: 'config/params.yaml'
[2025-04-25 09:03:53,151] - INFO - core - YAML loaded successfully from: 'config/schema.yaml'
[2025-04-25 09:03:53,160] - INFO - core - YAML loaded successfully from: 'config/templates.yaml'
[2025-04-25 09:03:53,160] - INFO - data_validation_pipeline - ========= Data Validation Stage Started =========
[2025-04-25 09:03:53,186] - INFO - core - Ingested Data loaded from: 'artifacts/2025_04_25T08_03_45Z/data_ingestion/ingested/ingested_data.csv'
[2025-04-25 09:03:53,223] - INFO - core - Validated Base Data loaded from: 'data/validated/validated_data.csv'
[2025-04-25 09:03:53,223] - INFO - data_validation - Running data validation...
[2025-04-25 09:03:53,227] - INFO - data_validation - Schema hash check passed.
[2025-04-25 09:03:53,227] - INFO - core - Created directory for Missing Value Report: 'artifacts/2025_04_25T08_03_45Z/data_validation/reports'
[2025-04-25 09:03:53,227] - INFO - core - Missing Value Report saved to: 'artifacts/2025_04_25T08_03_45Z/data_validation/reports/missing_values_report.json'
[2025-04-25 09:03:53,240] - INFO - core - Directory already exists for Duplicates Report: 'artifacts/2025_04_25T08_03_45Z/data_validation/reports'
[2025-04-25 09:03:53,240] - INFO - core - Duplicates Report saved to: 'artifacts/2025_04_25T08_03_45Z/data_validation/reports/duplicates_report.yaml'
[2025-04-25 09:03:53,277] - INFO - core - Directory already exists for Drift Result: 'artifacts/2025_04_25T08_03_45Z/data_validation/reports'
[2025-04-25 09:03:53,288] - INFO - core - Drift Result saved to: 'artifacts/2025_04_25T08_03_45Z/data_validation/reports/drift_report.yaml'
[2025-04-25 09:03:53,289] - INFO - core - Directory already exists for Validation Report: 'artifacts/2025_04_25T08_03_45Z/data_validation/reports'
[2025-04-25 09:03:53,291] - INFO - core - Validation Report saved to: 'artifacts/2025_04_25T08_03_45Z/data_validation/reports/validation_report.yaml'
[2025-04-25 09:03:53,291] - INFO - core - Created directory for Validated Data: 'artifacts/2025_04_25T08_03_45Z/data_validation/validated'
[2025-04-25 09:03:53,301] - INFO - core - Validated Data saved to: 'artifacts/2025_04_25T08_03_45Z/data_validation/validated/validated_data.csv'
[2025-04-25 09:03:53,301] - INFO - core - Directory already exists for Validated Data: 'data/validated'
[2025-04-25 09:03:53,326] - INFO - core - Validated Data saved to: 'data/validated/validated_data.csv'
[2025-04-25 09:03:53,326] - INFO - data_validation_pipeline - Data Validation Process Completed.

Data Validation Artifact:
  - Validated Data Path: 'artifacts/2025_04_25T08_03_45Z/data_validation/validated/validated_data.csv'
  - Validation Status:   'True'

[2025-04-25 09:03:53,326] - INFO - data_validation_pipeline - ========= Data Validation Stage Completed =========
[2025-04-25 09:03:53,326] - INFO - debug_pipeline - ========== Data Validation Pipeline Finished ==========
[2025-04-25 09:03:53,326] - INFO - debug_pipeline - ======================================================
[2025-04-25 09:03:53,326] - INFO - debug_pipeline - ========== Launching Data Transformation Pipeline ==========
[2025-04-25 09:03:53,345] - INFO - core - YAML loaded successfully from: 'config/config.yaml'
[2025-04-25 09:03:53,364] - INFO - core - YAML loaded successfully from: 'config/params.yaml'
[2025-04-25 09:03:53,372] - INFO - core - YAML loaded successfully from: 'config/schema.yaml'
[2025-04-25 09:03:53,374] - INFO - core - YAML loaded successfully from: 'config/templates.yaml'
[2025-04-25 09:03:53,374] - INFO - data_transformation_pipeline - ========== Data Transformation Stage Started ==========
[2025-04-25 09:03:53,407] - INFO - core - Validated Data loaded from: 'artifacts/2025_04_25T08_03_45Z/data_validation/validated/validated_data.csv'
[2025-04-25 09:03:53,407] - INFO - data_transformation - ========== Starting Data Transformation ==========
[2025-04-25 09:03:53,435] - INFO - core - Created directory for X Preprocessor Pipeline: 'artifacts/2025_04_25T08_03_45Z/data_transformation/preprocessor'
[2025-04-25 09:03:53,437] - INFO - core - X Preprocessor Pipeline saved to: 'artifacts/2025_04_25T08_03_45Z/data_transformation/preprocessor/x_preprocessor.joblib'
[2025-04-25 09:03:53,437] - INFO - core - Directory already exists for Y Preprocessor Pipeline: 'artifacts/2025_04_25T08_03_45Z/data_transformation/preprocessor'
[2025-04-25 09:03:53,437] - INFO - core - Y Preprocessor Pipeline saved to: 'artifacts/2025_04_25T08_03_45Z/data_transformation/preprocessor/y_preprocessor.joblib'
[2025-04-25 09:03:53,437] - INFO - core - Created directory for X_train: 'artifacts/2025_04_25T08_03_45Z/data_transformation/transformed/train'
[2025-04-25 09:03:53,440] - INFO - core - X_train saved to: 'artifacts/2025_04_25T08_03_45Z/data_transformation/transformed/train/x_train.npy'
[2025-04-25 09:03:53,440] - INFO - core - Directory already exists for X_train: 'data/transformed/train'
[2025-04-25 09:03:53,442] - INFO - core - X_train saved to: 'data/transformed/train/x_train.npy'
[2025-04-25 09:03:53,442] - INFO - core - Directory already exists for y_train: 'artifacts/2025_04_25T08_03_45Z/data_transformation/transformed/train'
[2025-04-25 09:03:53,443] - INFO - core - y_train saved to: 'artifacts/2025_04_25T08_03_45Z/data_transformation/transformed/train/y_train.npy'
[2025-04-25 09:03:53,443] - INFO - core - Directory already exists for y_train: 'data/transformed/train'
[2025-04-25 09:03:53,443] - INFO - core - y_train saved to: 'data/transformed/train/y_train.npy'
[2025-04-25 09:03:53,443] - INFO - core - Created directory for X_val: 'artifacts/2025_04_25T08_03_45Z/data_transformation/transformed/val'
[2025-04-25 09:03:53,444] - INFO - core - X_val saved to: 'artifacts/2025_04_25T08_03_45Z/data_transformation/transformed/val/x_val.npy'
[2025-04-25 09:03:53,445] - INFO - core - Directory already exists for X_val: 'data/transformed/val'
[2025-04-25 09:03:53,445] - INFO - core - X_val saved to: 'data/transformed/val/x_val.npy'
[2025-04-25 09:03:53,446] - INFO - core - Directory already exists for y_val: 'artifacts/2025_04_25T08_03_45Z/data_transformation/transformed/val'
[2025-04-25 09:03:53,446] - INFO - core - y_val saved to: 'artifacts/2025_04_25T08_03_45Z/data_transformation/transformed/val/y_val.npy'
[2025-04-25 09:03:53,446] - INFO - core - Directory already exists for y_val: 'data/transformed/val'
[2025-04-25 09:03:53,447] - INFO - core - y_val saved to: 'data/transformed/val/y_val.npy'
[2025-04-25 09:03:53,447] - INFO - core - Created directory for X_test: 'artifacts/2025_04_25T08_03_45Z/data_transformation/transformed/test'
[2025-04-25 09:03:53,448] - INFO - core - X_test saved to: 'artifacts/2025_04_25T08_03_45Z/data_transformation/transformed/test/x_test.npy'
[2025-04-25 09:03:53,448] - INFO - core - Directory already exists for X_test: 'data/transformed/test'
[2025-04-25 09:03:53,449] - INFO - core - X_test saved to: 'data/transformed/test/x_test.npy'
[2025-04-25 09:03:53,449] - INFO - core - Directory already exists for y_test: 'artifacts/2025_04_25T08_03_45Z/data_transformation/transformed/test'
[2025-04-25 09:03:53,449] - INFO - core - y_test saved to: 'artifacts/2025_04_25T08_03_45Z/data_transformation/transformed/test/y_test.npy'
[2025-04-25 09:03:53,449] - INFO - core - Directory already exists for y_test: 'data/transformed/test'
[2025-04-25 09:03:53,449] - INFO - core - y_test saved to: 'data/transformed/test/y_test.npy'
[2025-04-25 09:03:53,449] - INFO - data_transformation - ========== Data Transformation Completed ==========
[2025-04-25 09:03:53,451] - INFO - data_transformation_pipeline - Data Transformation Completed Successfully: 
Data Transformation Artifact:
  - X-Train Data Path:    'artifacts/2025_04_25T08_03_45Z/data_transformation/transformed/train/x_train.npy'
  - Y-Train Data Path:    'artifacts/2025_04_25T08_03_45Z/data_transformation/transformed/train/y_train.npy'
  - X-Val Data Path:      'artifacts/2025_04_25T08_03_45Z/data_transformation/transformed/val/x_val.npy'
  - Y-Val Data Path:      'artifacts/2025_04_25T08_03_45Z/data_transformation/transformed/val/y_val.npy'
  - X-Test Data Path:     'artifacts/2025_04_25T08_03_45Z/data_transformation/transformed/test/x_test.npy'
  - Y-Test Data Path:     'artifacts/2025_04_25T08_03_45Z/data_transformation/transformed/test/y_test.npy'

[2025-04-25 09:03:53,451] - INFO - data_transformation_pipeline - ========== Data Transformation Stage Completed ==========
[2025-04-25 09:03:53,451] - INFO - debug_pipeline - ========== Data Transformation Pipeline Finished ==========
[2025-04-25 09:03:53,451] - INFO - debug_pipeline - ======================================================
[2025-04-25 09:03:53,452] - INFO - debug_pipeline - ========== Launching Model Trainer Pipeline ==========
[2025-04-25 09:03:53,461] - INFO - core - YAML loaded successfully from: 'config/config.yaml'
[2025-04-25 09:03:53,482] - INFO - core - YAML loaded successfully from: 'config/params.yaml'
[2025-04-25 09:03:53,482] - INFO - core - YAML loaded successfully from: 'config/schema.yaml'
[2025-04-25 09:03:53,498] - INFO - core - YAML loaded successfully from: 'config/templates.yaml'
[2025-04-25 09:03:53,499] - INFO - model_trainer_pipeline - ========== Model Training Stage Started ==========
[2025-04-25 09:03:53,499] - INFO - model_trainer - Initializing ModelTrainer with root_dir=artifacts\2025_04_25T08_03_45Z\model_trainer
[2025-04-25 09:03:54,797] - INFO - model_trainer - ========== Starting Model Training ==========
