[2025-05-01 01:18:34,620] - INFO - debug_pipeline - ========== Launching Data Ingestion Pipeline ==========
[2025-05-01 01:18:34,626] - INFO - core - YAML loaded successfully from: 'config/config.yaml'
[2025-05-01 01:18:34,633] - INFO - core - YAML loaded successfully from: 'config/params.yaml'
[2025-05-01 01:18:34,637] - INFO - core - YAML loaded successfully from: 'config/schema.yaml'
[2025-05-01 01:18:34,639] - INFO - core - YAML loaded successfully from: 'config/templates.yaml'
[2025-05-01 01:18:34,639] - INFO - data_ingestion_pipeline - ========== Data Ingestion Stage Started ==========
[2025-05-01 01:18:34,639] - INFO - data_ingestion - ========== Starting Data Ingestion ==========
[2025-05-01 01:18:34,832] - INFO - mongodb_handler - MongoClient initialized.
[2025-05-01 01:18:37,553] - INFO - mongodb_handler - Exported 22110 documents from network_security_db.phishing_records as DataFrame.
[2025-05-01 01:18:37,635] - INFO - mongodb_handler - MongoClient connection closed.
[2025-05-01 01:18:37,635] - INFO - data_ingestion - Fetched 22110 raw rows from data source.
[2025-05-01 01:18:37,636] - INFO - core - Created directory for Raw Data: 'artifacts/2025_05_01T00_18_32Z/data_ingestion/featurestore'
[2025-05-01 01:18:37,729] - INFO - core - Raw Data saved to: 'artifacts/2025_05_01T00_18_32Z/data_ingestion/featurestore/raw_data.csv'
[2025-05-01 01:18:37,729] - INFO - core - Directory already exists for Raw Data: 'data/raw'
[2025-05-01 01:18:37,820] - INFO - core - Raw Data saved to: 'data/raw/raw_data.csv'
[2025-05-01 01:18:37,824] - INFO - data_ingestion - Raw DataFrame cleaned successfully.
[2025-05-01 01:18:37,824] - INFO - core - Created directory for Cleaned (Ingested) Data: 'artifacts/2025_05_01T00_18_32Z/data_ingestion/ingested'
[2025-05-01 01:18:37,900] - INFO - core - Cleaned (Ingested) Data saved to: 'artifacts/2025_05_01T00_18_32Z/data_ingestion/ingested/ingested_data.csv'
[2025-05-01 01:18:37,900] - INFO - data_ingestion - ========== Data Ingestion Completed ==========
[2025-05-01 01:18:37,906] - INFO - data_ingestion_pipeline - Data Ingestion Process Completed.

Data Ingestion Artifact:
  - Raw Artifact:         'artifacts/2025_05_01T00_18_32Z/data_ingestion/featurestore/raw_data.csv'
  - Raw DVC Path:         'data/raw/raw_data.csv'
  - Ingested Data Path:   'artifacts/2025_05_01T00_18_32Z/data_ingestion/ingested/ingested_data.csv'

[2025-05-01 01:18:37,906] - INFO - data_ingestion_pipeline - ========== Data Ingestion Stage Completed ==========
[2025-05-01 01:18:37,907] - INFO - debug_pipeline - ========== Data Ingestion Pipeline Finished ==========
[2025-05-01 01:18:37,907] - INFO - debug_pipeline - ======================================================
[2025-05-01 01:18:37,907] - INFO - debug_pipeline - ========== Launching Data Validation Pipeline ==========
[2025-05-01 01:18:37,912] - INFO - core - YAML loaded successfully from: 'config/config.yaml'
[2025-05-01 01:18:37,920] - INFO - core - YAML loaded successfully from: 'config/params.yaml'
[2025-05-01 01:18:37,924] - INFO - core - YAML loaded successfully from: 'config/schema.yaml'
[2025-05-01 01:18:37,927] - INFO - core - YAML loaded successfully from: 'config/templates.yaml'
[2025-05-01 01:18:37,927] - INFO - data_validation_pipeline - ========= Data Validation Stage Started =========
[2025-05-01 01:18:37,974] - INFO - core - Ingested Data loaded from: 'artifacts/2025_05_01T00_18_32Z/data_ingestion/ingested/ingested_data.csv'
[2025-05-01 01:18:38,003] - INFO - core - Validated Base Data loaded from: 'data/validated/validated_data.csv'
[2025-05-01 01:18:38,003] - INFO - data_validation - Running data validation...
[2025-05-01 01:18:38,003] - INFO - data_validation - Schema hash check passed.
[2025-05-01 01:18:38,007] - INFO - core - Created directory for Missing Value Report: 'artifacts/2025_05_01T00_18_32Z/data_validation/reports'
[2025-05-01 01:18:38,007] - INFO - core - Missing Value Report saved to: 'artifacts/2025_05_01T00_18_32Z/data_validation/reports/missing_values_report.json'
[2025-05-01 01:18:38,017] - INFO - core - Directory already exists for Duplicates Report: 'artifacts/2025_05_01T00_18_32Z/data_validation/reports'
[2025-05-01 01:18:38,017] - INFO - core - Duplicates Report saved to: 'artifacts/2025_05_01T00_18_32Z/data_validation/reports/duplicates_report.yaml'
[2025-05-01 01:18:38,043] - INFO - core - Directory already exists for Drift Result: 'artifacts/2025_05_01T00_18_32Z/data_validation/reports'
[2025-05-01 01:18:38,045] - INFO - core - Drift Result saved to: 'artifacts/2025_05_01T00_18_32Z/data_validation/reports/drift_report.yaml'
[2025-05-01 01:18:38,049] - INFO - core - Directory already exists for Validation Report: 'artifacts/2025_05_01T00_18_32Z/data_validation/reports'
[2025-05-01 01:18:38,050] - INFO - core - Validation Report saved to: 'artifacts/2025_05_01T00_18_32Z/data_validation/reports/validation_report.yaml'
[2025-05-01 01:18:38,050] - INFO - core - Created directory for Validated Data: 'artifacts/2025_05_01T00_18_32Z/data_validation/validated'
[2025-05-01 01:18:38,070] - INFO - core - Validated Data saved to: 'artifacts/2025_05_01T00_18_32Z/data_validation/validated/validated_data.csv'
[2025-05-01 01:18:38,070] - INFO - core - Directory already exists for Validated Data: 'data/validated'
[2025-05-01 01:18:38,094] - INFO - core - Validated Data saved to: 'data/validated/validated_data.csv'
[2025-05-01 01:18:38,094] - INFO - data_validation_pipeline - Data Validation Process Completed.

Data Validation Artifact:
  - Validated Data Path: 'artifacts/2025_05_01T00_18_32Z/data_validation/validated/validated_data.csv'
  - Validation Status:   'True'

[2025-05-01 01:18:38,094] - INFO - data_validation_pipeline - ========= Data Validation Stage Completed =========
[2025-05-01 01:18:38,094] - INFO - debug_pipeline - ========== Data Validation Pipeline Finished ==========
[2025-05-01 01:18:38,095] - INFO - debug_pipeline - ======================================================
[2025-05-01 01:18:38,095] - INFO - debug_pipeline - ========== Launching Data Transformation Pipeline ==========
[2025-05-01 01:18:38,100] - INFO - core - YAML loaded successfully from: 'config/config.yaml'
[2025-05-01 01:18:38,103] - INFO - core - YAML loaded successfully from: 'config/params.yaml'
[2025-05-01 01:18:38,110] - INFO - core - YAML loaded successfully from: 'config/schema.yaml'
[2025-05-01 01:18:38,113] - INFO - core - YAML loaded successfully from: 'config/templates.yaml'
[2025-05-01 01:18:38,113] - INFO - data_transformation_pipeline - ========== Data Transformation Stage Started ==========
[2025-05-01 01:18:38,136] - INFO - core - Validated Data loaded from: 'artifacts/2025_05_01T00_18_32Z/data_validation/validated/validated_data.csv'
[2025-05-01 01:18:38,140] - INFO - data_transformation - ========== Starting Data Transformation ==========
[2025-05-01 01:18:38,160] - INFO - core - Created directory for X Preprocessor Pipeline: 'artifacts/2025_05_01T00_18_32Z/data_transformation/preprocessor'
[2025-05-01 01:18:38,161] - INFO - core - X Preprocessor Pipeline saved to: 'artifacts/2025_05_01T00_18_32Z/data_transformation/preprocessor/x_preprocessor.joblib'
[2025-05-01 01:18:38,162] - INFO - core - Directory already exists for Y Preprocessor Pipeline: 'artifacts/2025_05_01T00_18_32Z/data_transformation/preprocessor'
[2025-05-01 01:18:38,162] - INFO - core - Y Preprocessor Pipeline saved to: 'artifacts/2025_05_01T00_18_32Z/data_transformation/preprocessor/y_preprocessor.joblib'
[2025-05-01 01:18:38,163] - INFO - core - Created directory for X_train: 'artifacts/2025_05_01T00_18_32Z/data_transformation/transformed/train'
[2025-05-01 01:18:38,165] - INFO - core - X_train saved to: 'artifacts/2025_05_01T00_18_32Z/data_transformation/transformed/train/x_train.npy'
[2025-05-01 01:18:38,165] - INFO - core - Directory already exists for X_train: 'data/transformed/train'
[2025-05-01 01:18:38,167] - INFO - core - X_train saved to: 'data/transformed/train/x_train.npy'
[2025-05-01 01:18:38,167] - INFO - core - Directory already exists for y_train: 'artifacts/2025_05_01T00_18_32Z/data_transformation/transformed/train'
[2025-05-01 01:18:38,168] - INFO - core - y_train saved to: 'artifacts/2025_05_01T00_18_32Z/data_transformation/transformed/train/y_train.npy'
[2025-05-01 01:18:38,168] - INFO - core - Directory already exists for y_train: 'data/transformed/train'
[2025-05-01 01:18:38,168] - INFO - core - y_train saved to: 'data/transformed/train/y_train.npy'
[2025-05-01 01:18:38,168] - INFO - core - Created directory for X_val: 'artifacts/2025_05_01T00_18_32Z/data_transformation/transformed/val'
[2025-05-01 01:18:38,169] - INFO - core - X_val saved to: 'artifacts/2025_05_01T00_18_32Z/data_transformation/transformed/val/x_val.npy'
[2025-05-01 01:18:38,169] - INFO - core - Directory already exists for X_val: 'data/transformed/val'
[2025-05-01 01:18:38,169] - INFO - core - X_val saved to: 'data/transformed/val/x_val.npy'
[2025-05-01 01:18:38,170] - INFO - core - Directory already exists for y_val: 'artifacts/2025_05_01T00_18_32Z/data_transformation/transformed/val'
[2025-05-01 01:18:38,170] - INFO - core - y_val saved to: 'artifacts/2025_05_01T00_18_32Z/data_transformation/transformed/val/y_val.npy'
[2025-05-01 01:18:38,170] - INFO - core - Directory already exists for y_val: 'data/transformed/val'
[2025-05-01 01:18:38,170] - INFO - core - y_val saved to: 'data/transformed/val/y_val.npy'
[2025-05-01 01:18:38,170] - INFO - core - Created directory for X_test: 'artifacts/2025_05_01T00_18_32Z/data_transformation/transformed/test'
[2025-05-01 01:18:38,170] - INFO - core - X_test saved to: 'artifacts/2025_05_01T00_18_32Z/data_transformation/transformed/test/x_test.npy'
[2025-05-01 01:18:38,170] - INFO - core - Directory already exists for X_test: 'data/transformed/test'
[2025-05-01 01:18:38,170] - INFO - core - X_test saved to: 'data/transformed/test/x_test.npy'
[2025-05-01 01:18:38,170] - INFO - core - Directory already exists for y_test: 'artifacts/2025_05_01T00_18_32Z/data_transformation/transformed/test'
[2025-05-01 01:18:38,170] - INFO - core - y_test saved to: 'artifacts/2025_05_01T00_18_32Z/data_transformation/transformed/test/y_test.npy'
[2025-05-01 01:18:38,173] - INFO - core - Directory already exists for y_test: 'data/transformed/test'
[2025-05-01 01:18:38,174] - INFO - core - y_test saved to: 'data/transformed/test/y_test.npy'
[2025-05-01 01:18:38,174] - INFO - data_transformation - ========== Data Transformation Completed ==========
[2025-05-01 01:18:38,174] - INFO - data_transformation_pipeline - Data Transformation Completed Successfully: 
Data Transformation Artifact:
  - X-Train Data Path:    'artifacts/2025_05_01T00_18_32Z/data_transformation/transformed/train/x_train.npy'
  - Y-Train Data Path:    'artifacts/2025_05_01T00_18_32Z/data_transformation/transformed/train/y_train.npy'
  - X-Val Data Path:      'artifacts/2025_05_01T00_18_32Z/data_transformation/transformed/val/x_val.npy'
  - Y-Val Data Path:      'artifacts/2025_05_01T00_18_32Z/data_transformation/transformed/val/y_val.npy'
  - X-Test Data Path:     'artifacts/2025_05_01T00_18_32Z/data_transformation/transformed/test/x_test.npy'
  - Y-Test Data Path:     'artifacts/2025_05_01T00_18_32Z/data_transformation/transformed/test/y_test.npy'
  - X-Processor Path:     'artifacts/2025_05_01T00_18_32Z/data_transformation/preprocessor/x_preprocessor.joblib'
  - Y-Processor Path:     'artifacts/2025_05_01T00_18_32Z/data_transformation/preprocessor/y_preprocessor.joblib'

[2025-05-01 01:18:38,174] - INFO - data_transformation_pipeline - ========== Data Transformation Stage Completed ==========
[2025-05-01 01:18:38,174] - INFO - debug_pipeline - ========== Data Transformation Pipeline Finished ==========
[2025-05-01 01:18:38,174] - INFO - debug_pipeline - ======================================================
[2025-05-01 01:18:38,174] - INFO - debug_pipeline - ========== Launching Model Trainer Pipeline ==========
[2025-05-01 01:18:38,178] - INFO - core - YAML loaded successfully from: 'config/config.yaml'
[2025-05-01 01:18:38,186] - INFO - core - YAML loaded successfully from: 'config/params.yaml'
[2025-05-01 01:18:38,189] - INFO - core - YAML loaded successfully from: 'config/schema.yaml'
[2025-05-01 01:18:38,193] - INFO - core - YAML loaded successfully from: 'config/templates.yaml'
[2025-05-01 01:18:38,193] - INFO - model_trainer_pipeline - ========== Model Training Stage Started ==========
[2025-05-01 01:18:38,193] - INFO - model_trainer - Initializing ModelTrainer with root_dir=artifacts\2025_05_01T00_18_32Z\model_trainer
[2025-05-01 01:18:39,411] - INFO - model_trainer - ========== Starting Model Training ==========
[2025-05-01 01:18:39,415] - INFO - core - X train loaded successfully from: 'artifacts/2025_05_01T00_18_32Z/data_transformation/transformed/train/x_train.npy'
[2025-05-01 01:18:39,425] - INFO - core - Y train loaded successfully from: 'artifacts/2025_05_01T00_18_32Z/data_transformation/transformed/train/y_train.npy'
[2025-05-01 01:18:39,437] - INFO - core - X val loaded successfully from: 'artifacts/2025_05_01T00_18_32Z/data_transformation/transformed/val/x_val.npy'
[2025-05-01 01:18:39,443] - INFO - core - Y val loaded successfully from: 'artifacts/2025_05_01T00_18_32Z/data_transformation/transformed/val/y_val.npy'
[2025-05-01 01:19:20,711] - INFO - core - Created directory for Trained Model: 'artifacts/2025_05_01T00_18_32Z/model_trainer/trained_model'
[2025-05-01 01:19:20,744] - INFO - core - Trained Model saved to: 'artifacts/2025_05_01T00_18_32Z/model_trainer/trained_model/model.joblib'
[2025-05-01 01:19:20,756] - INFO - core - Created directory for Inference Model: 'artifacts/2025_05_01T00_18_32Z/model_trainer/inference_model'
[2025-05-01 01:19:20,771] - INFO - core - Inference Model saved to: 'artifacts/2025_05_01T00_18_32Z/model_trainer/inference_model/inference_model.joblib'
[2025-05-01 01:19:20,779] - INFO - core - Created directory for Training Report: 'artifacts/2025_05_01T00_18_32Z/model_trainer/reports'
[2025-05-01 01:19:20,783] - INFO - core - Training Report saved to: 'artifacts/2025_05_01T00_18_32Z/model_trainer/reports/training_report.yaml'
[2025-05-01 01:19:21,188] - INFO - model_trainer - ========== Model Training Completed ==========
[2025-05-01 01:19:21,188] - INFO - model_trainer_pipeline - Model Training Completed Successfully: 
Model Trainer Artifact:
  - Trained Model Path:   'artifacts/2025_05_01T00_18_32Z/model_trainer/inference_model/inference_model.joblib'
  - Training Report Path: 'artifacts/2025_05_01T00_18_32Z/model_trainer/reports/training_report.yaml'
  - X Train Path: 'artifacts/2025_05_01T00_18_32Z/data_transformation/transformed/train/x_train.npy'
  - Y Train Path: 'artifacts/2025_05_01T00_18_32Z/data_transformation/transformed/train/y_train.npy'
  - X Val Path:   'artifacts/2025_05_01T00_18_32Z/data_transformation/transformed/val/x_val.npy'
  - Y Val Path:   'artifacts/2025_05_01T00_18_32Z/data_transformation/transformed/val/y_val.npy'
  - X Test Path:  'artifacts/2025_05_01T00_18_32Z/data_transformation/transformed/test/x_test.npy'
  - Y Test Path:  'artifacts/2025_05_01T00_18_32Z/data_transformation/transformed/test/y_test.npy'
[2025-05-01 01:19:21,188] - INFO - model_trainer_pipeline - ========== Model Training Stage Completed ==========
[2025-05-01 01:19:21,194] - INFO - debug_pipeline - ========== Model Trainer Pipeline Finished ==========
[2025-05-01 01:19:21,195] - INFO - debug_pipeline - ======================================================
[2025-05-01 01:19:21,196] - INFO - debug_pipeline - ========== Launching Model Evaluation Pipeline ==========
[2025-05-01 01:19:21,199] - INFO - model_evaluation_pipeline - Initializing ModelEvaluationPipeline...
[2025-05-01 01:19:21,226] - INFO - core - YAML loaded successfully from: 'config/config.yaml'
[2025-05-01 01:19:21,241] - INFO - core - YAML loaded successfully from: 'config/params.yaml'
[2025-05-01 01:19:21,248] - INFO - core - YAML loaded successfully from: 'config/schema.yaml'
[2025-05-01 01:19:21,254] - INFO - core - YAML loaded successfully from: 'config/templates.yaml'
[2025-05-01 01:19:21,256] - INFO - model_evaluation_pipeline - ========== Model Evaluation Stage Started ==========
[2025-05-01 01:19:21,256] - INFO - model_evaluation - Initializing ModelEvaluator with root_dir=artifacts\2025_05_01T00_18_32Z\model_evaluation
[2025-05-01 01:19:21,257] - INFO - model_evaluation - ========== Starting Model Evaluation ==========
[2025-05-01 01:19:21,258] - INFO - core - X Train loaded successfully from: 'artifacts/2025_05_01T00_18_32Z/data_transformation/transformed/train/x_train.npy'
[2025-05-01 01:19:21,258] - INFO - core - Y Train loaded successfully from: 'artifacts/2025_05_01T00_18_32Z/data_transformation/transformed/train/y_train.npy'
[2025-05-01 01:19:21,259] - INFO - core - X Val loaded successfully from: 'artifacts/2025_05_01T00_18_32Z/data_transformation/transformed/val/x_val.npy'
[2025-05-01 01:19:21,261] - INFO - core - Y Val loaded successfully from: 'artifacts/2025_05_01T00_18_32Z/data_transformation/transformed/val/y_val.npy'
[2025-05-01 01:19:21,281] - INFO - core - X Test loaded successfully from: 'artifacts/2025_05_01T00_18_32Z/data_transformation/transformed/test/x_test.npy'
[2025-05-01 01:19:21,295] - INFO - core - Y Test loaded successfully from: 'artifacts/2025_05_01T00_18_32Z/data_transformation/transformed/test/y_test.npy'
[2025-05-01 01:19:21,295] - INFO - core - Loading object from: 'artifacts/2025_05_01T00_18_32Z/model_trainer/inference_model/inference_model.joblib'
[2025-05-01 01:19:21,328] - INFO - model_evaluation - Inference Model loaded successfully for evaluation.
[2025-05-01 01:19:21,415] - INFO - core - Directory already exists for Evaluation Report: 'artifacts/2025_05_01T00_18_32Z/model_evaluation'
[2025-05-01 01:19:21,418] - INFO - core - Evaluation Report saved to: 'artifacts/2025_05_01T00_18_32Z/model_evaluation/evaluation_report.yaml'
[2025-05-01 01:19:21,419] - INFO - model_evaluation - ========== Model Evaluation Completed ==========
[2025-05-01 01:19:21,419] - INFO - model_evaluation_pipeline - Model Evaluation Completed Successfully: 
Model Evaluation Artifact:
  - Evaluation Report Path: 'artifacts/2025_05_01T00_18_32Z/model_evaluation/evaluation_report.yaml'

[2025-05-01 01:19:21,420] - INFO - model_evaluation_pipeline - ========== Model Evaluation Stage Completed ==========
[2025-05-01 01:19:21,420] - INFO - debug_pipeline - ========== Model Evaluation Pipeline Finished ==========
[2025-05-01 01:19:21,422] - INFO - debug_pipeline - ======================================================
[2025-05-01 01:19:21,423] - INFO - debug_pipeline - ========== Launching Model Pusher Pipeline ==========
[2025-05-01 01:19:21,424] - INFO - model_pusher_pipeline - Initializing ModelPusherPipeline...
[2025-05-01 01:19:21,451] - INFO - core - YAML loaded successfully from: 'config/config.yaml'
[2025-05-01 01:19:21,467] - INFO - core - YAML loaded successfully from: 'config/params.yaml'
[2025-05-01 01:19:21,487] - INFO - core - YAML loaded successfully from: 'config/schema.yaml'
[2025-05-01 01:19:21,496] - INFO - core - YAML loaded successfully from: 'config/templates.yaml'
[2025-05-01 01:19:21,498] - INFO - model_pusher_pipeline - ========== Model Pusher Stage Started ==========
[2025-05-01 01:19:21,498] - INFO - model_pusher - Starting model push process...
[2025-05-01 01:19:21,498] - INFO - core - Loading object from: 'artifacts/2025_05_01T00_18_32Z/model_trainer/inference_model/inference_model.joblib'
[2025-05-01 01:19:21,528] - INFO - core - Directory already exists for Final Model: 'final_model'
[2025-05-01 01:19:21,544] - INFO - core - Final Model saved to: 'final_model/final_inference_model.joblib'
[2025-05-01 01:19:21,885] - INFO - s3_syncer - S3Syncer initialized for bucket 'networksecurity-dev-artifacts' in region 'us-east-1'
[2025-05-01 01:19:24,740] - INFO - s3_syncer - File uploaded to S3: final_model/final_inference_model.joblib -> s3://networksecurity-dev-artifacts/final_model/final_inference_model.joblib
[2025-05-01 01:19:24,742] - INFO - s3_syncer - Walking through directory: E:/MyProjects/networksecurity/artifacts
[2025-05-01 01:19:24,744] - INFO - s3_syncer - Target S3 prefix: artifacts/artifacts
[2025-05-01 01:19:24,744] - INFO - s3_syncer - Uploading file: artifacts/2025_05_01T00_14_27Z/data_ingestion/featurestore/raw_data.csv -> s3://networksecurity-dev-artifacts/artifacts/artifacts/2025_05_01T00_14_27Z/data_ingestion/featurestore/raw_data.csv
[2025-05-01 01:19:26,370] - INFO - s3_syncer - File uploaded to S3: artifacts/2025_05_01T00_14_27Z/data_ingestion/featurestore/raw_data.csv -> s3://networksecurity-dev-artifacts/artifacts/artifacts/2025_05_01T00_14_27Z/data_ingestion/featurestore/raw_data.csv
[2025-05-01 01:19:26,375] - INFO - s3_syncer - Uploading file: artifacts/2025_05_01T00_14_27Z/data_ingestion/ingested/ingested_data.csv -> s3://networksecurity-dev-artifacts/artifacts/artifacts/2025_05_01T00_14_27Z/data_ingestion/ingested/ingested_data.csv
[2025-05-01 01:19:27,474] - INFO - s3_syncer - File uploaded to S3: artifacts/2025_05_01T00_14_27Z/data_ingestion/ingested/ingested_data.csv -> s3://networksecurity-dev-artifacts/artifacts/artifacts/2025_05_01T00_14_27Z/data_ingestion/ingested/ingested_data.csv
[2025-05-01 01:19:27,474] - INFO - s3_syncer - Uploading file: artifacts/2025_05_01T00_14_27Z/data_transformation/preprocessor/x_preprocessor.joblib -> s3://networksecurity-dev-artifacts/artifacts/artifacts/2025_05_01T00_14_27Z/data_transformation/preprocessor/x_preprocessor.joblib
[2025-05-01 01:19:28,276] - INFO - s3_syncer - File uploaded to S3: artifacts/2025_05_01T00_14_27Z/data_transformation/preprocessor/x_preprocessor.joblib -> s3://networksecurity-dev-artifacts/artifacts/artifacts/2025_05_01T00_14_27Z/data_transformation/preprocessor/x_preprocessor.joblib
[2025-05-01 01:19:28,276] - INFO - s3_syncer - Uploading file: artifacts/2025_05_01T00_14_27Z/data_transformation/preprocessor/y_preprocessor.joblib -> s3://networksecurity-dev-artifacts/artifacts/artifacts/2025_05_01T00_14_27Z/data_transformation/preprocessor/y_preprocessor.joblib
[2025-05-01 01:19:28,530] - INFO - s3_syncer - File uploaded to S3: artifacts/2025_05_01T00_14_27Z/data_transformation/preprocessor/y_preprocessor.joblib -> s3://networksecurity-dev-artifacts/artifacts/artifacts/2025_05_01T00_14_27Z/data_transformation/preprocessor/y_preprocessor.joblib
[2025-05-01 01:19:28,535] - INFO - s3_syncer - Uploading file: artifacts/2025_05_01T00_14_27Z/data_transformation/transformed/test/x_test.npy -> s3://networksecurity-dev-artifacts/artifacts/artifacts/2025_05_01T00_14_27Z/data_transformation/transformed/test/x_test.npy
[2025-05-01 01:19:28,990] - INFO - s3_syncer - File uploaded to S3: artifacts/2025_05_01T00_14_27Z/data_transformation/transformed/test/x_test.npy -> s3://networksecurity-dev-artifacts/artifacts/artifacts/2025_05_01T00_14_27Z/data_transformation/transformed/test/x_test.npy
[2025-05-01 01:19:28,990] - INFO - s3_syncer - Uploading file: artifacts/2025_05_01T00_14_27Z/data_transformation/transformed/test/y_test.npy -> s3://networksecurity-dev-artifacts/artifacts/artifacts/2025_05_01T00_14_27Z/data_transformation/transformed/test/y_test.npy
[2025-05-01 01:19:29,288] - INFO - s3_syncer - File uploaded to S3: artifacts/2025_05_01T00_14_27Z/data_transformation/transformed/test/y_test.npy -> s3://networksecurity-dev-artifacts/artifacts/artifacts/2025_05_01T00_14_27Z/data_transformation/transformed/test/y_test.npy
[2025-05-01 01:19:29,288] - INFO - s3_syncer - Uploading file: artifacts/2025_05_01T00_14_27Z/data_transformation/transformed/train/x_train.npy -> s3://networksecurity-dev-artifacts/artifacts/artifacts/2025_05_01T00_14_27Z/data_transformation/transformed/train/x_train.npy
[2025-05-01 01:19:30,010] - INFO - s3_syncer - File uploaded to S3: artifacts/2025_05_01T00_14_27Z/data_transformation/transformed/train/x_train.npy -> s3://networksecurity-dev-artifacts/artifacts/artifacts/2025_05_01T00_14_27Z/data_transformation/transformed/train/x_train.npy
[2025-05-01 01:19:30,010] - INFO - s3_syncer - Uploading file: artifacts/2025_05_01T00_14_27Z/data_transformation/transformed/train/y_train.npy -> s3://networksecurity-dev-artifacts/artifacts/artifacts/2025_05_01T00_14_27Z/data_transformation/transformed/train/y_train.npy
[2025-05-01 01:19:30,330] - INFO - s3_syncer - File uploaded to S3: artifacts/2025_05_01T00_14_27Z/data_transformation/transformed/train/y_train.npy -> s3://networksecurity-dev-artifacts/artifacts/artifacts/2025_05_01T00_14_27Z/data_transformation/transformed/train/y_train.npy
[2025-05-01 01:19:30,330] - INFO - s3_syncer - Uploading file: artifacts/2025_05_01T00_14_27Z/data_transformation/transformed/val/x_val.npy -> s3://networksecurity-dev-artifacts/artifacts/artifacts/2025_05_01T00_14_27Z/data_transformation/transformed/val/x_val.npy
[2025-05-01 01:19:30,920] - INFO - s3_syncer - File uploaded to S3: artifacts/2025_05_01T00_14_27Z/data_transformation/transformed/val/x_val.npy -> s3://networksecurity-dev-artifacts/artifacts/artifacts/2025_05_01T00_14_27Z/data_transformation/transformed/val/x_val.npy
[2025-05-01 01:19:30,920] - INFO - s3_syncer - Uploading file: artifacts/2025_05_01T00_14_27Z/data_transformation/transformed/val/y_val.npy -> s3://networksecurity-dev-artifacts/artifacts/artifacts/2025_05_01T00_14_27Z/data_transformation/transformed/val/y_val.npy
[2025-05-01 01:19:31,302] - INFO - s3_syncer - File uploaded to S3: artifacts/2025_05_01T00_14_27Z/data_transformation/transformed/val/y_val.npy -> s3://networksecurity-dev-artifacts/artifacts/artifacts/2025_05_01T00_14_27Z/data_transformation/transformed/val/y_val.npy
[2025-05-01 01:19:31,302] - INFO - s3_syncer - Uploading file: artifacts/2025_05_01T00_14_27Z/data_validation/reports/drift_report.yaml -> s3://networksecurity-dev-artifacts/artifacts/artifacts/2025_05_01T00_14_27Z/data_validation/reports/drift_report.yaml
[2025-05-01 01:19:31,589] - INFO - s3_syncer - File uploaded to S3: artifacts/2025_05_01T00_14_27Z/data_validation/reports/drift_report.yaml -> s3://networksecurity-dev-artifacts/artifacts/artifacts/2025_05_01T00_14_27Z/data_validation/reports/drift_report.yaml
[2025-05-01 01:19:31,589] - INFO - s3_syncer - Uploading file: artifacts/2025_05_01T00_14_27Z/data_validation/reports/duplicates_report.yaml -> s3://networksecurity-dev-artifacts/artifacts/artifacts/2025_05_01T00_14_27Z/data_validation/reports/duplicates_report.yaml
[2025-05-01 01:19:31,837] - INFO - s3_syncer - File uploaded to S3: artifacts/2025_05_01T00_14_27Z/data_validation/reports/duplicates_report.yaml -> s3://networksecurity-dev-artifacts/artifacts/artifacts/2025_05_01T00_14_27Z/data_validation/reports/duplicates_report.yaml
[2025-05-01 01:19:31,839] - INFO - s3_syncer - Uploading file: artifacts/2025_05_01T00_14_27Z/data_validation/reports/missing_values_report.json -> s3://networksecurity-dev-artifacts/artifacts/artifacts/2025_05_01T00_14_27Z/data_validation/reports/missing_values_report.json
[2025-05-01 01:19:32,099] - INFO - s3_syncer - File uploaded to S3: artifacts/2025_05_01T00_14_27Z/data_validation/reports/missing_values_report.json -> s3://networksecurity-dev-artifacts/artifacts/artifacts/2025_05_01T00_14_27Z/data_validation/reports/missing_values_report.json
[2025-05-01 01:19:32,100] - INFO - s3_syncer - Uploading file: artifacts/2025_05_01T00_14_27Z/data_validation/reports/validation_report.yaml -> s3://networksecurity-dev-artifacts/artifacts/artifacts/2025_05_01T00_14_27Z/data_validation/reports/validation_report.yaml
[2025-05-01 01:19:32,360] - INFO - s3_syncer - File uploaded to S3: artifacts/2025_05_01T00_14_27Z/data_validation/reports/validation_report.yaml -> s3://networksecurity-dev-artifacts/artifacts/artifacts/2025_05_01T00_14_27Z/data_validation/reports/validation_report.yaml
[2025-05-01 01:19:32,360] - INFO - s3_syncer - Uploading file: artifacts/2025_05_01T00_14_27Z/data_validation/validated/validated_data.csv -> s3://networksecurity-dev-artifacts/artifacts/artifacts/2025_05_01T00_14_27Z/data_validation/validated/validated_data.csv
[2025-05-01 01:19:33,327] - INFO - s3_syncer - File uploaded to S3: artifacts/2025_05_01T00_14_27Z/data_validation/validated/validated_data.csv -> s3://networksecurity-dev-artifacts/artifacts/artifacts/2025_05_01T00_14_27Z/data_validation/validated/validated_data.csv
[2025-05-01 01:19:33,327] - INFO - s3_syncer - Uploading file: artifacts/2025_05_01T00_14_27Z/model_evaluation/evaluation_report.yaml -> s3://networksecurity-dev-artifacts/artifacts/artifacts/2025_05_01T00_14_27Z/model_evaluation/evaluation_report.yaml
[2025-05-01 01:19:33,607] - INFO - s3_syncer - File uploaded to S3: artifacts/2025_05_01T00_14_27Z/model_evaluation/evaluation_report.yaml -> s3://networksecurity-dev-artifacts/artifacts/artifacts/2025_05_01T00_14_27Z/model_evaluation/evaluation_report.yaml
[2025-05-01 01:19:33,610] - INFO - s3_syncer - Uploading file: artifacts/2025_05_01T00_14_27Z/model_trainer/inference_model/inference_model.joblib -> s3://networksecurity-dev-artifacts/artifacts/artifacts/2025_05_01T00_14_27Z/model_trainer/inference_model/inference_model.joblib
[2025-05-01 01:19:35,174] - INFO - s3_syncer - File uploaded to S3: artifacts/2025_05_01T00_14_27Z/model_trainer/inference_model/inference_model.joblib -> s3://networksecurity-dev-artifacts/artifacts/artifacts/2025_05_01T00_14_27Z/model_trainer/inference_model/inference_model.joblib
[2025-05-01 01:19:35,174] - INFO - s3_syncer - Uploading file: artifacts/2025_05_01T00_14_27Z/model_trainer/reports/training_report.yaml -> s3://networksecurity-dev-artifacts/artifacts/artifacts/2025_05_01T00_14_27Z/model_trainer/reports/training_report.yaml
[2025-05-01 01:19:35,450] - INFO - s3_syncer - File uploaded to S3: artifacts/2025_05_01T00_14_27Z/model_trainer/reports/training_report.yaml -> s3://networksecurity-dev-artifacts/artifacts/artifacts/2025_05_01T00_14_27Z/model_trainer/reports/training_report.yaml
[2025-05-01 01:19:35,452] - INFO - s3_syncer - Uploading file: artifacts/2025_05_01T00_14_27Z/model_trainer/trained_model/model.joblib -> s3://networksecurity-dev-artifacts/artifacts/artifacts/2025_05_01T00_14_27Z/model_trainer/trained_model/model.joblib
[2025-05-01 01:19:36,270] - INFO - s3_syncer - File uploaded to S3: artifacts/2025_05_01T00_14_27Z/model_trainer/trained_model/model.joblib -> s3://networksecurity-dev-artifacts/artifacts/artifacts/2025_05_01T00_14_27Z/model_trainer/trained_model/model.joblib
[2025-05-01 01:19:36,272] - INFO - s3_syncer - Uploading file: artifacts/2025_05_01T00_16_22Z/data_ingestion/featurestore/raw_data.csv -> s3://networksecurity-dev-artifacts/artifacts/artifacts/2025_05_01T00_16_22Z/data_ingestion/featurestore/raw_data.csv
[2025-05-01 01:19:37,689] - INFO - s3_syncer - File uploaded to S3: artifacts/2025_05_01T00_16_22Z/data_ingestion/featurestore/raw_data.csv -> s3://networksecurity-dev-artifacts/artifacts/artifacts/2025_05_01T00_16_22Z/data_ingestion/featurestore/raw_data.csv
[2025-05-01 01:19:37,689] - INFO - s3_syncer - Uploading file: artifacts/2025_05_01T00_16_22Z/data_ingestion/ingested/ingested_data.csv -> s3://networksecurity-dev-artifacts/artifacts/artifacts/2025_05_01T00_16_22Z/data_ingestion/ingested/ingested_data.csv
[2025-05-01 01:19:38,749] - INFO - s3_syncer - File uploaded to S3: artifacts/2025_05_01T00_16_22Z/data_ingestion/ingested/ingested_data.csv -> s3://networksecurity-dev-artifacts/artifacts/artifacts/2025_05_01T00_16_22Z/data_ingestion/ingested/ingested_data.csv
[2025-05-01 01:19:38,751] - INFO - s3_syncer - Uploading file: artifacts/2025_05_01T00_16_22Z/data_transformation/preprocessor/x_preprocessor.joblib -> s3://networksecurity-dev-artifacts/artifacts/artifacts/2025_05_01T00_16_22Z/data_transformation/preprocessor/x_preprocessor.joblib
[2025-05-01 01:19:39,526] - INFO - s3_syncer - File uploaded to S3: artifacts/2025_05_01T00_16_22Z/data_transformation/preprocessor/x_preprocessor.joblib -> s3://networksecurity-dev-artifacts/artifacts/artifacts/2025_05_01T00_16_22Z/data_transformation/preprocessor/x_preprocessor.joblib
[2025-05-01 01:19:39,527] - INFO - s3_syncer - Uploading file: artifacts/2025_05_01T00_16_22Z/data_transformation/preprocessor/y_preprocessor.joblib -> s3://networksecurity-dev-artifacts/artifacts/artifacts/2025_05_01T00_16_22Z/data_transformation/preprocessor/y_preprocessor.joblib
[2025-05-01 01:19:39,783] - INFO - s3_syncer - File uploaded to S3: artifacts/2025_05_01T00_16_22Z/data_transformation/preprocessor/y_preprocessor.joblib -> s3://networksecurity-dev-artifacts/artifacts/artifacts/2025_05_01T00_16_22Z/data_transformation/preprocessor/y_preprocessor.joblib
[2025-05-01 01:19:39,783] - INFO - s3_syncer - Uploading file: artifacts/2025_05_01T00_16_22Z/data_transformation/transformed/test/x_test.npy -> s3://networksecurity-dev-artifacts/artifacts/artifacts/2025_05_01T00_16_22Z/data_transformation/transformed/test/x_test.npy
[2025-05-01 01:19:40,234] - INFO - s3_syncer - File uploaded to S3: artifacts/2025_05_01T00_16_22Z/data_transformation/transformed/test/x_test.npy -> s3://networksecurity-dev-artifacts/artifacts/artifacts/2025_05_01T00_16_22Z/data_transformation/transformed/test/x_test.npy
[2025-05-01 01:19:40,235] - INFO - s3_syncer - Uploading file: artifacts/2025_05_01T00_16_22Z/data_transformation/transformed/test/y_test.npy -> s3://networksecurity-dev-artifacts/artifacts/artifacts/2025_05_01T00_16_22Z/data_transformation/transformed/test/y_test.npy
[2025-05-01 01:19:40,545] - INFO - s3_syncer - File uploaded to S3: artifacts/2025_05_01T00_16_22Z/data_transformation/transformed/test/y_test.npy -> s3://networksecurity-dev-artifacts/artifacts/artifacts/2025_05_01T00_16_22Z/data_transformation/transformed/test/y_test.npy
[2025-05-01 01:19:40,547] - INFO - s3_syncer - Uploading file: artifacts/2025_05_01T00_16_22Z/data_transformation/transformed/train/x_train.npy -> s3://networksecurity-dev-artifacts/artifacts/artifacts/2025_05_01T00_16_22Z/data_transformation/transformed/train/x_train.npy
[2025-05-01 01:19:41,447] - INFO - s3_syncer - File uploaded to S3: artifacts/2025_05_01T00_16_22Z/data_transformation/transformed/train/x_train.npy -> s3://networksecurity-dev-artifacts/artifacts/artifacts/2025_05_01T00_16_22Z/data_transformation/transformed/train/x_train.npy
[2025-05-01 01:19:41,447] - INFO - s3_syncer - Uploading file: artifacts/2025_05_01T00_16_22Z/data_transformation/transformed/train/y_train.npy -> s3://networksecurity-dev-artifacts/artifacts/artifacts/2025_05_01T00_16_22Z/data_transformation/transformed/train/y_train.npy
[2025-05-01 01:19:41,760] - INFO - s3_syncer - File uploaded to S3: artifacts/2025_05_01T00_16_22Z/data_transformation/transformed/train/y_train.npy -> s3://networksecurity-dev-artifacts/artifacts/artifacts/2025_05_01T00_16_22Z/data_transformation/transformed/train/y_train.npy
[2025-05-01 01:19:41,765] - INFO - s3_syncer - Uploading file: artifacts/2025_05_01T00_16_22Z/data_transformation/transformed/val/x_val.npy -> s3://networksecurity-dev-artifacts/artifacts/artifacts/2025_05_01T00_16_22Z/data_transformation/transformed/val/x_val.npy
[2025-05-01 01:19:42,939] - INFO - s3_syncer - File uploaded to S3: artifacts/2025_05_01T00_16_22Z/data_transformation/transformed/val/x_val.npy -> s3://networksecurity-dev-artifacts/artifacts/artifacts/2025_05_01T00_16_22Z/data_transformation/transformed/val/x_val.npy
[2025-05-01 01:19:42,940] - INFO - s3_syncer - Uploading file: artifacts/2025_05_01T00_16_22Z/data_transformation/transformed/val/y_val.npy -> s3://networksecurity-dev-artifacts/artifacts/artifacts/2025_05_01T00_16_22Z/data_transformation/transformed/val/y_val.npy
[2025-05-01 01:19:43,241] - INFO - s3_syncer - File uploaded to S3: artifacts/2025_05_01T00_16_22Z/data_transformation/transformed/val/y_val.npy -> s3://networksecurity-dev-artifacts/artifacts/artifacts/2025_05_01T00_16_22Z/data_transformation/transformed/val/y_val.npy
[2025-05-01 01:19:43,241] - INFO - s3_syncer - Uploading file: artifacts/2025_05_01T00_16_22Z/data_validation/reports/drift_report.yaml -> s3://networksecurity-dev-artifacts/artifacts/artifacts/2025_05_01T00_16_22Z/data_validation/reports/drift_report.yaml
[2025-05-01 01:19:43,500] - INFO - s3_syncer - File uploaded to S3: artifacts/2025_05_01T00_16_22Z/data_validation/reports/drift_report.yaml -> s3://networksecurity-dev-artifacts/artifacts/artifacts/2025_05_01T00_16_22Z/data_validation/reports/drift_report.yaml
[2025-05-01 01:19:43,500] - INFO - s3_syncer - Uploading file: artifacts/2025_05_01T00_16_22Z/data_validation/reports/duplicates_report.yaml -> s3://networksecurity-dev-artifacts/artifacts/artifacts/2025_05_01T00_16_22Z/data_validation/reports/duplicates_report.yaml
[2025-05-01 01:19:43,752] - INFO - s3_syncer - File uploaded to S3: artifacts/2025_05_01T00_16_22Z/data_validation/reports/duplicates_report.yaml -> s3://networksecurity-dev-artifacts/artifacts/artifacts/2025_05_01T00_16_22Z/data_validation/reports/duplicates_report.yaml
[2025-05-01 01:19:43,752] - INFO - s3_syncer - Uploading file: artifacts/2025_05_01T00_16_22Z/data_validation/reports/missing_values_report.json -> s3://networksecurity-dev-artifacts/artifacts/artifacts/2025_05_01T00_16_22Z/data_validation/reports/missing_values_report.json
[2025-05-01 01:19:44,020] - INFO - s3_syncer - File uploaded to S3: artifacts/2025_05_01T00_16_22Z/data_validation/reports/missing_values_report.json -> s3://networksecurity-dev-artifacts/artifacts/artifacts/2025_05_01T00_16_22Z/data_validation/reports/missing_values_report.json
[2025-05-01 01:19:44,022] - INFO - s3_syncer - Uploading file: artifacts/2025_05_01T00_16_22Z/data_validation/reports/validation_report.yaml -> s3://networksecurity-dev-artifacts/artifacts/artifacts/2025_05_01T00_16_22Z/data_validation/reports/validation_report.yaml
[2025-05-01 01:19:44,287] - INFO - s3_syncer - File uploaded to S3: artifacts/2025_05_01T00_16_22Z/data_validation/reports/validation_report.yaml -> s3://networksecurity-dev-artifacts/artifacts/artifacts/2025_05_01T00_16_22Z/data_validation/reports/validation_report.yaml
[2025-05-01 01:19:44,288] - INFO - s3_syncer - Uploading file: artifacts/2025_05_01T00_16_22Z/data_validation/validated/validated_data.csv -> s3://networksecurity-dev-artifacts/artifacts/artifacts/2025_05_01T00_16_22Z/data_validation/validated/validated_data.csv
[2025-05-01 01:19:45,058] - INFO - s3_syncer - File uploaded to S3: artifacts/2025_05_01T00_16_22Z/data_validation/validated/validated_data.csv -> s3://networksecurity-dev-artifacts/artifacts/artifacts/2025_05_01T00_16_22Z/data_validation/validated/validated_data.csv
[2025-05-01 01:19:45,059] - INFO - s3_syncer - Uploading file: artifacts/2025_05_01T00_16_22Z/model_evaluation/evaluation_report.yaml -> s3://networksecurity-dev-artifacts/artifacts/artifacts/2025_05_01T00_16_22Z/model_evaluation/evaluation_report.yaml
[2025-05-01 01:19:45,310] - INFO - s3_syncer - File uploaded to S3: artifacts/2025_05_01T00_16_22Z/model_evaluation/evaluation_report.yaml -> s3://networksecurity-dev-artifacts/artifacts/artifacts/2025_05_01T00_16_22Z/model_evaluation/evaluation_report.yaml
[2025-05-01 01:19:45,320] - INFO - s3_syncer - Uploading file: artifacts/2025_05_01T00_16_22Z/model_trainer/inference_model/inference_model.joblib -> s3://networksecurity-dev-artifacts/artifacts/artifacts/2025_05_01T00_16_22Z/model_trainer/inference_model/inference_model.joblib
[2025-05-01 01:19:46,605] - INFO - s3_syncer - File uploaded to S3: artifacts/2025_05_01T00_16_22Z/model_trainer/inference_model/inference_model.joblib -> s3://networksecurity-dev-artifacts/artifacts/artifacts/2025_05_01T00_16_22Z/model_trainer/inference_model/inference_model.joblib
[2025-05-01 01:19:46,605] - INFO - s3_syncer - Uploading file: artifacts/2025_05_01T00_16_22Z/model_trainer/reports/training_report.yaml -> s3://networksecurity-dev-artifacts/artifacts/artifacts/2025_05_01T00_16_22Z/model_trainer/reports/training_report.yaml
[2025-05-01 01:19:46,870] - INFO - s3_syncer - File uploaded to S3: artifacts/2025_05_01T00_16_22Z/model_trainer/reports/training_report.yaml -> s3://networksecurity-dev-artifacts/artifacts/artifacts/2025_05_01T00_16_22Z/model_trainer/reports/training_report.yaml
[2025-05-01 01:19:46,872] - INFO - s3_syncer - Uploading file: artifacts/2025_05_01T00_16_22Z/model_trainer/trained_model/model.joblib -> s3://networksecurity-dev-artifacts/artifacts/artifacts/2025_05_01T00_16_22Z/model_trainer/trained_model/model.joblib
[2025-05-01 01:19:47,417] - INFO - s3_syncer - File uploaded to S3: artifacts/2025_05_01T00_16_22Z/model_trainer/trained_model/model.joblib -> s3://networksecurity-dev-artifacts/artifacts/artifacts/2025_05_01T00_16_22Z/model_trainer/trained_model/model.joblib
[2025-05-01 01:19:47,418] - INFO - s3_syncer - Uploading file: artifacts/2025_05_01T00_18_32Z/data_ingestion/featurestore/raw_data.csv -> s3://networksecurity-dev-artifacts/artifacts/artifacts/2025_05_01T00_18_32Z/data_ingestion/featurestore/raw_data.csv
[2025-05-01 01:19:49,060] - INFO - s3_syncer - File uploaded to S3: artifacts/2025_05_01T00_18_32Z/data_ingestion/featurestore/raw_data.csv -> s3://networksecurity-dev-artifacts/artifacts/artifacts/2025_05_01T00_18_32Z/data_ingestion/featurestore/raw_data.csv
[2025-05-01 01:19:49,061] - INFO - s3_syncer - Uploading file: artifacts/2025_05_01T00_18_32Z/data_ingestion/ingested/ingested_data.csv -> s3://networksecurity-dev-artifacts/artifacts/artifacts/2025_05_01T00_18_32Z/data_ingestion/ingested/ingested_data.csv
[2025-05-01 01:19:50,178] - INFO - s3_syncer - File uploaded to S3: artifacts/2025_05_01T00_18_32Z/data_ingestion/ingested/ingested_data.csv -> s3://networksecurity-dev-artifacts/artifacts/artifacts/2025_05_01T00_18_32Z/data_ingestion/ingested/ingested_data.csv
[2025-05-01 01:19:50,180] - INFO - s3_syncer - Uploading file: artifacts/2025_05_01T00_18_32Z/data_transformation/preprocessor/x_preprocessor.joblib -> s3://networksecurity-dev-artifacts/artifacts/artifacts/2025_05_01T00_18_32Z/data_transformation/preprocessor/x_preprocessor.joblib
[2025-05-01 01:19:50,990] - INFO - s3_syncer - File uploaded to S3: artifacts/2025_05_01T00_18_32Z/data_transformation/preprocessor/x_preprocessor.joblib -> s3://networksecurity-dev-artifacts/artifacts/artifacts/2025_05_01T00_18_32Z/data_transformation/preprocessor/x_preprocessor.joblib
[2025-05-01 01:19:50,990] - INFO - s3_syncer - Uploading file: artifacts/2025_05_01T00_18_32Z/data_transformation/preprocessor/y_preprocessor.joblib -> s3://networksecurity-dev-artifacts/artifacts/artifacts/2025_05_01T00_18_32Z/data_transformation/preprocessor/y_preprocessor.joblib
[2025-05-01 01:19:51,250] - INFO - s3_syncer - File uploaded to S3: artifacts/2025_05_01T00_18_32Z/data_transformation/preprocessor/y_preprocessor.joblib -> s3://networksecurity-dev-artifacts/artifacts/artifacts/2025_05_01T00_18_32Z/data_transformation/preprocessor/y_preprocessor.joblib
[2025-05-01 01:19:51,259] - INFO - s3_syncer - Uploading file: artifacts/2025_05_01T00_18_32Z/data_transformation/transformed/test/x_test.npy -> s3://networksecurity-dev-artifacts/artifacts/artifacts/2025_05_01T00_18_32Z/data_transformation/transformed/test/x_test.npy
[2025-05-01 01:19:51,810] - INFO - s3_syncer - File uploaded to S3: artifacts/2025_05_01T00_18_32Z/data_transformation/transformed/test/x_test.npy -> s3://networksecurity-dev-artifacts/artifacts/artifacts/2025_05_01T00_18_32Z/data_transformation/transformed/test/x_test.npy
[2025-05-01 01:19:51,810] - INFO - s3_syncer - Uploading file: artifacts/2025_05_01T00_18_32Z/data_transformation/transformed/test/y_test.npy -> s3://networksecurity-dev-artifacts/artifacts/artifacts/2025_05_01T00_18_32Z/data_transformation/transformed/test/y_test.npy
[2025-05-01 01:19:52,241] - INFO - s3_syncer - File uploaded to S3: artifacts/2025_05_01T00_18_32Z/data_transformation/transformed/test/y_test.npy -> s3://networksecurity-dev-artifacts/artifacts/artifacts/2025_05_01T00_18_32Z/data_transformation/transformed/test/y_test.npy
[2025-05-01 01:19:52,251] - INFO - s3_syncer - Uploading file: artifacts/2025_05_01T00_18_32Z/data_transformation/transformed/train/x_train.npy -> s3://networksecurity-dev-artifacts/artifacts/artifacts/2025_05_01T00_18_32Z/data_transformation/transformed/train/x_train.npy
[2025-05-01 01:19:53,034] - INFO - s3_syncer - File uploaded to S3: artifacts/2025_05_01T00_18_32Z/data_transformation/transformed/train/x_train.npy -> s3://networksecurity-dev-artifacts/artifacts/artifacts/2025_05_01T00_18_32Z/data_transformation/transformed/train/x_train.npy
[2025-05-01 01:19:53,036] - INFO - s3_syncer - Uploading file: artifacts/2025_05_01T00_18_32Z/data_transformation/transformed/train/y_train.npy -> s3://networksecurity-dev-artifacts/artifacts/artifacts/2025_05_01T00_18_32Z/data_transformation/transformed/train/y_train.npy
[2025-05-01 01:19:53,342] - INFO - s3_syncer - File uploaded to S3: artifacts/2025_05_01T00_18_32Z/data_transformation/transformed/train/y_train.npy -> s3://networksecurity-dev-artifacts/artifacts/artifacts/2025_05_01T00_18_32Z/data_transformation/transformed/train/y_train.npy
[2025-05-01 01:19:53,350] - INFO - s3_syncer - Uploading file: artifacts/2025_05_01T00_18_32Z/data_transformation/transformed/val/x_val.npy -> s3://networksecurity-dev-artifacts/artifacts/artifacts/2025_05_01T00_18_32Z/data_transformation/transformed/val/x_val.npy
[2025-05-01 01:19:53,820] - INFO - s3_syncer - File uploaded to S3: artifacts/2025_05_01T00_18_32Z/data_transformation/transformed/val/x_val.npy -> s3://networksecurity-dev-artifacts/artifacts/artifacts/2025_05_01T00_18_32Z/data_transformation/transformed/val/x_val.npy
[2025-05-01 01:19:53,820] - INFO - s3_syncer - Uploading file: artifacts/2025_05_01T00_18_32Z/data_transformation/transformed/val/y_val.npy -> s3://networksecurity-dev-artifacts/artifacts/artifacts/2025_05_01T00_18_32Z/data_transformation/transformed/val/y_val.npy
[2025-05-01 01:19:54,097] - INFO - s3_syncer - File uploaded to S3: artifacts/2025_05_01T00_18_32Z/data_transformation/transformed/val/y_val.npy -> s3://networksecurity-dev-artifacts/artifacts/artifacts/2025_05_01T00_18_32Z/data_transformation/transformed/val/y_val.npy
[2025-05-01 01:19:54,098] - INFO - s3_syncer - Uploading file: artifacts/2025_05_01T00_18_32Z/data_validation/reports/drift_report.yaml -> s3://networksecurity-dev-artifacts/artifacts/artifacts/2025_05_01T00_18_32Z/data_validation/reports/drift_report.yaml
[2025-05-01 01:19:54,377] - INFO - s3_syncer - File uploaded to S3: artifacts/2025_05_01T00_18_32Z/data_validation/reports/drift_report.yaml -> s3://networksecurity-dev-artifacts/artifacts/artifacts/2025_05_01T00_18_32Z/data_validation/reports/drift_report.yaml
[2025-05-01 01:19:54,378] - INFO - s3_syncer - Uploading file: artifacts/2025_05_01T00_18_32Z/data_validation/reports/duplicates_report.yaml -> s3://networksecurity-dev-artifacts/artifacts/artifacts/2025_05_01T00_18_32Z/data_validation/reports/duplicates_report.yaml
[2025-05-01 01:19:54,642] - INFO - s3_syncer - File uploaded to S3: artifacts/2025_05_01T00_18_32Z/data_validation/reports/duplicates_report.yaml -> s3://networksecurity-dev-artifacts/artifacts/artifacts/2025_05_01T00_18_32Z/data_validation/reports/duplicates_report.yaml
[2025-05-01 01:19:54,644] - INFO - s3_syncer - Uploading file: artifacts/2025_05_01T00_18_32Z/data_validation/reports/missing_values_report.json -> s3://networksecurity-dev-artifacts/artifacts/artifacts/2025_05_01T00_18_32Z/data_validation/reports/missing_values_report.json
[2025-05-01 01:19:54,907] - INFO - s3_syncer - File uploaded to S3: artifacts/2025_05_01T00_18_32Z/data_validation/reports/missing_values_report.json -> s3://networksecurity-dev-artifacts/artifacts/artifacts/2025_05_01T00_18_32Z/data_validation/reports/missing_values_report.json
[2025-05-01 01:19:54,908] - INFO - s3_syncer - Uploading file: artifacts/2025_05_01T00_18_32Z/data_validation/reports/validation_report.yaml -> s3://networksecurity-dev-artifacts/artifacts/artifacts/2025_05_01T00_18_32Z/data_validation/reports/validation_report.yaml
[2025-05-01 01:19:55,170] - INFO - s3_syncer - File uploaded to S3: artifacts/2025_05_01T00_18_32Z/data_validation/reports/validation_report.yaml -> s3://networksecurity-dev-artifacts/artifacts/artifacts/2025_05_01T00_18_32Z/data_validation/reports/validation_report.yaml
[2025-05-01 01:19:55,172] - INFO - s3_syncer - Uploading file: artifacts/2025_05_01T00_18_32Z/data_validation/validated/validated_data.csv -> s3://networksecurity-dev-artifacts/artifacts/artifacts/2025_05_01T00_18_32Z/data_validation/validated/validated_data.csv
[2025-05-01 01:19:55,716] - INFO - s3_syncer - File uploaded to S3: artifacts/2025_05_01T00_18_32Z/data_validation/validated/validated_data.csv -> s3://networksecurity-dev-artifacts/artifacts/artifacts/2025_05_01T00_18_32Z/data_validation/validated/validated_data.csv
[2025-05-01 01:19:55,718] - INFO - s3_syncer - Uploading file: artifacts/2025_05_01T00_18_32Z/model_evaluation/evaluation_report.yaml -> s3://networksecurity-dev-artifacts/artifacts/artifacts/2025_05_01T00_18_32Z/model_evaluation/evaluation_report.yaml
[2025-05-01 01:19:55,987] - INFO - s3_syncer - File uploaded to S3: artifacts/2025_05_01T00_18_32Z/model_evaluation/evaluation_report.yaml -> s3://networksecurity-dev-artifacts/artifacts/artifacts/2025_05_01T00_18_32Z/model_evaluation/evaluation_report.yaml
[2025-05-01 01:19:55,987] - INFO - s3_syncer - Uploading file: artifacts/2025_05_01T00_18_32Z/model_trainer/inference_model/inference_model.joblib -> s3://networksecurity-dev-artifacts/artifacts/artifacts/2025_05_01T00_18_32Z/model_trainer/inference_model/inference_model.joblib
[2025-05-01 01:19:56,945] - INFO - s3_syncer - File uploaded to S3: artifacts/2025_05_01T00_18_32Z/model_trainer/inference_model/inference_model.joblib -> s3://networksecurity-dev-artifacts/artifacts/artifacts/2025_05_01T00_18_32Z/model_trainer/inference_model/inference_model.joblib
[2025-05-01 01:19:56,945] - INFO - s3_syncer - Uploading file: artifacts/2025_05_01T00_18_32Z/model_trainer/reports/training_report.yaml -> s3://networksecurity-dev-artifacts/artifacts/artifacts/2025_05_01T00_18_32Z/model_trainer/reports/training_report.yaml
[2025-05-01 01:19:57,220] - INFO - s3_syncer - File uploaded to S3: artifacts/2025_05_01T00_18_32Z/model_trainer/reports/training_report.yaml -> s3://networksecurity-dev-artifacts/artifacts/artifacts/2025_05_01T00_18_32Z/model_trainer/reports/training_report.yaml
[2025-05-01 01:19:57,220] - INFO - s3_syncer - Uploading file: artifacts/2025_05_01T00_18_32Z/model_trainer/trained_model/model.joblib -> s3://networksecurity-dev-artifacts/artifacts/artifacts/2025_05_01T00_18_32Z/model_trainer/trained_model/model.joblib
[2025-05-01 01:19:57,856] - INFO - s3_syncer - File uploaded to S3: artifacts/2025_05_01T00_18_32Z/model_trainer/trained_model/model.joblib -> s3://networksecurity-dev-artifacts/artifacts/artifacts/2025_05_01T00_18_32Z/model_trainer/trained_model/model.joblib
[2025-05-01 01:19:57,856] - INFO - s3_syncer - Directory synced to S3: artifacts -> s3://networksecurity-dev-artifacts/artifacts/artifacts
[2025-05-01 01:19:57,857] - INFO - s3_syncer - Walking through directory: E:/MyProjects/networksecurity/logs
[2025-05-01 01:19:57,857] - INFO - s3_syncer - Target S3 prefix: artifacts/logs
[2025-05-01 01:19:57,858] - INFO - s3_syncer - Uploading file: logs/2025_05_01T00_14_27Z/2025_05_01T00_14_27Z.log -> s3://networksecurity-dev-artifacts/artifacts/logs/2025_05_01T00_14_27Z/2025_05_01T00_14_27Z.log
[2025-05-01 01:19:58,170] - INFO - s3_syncer - File uploaded to S3: logs/2025_05_01T00_14_27Z/2025_05_01T00_14_27Z.log -> s3://networksecurity-dev-artifacts/artifacts/logs/2025_05_01T00_14_27Z/2025_05_01T00_14_27Z.log
[2025-05-01 01:19:58,170] - INFO - s3_syncer - Uploading file: logs/2025_05_01T00_16_22Z/2025_05_01T00_16_22Z.log -> s3://networksecurity-dev-artifacts/artifacts/logs/2025_05_01T00_16_22Z/2025_05_01T00_16_22Z.log
[2025-05-01 01:19:58,524] - INFO - s3_syncer - File uploaded to S3: logs/2025_05_01T00_16_22Z/2025_05_01T00_16_22Z.log -> s3://networksecurity-dev-artifacts/artifacts/logs/2025_05_01T00_16_22Z/2025_05_01T00_16_22Z.log
[2025-05-01 01:19:58,524] - INFO - s3_syncer - Uploading file: logs/2025_05_01T00_18_32Z/2025_05_01T00_18_32Z.log -> s3://networksecurity-dev-artifacts/artifacts/logs/2025_05_01T00_18_32Z/2025_05_01T00_18_32Z.log
[2025-05-01 01:19:58,888] - INFO - s3_syncer - File uploaded to S3: logs/2025_05_01T00_18_32Z/2025_05_01T00_18_32Z.log -> s3://networksecurity-dev-artifacts/artifacts/logs/2025_05_01T00_18_32Z/2025_05_01T00_18_32Z.log
[2025-05-01 01:19:58,888] - INFO - s3_syncer - Directory synced to S3: logs -> s3://networksecurity-dev-artifacts/artifacts/logs
[2025-05-01 01:19:58,888] - INFO - model_pusher - Model push process completed successfully.
[2025-05-01 01:19:58,888] - INFO - model_pusher_pipeline - Model Pusher Stage Completed Successfully: 
Model Pusher Artifact:
  - Local Model Path: final_model/final_inference_model.joblib
  - S3 Model Path:    s3://networksecurity-dev-artifacts/final_model/final_inference_model.joblib

[2025-05-01 01:19:58,888] - INFO - model_pusher_pipeline - ========== Model Pusher Stage Completed ==========
[2025-05-01 01:19:58,890] - INFO - debug_pipeline - ========== Model Pusher Pipeline Finished ==========
[2025-05-01 01:19:58,890] - INFO - debug_pipeline - ======================================================
