[2025-04-23 10:08:44,594] - INFO - debug_pipeline - ========== Launching Data Ingestion Pipeline ==========
[2025-04-23 10:08:44,598] - INFO - core - YAML loaded successfully from: 'config/config.yaml'
[2025-04-23 10:08:44,598] - INFO - core - YAML loaded successfully from: 'config/params.yaml'
[2025-04-23 10:08:44,604] - INFO - core - YAML loaded successfully from: 'config/schema.yaml'
[2025-04-23 10:08:44,605] - INFO - core - YAML loaded successfully from: 'config/templates.yaml'
[2025-04-23 10:08:44,605] - INFO - data_ingestion_pipeline - ========== Data Ingestion Stage Started ==========
[2025-04-23 10:08:44,605] - INFO - data_ingestion - ========== Starting Data Ingestion ==========
[2025-04-23 10:08:44,876] - INFO - mongodb_handler - MongoClient initialized.
[2025-04-23 10:08:47,984] - INFO - mongodb_handler - Exported 22110 documents from network_security_db.phishing_records as DataFrame.
[2025-04-23 10:08:48,059] - INFO - mongodb_handler - MongoClient connection closed.
[2025-04-23 10:08:48,060] - INFO - data_ingestion - Fetched 22110 raw rows from data source.
[2025-04-23 10:08:48,062] - INFO - core - Created directory for Raw Data: 'artifacts/2025_04_23T09_08_43Z/data_ingestion/featurestore'
[2025-04-23 10:08:48,152] - INFO - core - Raw Data saved to: 'artifacts/2025_04_23T09_08_43Z/data_ingestion/featurestore/raw_data.csv'
[2025-04-23 10:08:48,153] - INFO - core - Directory already exists for Raw Data: 'data/raw'
[2025-04-23 10:08:48,247] - INFO - core - Raw Data saved to: 'data/raw/raw_data.csv'
[2025-04-23 10:08:48,251] - INFO - data_ingestion - Raw DataFrame cleaned successfully.
[2025-04-23 10:08:48,254] - INFO - core - Created directory for Cleaned (Ingested) Data: 'artifacts/2025_04_23T09_08_43Z/data_ingestion/ingested'
[2025-04-23 10:08:48,325] - INFO - core - Cleaned (Ingested) Data saved to: 'artifacts/2025_04_23T09_08_43Z/data_ingestion/ingested/ingested_data.csv'
[2025-04-23 10:08:48,325] - INFO - data_ingestion - ========== Data Ingestion Completed ==========
[2025-04-23 10:08:48,329] - INFO - data_ingestion_pipeline - Data Ingestion Process Completed.

Data Ingestion Artifact:
  - Raw Artifact:         'artifacts/2025_04_23T09_08_43Z/data_ingestion/featurestore/raw_data.csv'
  - Raw DVC Path:         'data/raw/raw_data.csv'
  - Ingested Data Path:   'artifacts/2025_04_23T09_08_43Z/data_ingestion/ingested/ingested_data.csv'

[2025-04-23 10:08:48,329] - INFO - data_ingestion_pipeline - ========== Data Ingestion Stage Completed ==========
[2025-04-23 10:08:48,329] - INFO - debug_pipeline - ========== Data Ingestion Pipeline Finished ==========
[2025-04-23 10:08:48,329] - INFO - debug_pipeline - ======================================================
[2025-04-23 10:08:48,329] - INFO - debug_pipeline - ========== Launching Data Validation Pipeline ==========
[2025-04-23 10:08:48,335] - INFO - core - YAML loaded successfully from: 'config/config.yaml'
[2025-04-23 10:08:48,338] - INFO - core - YAML loaded successfully from: 'config/params.yaml'
[2025-04-23 10:08:48,342] - INFO - core - YAML loaded successfully from: 'config/schema.yaml'
[2025-04-23 10:08:48,343] - INFO - core - YAML loaded successfully from: 'config/templates.yaml'
[2025-04-23 10:08:48,344] - INFO - data_validation_pipeline - ========= Data Validation Stage Started =========
[2025-04-23 10:08:48,384] - INFO - core - Ingested Data loaded from: 'artifacts/2025_04_23T09_08_43Z/data_ingestion/ingested/ingested_data.csv'
[2025-04-23 10:08:48,413] - INFO - core - Validated Base Data loaded from: 'data/validated/validated_data.csv'
[2025-04-23 10:08:48,413] - INFO - data_validation - Running data validation...
[2025-04-23 10:08:48,413] - INFO - data_validation - Schema hash check passed.
[2025-04-23 10:08:48,417] - INFO - core - Created directory for Missing Value Report: 'artifacts/2025_04_23T09_08_43Z/data_validation/reports'
[2025-04-23 10:08:48,417] - INFO - core - Missing Value Report saved to: 'artifacts/2025_04_23T09_08_43Z/data_validation/reports/missing_values_report.json'
[2025-04-23 10:08:48,427] - INFO - core - Directory already exists for Duplicates Report: 'artifacts/2025_04_23T09_08_43Z/data_validation/reports'
[2025-04-23 10:08:48,427] - INFO - core - Duplicates Report saved to: 'artifacts/2025_04_23T09_08_43Z/data_validation/reports/duplicates_report.yaml'
[2025-04-23 10:08:48,452] - INFO - core - Directory already exists for Drift Result: 'artifacts/2025_04_23T09_08_43Z/data_validation/reports'
[2025-04-23 10:08:48,459] - INFO - core - Drift Result saved to: 'artifacts/2025_04_23T09_08_43Z/data_validation/reports/drift_report.yaml'
[2025-04-23 10:08:48,459] - INFO - core - Directory already exists for Validation Report: 'artifacts/2025_04_23T09_08_43Z/data_validation/reports'
[2025-04-23 10:08:48,460] - INFO - core - Validation Report saved to: 'artifacts/2025_04_23T09_08_43Z/data_validation/reports/validation_report.yaml'
[2025-04-23 10:08:48,461] - INFO - core - Created directory for Validated Data: 'artifacts/2025_04_23T09_08_43Z/data_validation/validated'
[2025-04-23 10:08:48,480] - INFO - core - Validated Data saved to: 'artifacts/2025_04_23T09_08_43Z/data_validation/validated/validated_data.csv'
[2025-04-23 10:08:48,480] - INFO - core - Directory already exists for Validated Data: 'data/validated'
[2025-04-23 10:08:48,501] - INFO - core - Validated Data saved to: 'data/validated/validated_data.csv'
[2025-04-23 10:08:48,502] - INFO - data_validation_pipeline - Data Validation Process Completed.

Data Validation Artifact:
  - Validated Data Path: 'artifacts/2025_04_23T09_08_43Z/data_validation/validated/validated_data.csv'
  - Validation Status:   'True'

[2025-04-23 10:08:48,502] - INFO - data_validation_pipeline - ========= Data Validation Stage Completed =========
[2025-04-23 10:08:48,502] - INFO - debug_pipeline - ========== Data Validation Pipeline Finished ==========
[2025-04-23 10:08:48,502] - INFO - debug_pipeline - ======================================================
[2025-04-23 10:08:48,502] - INFO - debug_pipeline - ========== Launching Data Transformation Pipeline ==========
[2025-04-23 10:08:48,506] - INFO - core - YAML loaded successfully from: 'config/config.yaml'
[2025-04-23 10:08:48,510] - INFO - core - YAML loaded successfully from: 'config/params.yaml'
[2025-04-23 10:08:48,512] - INFO - core - YAML loaded successfully from: 'config/schema.yaml'
[2025-04-23 10:08:48,514] - INFO - core - YAML loaded successfully from: 'config/templates.yaml'
[2025-04-23 10:08:48,514] - INFO - data_transformation_pipeline - ========== Data Transformation Stage Started ==========
[2025-04-23 10:08:48,539] - INFO - core - Validated Data loaded from: 'artifacts/2025_04_23T09_08_43Z/data_validation/validated/validated_data.csv'
[2025-04-23 10:08:48,539] - INFO - data_transformation - ========== Starting Data Transformation ==========
[2025-04-23 10:08:48,561] - INFO - core - Created directory for X Preprocessor Pipeline: 'artifacts/2025_04_23T09_08_43Z/data_transformation/preprocessor'
[2025-04-23 10:08:48,564] - INFO - core - X Preprocessor Pipeline saved to: 'artifacts/2025_04_23T09_08_43Z/data_transformation/preprocessor/x_preprocessor.joblib'
[2025-04-23 10:08:48,564] - INFO - core - Directory already exists for Y Preprocessor Pipeline: 'artifacts/2025_04_23T09_08_43Z/data_transformation/preprocessor'
[2025-04-23 10:08:48,565] - INFO - core - Y Preprocessor Pipeline saved to: 'artifacts/2025_04_23T09_08_43Z/data_transformation/preprocessor/y_preprocessor.joblib'
[2025-04-23 10:08:48,565] - INFO - core - Created directory for X_train: 'artifacts/2025_04_23T09_08_43Z/data_transformation/transformed/train'
[2025-04-23 10:08:48,566] - INFO - core - X_train saved to: 'artifacts/2025_04_23T09_08_43Z/data_transformation/transformed/train/x_train.npy'
[2025-04-23 10:08:48,566] - INFO - core - Directory already exists for y_train: 'artifacts/2025_04_23T09_08_43Z/data_transformation/transformed/train'
[2025-04-23 10:08:48,567] - INFO - core - y_train saved to: 'artifacts/2025_04_23T09_08_43Z/data_transformation/transformed/train/y_train.npy'
[2025-04-23 10:08:48,567] - INFO - core - Created directory for X_val: 'artifacts/2025_04_23T09_08_43Z/data_transformation/transformed/val'
[2025-04-23 10:08:48,568] - INFO - core - X_val saved to: 'artifacts/2025_04_23T09_08_43Z/data_transformation/transformed/val/x_val.npy'
[2025-04-23 10:08:48,568] - INFO - core - Directory already exists for y_val: 'artifacts/2025_04_23T09_08_43Z/data_transformation/transformed/val'
[2025-04-23 10:08:48,569] - INFO - core - y_val saved to: 'artifacts/2025_04_23T09_08_43Z/data_transformation/transformed/val/y_val.npy'
[2025-04-23 10:08:48,569] - INFO - core - Created directory for X_test: 'artifacts/2025_04_23T09_08_43Z/data_transformation/transformed/test'
[2025-04-23 10:08:48,570] - INFO - core - X_test saved to: 'artifacts/2025_04_23T09_08_43Z/data_transformation/transformed/test/x_test.npy'
[2025-04-23 10:08:48,570] - INFO - core - Directory already exists for y_test: 'artifacts/2025_04_23T09_08_43Z/data_transformation/transformed/test'
[2025-04-23 10:08:48,570] - INFO - core - y_test saved to: 'artifacts/2025_04_23T09_08_43Z/data_transformation/transformed/test/y_test.npy'
[2025-04-23 10:08:48,570] - INFO - data_transformation - ========== Data Transformation Completed ==========
[2025-04-23 10:08:48,571] - INFO - data_transformation_pipeline - Data Transformation Completed Successfully: 
Data Transformation Artifact:
  - X-Train Data Path:    'artifacts/2025_04_23T09_08_43Z/data_transformation/transformed/train/x_train.npy'
  - Y-Train Data Path:    'artifacts/2025_04_23T09_08_43Z/data_transformation/transformed/train/y_train.npy'
  - X-Val Data Path:      'artifacts/2025_04_23T09_08_43Z/data_transformation/transformed/val/x_val.npy'
  - Y-Val Data Path:      'artifacts/2025_04_23T09_08_43Z/data_transformation/transformed/val/y_val.npy'
  - X-Test Data Path:     'artifacts/2025_04_23T09_08_43Z/data_transformation/transformed/test/x_test.npy'
  - Y-Test Data Path:     'artifacts/2025_04_23T09_08_43Z/data_transformation/transformed/test/y_test.npy'

[2025-04-23 10:08:48,571] - INFO - data_transformation_pipeline - ========== Data Transformation Stage Completed ==========
[2025-04-23 10:08:48,571] - INFO - debug_pipeline - ========== Data Transformation Pipeline Finished ==========
[2025-04-23 10:08:48,571] - INFO - debug_pipeline - ======================================================
