[2025-04-19 10:54:27,200] - INFO - debug_pipeline - ========== Launching Data Ingestion Pipeline ==========
[2025-04-19 10:54:27,204] - INFO - common - YAML loaded successfully from: 'config/config.yaml'
[2025-04-19 10:54:27,208] - INFO - common - YAML loaded successfully from: 'config/params.yaml'
[2025-04-19 10:54:27,211] - INFO - common - YAML loaded successfully from: 'config/schema.yaml'
[2025-04-19 10:54:27,211] - INFO - data_ingestion_pipeline - ========== Data Ingestion Stage Started ==========
[2025-04-19 10:54:27,211] - INFO - data_ingestion - Starting data ingestion pipeline...
[2025-04-19 10:54:30,064] - INFO - mongodb_handler - Exported 22110 documents from network_security_db.phishing_records as DataFrame.
[2025-04-19 10:54:30,149] - INFO - mongodb_handler - MongoClient connection closed.
[2025-04-19 10:54:30,149] - INFO - data_ingestion - Fetched 22110 raw rows from data source.
[2025-04-19 10:54:30,237] - INFO - common - Raw data saved to: 'artifacts/2025_04_19T09_54_26Z/data_ingestion/featurestore/raw_data.csv'
[2025-04-19 10:54:30,326] - INFO - common - Raw data saved to: 'data/raw/raw_data.csv'
[2025-04-19 10:54:30,330] - INFO - data_ingestion - Raw DataFrame cleaned successfully.
[2025-04-19 10:54:30,399] - INFO - common - Cleaned data saved to: 'artifacts/2025_04_19T09_54_26Z/data_ingestion/ingested/ingested_data.csv'
[2025-04-19 10:54:30,399] - INFO - data_ingestion - Data ingestion completed successfully.
[2025-04-19 10:54:30,402] - INFO - data_ingestion_pipeline - Data Ingestion Process Completed. 
Data Ingestion Artifact Paths:
  - Raw Artifact:     'artifacts/2025_04_19T09_54_26Z/data_ingestion/featurestore/raw_data.csv'
  - Raw DVC Path:     'data/raw/raw_data.csv'
  - Ingested Data Path:     'artifacts/2025_04_19T09_54_26Z/data_ingestion/ingested/ingested_data.csv'

[2025-04-19 10:54:30,402] - INFO - data_ingestion_pipeline - ========== Data Ingestion Stage Completed ==========
[2025-04-19 10:54:30,402] - INFO - debug_pipeline - ========== Data Ingestion Pipeline Finished ==========
[2025-04-19 10:54:30,402] - INFO - debug_pipeline - ========== Launching Data Validation Pipeline ==========
[2025-04-19 10:54:30,408] - INFO - common - YAML loaded successfully from: 'config/config.yaml'
[2025-04-19 10:54:30,412] - INFO - common - YAML loaded successfully from: 'config/params.yaml'
[2025-04-19 10:54:30,414] - INFO - common - YAML loaded successfully from: 'config/schema.yaml'
[2025-04-19 10:54:30,415] - INFO - data_validation_pipeline - ========= Data Validation Stage Started =========
[2025-04-19 10:54:30,444] - INFO - data_validation - Running data validation...
[2025-04-19 10:54:30,444] - ERROR - data_validation - Schema hash mismatch.
[2025-04-19 10:54:30,460] - INFO - common - Missing Value saved to: 'artifacts/2025_04_19T09_54_26Z/data_validation/reports/missing_values_report.json'
[2025-04-19 10:54:30,460] - INFO - data_validation - No missing values.
[2025-04-19 10:54:30,468] - INFO - common - Duplicates Report saved to: 'artifacts/2025_04_19T09_54_26Z/data_validation/reports/missing_values_report.json'
[2025-04-19 10:54:30,468] - WARNING - data_validation - Removed 16261 duplicate rows.
[2025-04-19 10:54:30,497] - INFO - common - Drift result saved to: 'artifacts/2025_04_19T09_54_26Z/data_validation/reports/drift_report.yaml'
[2025-04-19 10:54:30,497] - INFO - data_validation - No drift detected.
[2025-04-19 10:54:30,497] - INFO - common - Validation Report saved to: 'artifacts/2025_04_19T09_54_26Z/data_validation/reports/validation_report.yaml'
[2025-04-19 10:54:30,497] - WARNING - data_validation - Validation failed. Validated data not saved.
[2025-04-19 10:54:30,497] - INFO - data_validation_pipeline - Data Validation Process Completed. 
Data Validation Artifact Paths:
  - Validated Data Path: 'None'
  - Drift Report Path:   'artifacts/2025_04_19T09_54_26Z/data_validation/reports/drift_report.yaml'
  - Validation Status:   'False'

[2025-04-19 10:54:30,497] - INFO - data_validation_pipeline - ========= Data Validation Stage Completed =========
[2025-04-19 10:54:30,497] - INFO - debug_pipeline - ========== Data Validation Pipeline Finished ==========
