[2025-05-24 10:51:41,394] - INFO - core - YAML loaded successfully from: 'config/config.yaml'
[2025-05-24 10:51:41,403] - INFO - core - YAML loaded successfully from: 'config/params.yaml'
[2025-05-24 10:51:41,410] - INFO - core - YAML loaded successfully from: 'config/schema.yaml'
[2025-05-24 10:51:41,415] - INFO - core - YAML loaded successfully from: 'config/templates.yaml'
[2025-05-24 10:51:41,415] - INFO - training_pipeline - ========== Training Pipeline Started ==========
[2025-05-24 10:51:41,415] - INFO - data_ingestion - ========== Starting Data Ingestion ==========
[2025-05-24 10:51:41,674] - INFO - mongodb_handler - MongoClient initialized.
[2025-05-24 10:51:45,831] - INFO - mongodb_handler - Exported 22110 documents from network_security_db.phishing_records as DataFrame.
[2025-05-24 10:51:45,910] - INFO - mongodb_handler - MongoClient connection closed.
[2025-05-24 10:51:45,910] - INFO - data_ingestion - Fetched 22110 raw rows from data source.
[2025-05-24 10:51:45,914] - INFO - core - Created directory for Raw Data: 'artifacts/2025_05_24T09_51_21Z/data_ingestion/featurestore'
[2025-05-24 10:51:46,081] - INFO - core - Raw Data saved to: 'artifacts/2025_05_24T09_51_21Z/data_ingestion/featurestore/raw_data.csv'
[2025-05-24 10:51:46,081] - INFO - core - Directory already exists for Raw Data: 'data/raw'
[2025-05-24 10:51:46,244] - INFO - core - Raw Data saved to: 'data/raw/raw_data.csv'
[2025-05-24 10:51:46,247] - INFO - data_ingestion - Raw DataFrame cleaned successfully.
[2025-05-24 10:51:46,247] - INFO - core - Created directory for Cleaned (Ingested) Data: 'artifacts/2025_05_24T09_51_21Z/data_ingestion/ingested'
[2025-05-24 10:51:46,406] - INFO - core - Cleaned (Ingested) Data saved to: 'artifacts/2025_05_24T09_51_21Z/data_ingestion/ingested/ingested_data.csv'
[2025-05-24 10:51:46,406] - INFO - data_ingestion - ========== Data Ingestion Completed ==========
[2025-05-24 10:51:46,473] - INFO - core - Ingested Data loaded from: 'artifacts/2025_05_24T09_51_21Z/data_ingestion/ingested/ingested_data.csv'
[2025-05-24 10:51:46,510] - INFO - core - Validated Base Data loaded from: 'data/validated/validated_data.csv'
[2025-05-24 10:51:46,510] - INFO - data_validation - Running data validation...
[2025-05-24 10:51:46,514] - INFO - data_validation - Schema hash check passed.
[2025-05-24 10:51:46,518] - INFO - core - Created directory for Missing Value Report: 'artifacts/2025_05_24T09_51_21Z/data_validation/reports'
[2025-05-24 10:51:46,522] - INFO - core - Missing Value Report saved to: 'artifacts/2025_05_24T09_51_21Z/data_validation/reports/missing_values_report.json'
[2025-05-24 10:51:46,535] - INFO - core - Directory already exists for Duplicates Report: 'artifacts/2025_05_24T09_51_21Z/data_validation/reports'
[2025-05-24 10:51:46,539] - INFO - core - Duplicates Report saved to: 'artifacts/2025_05_24T09_51_21Z/data_validation/reports/duplicates_report.yaml'
[2025-05-24 10:51:46,602] - INFO - core - Directory already exists for Drift Result: 'artifacts/2025_05_24T09_51_21Z/data_validation/reports'
[2025-05-24 10:51:46,605] - INFO - core - Drift Result saved to: 'artifacts/2025_05_24T09_51_21Z/data_validation/reports/drift_report.yaml'
[2025-05-24 10:51:46,605] - INFO - core - Directory already exists for Validation Report: 'artifacts/2025_05_24T09_51_21Z/data_validation/reports'
[2025-05-24 10:51:46,610] - INFO - core - Validation Report saved to: 'artifacts/2025_05_24T09_51_21Z/data_validation/reports/validation_report.yaml'
[2025-05-24 10:51:46,610] - INFO - core - Created directory for Validated Data: 'artifacts/2025_05_24T09_51_21Z/data_validation/validated'
[2025-05-24 10:51:46,651] - INFO - core - Validated Data saved to: 'artifacts/2025_05_24T09_51_21Z/data_validation/validated/validated_data.csv'
[2025-05-24 10:51:46,651] - INFO - core - Directory already exists for Validated Data: 'data/validated'
[2025-05-24 10:51:46,689] - INFO - core - Validated Data saved to: 'data/validated/validated_data.csv'
[2025-05-24 10:51:46,731] - INFO - core - Validated Data loaded from: 'artifacts/2025_05_24T09_51_21Z/data_validation/validated/validated_data.csv'
[2025-05-24 10:51:46,731] - INFO - data_transformation - ========== Starting Data Transformation ==========
[2025-05-24 10:51:46,764] - INFO - core - Created directory for X Preprocessor Pipeline: 'artifacts/2025_05_24T09_51_21Z/data_transformation/preprocessor'
[2025-05-24 10:51:46,766] - INFO - core - X Preprocessor Pipeline saved to: 'artifacts/2025_05_24T09_51_21Z/data_transformation/preprocessor/x_preprocessor.joblib'
[2025-05-24 10:51:46,766] - INFO - core - Directory already exists for Y Preprocessor Pipeline: 'artifacts/2025_05_24T09_51_21Z/data_transformation/preprocessor'
[2025-05-24 10:51:46,768] - INFO - core - Y Preprocessor Pipeline saved to: 'artifacts/2025_05_24T09_51_21Z/data_transformation/preprocessor/y_preprocessor.joblib'
[2025-05-24 10:51:46,768] - INFO - core - Created directory for X_train: 'artifacts/2025_05_24T09_51_21Z/data_transformation/transformed/train'
[2025-05-24 10:51:46,768] - INFO - core - X_train saved to: 'artifacts/2025_05_24T09_51_21Z/data_transformation/transformed/train/x_train.npy'
[2025-05-24 10:51:46,768] - INFO - core - Directory already exists for X_train: 'data/transformed/train'
[2025-05-24 10:51:46,772] - INFO - core - X_train saved to: 'data/transformed/train/x_train.npy'
[2025-05-24 10:51:46,773] - INFO - core - Directory already exists for y_train: 'artifacts/2025_05_24T09_51_21Z/data_transformation/transformed/train'
[2025-05-24 10:51:46,773] - INFO - core - y_train saved to: 'artifacts/2025_05_24T09_51_21Z/data_transformation/transformed/train/y_train.npy'
[2025-05-24 10:51:46,773] - INFO - core - Directory already exists for y_train: 'data/transformed/train'
[2025-05-24 10:51:46,773] - INFO - core - y_train saved to: 'data/transformed/train/y_train.npy'
[2025-05-24 10:51:46,773] - INFO - core - Created directory for X_val: 'artifacts/2025_05_24T09_51_21Z/data_transformation/transformed/val'
[2025-05-24 10:51:46,776] - INFO - core - X_val saved to: 'artifacts/2025_05_24T09_51_21Z/data_transformation/transformed/val/x_val.npy'
[2025-05-24 10:51:46,776] - INFO - core - Directory already exists for X_val: 'data/transformed/val'
[2025-05-24 10:51:46,776] - INFO - core - X_val saved to: 'data/transformed/val/x_val.npy'
[2025-05-24 10:51:46,776] - INFO - core - Directory already exists for y_val: 'artifacts/2025_05_24T09_51_21Z/data_transformation/transformed/val'
[2025-05-24 10:51:46,780] - INFO - core - y_val saved to: 'artifacts/2025_05_24T09_51_21Z/data_transformation/transformed/val/y_val.npy'
[2025-05-24 10:51:46,780] - INFO - core - Directory already exists for y_val: 'data/transformed/val'
[2025-05-24 10:51:46,780] - INFO - core - y_val saved to: 'data/transformed/val/y_val.npy'
[2025-05-24 10:51:46,780] - INFO - core - Created directory for X_test: 'artifacts/2025_05_24T09_51_21Z/data_transformation/transformed/test'
[2025-05-24 10:51:46,780] - INFO - core - X_test saved to: 'artifacts/2025_05_24T09_51_21Z/data_transformation/transformed/test/x_test.npy'
[2025-05-24 10:51:46,785] - INFO - core - Directory already exists for X_test: 'data/transformed/test'
[2025-05-24 10:51:46,785] - INFO - core - X_test saved to: 'data/transformed/test/x_test.npy'
[2025-05-24 10:51:46,785] - INFO - core - Directory already exists for y_test: 'artifacts/2025_05_24T09_51_21Z/data_transformation/transformed/test'
[2025-05-24 10:51:46,789] - INFO - core - y_test saved to: 'artifacts/2025_05_24T09_51_21Z/data_transformation/transformed/test/y_test.npy'
[2025-05-24 10:51:46,789] - INFO - core - Directory already exists for y_test: 'data/transformed/test'
[2025-05-24 10:51:46,789] - INFO - core - y_test saved to: 'data/transformed/test/y_test.npy'
[2025-05-24 10:51:46,789] - INFO - data_transformation - ========== Data Transformation Completed ==========
[2025-05-24 10:51:46,789] - INFO - model_trainer - Initializing ModelTrainer with root_dir=artifacts\2025_05_24T09_51_21Z\model_trainer
[2025-05-24 10:51:49,530] - INFO - model_trainer - ========== Starting Model Training ==========
[2025-05-24 10:51:49,538] - INFO - core - X train loaded successfully from: 'artifacts/2025_05_24T09_51_21Z/data_transformation/transformed/train/x_train.npy'
[2025-05-24 10:51:49,547] - INFO - core - Y train loaded successfully from: 'artifacts/2025_05_24T09_51_21Z/data_transformation/transformed/train/y_train.npy'
[2025-05-24 10:51:49,564] - INFO - core - X val loaded successfully from: 'artifacts/2025_05_24T09_51_21Z/data_transformation/transformed/val/x_val.npy'
[2025-05-24 10:51:49,572] - INFO - core - Y val loaded successfully from: 'artifacts/2025_05_24T09_51_21Z/data_transformation/transformed/val/y_val.npy'
[2025-05-24 10:52:34,590] - INFO - core - Created directory for Trained Model: 'artifacts/2025_05_24T09_51_21Z/model_trainer/trained_model'
[2025-05-24 10:52:34,606] - INFO - core - Trained Model saved to: 'artifacts/2025_05_24T09_51_21Z/model_trainer/trained_model/model.joblib'
[2025-05-24 10:52:34,622] - INFO - core - Created directory for Inference Model: 'artifacts/2025_05_24T09_51_21Z/model_trainer/inference_model'
[2025-05-24 10:52:34,626] - INFO - core - Inference Model saved to: 'artifacts/2025_05_24T09_51_21Z/model_trainer/inference_model/inference_model.joblib'
[2025-05-24 10:52:34,628] - INFO - core - Created directory for Training Report: 'artifacts/2025_05_24T09_51_21Z/model_trainer/reports'
[2025-05-24 10:52:34,629] - INFO - core - Training Report saved to: 'artifacts/2025_05_24T09_51_21Z/model_trainer/reports/training_report.yaml'
[2025-05-24 10:52:35,011] - INFO - model_trainer - ========== Model Training Completed ==========
[2025-05-24 10:52:35,011] - INFO - model_evaluation - Initializing ModelEvaluator with root_dir=artifacts\2025_05_24T09_51_21Z\model_evaluation
[2025-05-24 10:52:35,011] - INFO - model_evaluation - ========== Starting Model Evaluation ==========
[2025-05-24 10:52:35,011] - INFO - core - X Train loaded successfully from: 'artifacts/2025_05_24T09_51_21Z/data_transformation/transformed/train/x_train.npy'
[2025-05-24 10:52:35,011] - INFO - core - Y Train loaded successfully from: 'artifacts/2025_05_24T09_51_21Z/data_transformation/transformed/train/y_train.npy'
[2025-05-24 10:52:35,011] - INFO - core - X Val loaded successfully from: 'artifacts/2025_05_24T09_51_21Z/data_transformation/transformed/val/x_val.npy'
[2025-05-24 10:52:35,011] - INFO - core - Y Val loaded successfully from: 'artifacts/2025_05_24T09_51_21Z/data_transformation/transformed/val/y_val.npy'
[2025-05-24 10:52:35,027] - INFO - core - X Test loaded successfully from: 'artifacts/2025_05_24T09_51_21Z/data_transformation/transformed/test/x_test.npy'
[2025-05-24 10:52:35,034] - INFO - core - Y Test loaded successfully from: 'artifacts/2025_05_24T09_51_21Z/data_transformation/transformed/test/y_test.npy'
[2025-05-24 10:52:35,034] - INFO - core - Loading object from: 'artifacts/2025_05_24T09_51_21Z/model_trainer/inference_model/inference_model.joblib'
[2025-05-24 10:52:35,045] - INFO - model_evaluation - Inference Model loaded successfully for evaluation.
[2025-05-24 10:52:35,079] - INFO - core - Directory already exists for Evaluation Report: 'artifacts/2025_05_24T09_51_21Z/model_evaluation'
[2025-05-24 10:52:35,080] - INFO - core - Evaluation Report saved to: 'artifacts/2025_05_24T09_51_21Z/model_evaluation/evaluation_report.yaml'
[2025-05-24 10:52:35,081] - INFO - model_evaluation - ========== Model Evaluation Completed ==========
[2025-05-24 10:52:35,182] - INFO - s3_handler - S3Handler initialized for bucket 'networksecurity-dev-artifacts' in region 'us-east-1'
[2025-05-24 10:52:35,183] - INFO - model_pusher - Starting model push process...
[2025-05-24 10:52:35,183] - INFO - core - Loading object from: 'artifacts/2025_05_24T09_51_21Z/model_trainer/inference_model/inference_model.joblib'
[2025-05-24 10:52:35,186] - INFO - core - Directory already exists for Final Model: 'final_model'
[2025-05-24 10:52:35,196] - INFO - core - Final Model saved to: 'final_model/final_inference_model.joblib'
[2025-05-24 10:52:38,159] - INFO - s3_handler - Uploaded: final_model/final_inference_model.joblib -> s3://networksecurity-dev-artifacts/final_model/final_inference_model.joblib
[2025-05-24 10:52:38,159] - INFO - s3_handler - Starting S3 sync: artifacts -> s3://networksecurity-dev-artifacts/artifacts/artifacts
[2025-05-24 10:52:39,749] - INFO - s3_handler - Uploaded: artifacts/2025_05_24T09_51_21Z/data_ingestion/featurestore/raw_data.csv -> s3://networksecurity-dev-artifacts/artifacts/artifacts/2025_05_24T09_51_21Z/data_ingestion/featurestore/raw_data.csv
[2025-05-24 10:52:40,782] - INFO - s3_handler - Uploaded: artifacts/2025_05_24T09_51_21Z/data_ingestion/ingested/ingested_data.csv -> s3://networksecurity-dev-artifacts/artifacts/artifacts/2025_05_24T09_51_21Z/data_ingestion/ingested/ingested_data.csv
[2025-05-24 10:52:41,506] - INFO - s3_handler - Uploaded: artifacts/2025_05_24T09_51_21Z/data_transformation/preprocessor/x_preprocessor.joblib -> s3://networksecurity-dev-artifacts/artifacts/artifacts/2025_05_24T09_51_21Z/data_transformation/preprocessor/x_preprocessor.joblib
[2025-05-24 10:52:41,766] - INFO - s3_handler - Uploaded: artifacts/2025_05_24T09_51_21Z/data_transformation/preprocessor/y_preprocessor.joblib -> s3://networksecurity-dev-artifacts/artifacts/artifacts/2025_05_24T09_51_21Z/data_transformation/preprocessor/y_preprocessor.joblib
[2025-05-24 10:52:42,187] - INFO - s3_handler - Uploaded: artifacts/2025_05_24T09_51_21Z/data_transformation/transformed/test/x_test.npy -> s3://networksecurity-dev-artifacts/artifacts/artifacts/2025_05_24T09_51_21Z/data_transformation/transformed/test/x_test.npy
[2025-05-24 10:52:42,461] - INFO - s3_handler - Uploaded: artifacts/2025_05_24T09_51_21Z/data_transformation/transformed/test/y_test.npy -> s3://networksecurity-dev-artifacts/artifacts/artifacts/2025_05_24T09_51_21Z/data_transformation/transformed/test/y_test.npy
[2025-05-24 10:52:43,220] - INFO - s3_handler - Uploaded: artifacts/2025_05_24T09_51_21Z/data_transformation/transformed/train/x_train.npy -> s3://networksecurity-dev-artifacts/artifacts/artifacts/2025_05_24T09_51_21Z/data_transformation/transformed/train/x_train.npy
[2025-05-24 10:52:43,524] - INFO - s3_handler - Uploaded: artifacts/2025_05_24T09_51_21Z/data_transformation/transformed/train/y_train.npy -> s3://networksecurity-dev-artifacts/artifacts/artifacts/2025_05_24T09_51_21Z/data_transformation/transformed/train/y_train.npy
[2025-05-24 10:52:43,964] - INFO - s3_handler - Uploaded: artifacts/2025_05_24T09_51_21Z/data_transformation/transformed/val/x_val.npy -> s3://networksecurity-dev-artifacts/artifacts/artifacts/2025_05_24T09_51_21Z/data_transformation/transformed/val/x_val.npy
[2025-05-24 10:52:44,249] - INFO - s3_handler - Uploaded: artifacts/2025_05_24T09_51_21Z/data_transformation/transformed/val/y_val.npy -> s3://networksecurity-dev-artifacts/artifacts/artifacts/2025_05_24T09_51_21Z/data_transformation/transformed/val/y_val.npy
[2025-05-24 10:52:44,641] - INFO - s3_handler - Uploaded: artifacts/2025_05_24T09_51_21Z/data_validation/reports/drift_report.yaml -> s3://networksecurity-dev-artifacts/artifacts/artifacts/2025_05_24T09_51_21Z/data_validation/reports/drift_report.yaml
[2025-05-24 10:52:44,901] - INFO - s3_handler - Uploaded: artifacts/2025_05_24T09_51_21Z/data_validation/reports/duplicates_report.yaml -> s3://networksecurity-dev-artifacts/artifacts/artifacts/2025_05_24T09_51_21Z/data_validation/reports/duplicates_report.yaml
[2025-05-24 10:52:45,162] - INFO - s3_handler - Uploaded: artifacts/2025_05_24T09_51_21Z/data_validation/reports/missing_values_report.json -> s3://networksecurity-dev-artifacts/artifacts/artifacts/2025_05_24T09_51_21Z/data_validation/reports/missing_values_report.json
[2025-05-24 10:52:45,454] - INFO - s3_handler - Uploaded: artifacts/2025_05_24T09_51_21Z/data_validation/reports/validation_report.yaml -> s3://networksecurity-dev-artifacts/artifacts/artifacts/2025_05_24T09_51_21Z/data_validation/reports/validation_report.yaml
[2025-05-24 10:52:45,935] - INFO - s3_handler - Uploaded: artifacts/2025_05_24T09_51_21Z/data_validation/validated/validated_data.csv -> s3://networksecurity-dev-artifacts/artifacts/artifacts/2025_05_24T09_51_21Z/data_validation/validated/validated_data.csv
[2025-05-24 10:52:46,201] - INFO - s3_handler - Uploaded: artifacts/2025_05_24T09_51_21Z/model_evaluation/evaluation_report.yaml -> s3://networksecurity-dev-artifacts/artifacts/artifacts/2025_05_24T09_51_21Z/model_evaluation/evaluation_report.yaml
[2025-05-24 10:52:47,365] - INFO - s3_handler - Uploaded: artifacts/2025_05_24T09_51_21Z/model_trainer/inference_model/inference_model.joblib -> s3://networksecurity-dev-artifacts/artifacts/artifacts/2025_05_24T09_51_21Z/model_trainer/inference_model/inference_model.joblib
[2025-05-24 10:52:47,628] - INFO - s3_handler - Uploaded: artifacts/2025_05_24T09_51_21Z/model_trainer/reports/training_report.yaml -> s3://networksecurity-dev-artifacts/artifacts/artifacts/2025_05_24T09_51_21Z/model_trainer/reports/training_report.yaml
[2025-05-24 10:52:48,417] - INFO - s3_handler - Uploaded: artifacts/2025_05_24T09_51_21Z/model_trainer/trained_model/model.joblib -> s3://networksecurity-dev-artifacts/artifacts/artifacts/2025_05_24T09_51_21Z/model_trainer/trained_model/model.joblib
[2025-05-24 10:52:48,417] - INFO - s3_handler - Directory synced to S3: artifacts -> s3://networksecurity-dev-artifacts/artifacts/artifacts
[2025-05-24 10:52:48,417] - INFO - s3_handler - Starting S3 sync: logs -> s3://networksecurity-dev-artifacts/artifacts/logs
[2025-05-24 10:52:48,738] - INFO - s3_handler - Uploaded: logs/2025_05_24T09_51_21Z/2025_05_24T09_51_21Z.log -> s3://networksecurity-dev-artifacts/artifacts/logs/2025_05_24T09_51_21Z/2025_05_24T09_51_21Z.log
[2025-05-24 10:52:48,738] - INFO - s3_handler - Directory synced to S3: logs -> s3://networksecurity-dev-artifacts/artifacts/logs
[2025-05-24 10:52:48,738] - INFO - s3_handler - S3Handler close() called. No persistent connection to close.
[2025-05-24 10:52:48,738] - INFO - model_pusher - Model push process completed successfully.
[2025-05-24 10:52:48,738] - INFO - training_pipeline - ========== Training Pipeline Completed Successfully ==========
