[2025-04-18 20:21:40,249] - INFO - debug_pipeline - ========== Starting Full Debug Pipeline ==========
[2025-04-18 20:21:40,249] - INFO - debug_pipeline - ========== Launching Data Ingestion Pipeline ==========
[2025-04-18 20:21:40,249] - INFO - common - YAML loaded successfully from: 'config/config.yaml'
[2025-04-18 20:21:40,265] - INFO - common - YAML loaded successfully from: 'config/params.yaml'
[2025-04-18 20:21:40,269] - INFO - common - YAML loaded successfully from: 'config/schema.yaml'
[2025-04-18 20:21:40,269] - INFO - common - Created directory at: 'artifacts/2025_04_18T19_21_39Z'
[2025-04-18 20:21:40,269] - INFO - common - Created directory at: 'logs/2025_04_18T19_21_39Z'
[2025-04-18 20:21:40,269] - INFO - common - Created directory at: 'artifacts/2025_04_18T19_21_39Z/data_ingestion/featurestore'
[2025-04-18 20:21:40,270] - INFO - common - Created directory at: 'artifacts/2025_04_18T19_21_39Z/data_ingestion/ingested'
[2025-04-18 20:21:40,270] - INFO - common - Created directory at: 'artifacts/2025_04_18T19_21_39Z/mongo_handler/JSON_data'
[2025-04-18 20:21:40,270] - INFO - data_ingestion_pipeline - ========== Data Ingestion Stage Started ==========
[2025-04-18 20:21:40,270] - INFO - data_ingestion - Starting data ingestion pipeline...
[2025-04-18 20:21:44,987] - INFO - mongodb_handler - Exported 44220 documents from network_security_db.phishing_records as DataFrame.
[2025-04-18 20:21:45,060] - INFO - mongodb_handler - MongoClient connection closed.
[2025-04-18 20:21:45,060] - INFO - data_ingestion - Fetched 44220 raw rows from data source.
[2025-04-18 20:21:45,060] - INFO - common - Created directory at: 'artifacts/2025_04_18T19_21_39Z/data_ingestion/featurestore'
[2025-04-18 20:21:45,237] - INFO - common - Raw data saved to: artifacts\2025_04_18T19_21_39Z\data_ingestion\featurestore\raw_data.csv
[2025-04-18 20:21:45,237] - INFO - common - Created directory at: 'data/raw'
[2025-04-18 20:21:45,416] - INFO - common - Raw data saved to: data\raw\raw_data.csv
[2025-04-18 20:21:45,423] - INFO - data_ingestion - Raw DataFrame cleaned successfully.
[2025-04-18 20:21:45,423] - INFO - common - Created directory at: 'artifacts/2025_04_18T19_21_39Z/data_ingestion/ingested'
[2025-04-18 20:21:45,574] - INFO - common - Cleaned data saved to: artifacts\2025_04_18T19_21_39Z\data_ingestion\ingested\ingested_data.csv
[2025-04-18 20:21:45,574] - INFO - data_ingestion - Data ingestion completed successfully.
[2025-04-18 20:21:45,585] - INFO - data_ingestion_pipeline - Data Ingestion Completed Successfully: 
Data Ingestion Artifact Paths:
  - Raw Artifact:     artifacts\2025_04_18T19_21_39Z\data_ingestion\featurestore\raw_data.csv
  - Raw DVC Path:     data\raw\raw_data.csv
  - Ingested Data Path:     artifacts\2025_04_18T19_21_39Z\data_ingestion\ingested\ingested_data.csv

[2025-04-18 20:21:45,585] - INFO - data_ingestion_pipeline - ========== Data Ingestion Stage Completed ==========
[2025-04-18 20:21:45,585] - INFO - debug_pipeline - ========== Data Ingestion Pipeline Finished ==========
[2025-04-18 20:21:45,585] - INFO - debug_pipeline - ========== Launching Data Validation Pipeline ==========
[2025-04-18 20:21:45,589] - INFO - common - YAML loaded successfully from: 'config/config.yaml'
[2025-04-18 20:21:45,592] - INFO - common - YAML loaded successfully from: 'config/params.yaml'
[2025-04-18 20:21:45,595] - INFO - common - YAML loaded successfully from: 'config/schema.yaml'
[2025-04-18 20:21:45,595] - INFO - common - Created directory at: 'artifacts/2025_04_18T19_21_39Z'
[2025-04-18 20:21:45,595] - INFO - common - Created directory at: 'logs/2025_04_18T19_21_39Z'
[2025-04-18 20:21:45,595] - INFO - common - Created directory at: 'artifacts/2025_04_18T19_21_39Z/data_validation/validated'
[2025-04-18 20:21:45,595] - INFO - common - Created directory at: 'artifacts/2025_04_18T19_21_39Z/data_validation/reports'
[2025-04-18 20:21:45,595] - INFO - data_validation_pipeline - ========= Data Validation Stage Started =========
[2025-04-18 20:21:45,704] - INFO - common - Created directory at: 'artifacts/2025_04_18T19_21_39Z/data_validation/validated'
[2025-04-18 20:21:45,704] - INFO - data_validation - Running data validation...
[2025-04-18 20:21:45,704] - INFO - data_validation - Schema hash matches schema.yaml.
[2025-04-18 20:21:45,708] - INFO - data_validation - No missing values.
[2025-04-18 20:21:45,720] - WARNING - data_validation - Removed 38371 duplicate rows.
[2025-04-18 20:21:45,753] - INFO - data_validation - No drift detected.
[2025-04-18 20:21:45,754] - INFO - data_validation - Validation report saved to: artifacts\2025_04_18T19_21_39Z\data_validation\reports\validation_report.yaml
[2025-04-18 20:21:45,774] - INFO - data_validation - Validated data saved to: artifacts\2025_04_18T19_21_39Z\data_validation\validated\validated_data.csv
[2025-04-18 20:21:45,797] - INFO - data_validation - Validated data copied to: data\validated\validated_data.csv
[2025-04-18 20:21:45,797] - INFO - data_validation_pipeline - Data Validation Completed Successfully: 
Data Validation Artifact Paths:
  - Validated Data Path: artifacts\2025_04_18T19_21_39Z\data_validation\validated\validated_data.csv
  - Drift Report Path:   artifacts\2025_04_18T19_21_39Z\data_validation\reports\drift_report.yaml
  - Validation Status:   True
[2025-04-18 20:21:45,797] - INFO - data_validation_pipeline - ========= Data Validation Stage Completed =========
[2025-04-18 20:21:45,797] - INFO - debug_pipeline - ========== Data Validation Pipeline Finished ==========
[2025-04-18 20:21:45,797] - INFO - debug_pipeline - ========== Full Debug Pipeline Completed Successfully ==========
