[2025-05-12 16:42:45,622] - INFO - debug_pipeline - 
 DEBUG MODE: Starting the Training Pipeline...

[2025-05-12 16:42:45,641] - INFO - core - YAML loaded successfully from: 'config/config.yaml'
[2025-05-12 16:42:45,653] - INFO - core - YAML loaded successfully from: 'config/params.yaml'
[2025-05-12 16:42:45,667] - INFO - core - YAML loaded successfully from: 'config/schema.yaml'
[2025-05-12 16:42:45,673] - INFO - core - YAML loaded successfully from: 'config/templates.yaml'
[2025-05-12 16:42:45,673] - INFO - training_pipeline - ========== Training Pipeline Started ==========
[2025-05-12 16:42:45,676] - INFO - data_ingestion - ========== Starting Data Ingestion ==========
[2025-05-12 16:42:45,866] - INFO - mongodb_handler - MongoClient initialized.
[2025-05-12 16:42:49,000] - INFO - mongodb_handler - Exported 22110 documents from network_security_db.phishing_records as DataFrame.
[2025-05-12 16:42:49,094] - INFO - mongodb_handler - MongoClient connection closed.
[2025-05-12 16:42:49,095] - INFO - data_ingestion - Fetched 22110 raw rows from data source.
[2025-05-12 16:42:49,097] - INFO - core - Created directory for Raw Data: 'artifacts/2025_05_12T15_42_41Z/data_ingestion/featurestore'
[2025-05-12 16:42:49,287] - INFO - core - Raw Data saved to: 'artifacts/2025_05_12T15_42_41Z/data_ingestion/featurestore/raw_data.csv'
[2025-05-12 16:42:49,288] - INFO - core - Directory already exists for Raw Data: 'data/raw'
[2025-05-12 16:42:49,487] - INFO - core - Raw Data saved to: 'data/raw/raw_data.csv'
[2025-05-12 16:42:49,496] - INFO - data_ingestion - Raw DataFrame cleaned successfully.
[2025-05-12 16:42:49,498] - INFO - core - Created directory for Cleaned (Ingested) Data: 'artifacts/2025_05_12T15_42_41Z/data_ingestion/ingested'
[2025-05-12 16:42:49,635] - INFO - core - Cleaned (Ingested) Data saved to: 'artifacts/2025_05_12T15_42_41Z/data_ingestion/ingested/ingested_data.csv'
[2025-05-12 16:42:49,636] - INFO - data_ingestion - ========== Data Ingestion Completed ==========
[2025-05-12 16:42:49,700] - INFO - core - Ingested Data loaded from: 'artifacts/2025_05_12T15_42_41Z/data_ingestion/ingested/ingested_data.csv'
[2025-05-12 16:42:49,734] - INFO - core - Validated Base Data loaded from: 'data/validated/validated_data.csv'
[2025-05-12 16:42:49,736] - INFO - data_validation - Running data validation...
[2025-05-12 16:42:49,740] - INFO - data_validation - Schema hash check passed.
[2025-05-12 16:42:49,744] - INFO - core - Created directory for Missing Value Report: 'artifacts/2025_05_12T15_42_41Z/data_validation/reports'
[2025-05-12 16:42:49,753] - INFO - core - Missing Value Report saved to: 'artifacts/2025_05_12T15_42_41Z/data_validation/reports/missing_values_report.json'
[2025-05-12 16:42:49,775] - INFO - core - Directory already exists for Duplicates Report: 'artifacts/2025_05_12T15_42_41Z/data_validation/reports'
[2025-05-12 16:42:49,777] - INFO - core - Duplicates Report saved to: 'artifacts/2025_05_12T15_42_41Z/data_validation/reports/duplicates_report.yaml'
[2025-05-12 16:42:49,854] - INFO - core - Directory already exists for Drift Result: 'artifacts/2025_05_12T15_42_41Z/data_validation/reports'
[2025-05-12 16:42:49,885] - INFO - core - Drift Result saved to: 'artifacts/2025_05_12T15_42_41Z/data_validation/reports/drift_report.yaml'
[2025-05-12 16:42:49,886] - INFO - core - Directory already exists for Validation Report: 'artifacts/2025_05_12T15_42_41Z/data_validation/reports'
[2025-05-12 16:42:49,890] - INFO - core - Validation Report saved to: 'artifacts/2025_05_12T15_42_41Z/data_validation/reports/validation_report.yaml'
[2025-05-12 16:42:49,894] - INFO - core - Created directory for Validated Data: 'artifacts/2025_05_12T15_42_41Z/data_validation/validated'
[2025-05-12 16:42:49,937] - INFO - core - Validated Data saved to: 'artifacts/2025_05_12T15_42_41Z/data_validation/validated/validated_data.csv'
[2025-05-12 16:42:49,937] - INFO - core - Directory already exists for Validated Data: 'data/validated'
[2025-05-12 16:42:49,996] - INFO - core - Validated Data saved to: 'data/validated/validated_data.csv'
[2025-05-12 16:42:50,030] - INFO - core - Validated Data loaded from: 'artifacts/2025_05_12T15_42_41Z/data_validation/validated/validated_data.csv'
[2025-05-12 16:42:50,030] - INFO - data_transformation - ========== Starting Data Transformation ==========
[2025-05-12 16:42:50,083] - INFO - core - Created directory for X Preprocessor Pipeline: 'artifacts/2025_05_12T15_42_41Z/data_transformation/preprocessor'
[2025-05-12 16:42:50,087] - INFO - core - X Preprocessor Pipeline saved to: 'artifacts/2025_05_12T15_42_41Z/data_transformation/preprocessor/x_preprocessor.joblib'
[2025-05-12 16:42:50,088] - INFO - core - Directory already exists for Y Preprocessor Pipeline: 'artifacts/2025_05_12T15_42_41Z/data_transformation/preprocessor'
[2025-05-12 16:42:50,090] - INFO - core - Y Preprocessor Pipeline saved to: 'artifacts/2025_05_12T15_42_41Z/data_transformation/preprocessor/y_preprocessor.joblib'
[2025-05-12 16:42:50,091] - INFO - core - Created directory for X_train: 'artifacts/2025_05_12T15_42_41Z/data_transformation/transformed/train'
[2025-05-12 16:42:50,102] - INFO - core - X_train saved to: 'artifacts/2025_05_12T15_42_41Z/data_transformation/transformed/train/x_train.npy'
[2025-05-12 16:42:50,103] - INFO - core - Directory already exists for X_train: 'data/transformed/train'
[2025-05-12 16:42:50,107] - INFO - core - X_train saved to: 'data/transformed/train/x_train.npy'
[2025-05-12 16:42:50,110] - INFO - core - Directory already exists for y_train: 'artifacts/2025_05_12T15_42_41Z/data_transformation/transformed/train'
[2025-05-12 16:42:50,113] - INFO - core - y_train saved to: 'artifacts/2025_05_12T15_42_41Z/data_transformation/transformed/train/y_train.npy'
[2025-05-12 16:42:50,122] - INFO - core - Directory already exists for y_train: 'data/transformed/train'
[2025-05-12 16:42:50,123] - INFO - core - y_train saved to: 'data/transformed/train/y_train.npy'
[2025-05-12 16:42:50,125] - INFO - core - Created directory for X_val: 'artifacts/2025_05_12T15_42_41Z/data_transformation/transformed/val'
[2025-05-12 16:42:50,136] - INFO - core - X_val saved to: 'artifacts/2025_05_12T15_42_41Z/data_transformation/transformed/val/x_val.npy'
[2025-05-12 16:42:50,137] - INFO - core - Directory already exists for X_val: 'data/transformed/val'
[2025-05-12 16:42:50,139] - INFO - core - X_val saved to: 'data/transformed/val/x_val.npy'
[2025-05-12 16:42:50,141] - INFO - core - Directory already exists for y_val: 'artifacts/2025_05_12T15_42_41Z/data_transformation/transformed/val'
[2025-05-12 16:42:50,149] - INFO - core - y_val saved to: 'artifacts/2025_05_12T15_42_41Z/data_transformation/transformed/val/y_val.npy'
[2025-05-12 16:42:50,150] - INFO - core - Directory already exists for y_val: 'data/transformed/val'
[2025-05-12 16:42:50,153] - INFO - core - y_val saved to: 'data/transformed/val/y_val.npy'
[2025-05-12 16:42:50,156] - INFO - core - Created directory for X_test: 'artifacts/2025_05_12T15_42_41Z/data_transformation/transformed/test'
[2025-05-12 16:42:50,164] - INFO - core - X_test saved to: 'artifacts/2025_05_12T15_42_41Z/data_transformation/transformed/test/x_test.npy'
[2025-05-12 16:42:50,168] - INFO - core - Directory already exists for X_test: 'data/transformed/test'
[2025-05-12 16:42:50,169] - INFO - core - X_test saved to: 'data/transformed/test/x_test.npy'
[2025-05-12 16:42:50,180] - INFO - core - Directory already exists for y_test: 'artifacts/2025_05_12T15_42_41Z/data_transformation/transformed/test'
[2025-05-12 16:42:50,182] - INFO - core - y_test saved to: 'artifacts/2025_05_12T15_42_41Z/data_transformation/transformed/test/y_test.npy'
[2025-05-12 16:42:50,183] - INFO - core - Directory already exists for y_test: 'data/transformed/test'
[2025-05-12 16:42:50,186] - INFO - core - y_test saved to: 'data/transformed/test/y_test.npy'
[2025-05-12 16:42:50,187] - INFO - data_transformation - ========== Data Transformation Completed ==========
[2025-05-12 16:42:50,192] - INFO - model_trainer - Initializing ModelTrainer with root_dir=artifacts\2025_05_12T15_42_41Z\model_trainer
[2025-05-12 16:42:52,030] - INFO - model_trainer - ========== Starting Model Training ==========
[2025-05-12 16:42:52,038] - INFO - core - X train loaded successfully from: 'artifacts/2025_05_12T15_42_41Z/data_transformation/transformed/train/x_train.npy'
[2025-05-12 16:42:52,055] - INFO - core - Y train loaded successfully from: 'artifacts/2025_05_12T15_42_41Z/data_transformation/transformed/train/y_train.npy'
[2025-05-12 16:42:52,074] - INFO - core - X val loaded successfully from: 'artifacts/2025_05_12T15_42_41Z/data_transformation/transformed/val/x_val.npy'
[2025-05-12 16:42:52,080] - INFO - core - Y val loaded successfully from: 'artifacts/2025_05_12T15_42_41Z/data_transformation/transformed/val/y_val.npy'
[2025-05-12 16:43:58,422] - INFO - core - Created directory for Trained Model: 'artifacts/2025_05_12T15_42_41Z/model_trainer/trained_model'
[2025-05-12 16:43:58,428] - INFO - core - Trained Model saved to: 'artifacts/2025_05_12T15_42_41Z/model_trainer/trained_model/model.joblib'
[2025-05-12 16:43:58,441] - INFO - core - Created directory for Inference Model: 'artifacts/2025_05_12T15_42_41Z/model_trainer/inference_model'
[2025-05-12 16:43:58,447] - INFO - core - Inference Model saved to: 'artifacts/2025_05_12T15_42_41Z/model_trainer/inference_model/inference_model.joblib'
[2025-05-12 16:43:58,447] - INFO - core - Created directory for Training Report: 'artifacts/2025_05_12T15_42_41Z/model_trainer/reports'
[2025-05-12 16:43:58,451] - INFO - core - Training Report saved to: 'artifacts/2025_05_12T15_42_41Z/model_trainer/reports/training_report.yaml'
[2025-05-12 16:43:58,846] - INFO - model_trainer - ========== Model Training Completed ==========
[2025-05-12 16:43:58,846] - INFO - model_evaluation - Initializing ModelEvaluator with root_dir=artifacts\2025_05_12T15_42_41Z\model_evaluation
[2025-05-12 16:43:58,846] - INFO - model_evaluation - ========== Starting Model Evaluation ==========
[2025-05-12 16:43:58,850] - INFO - core - X Train loaded successfully from: 'artifacts/2025_05_12T15_42_41Z/data_transformation/transformed/train/x_train.npy'
[2025-05-12 16:43:58,850] - INFO - core - Y Train loaded successfully from: 'artifacts/2025_05_12T15_42_41Z/data_transformation/transformed/train/y_train.npy'
[2025-05-12 16:43:58,850] - INFO - core - X Val loaded successfully from: 'artifacts/2025_05_12T15_42_41Z/data_transformation/transformed/val/x_val.npy'
[2025-05-12 16:43:58,852] - INFO - core - Y Val loaded successfully from: 'artifacts/2025_05_12T15_42_41Z/data_transformation/transformed/val/y_val.npy'
[2025-05-12 16:43:58,864] - INFO - core - X Test loaded successfully from: 'artifacts/2025_05_12T15_42_41Z/data_transformation/transformed/test/x_test.npy'
[2025-05-12 16:43:58,869] - INFO - core - Y Test loaded successfully from: 'artifacts/2025_05_12T15_42_41Z/data_transformation/transformed/test/y_test.npy'
[2025-05-12 16:43:58,869] - INFO - core - Loading object from: 'artifacts/2025_05_12T15_42_41Z/model_trainer/inference_model/inference_model.joblib'
[2025-05-12 16:43:58,881] - INFO - model_evaluation - Inference Model loaded successfully for evaluation.
[2025-05-12 16:43:58,923] - INFO - core - Directory already exists for Evaluation Report: 'artifacts/2025_05_12T15_42_41Z/model_evaluation'
[2025-05-12 16:43:58,926] - INFO - core - Evaluation Report saved to: 'artifacts/2025_05_12T15_42_41Z/model_evaluation/evaluation_report.yaml'
[2025-05-12 16:43:58,926] - INFO - model_evaluation - ========== Model Evaluation Completed ==========
[2025-05-12 16:43:59,054] - INFO - s3_handler - S3Handler initialized for bucket 'networksecurity-dev-artifacts' in region 'us-east-1'
[2025-05-12 16:43:59,054] - INFO - model_pusher - Starting model push process...
[2025-05-12 16:43:59,054] - INFO - core - Loading object from: 'artifacts/2025_05_12T15_42_41Z/model_trainer/inference_model/inference_model.joblib'
[2025-05-12 16:43:59,060] - INFO - core - Directory already exists for Final Model: 'final_model'
[2025-05-12 16:43:59,068] - INFO - core - Final Model saved to: 'final_model/final_inference_model.joblib'
[2025-05-12 16:44:00,196] - INFO - s3_handler - Uploaded: final_model/final_inference_model.joblib -> s3://networksecurity-dev-artifacts/final_modelfinal_inference_model.joblib
[2025-05-12 16:44:00,200] - INFO - s3_handler - Starting S3 sync: artifacts -> s3://networksecurity-dev-artifacts/artifacts/artifacts
[2025-05-12 16:44:00,854] - INFO - s3_handler - Uploaded: artifacts/2025_05_12T15_42_41Z/data_ingestion/featurestore/raw_data.csv -> s3://networksecurity-dev-artifacts/artifacts/artifacts/2025_05_12T15_42_41Z/data_ingestion/featurestore/raw_data.csv
[2025-05-12 16:44:01,787] - INFO - s3_handler - Uploaded: artifacts/2025_05_12T15_42_41Z/data_ingestion/ingested/ingested_data.csv -> s3://networksecurity-dev-artifacts/artifacts/artifacts/2025_05_12T15_42_41Z/data_ingestion/ingested/ingested_data.csv
[2025-05-12 16:44:02,238] - INFO - s3_handler - Uploaded: artifacts/2025_05_12T15_42_41Z/data_transformation/preprocessor/x_preprocessor.joblib -> s3://networksecurity-dev-artifacts/artifacts/artifacts/2025_05_12T15_42_41Z/data_transformation/preprocessor/x_preprocessor.joblib
[2025-05-12 16:44:02,504] - INFO - s3_handler - Uploaded: artifacts/2025_05_12T15_42_41Z/data_transformation/preprocessor/y_preprocessor.joblib -> s3://networksecurity-dev-artifacts/artifacts/artifacts/2025_05_12T15_42_41Z/data_transformation/preprocessor/y_preprocessor.joblib
[2025-05-12 16:44:02,902] - INFO - s3_handler - Uploaded: artifacts/2025_05_12T15_42_41Z/data_transformation/transformed/test/x_test.npy -> s3://networksecurity-dev-artifacts/artifacts/artifacts/2025_05_12T15_42_41Z/data_transformation/transformed/test/x_test.npy
[2025-05-12 16:44:03,194] - INFO - s3_handler - Uploaded: artifacts/2025_05_12T15_42_41Z/data_transformation/transformed/test/y_test.npy -> s3://networksecurity-dev-artifacts/artifacts/artifacts/2025_05_12T15_42_41Z/data_transformation/transformed/test/y_test.npy
[2025-05-12 16:44:03,651] - INFO - s3_handler - Uploaded: artifacts/2025_05_12T15_42_41Z/data_transformation/transformed/train/x_train.npy -> s3://networksecurity-dev-artifacts/artifacts/artifacts/2025_05_12T15_42_41Z/data_transformation/transformed/train/x_train.npy
[2025-05-12 16:44:03,991] - INFO - s3_handler - Uploaded: artifacts/2025_05_12T15_42_41Z/data_transformation/transformed/train/y_train.npy -> s3://networksecurity-dev-artifacts/artifacts/artifacts/2025_05_12T15_42_41Z/data_transformation/transformed/train/y_train.npy
[2025-05-12 16:44:04,352] - INFO - s3_handler - Uploaded: artifacts/2025_05_12T15_42_41Z/data_transformation/transformed/val/x_val.npy -> s3://networksecurity-dev-artifacts/artifacts/artifacts/2025_05_12T15_42_41Z/data_transformation/transformed/val/x_val.npy
[2025-05-12 16:44:04,662] - INFO - s3_handler - Uploaded: artifacts/2025_05_12T15_42_41Z/data_transformation/transformed/val/y_val.npy -> s3://networksecurity-dev-artifacts/artifacts/artifacts/2025_05_12T15_42_41Z/data_transformation/transformed/val/y_val.npy
[2025-05-12 16:44:04,960] - INFO - s3_handler - Uploaded: artifacts/2025_05_12T15_42_41Z/data_validation/reports/drift_report.yaml -> s3://networksecurity-dev-artifacts/artifacts/artifacts/2025_05_12T15_42_41Z/data_validation/reports/drift_report.yaml
[2025-05-12 16:44:05,233] - INFO - s3_handler - Uploaded: artifacts/2025_05_12T15_42_41Z/data_validation/reports/duplicates_report.yaml -> s3://networksecurity-dev-artifacts/artifacts/artifacts/2025_05_12T15_42_41Z/data_validation/reports/duplicates_report.yaml
[2025-05-12 16:44:05,518] - INFO - s3_handler - Uploaded: artifacts/2025_05_12T15_42_41Z/data_validation/reports/missing_values_report.json -> s3://networksecurity-dev-artifacts/artifacts/artifacts/2025_05_12T15_42_41Z/data_validation/reports/missing_values_report.json
[2025-05-12 16:44:05,791] - INFO - s3_handler - Uploaded: artifacts/2025_05_12T15_42_41Z/data_validation/reports/validation_report.yaml -> s3://networksecurity-dev-artifacts/artifacts/artifacts/2025_05_12T15_42_41Z/data_validation/reports/validation_report.yaml
[2025-05-12 16:44:06,205] - INFO - s3_handler - Uploaded: artifacts/2025_05_12T15_42_41Z/data_validation/validated/validated_data.csv -> s3://networksecurity-dev-artifacts/artifacts/artifacts/2025_05_12T15_42_41Z/data_validation/validated/validated_data.csv
[2025-05-12 16:44:06,483] - INFO - s3_handler - Uploaded: artifacts/2025_05_12T15_42_41Z/model_evaluation/evaluation_report.yaml -> s3://networksecurity-dev-artifacts/artifacts/artifacts/2025_05_12T15_42_41Z/model_evaluation/evaluation_report.yaml
[2025-05-12 16:44:07,022] - INFO - s3_handler - Uploaded: artifacts/2025_05_12T15_42_41Z/model_trainer/inference_model/inference_model.joblib -> s3://networksecurity-dev-artifacts/artifacts/artifacts/2025_05_12T15_42_41Z/model_trainer/inference_model/inference_model.joblib
[2025-05-12 16:44:07,304] - INFO - s3_handler - Uploaded: artifacts/2025_05_12T15_42_41Z/model_trainer/reports/training_report.yaml -> s3://networksecurity-dev-artifacts/artifacts/artifacts/2025_05_12T15_42_41Z/model_trainer/reports/training_report.yaml
[2025-05-12 16:44:07,772] - INFO - s3_handler - Uploaded: artifacts/2025_05_12T15_42_41Z/model_trainer/trained_model/model.joblib -> s3://networksecurity-dev-artifacts/artifacts/artifacts/2025_05_12T15_42_41Z/model_trainer/trained_model/model.joblib
[2025-05-12 16:44:07,774] - INFO - s3_handler - Directory synced to S3: artifacts -> s3://networksecurity-dev-artifacts/artifacts/artifacts
[2025-05-12 16:44:07,774] - INFO - s3_handler - Starting S3 sync: logs -> s3://networksecurity-dev-artifacts/artifacts/logs
[2025-05-12 16:44:08,119] - INFO - s3_handler - Uploaded: logs/2025_05_12T15_42_41Z/2025_05_12T15_42_41Z.log -> s3://networksecurity-dev-artifacts/artifacts/logs/2025_05_12T15_42_41Z/2025_05_12T15_42_41Z.log
[2025-05-12 16:44:08,120] - INFO - s3_handler - Directory synced to S3: logs -> s3://networksecurity-dev-artifacts/artifacts/logs
[2025-05-12 16:44:08,120] - INFO - s3_handler - S3Handler close() called. No persistent connection to close.
[2025-05-12 16:44:08,120] - INFO - model_pusher - Model push process completed successfully.
