[2025-04-23 10:45:20,625] - INFO - debug_pipeline - ========== Launching Data Ingestion Pipeline ==========
[2025-04-23 10:45:20,629] - INFO - core - YAML loaded successfully from: 'config/config.yaml'
[2025-04-23 10:45:20,633] - INFO - core - YAML loaded successfully from: 'config/params.yaml'
[2025-04-23 10:45:20,636] - INFO - core - YAML loaded successfully from: 'config/schema.yaml'
[2025-04-23 10:45:20,637] - INFO - core - YAML loaded successfully from: 'config/templates.yaml'
[2025-04-23 10:45:20,637] - INFO - data_ingestion_pipeline - ========== Data Ingestion Stage Started ==========
[2025-04-23 10:45:20,637] - INFO - data_ingestion - ========== Starting Data Ingestion ==========
[2025-04-23 10:45:20,784] - INFO - mongodb_handler - MongoClient initialized.
[2025-04-23 10:45:23,662] - INFO - mongodb_handler - Exported 22110 documents from network_security_db.phishing_records as DataFrame.
[2025-04-23 10:45:23,733] - INFO - mongodb_handler - MongoClient connection closed.
[2025-04-23 10:45:23,733] - INFO - data_ingestion - Fetched 22110 raw rows from data source.
[2025-04-23 10:45:23,734] - INFO - core - Created directory for Raw Data: 'artifacts/2025_04_23T09_45_19Z/data_ingestion/featurestore'
[2025-04-23 10:45:23,821] - INFO - core - Raw Data saved to: 'artifacts/2025_04_23T09_45_19Z/data_ingestion/featurestore/raw_data.csv'
[2025-04-23 10:45:23,821] - INFO - core - Directory already exists for Raw Data: 'data/raw'
[2025-04-23 10:45:23,908] - INFO - core - Raw Data saved to: 'data/raw/raw_data.csv'
[2025-04-23 10:45:23,912] - INFO - data_ingestion - Raw DataFrame cleaned successfully.
[2025-04-23 10:45:23,912] - INFO - core - Created directory for Cleaned (Ingested) Data: 'artifacts/2025_04_23T09_45_19Z/data_ingestion/ingested'
[2025-04-23 10:45:23,988] - INFO - core - Cleaned (Ingested) Data saved to: 'artifacts/2025_04_23T09_45_19Z/data_ingestion/ingested/ingested_data.csv'
[2025-04-23 10:45:23,988] - INFO - data_ingestion - ========== Data Ingestion Completed ==========
[2025-04-23 10:45:23,992] - INFO - data_ingestion_pipeline - Data Ingestion Process Completed.

Data Ingestion Artifact:
  - Raw Artifact:         'artifacts/2025_04_23T09_45_19Z/data_ingestion/featurestore/raw_data.csv'
  - Raw DVC Path:         'data/raw/raw_data.csv'
  - Ingested Data Path:   'artifacts/2025_04_23T09_45_19Z/data_ingestion/ingested/ingested_data.csv'

[2025-04-23 10:45:23,992] - INFO - data_ingestion_pipeline - ========== Data Ingestion Stage Completed ==========
[2025-04-23 10:45:23,992] - INFO - debug_pipeline - ========== Data Ingestion Pipeline Finished ==========
[2025-04-23 10:45:23,992] - INFO - debug_pipeline - ======================================================
[2025-04-23 10:45:23,992] - INFO - debug_pipeline - ========== Launching Data Validation Pipeline ==========
[2025-04-23 10:45:23,997] - INFO - core - YAML loaded successfully from: 'config/config.yaml'
[2025-04-23 10:45:24,000] - INFO - core - YAML loaded successfully from: 'config/params.yaml'
[2025-04-23 10:45:24,004] - INFO - core - YAML loaded successfully from: 'config/schema.yaml'
[2025-04-23 10:45:24,006] - INFO - core - YAML loaded successfully from: 'config/templates.yaml'
[2025-04-23 10:45:24,007] - INFO - data_validation_pipeline - ========= Data Validation Stage Started =========
[2025-04-23 10:45:24,050] - INFO - core - Ingested Data loaded from: 'artifacts/2025_04_23T09_45_19Z/data_ingestion/ingested/ingested_data.csv'
[2025-04-23 10:45:24,080] - INFO - core - Validated Base Data loaded from: 'data/validated/validated_data.csv'
[2025-04-23 10:45:24,080] - INFO - data_validation - Running data validation...
[2025-04-23 10:45:24,084] - INFO - data_validation - Schema hash check passed.
[2025-04-23 10:45:24,084] - INFO - core - Created directory for Missing Value Report: 'artifacts/2025_04_23T09_45_19Z/data_validation/reports'
[2025-04-23 10:45:24,088] - INFO - core - Missing Value Report saved to: 'artifacts/2025_04_23T09_45_19Z/data_validation/reports/missing_values_report.json'
[2025-04-23 10:45:24,096] - INFO - core - Directory already exists for Duplicates Report: 'artifacts/2025_04_23T09_45_19Z/data_validation/reports'
[2025-04-23 10:45:24,097] - INFO - core - Duplicates Report saved to: 'artifacts/2025_04_23T09_45_19Z/data_validation/reports/duplicates_report.yaml'
[2025-04-23 10:45:24,125] - INFO - core - Directory already exists for Drift Result: 'artifacts/2025_04_23T09_45_19Z/data_validation/reports'
[2025-04-23 10:45:24,133] - INFO - core - Drift Result saved to: 'artifacts/2025_04_23T09_45_19Z/data_validation/reports/drift_report.yaml'
[2025-04-23 10:45:24,133] - INFO - core - Directory already exists for Validation Report: 'artifacts/2025_04_23T09_45_19Z/data_validation/reports'
[2025-04-23 10:45:24,134] - INFO - core - Validation Report saved to: 'artifacts/2025_04_23T09_45_19Z/data_validation/reports/validation_report.yaml'
[2025-04-23 10:45:24,135] - INFO - core - Created directory for Validated Data: 'artifacts/2025_04_23T09_45_19Z/data_validation/validated'
[2025-04-23 10:45:24,153] - INFO - core - Validated Data saved to: 'artifacts/2025_04_23T09_45_19Z/data_validation/validated/validated_data.csv'
[2025-04-23 10:45:24,153] - INFO - core - Directory already exists for Validated Data: 'data/validated'
[2025-04-23 10:45:24,177] - INFO - core - Validated Data saved to: 'data/validated/validated_data.csv'
[2025-04-23 10:45:24,178] - INFO - data_validation_pipeline - Data Validation Process Completed.

Data Validation Artifact:
  - Validated Data Path: 'artifacts/2025_04_23T09_45_19Z/data_validation/validated/validated_data.csv'
  - Validation Status:   'True'

[2025-04-23 10:45:24,178] - INFO - data_validation_pipeline - ========= Data Validation Stage Completed =========
[2025-04-23 10:45:24,178] - INFO - debug_pipeline - ========== Data Validation Pipeline Finished ==========
[2025-04-23 10:45:24,178] - INFO - debug_pipeline - ======================================================
[2025-04-23 10:45:24,178] - INFO - debug_pipeline - ========== Launching Data Transformation Pipeline ==========
[2025-04-23 10:45:24,182] - INFO - core - YAML loaded successfully from: 'config/config.yaml'
[2025-04-23 10:45:24,185] - INFO - core - YAML loaded successfully from: 'config/params.yaml'
[2025-04-23 10:45:24,187] - INFO - core - YAML loaded successfully from: 'config/schema.yaml'
[2025-04-23 10:45:24,191] - INFO - core - YAML loaded successfully from: 'config/templates.yaml'
[2025-04-23 10:45:24,191] - INFO - data_transformation_pipeline - ========== Data Transformation Stage Started ==========
[2025-04-23 10:45:24,216] - INFO - core - Validated Data loaded from: 'artifacts/2025_04_23T09_45_19Z/data_validation/validated/validated_data.csv'
[2025-04-23 10:45:24,216] - INFO - data_transformation - ========== Starting Data Transformation ==========
[2025-04-23 10:45:24,239] - INFO - core - Created directory for X Preprocessor Pipeline: 'artifacts/2025_04_23T09_45_19Z/data_transformation/preprocessor'
[2025-04-23 10:45:24,240] - INFO - core - X Preprocessor Pipeline saved to: 'artifacts/2025_04_23T09_45_19Z/data_transformation/preprocessor/x_preprocessor.joblib'
[2025-04-23 10:45:24,240] - INFO - core - Directory already exists for Y Preprocessor Pipeline: 'artifacts/2025_04_23T09_45_19Z/data_transformation/preprocessor'
[2025-04-23 10:45:24,241] - INFO - core - Y Preprocessor Pipeline saved to: 'artifacts/2025_04_23T09_45_19Z/data_transformation/preprocessor/y_preprocessor.joblib'
[2025-04-23 10:45:24,242] - INFO - core - Created directory for X_train: 'artifacts/2025_04_23T09_45_19Z/data_transformation/transformed/train'
[2025-04-23 10:45:24,242] - INFO - core - X_train saved to: 'artifacts/2025_04_23T09_45_19Z/data_transformation/transformed/train/x_train.npy'
[2025-04-23 10:45:24,243] - INFO - core - Created directory for X_train: 'data/transformed/train'
[2025-04-23 10:45:24,243] - INFO - core - X_train saved to: 'data/transformed/train/x_train.npy'
[2025-04-23 10:45:24,244] - INFO - core - Directory already exists for y_train: 'artifacts/2025_04_23T09_45_19Z/data_transformation/transformed/train'
[2025-04-23 10:45:24,244] - INFO - core - y_train saved to: 'artifacts/2025_04_23T09_45_19Z/data_transformation/transformed/train/y_train.npy'
[2025-04-23 10:45:24,245] - INFO - core - Directory already exists for y_train: 'data/transformed/train'
[2025-04-23 10:45:24,245] - INFO - core - y_train saved to: 'data/transformed/train/y_train.npy'
[2025-04-23 10:45:24,245] - INFO - core - Created directory for X_val: 'artifacts/2025_04_23T09_45_19Z/data_transformation/transformed/val'
[2025-04-23 10:45:24,245] - INFO - core - X_val saved to: 'artifacts/2025_04_23T09_45_19Z/data_transformation/transformed/val/x_val.npy'
[2025-04-23 10:45:24,245] - INFO - core - Created directory for X_val: 'data/transformed/val'
[2025-04-23 10:45:24,245] - INFO - core - X_val saved to: 'data/transformed/val/x_val.npy'
[2025-04-23 10:45:24,245] - INFO - core - Directory already exists for y_val: 'artifacts/2025_04_23T09_45_19Z/data_transformation/transformed/val'
[2025-04-23 10:45:24,245] - INFO - core - y_val saved to: 'artifacts/2025_04_23T09_45_19Z/data_transformation/transformed/val/y_val.npy'
[2025-04-23 10:45:24,245] - INFO - core - Directory already exists for y_val: 'data/transformed/val'
[2025-04-23 10:45:24,248] - INFO - core - y_val saved to: 'data/transformed/val/y_val.npy'
[2025-04-23 10:45:24,248] - INFO - core - Created directory for X_test: 'artifacts/2025_04_23T09_45_19Z/data_transformation/transformed/test'
[2025-04-23 10:45:24,249] - INFO - core - X_test saved to: 'artifacts/2025_04_23T09_45_19Z/data_transformation/transformed/test/x_test.npy'
[2025-04-23 10:45:24,250] - INFO - core - Created directory for X_test: 'data/transformed/test'
[2025-04-23 10:45:24,250] - INFO - core - X_test saved to: 'data/transformed/test/x_test.npy'
[2025-04-23 10:45:24,250] - INFO - core - Directory already exists for y_test: 'artifacts/2025_04_23T09_45_19Z/data_transformation/transformed/test'
[2025-04-23 10:45:24,250] - INFO - core - y_test saved to: 'artifacts/2025_04_23T09_45_19Z/data_transformation/transformed/test/y_test.npy'
[2025-04-23 10:45:24,250] - INFO - core - Directory already exists for y_test: 'data/transformed/test'
[2025-04-23 10:45:24,250] - INFO - core - y_test saved to: 'data/transformed/test/y_test.npy'
[2025-04-23 10:45:24,250] - INFO - data_transformation - ========== Data Transformation Completed ==========
[2025-04-23 10:45:24,250] - INFO - data_transformation_pipeline - Data Transformation Completed Successfully: 
Data Transformation Artifact:
  - X-Train Data Path:    'artifacts/2025_04_23T09_45_19Z/data_transformation/transformed/train/x_train.npy'
  - Y-Train Data Path:    'artifacts/2025_04_23T09_45_19Z/data_transformation/transformed/train/y_train.npy'
  - X-Val Data Path:      'artifacts/2025_04_23T09_45_19Z/data_transformation/transformed/val/x_val.npy'
  - Y-Val Data Path:      'artifacts/2025_04_23T09_45_19Z/data_transformation/transformed/val/y_val.npy'
  - X-Test Data Path:     'artifacts/2025_04_23T09_45_19Z/data_transformation/transformed/test/x_test.npy'
  - Y-Test Data Path:     'artifacts/2025_04_23T09_45_19Z/data_transformation/transformed/test/y_test.npy'

[2025-04-23 10:45:24,250] - INFO - data_transformation_pipeline - ========== Data Transformation Stage Completed ==========
[2025-04-23 10:45:24,250] - INFO - debug_pipeline - ========== Data Transformation Pipeline Finished ==========
[2025-04-23 10:45:24,250] - INFO - debug_pipeline - ======================================================
